ARM GAS  C:\Users\plod1602\AppData\Local\Temp\cc09Bndp.s 			page 1


   1              		.syntax unified
   2              		.cpu cortex-m3
   3              		.fpu softvfp
   4              		.eabi_attribute 20, 1
   5              		.eabi_attribute 21, 1
   6              		.eabi_attribute 23, 3
   7              		.eabi_attribute 24, 1
   8              		.eabi_attribute 25, 1
   9              		.eabi_attribute 26, 1
  10              		.eabi_attribute 30, 6
  11              		.eabi_attribute 34, 1
  12              		.eabi_attribute 18, 4
  13              		.thumb
  14              		.file	"CAN_Communication.c"
  15              		.text
  16              	.Ltext0:
  17              		.cfi_sections	.debug_frame
  18              		.section	.text.can_getReceivedMessage,"ax",%progbits
  19              		.align	2
  20              		.global	can_getReceivedMessage
  21              		.thumb
  22              		.thumb_func
  23              		.type	can_getReceivedMessage, %function
  24              	can_getReceivedMessage:
  25              	.LFB56:
  26              		.file 1 ".\\CAN_Communication.c"
   1:.\CAN_Communication.c **** /* ========================================
   2:.\CAN_Communication.c ****  *
   3:.\CAN_Communication.c ****  * Copyright BioBot Instrumentation, 2015
   4:.\CAN_Communication.c ****  * All Rights Reserved
   5:.\CAN_Communication.c ****  * UNPUBLISHED, LICENSED SOFTWARE.
   6:.\CAN_Communication.c ****  *
   7:.\CAN_Communication.c ****  * CONFIDENTIAL AND PROPRIETARY INFORMATION
   8:.\CAN_Communication.c ****  * WHICH IS THE PROPERTY OF BioBot Instrumentation.
   9:.\CAN_Communication.c ****  *
  10:.\CAN_Communication.c ****  * WRITTEN BY : Philippe-Antoine Major &
  11:.\CAN_Communication.c ****  *              Louis-Vincent Major
  12:.\CAN_Communication.c ****  * ========================================
  13:.\CAN_Communication.c **** */
  14:.\CAN_Communication.c **** 
  15:.\CAN_Communication.c **** #include "CAN_Communication.h"
  16:.\CAN_Communication.c **** 
  17:.\CAN_Communication.c **** int8 can_sendMessage(CAN_MSG* msgPtr, uint32 CAN_ID);
  18:.\CAN_Communication.c **** 
  19:.\CAN_Communication.c **** // Retrieve the messages in the order they were received by the master. (FIFO)
  20:.\CAN_Communication.c **** CAN_MSG can_getReceivedMessage()
  21:.\CAN_Communication.c **** {
  27              		.loc 1 21 0
  28              		.cfi_startproc
  29              		@ args = 0, pretend = 0, frame = 24
  30              		@ frame_needed = 1, uses_anonymous_args = 0
  31              		@ link register save eliminated.
  32 0000 90B4     		push	{r4, r7}
  33              		.cfi_def_cfa_offset 8
  34              		.cfi_offset 4, -8
  35              		.cfi_offset 7, -4
  36 0002 86B0     		sub	sp, sp, #24
ARM GAS  C:\Users\plod1602\AppData\Local\Temp\cc09Bndp.s 			page 2


  37              		.cfi_def_cfa_offset 32
  38 0004 00AF     		add	r7, sp, #0
  39              		.cfi_def_cfa_register 7
  40 0006 7860     		str	r0, [r7, #4]
  22:.\CAN_Communication.c ****     //struct RX_Msg msgToTreat = receivedMessages[msgToBeTreatedIndex];
  23:.\CAN_Communication.c ****     CAN_MSG msgToTreat = receivedMsgs[msgToBeTreatedIndex];
  41              		.loc 1 23 0
  42 0008 134B     		ldr	r3, .L5
  43 000a 1B68     		ldr	r3, [r3]
  44 000c 134A     		ldr	r2, .L5+4
  45 000e 1B01     		lsls	r3, r3, #4
  46 0010 1344     		add	r3, r3, r2
  47 0012 07F10804 		add	r4, r7, #8
  48 0016 0FCB     		ldmia	r3, {r0, r1, r2, r3}
  49 0018 84E80F00 		stmia	r4, {r0, r1, r2, r3}
  24:.\CAN_Communication.c ****    
  25:.\CAN_Communication.c ****     // If we reached the limit of the message buffer table, we reset the index of messages to be tr
  26:.\CAN_Communication.c ****     if (msgToBeTreatedIndex == MAX_MSG_BUFFER_SIZE)
  50              		.loc 1 26 0
  51 001c 0E4B     		ldr	r3, .L5
  52 001e 1B68     		ldr	r3, [r3]
  53 0020 322B     		cmp	r3, #50
  54 0022 03D1     		bne	.L2
  27:.\CAN_Communication.c ****     {
  28:.\CAN_Communication.c ****         msgToBeTreatedIndex = 0;
  55              		.loc 1 28 0
  56 0024 0C4B     		ldr	r3, .L5
  57 0026 0022     		movs	r2, #0
  58 0028 1A60     		str	r2, [r3]
  59 002a 04E0     		b	.L3
  60              	.L2:
  29:.\CAN_Communication.c ****     }
  30:.\CAN_Communication.c ****     else
  31:.\CAN_Communication.c ****     {
  32:.\CAN_Communication.c ****         msgToBeTreatedIndex++; // Increment the counter indicating at which index starts the last m
  61              		.loc 1 32 0
  62 002c 0A4B     		ldr	r3, .L5
  63 002e 1B68     		ldr	r3, [r3]
  64 0030 0133     		adds	r3, r3, #1
  65 0032 094A     		ldr	r2, .L5
  66 0034 1360     		str	r3, [r2]
  67              	.L3:
  33:.\CAN_Communication.c ****     }
  34:.\CAN_Communication.c ****     // A message was treated, we decrement the counter of messages to be treated.
  35:.\CAN_Communication.c ****     messageToBeTreatedCount += -1;
  68              		.loc 1 35 0
  69 0036 0A4B     		ldr	r3, .L5+8
  70 0038 1B68     		ldr	r3, [r3]
  71 003a 013B     		subs	r3, r3, #1
  72 003c 084A     		ldr	r2, .L5+8
  73 003e 1360     		str	r3, [r2]
  36:.\CAN_Communication.c ****     
  37:.\CAN_Communication.c ****     return msgToTreat;
  74              		.loc 1 37 0
  75 0040 7B68     		ldr	r3, [r7, #4]
  76 0042 1C46     		mov	r4, r3
  77 0044 07F10803 		add	r3, r7, #8
ARM GAS  C:\Users\plod1602\AppData\Local\Temp\cc09Bndp.s 			page 3


  78 0048 0FCB     		ldmia	r3, {r0, r1, r2, r3}
  79 004a 84E80F00 		stmia	r4, {r0, r1, r2, r3}
  38:.\CAN_Communication.c **** }
  80              		.loc 1 38 0
  81 004e 7868     		ldr	r0, [r7, #4]
  82 0050 1837     		adds	r7, r7, #24
  83              		.cfi_def_cfa_offset 8
  84 0052 BD46     		mov	sp, r7
  85              		.cfi_def_cfa_register 13
  86              		@ sp needed
  87 0054 90BC     		pop	{r4, r7}
  88              		.cfi_restore 7
  89              		.cfi_restore 4
  90              		.cfi_def_cfa_offset 0
  91 0056 7047     		bx	lr
  92              	.L6:
  93              		.align	2
  94              	.L5:
  95 0058 00000000 		.word	msgToBeTreatedIndex
  96 005c 00000000 		.word	receivedMsgs
  97 0060 00000000 		.word	messageToBeTreatedCount
  98              		.cfi_endproc
  99              	.LFE56:
 100              		.size	can_getReceivedMessage, .-can_getReceivedMessage
 101              		.section	.text.sendDataToCAN,"ax",%progbits
 102              		.align	2
 103              		.global	sendDataToCAN
 104              		.thumb
 105              		.thumb_func
 106              		.type	sendDataToCAN, %function
 107              	sendDataToCAN:
 108              	.LFB57:
  39:.\CAN_Communication.c **** 
  40:.\CAN_Communication.c **** void sendDataToCAN(uint8 instruction, uint8 byte1, uint8 byte2, uint8 byte3, uint8 byte4, uint8 byt
  41:.\CAN_Communication.c **** {
 109              		.loc 1 41 0
 110              		.cfi_startproc
 111              		@ args = 16, pretend = 0, frame = 24
 112              		@ frame_needed = 1, uses_anonymous_args = 0
 113 0000 90B5     		push	{r4, r7, lr}
 114              		.cfi_def_cfa_offset 12
 115              		.cfi_offset 4, -12
 116              		.cfi_offset 7, -8
 117              		.cfi_offset 14, -4
 118 0002 87B0     		sub	sp, sp, #28
 119              		.cfi_def_cfa_offset 40
 120 0004 00AF     		add	r7, sp, #0
 121              		.cfi_def_cfa_register 7
 122 0006 0446     		mov	r4, r0
 123 0008 0846     		mov	r0, r1
 124 000a 1146     		mov	r1, r2
 125 000c 1A46     		mov	r2, r3
 126 000e 2346     		mov	r3, r4
 127 0010 FB71     		strb	r3, [r7, #7]
 128 0012 0346     		mov	r3, r0
 129 0014 BB71     		strb	r3, [r7, #6]
 130 0016 0B46     		mov	r3, r1
ARM GAS  C:\Users\plod1602\AppData\Local\Temp\cc09Bndp.s 			page 4


 131 0018 7B71     		strb	r3, [r7, #5]
 132 001a 1346     		mov	r3, r2
 133 001c 3B71     		strb	r3, [r7, #4]
  42:.\CAN_Communication.c ****     CAN_MSG msg = {{  instruction,
 134              		.loc 1 42 0
 135 001e FB79     		ldrb	r3, [r7, #7]
 136 0020 3B72     		strb	r3, [r7, #8]
 137 0022 BB79     		ldrb	r3, [r7, #6]
 138 0024 7B72     		strb	r3, [r7, #9]
 139 0026 7B79     		ldrb	r3, [r7, #5]
 140 0028 BB72     		strb	r3, [r7, #10]
 141 002a 3B79     		ldrb	r3, [r7, #4]
 142 002c FB72     		strb	r3, [r7, #11]
 143 002e 97F82830 		ldrb	r3, [r7, #40]
 144 0032 3B73     		strb	r3, [r7, #12]
 145 0034 97F82C30 		ldrb	r3, [r7, #44]
 146 0038 7B73     		strb	r3, [r7, #13]
 147 003a 97F83030 		ldrb	r3, [r7, #48]
 148 003e BB73     		strb	r3, [r7, #14]
 149 0040 97F83430 		ldrb	r3, [r7, #52]
 150 0044 FB73     		strb	r3, [r7, #15]
 151 0046 0823     		movs	r3, #8
 152 0048 3B74     		strb	r3, [r7, #16]
 153 004a FF23     		movs	r3, #255
 154 004c 7B61     		str	r3, [r7, #20]
  43:.\CAN_Communication.c ****                       byte1,byte2,byte3,byte4,byte5,byte6,byte7},
  44:.\CAN_Communication.c ****                       {8},{0xFF}}; // Sets the first bytes of the message.
  45:.\CAN_Communication.c ****     can_sendMessage(&msg,0xFF);  
 155              		.loc 1 45 0
 156 004e 07F10803 		add	r3, r7, #8
 157 0052 1846     		mov	r0, r3
 158 0054 FF21     		movs	r1, #255
 159 0056 FFF7FEFF 		bl	can_sendMessage
  46:.\CAN_Communication.c **** }
 160              		.loc 1 46 0
 161 005a 1C37     		adds	r7, r7, #28
 162              		.cfi_def_cfa_offset 12
 163 005c BD46     		mov	sp, r7
 164              		.cfi_def_cfa_register 13
 165              		@ sp needed
 166 005e 90BD     		pop	{r4, r7, pc}
 167              		.cfi_endproc
 168              	.LFE57:
 169              		.size	sendDataToCAN, .-sendDataToCAN
 170              		.section	.text.can_sendMessage,"ax",%progbits
 171              		.align	2
 172              		.global	can_sendMessage
 173              		.thumb
 174              		.thumb_func
 175              		.type	can_sendMessage, %function
 176              	can_sendMessage:
 177              	.LFB58:
  47:.\CAN_Communication.c **** 
  48:.\CAN_Communication.c **** 
  49:.\CAN_Communication.c **** // Send a message on the CAN Bus.
  50:.\CAN_Communication.c **** int8 can_sendMessage(CAN_MSG* msgPtr, uint32 CAN_ID)
  51:.\CAN_Communication.c **** {
ARM GAS  C:\Users\plod1602\AppData\Local\Temp\cc09Bndp.s 			page 5


 178              		.loc 1 51 0
 179              		.cfi_startproc
 180              		@ args = 0, pretend = 0, frame = 24
 181              		@ frame_needed = 1, uses_anonymous_args = 0
 182 0000 80B5     		push	{r7, lr}
 183              		.cfi_def_cfa_offset 8
 184              		.cfi_offset 7, -8
 185              		.cfi_offset 14, -4
 186 0002 86B0     		sub	sp, sp, #24
 187              		.cfi_def_cfa_offset 32
 188 0004 00AF     		add	r7, sp, #0
 189              		.cfi_def_cfa_register 7
 190 0006 7860     		str	r0, [r7, #4]
 191 0008 3960     		str	r1, [r7]
  52:.\CAN_Communication.c ****     CAN_1_TX_MSG msgToSend;
  53:.\CAN_Communication.c ****     
  54:.\CAN_Communication.c ****     msgToSend.id = CAN_ID;   
 192              		.loc 1 54 0
 193 000a 3B68     		ldr	r3, [r7]
 194 000c FB60     		str	r3, [r7, #12]
  55:.\CAN_Communication.c ****     msgToSend.rtr = MSG_RTR;
 195              		.loc 1 55 0
 196 000e 0023     		movs	r3, #0
 197 0010 3B74     		strb	r3, [r7, #16]
  56:.\CAN_Communication.c ****     msgToSend.ide = MSG_IDE;
 198              		.loc 1 56 0
 199 0012 0023     		movs	r3, #0
 200 0014 7B74     		strb	r3, [r7, #17]
  57:.\CAN_Communication.c ****     msgToSend.irq = MSG_IRQ;
 201              		.loc 1 57 0
 202 0016 0023     		movs	r3, #0
 203 0018 FB74     		strb	r3, [r7, #19]
  58:.\CAN_Communication.c ****     msgToSend.msg = &msgPtr->msgBytes;
 204              		.loc 1 58 0
 205 001a 7B68     		ldr	r3, [r7, #4]
 206 001c 7B61     		str	r3, [r7, #20]
  59:.\CAN_Communication.c ****     msgToSend.dlc = msgPtr->DLC;
 207              		.loc 1 59 0
 208 001e 7B68     		ldr	r3, [r7, #4]
 209 0020 1B7A     		ldrb	r3, [r3, #8]	@ zero_extendqisi2
 210 0022 BB74     		strb	r3, [r7, #18]
  60:.\CAN_Communication.c ****     
  61:.\CAN_Communication.c ****     CAN_1_SendMsg(&msgToSend);
 211              		.loc 1 61 0
 212 0024 07F10C03 		add	r3, r7, #12
 213 0028 1846     		mov	r0, r3
 214 002a FFF7FEFF 		bl	CAN_1_SendMsg
  62:.\CAN_Communication.c ****     return 1;
 215              		.loc 1 62 0
 216 002e 0123     		movs	r3, #1
 217 0030 5BB2     		sxtb	r3, r3
  63:.\CAN_Communication.c **** }
 218              		.loc 1 63 0
 219 0032 1846     		mov	r0, r3
 220 0034 1837     		adds	r7, r7, #24
 221              		.cfi_def_cfa_offset 8
 222 0036 BD46     		mov	sp, r7
ARM GAS  C:\Users\plod1602\AppData\Local\Temp\cc09Bndp.s 			page 6


 223              		.cfi_def_cfa_register 13
 224              		@ sp needed
 225 0038 80BD     		pop	{r7, pc}
 226              		.cfi_endproc
 227              	.LFE58:
 228              		.size	can_sendMessage, .-can_sendMessage
 229 003a 00BF     		.text
 230              	.Letext0:
 231              		.file 2 "c:\\program files (x86)\\cypress\\psoc creator\\3.3\\psoc creator\\import\\gnu\\arm\\4.9.
 232              		.file 3 "c:\\program files (x86)\\cypress\\psoc creator\\3.3\\psoc creator\\import\\gnu\\arm\\4.9.
 233              		.file 4 "Generated_Source\\PSoC5/cytypes.h"
 234              		.file 5 "Generated_Source\\PSoC5/CAN_1.h"
 235              		.file 6 ".\\CAN_Communication.h"
 236              		.file 7 "Generated_Source\\PSoC5/core_cm3.h"
 237              		.section	.debug_info,"",%progbits
 238              	.Ldebug_info0:
 239 0000 CC020000 		.4byte	0x2cc
 240 0004 0400     		.2byte	0x4
 241 0006 00000000 		.4byte	.Ldebug_abbrev0
 242 000a 04       		.byte	0x4
 243 000b 01       		.uleb128 0x1
 244 000c 6F000000 		.4byte	.LASF41
 245 0010 01       		.byte	0x1
 246 0011 86010000 		.4byte	.LASF42
 247 0015 00000000 		.4byte	.LASF43
 248 0019 00000000 		.4byte	.Ldebug_ranges0+0
 249 001d 00000000 		.4byte	0
 250 0021 00000000 		.4byte	.Ldebug_line0
 251 0025 02       		.uleb128 0x2
 252 0026 01       		.byte	0x1
 253 0027 06       		.byte	0x6
 254 0028 84020000 		.4byte	.LASF0
 255 002c 02       		.uleb128 0x2
 256 002d 01       		.byte	0x1
 257 002e 08       		.byte	0x8
 258 002f 19010000 		.4byte	.LASF1
 259 0033 02       		.uleb128 0x2
 260 0034 02       		.byte	0x2
 261 0035 05       		.byte	0x5
 262 0036 FD000000 		.4byte	.LASF2
 263 003a 02       		.uleb128 0x2
 264 003b 02       		.byte	0x2
 265 003c 07       		.byte	0x7
 266 003d 90020000 		.4byte	.LASF3
 267 0041 03       		.uleb128 0x3
 268 0042 4F000000 		.4byte	.LASF9
 269 0046 02       		.byte	0x2
 270 0047 3F       		.byte	0x3f
 271 0048 4C000000 		.4byte	0x4c
 272 004c 02       		.uleb128 0x2
 273 004d 04       		.byte	0x4
 274 004e 05       		.byte	0x5
 275 004f 59000000 		.4byte	.LASF4
 276 0053 02       		.uleb128 0x2
 277 0054 04       		.byte	0x4
 278 0055 07       		.byte	0x7
 279 0056 69010000 		.4byte	.LASF5
ARM GAS  C:\Users\plod1602\AppData\Local\Temp\cc09Bndp.s 			page 7


 280 005a 02       		.uleb128 0x2
 281 005b 08       		.byte	0x8
 282 005c 05       		.byte	0x5
 283 005d 13020000 		.4byte	.LASF6
 284 0061 02       		.uleb128 0x2
 285 0062 08       		.byte	0x8
 286 0063 07       		.byte	0x7
 287 0064 BC010000 		.4byte	.LASF7
 288 0068 04       		.uleb128 0x4
 289 0069 04       		.byte	0x4
 290 006a 05       		.byte	0x5
 291 006b 696E7400 		.ascii	"int\000"
 292 006f 02       		.uleb128 0x2
 293 0070 04       		.byte	0x4
 294 0071 07       		.byte	0x7
 295 0072 AF010000 		.4byte	.LASF8
 296 0076 03       		.uleb128 0x3
 297 0077 02020000 		.4byte	.LASF10
 298 007b 03       		.byte	0x3
 299 007c 2C       		.byte	0x2c
 300 007d 41000000 		.4byte	0x41
 301 0081 03       		.uleb128 0x3
 302 0082 54020000 		.4byte	.LASF11
 303 0086 04       		.byte	0x4
 304 0087 A1       		.byte	0xa1
 305 0088 2C000000 		.4byte	0x2c
 306 008c 03       		.uleb128 0x3
 307 008d A1010000 		.4byte	.LASF12
 308 0091 04       		.byte	0x4
 309 0092 A3       		.byte	0xa3
 310 0093 53000000 		.4byte	0x53
 311 0097 03       		.uleb128 0x3
 312 0098 9C010000 		.4byte	.LASF13
 313 009c 04       		.byte	0x4
 314 009d A4       		.byte	0xa4
 315 009e 25000000 		.4byte	0x25
 316 00a2 02       		.uleb128 0x2
 317 00a3 04       		.byte	0x4
 318 00a4 04       		.byte	0x4
 319 00a5 13010000 		.4byte	.LASF14
 320 00a9 02       		.uleb128 0x2
 321 00aa 08       		.byte	0x8
 322 00ab 04       		.byte	0x4
 323 00ac 07010000 		.4byte	.LASF15
 324 00b0 02       		.uleb128 0x2
 325 00b1 01       		.byte	0x1
 326 00b2 08       		.byte	0x8
 327 00b3 21020000 		.4byte	.LASF16
 328 00b7 02       		.uleb128 0x2
 329 00b8 04       		.byte	0x4
 330 00b9 07       		.byte	0x7
 331 00ba 0A020000 		.4byte	.LASF17
 332 00be 05       		.uleb128 0x5
 333 00bf 08       		.byte	0x8
 334 00c0 05       		.byte	0x5
 335 00c1 6F       		.byte	0x6f
 336 00c2 D3000000 		.4byte	0xd3
ARM GAS  C:\Users\plod1602\AppData\Local\Temp\cc09Bndp.s 			page 8


 337 00c6 06       		.uleb128 0x6
 338 00c7 0E010000 		.4byte	.LASF19
 339 00cb 05       		.byte	0x5
 340 00cc 71       		.byte	0x71
 341 00cd D3000000 		.4byte	0xd3
 342 00d1 00       		.byte	0
 343 00d2 00       		.byte	0
 344 00d3 07       		.uleb128 0x7
 345 00d4 81000000 		.4byte	0x81
 346 00d8 E3000000 		.4byte	0xe3
 347 00dc 08       		.uleb128 0x8
 348 00dd B7000000 		.4byte	0xb7
 349 00e1 07       		.byte	0x7
 350 00e2 00       		.byte	0
 351 00e3 03       		.uleb128 0x3
 352 00e4 26020000 		.4byte	.LASF18
 353 00e8 05       		.byte	0x5
 354 00e9 72       		.byte	0x72
 355 00ea BE000000 		.4byte	0xbe
 356 00ee 05       		.uleb128 0x5
 357 00ef 0C       		.byte	0xc
 358 00f0 05       		.byte	0x5
 359 00f1 81       		.byte	0x81
 360 00f2 3E010000 		.4byte	0x13e
 361 00f6 09       		.uleb128 0x9
 362 00f7 696400   		.ascii	"id\000"
 363 00fa 05       		.byte	0x5
 364 00fb 83       		.byte	0x83
 365 00fc 8C000000 		.4byte	0x8c
 366 0100 00       		.byte	0
 367 0101 09       		.uleb128 0x9
 368 0102 72747200 		.ascii	"rtr\000"
 369 0106 05       		.byte	0x5
 370 0107 84       		.byte	0x84
 371 0108 81000000 		.4byte	0x81
 372 010c 04       		.byte	0x4
 373 010d 09       		.uleb128 0x9
 374 010e 69646500 		.ascii	"ide\000"
 375 0112 05       		.byte	0x5
 376 0113 85       		.byte	0x85
 377 0114 81000000 		.4byte	0x81
 378 0118 05       		.byte	0x5
 379 0119 09       		.uleb128 0x9
 380 011a 646C6300 		.ascii	"dlc\000"
 381 011e 05       		.byte	0x5
 382 011f 86       		.byte	0x86
 383 0120 81000000 		.4byte	0x81
 384 0124 06       		.byte	0x6
 385 0125 09       		.uleb128 0x9
 386 0126 69727100 		.ascii	"irq\000"
 387 012a 05       		.byte	0x5
 388 012b 87       		.byte	0x87
 389 012c 81000000 		.4byte	0x81
 390 0130 07       		.byte	0x7
 391 0131 09       		.uleb128 0x9
 392 0132 6D736700 		.ascii	"msg\000"
 393 0136 05       		.byte	0x5
ARM GAS  C:\Users\plod1602\AppData\Local\Temp\cc09Bndp.s 			page 9


 394 0137 8B       		.byte	0x8b
 395 0138 3E010000 		.4byte	0x13e
 396 013c 08       		.byte	0x8
 397 013d 00       		.byte	0
 398 013e 0A       		.uleb128 0xa
 399 013f 04       		.byte	0x4
 400 0140 E3000000 		.4byte	0xe3
 401 0144 03       		.uleb128 0x3
 402 0145 62000000 		.4byte	.LASF20
 403 0149 05       		.byte	0x5
 404 014a 8C       		.byte	0x8c
 405 014b EE000000 		.4byte	0xee
 406 014f 05       		.uleb128 0x5
 407 0150 10       		.byte	0x10
 408 0151 06       		.byte	0x6
 409 0152 29       		.byte	0x29
 410 0153 7C010000 		.4byte	0x17c
 411 0157 06       		.uleb128 0x6
 412 0158 3B020000 		.4byte	.LASF21
 413 015c 06       		.byte	0x6
 414 015d 2E       		.byte	0x2e
 415 015e E3000000 		.4byte	0xe3
 416 0162 00       		.byte	0
 417 0163 09       		.uleb128 0x9
 418 0164 444C4300 		.ascii	"DLC\000"
 419 0168 06       		.byte	0x6
 420 0169 2F       		.byte	0x2f
 421 016a 81000000 		.4byte	0x81
 422 016e 08       		.byte	0x8
 423 016f 06       		.uleb128 0x6
 424 0170 A8010000 		.4byte	.LASF22
 425 0174 06       		.byte	0x6
 426 0175 30       		.byte	0x30
 427 0176 8C000000 		.4byte	0x8c
 428 017a 0C       		.byte	0xc
 429 017b 00       		.byte	0
 430 017c 03       		.uleb128 0x3
 431 017d 47000000 		.4byte	.LASF23
 432 0181 06       		.byte	0x6
 433 0182 31       		.byte	0x31
 434 0183 4F010000 		.4byte	0x14f
 435 0187 0B       		.uleb128 0xb
 436 0188 A3020000 		.4byte	.LASF33
 437 018c 01       		.byte	0x1
 438 018d 14       		.byte	0x14
 439 018e 7C010000 		.4byte	0x17c
 440 0192 00000000 		.4byte	.LFB56
 441 0196 64000000 		.4byte	.LFE56-.LFB56
 442 019a 01       		.uleb128 0x1
 443 019b 9C       		.byte	0x9c
 444 019c AF010000 		.4byte	0x1af
 445 01a0 0C       		.uleb128 0xc
 446 01a1 7B010000 		.4byte	.LASF32
 447 01a5 01       		.byte	0x1
 448 01a6 17       		.byte	0x17
 449 01a7 7C010000 		.4byte	0x17c
 450 01ab 02       		.uleb128 0x2
ARM GAS  C:\Users\plod1602\AppData\Local\Temp\cc09Bndp.s 			page 10


 451 01ac 91       		.byte	0x91
 452 01ad 68       		.sleb128 -24
 453 01ae 00       		.byte	0
 454 01af 0D       		.uleb128 0xd
 455 01b0 F4010000 		.4byte	.LASF44
 456 01b4 01       		.byte	0x1
 457 01b5 28       		.byte	0x28
 458 01b6 00000000 		.4byte	.LFB57
 459 01ba 60000000 		.4byte	.LFE57-.LFB57
 460 01be 01       		.uleb128 0x1
 461 01bf 9C       		.byte	0x9c
 462 01c0 43020000 		.4byte	0x243
 463 01c4 0E       		.uleb128 0xe
 464 01c5 72020000 		.4byte	.LASF24
 465 01c9 01       		.byte	0x1
 466 01ca 28       		.byte	0x28
 467 01cb 81000000 		.4byte	0x81
 468 01cf 02       		.uleb128 0x2
 469 01d0 91       		.byte	0x91
 470 01d1 5F       		.sleb128 -33
 471 01d2 0E       		.uleb128 0xe
 472 01d3 3B010000 		.4byte	.LASF25
 473 01d7 01       		.byte	0x1
 474 01d8 28       		.byte	0x28
 475 01d9 81000000 		.4byte	0x81
 476 01dd 02       		.uleb128 0x2
 477 01de 91       		.byte	0x91
 478 01df 5E       		.sleb128 -34
 479 01e0 0E       		.uleb128 0xe
 480 01e1 41010000 		.4byte	.LASF26
 481 01e5 01       		.byte	0x1
 482 01e6 28       		.byte	0x28
 483 01e7 81000000 		.4byte	0x81
 484 01eb 02       		.uleb128 0x2
 485 01ec 91       		.byte	0x91
 486 01ed 5D       		.sleb128 -35
 487 01ee 0E       		.uleb128 0xe
 488 01ef 47010000 		.4byte	.LASF27
 489 01f3 01       		.byte	0x1
 490 01f4 28       		.byte	0x28
 491 01f5 81000000 		.4byte	0x81
 492 01f9 02       		.uleb128 0x2
 493 01fa 91       		.byte	0x91
 494 01fb 5C       		.sleb128 -36
 495 01fc 0E       		.uleb128 0xe
 496 01fd 4D010000 		.4byte	.LASF28
 497 0201 01       		.byte	0x1
 498 0202 28       		.byte	0x28
 499 0203 81000000 		.4byte	0x81
 500 0207 02       		.uleb128 0x2
 501 0208 91       		.byte	0x91
 502 0209 00       		.sleb128 0
 503 020a 0E       		.uleb128 0xe
 504 020b 7E020000 		.4byte	.LASF29
 505 020f 01       		.byte	0x1
 506 0210 28       		.byte	0x28
 507 0211 81000000 		.4byte	0x81
ARM GAS  C:\Users\plod1602\AppData\Local\Temp\cc09Bndp.s 			page 11


 508 0215 02       		.uleb128 0x2
 509 0216 91       		.byte	0x91
 510 0217 04       		.sleb128 4
 511 0218 0E       		.uleb128 0xe
 512 0219 53010000 		.4byte	.LASF30
 513 021d 01       		.byte	0x1
 514 021e 28       		.byte	0x28
 515 021f 81000000 		.4byte	0x81
 516 0223 02       		.uleb128 0x2
 517 0224 91       		.byte	0x91
 518 0225 08       		.sleb128 8
 519 0226 0E       		.uleb128 0xe
 520 0227 59010000 		.4byte	.LASF31
 521 022b 01       		.byte	0x1
 522 022c 28       		.byte	0x28
 523 022d 81000000 		.4byte	0x81
 524 0231 02       		.uleb128 0x2
 525 0232 91       		.byte	0x91
 526 0233 0C       		.sleb128 12
 527 0234 0F       		.uleb128 0xf
 528 0235 6D736700 		.ascii	"msg\000"
 529 0239 01       		.byte	0x1
 530 023a 2A       		.byte	0x2a
 531 023b 7C010000 		.4byte	0x17c
 532 023f 02       		.uleb128 0x2
 533 0240 91       		.byte	0x91
 534 0241 60       		.sleb128 -32
 535 0242 00       		.byte	0
 536 0243 10       		.uleb128 0x10
 537 0244 44020000 		.4byte	.LASF34
 538 0248 01       		.byte	0x1
 539 0249 32       		.byte	0x32
 540 024a 97000000 		.4byte	0x97
 541 024e 00000000 		.4byte	.LFB58
 542 0252 3A000000 		.4byte	.LFE58-.LFB58
 543 0256 01       		.uleb128 0x1
 544 0257 9C       		.byte	0x9c
 545 0258 87020000 		.4byte	0x287
 546 025c 0E       		.uleb128 0xe
 547 025d 34010000 		.4byte	.LASF35
 548 0261 01       		.byte	0x1
 549 0262 32       		.byte	0x32
 550 0263 87020000 		.4byte	0x287
 551 0267 02       		.uleb128 0x2
 552 0268 91       		.byte	0x91
 553 0269 64       		.sleb128 -28
 554 026a 0E       		.uleb128 0xe
 555 026b A8010000 		.4byte	.LASF22
 556 026f 01       		.byte	0x1
 557 0270 32       		.byte	0x32
 558 0271 8C000000 		.4byte	0x8c
 559 0275 02       		.uleb128 0x2
 560 0276 91       		.byte	0x91
 561 0277 60       		.sleb128 -32
 562 0278 0C       		.uleb128 0xc
 563 0279 5F010000 		.4byte	.LASF36
 564 027d 01       		.byte	0x1
ARM GAS  C:\Users\plod1602\AppData\Local\Temp\cc09Bndp.s 			page 12


 565 027e 34       		.byte	0x34
 566 027f 44010000 		.4byte	0x144
 567 0283 02       		.uleb128 0x2
 568 0284 91       		.byte	0x91
 569 0285 6C       		.sleb128 -20
 570 0286 00       		.byte	0
 571 0287 0A       		.uleb128 0xa
 572 0288 04       		.byte	0x4
 573 0289 7C010000 		.4byte	0x17c
 574 028d 11       		.uleb128 0x11
 575 028e E7010000 		.4byte	.LASF37
 576 0292 07       		.byte	0x7
 577 0293 1606     		.2byte	0x616
 578 0295 99020000 		.4byte	0x299
 579 0299 12       		.uleb128 0x12
 580 029a 76000000 		.4byte	0x76
 581 029e 13       		.uleb128 0x13
 582 029f D3010000 		.4byte	.LASF38
 583 02a3 06       		.byte	0x6
 584 02a4 35       		.byte	0x35
 585 02a5 68000000 		.4byte	0x68
 586 02a9 13       		.uleb128 0x13
 587 02aa 5A020000 		.4byte	.LASF39
 588 02ae 06       		.byte	0x6
 589 02af 37       		.byte	0x37
 590 02b0 68000000 		.4byte	0x68
 591 02b4 07       		.uleb128 0x7
 592 02b5 7C010000 		.4byte	0x17c
 593 02b9 C4020000 		.4byte	0x2c4
 594 02bd 08       		.uleb128 0x8
 595 02be B7000000 		.4byte	0xb7
 596 02c2 31       		.byte	0x31
 597 02c3 00       		.byte	0
 598 02c4 13       		.uleb128 0x13
 599 02c5 27010000 		.4byte	.LASF40
 600 02c9 06       		.byte	0x6
 601 02ca 38       		.byte	0x38
 602 02cb B4020000 		.4byte	0x2b4
 603 02cf 00       		.byte	0
 604              		.section	.debug_abbrev,"",%progbits
 605              	.Ldebug_abbrev0:
 606 0000 01       		.uleb128 0x1
 607 0001 11       		.uleb128 0x11
 608 0002 01       		.byte	0x1
 609 0003 25       		.uleb128 0x25
 610 0004 0E       		.uleb128 0xe
 611 0005 13       		.uleb128 0x13
 612 0006 0B       		.uleb128 0xb
 613 0007 03       		.uleb128 0x3
 614 0008 0E       		.uleb128 0xe
 615 0009 1B       		.uleb128 0x1b
 616 000a 0E       		.uleb128 0xe
 617 000b 55       		.uleb128 0x55
 618 000c 17       		.uleb128 0x17
 619 000d 11       		.uleb128 0x11
 620 000e 01       		.uleb128 0x1
 621 000f 10       		.uleb128 0x10
ARM GAS  C:\Users\plod1602\AppData\Local\Temp\cc09Bndp.s 			page 13


 622 0010 17       		.uleb128 0x17
 623 0011 00       		.byte	0
 624 0012 00       		.byte	0
 625 0013 02       		.uleb128 0x2
 626 0014 24       		.uleb128 0x24
 627 0015 00       		.byte	0
 628 0016 0B       		.uleb128 0xb
 629 0017 0B       		.uleb128 0xb
 630 0018 3E       		.uleb128 0x3e
 631 0019 0B       		.uleb128 0xb
 632 001a 03       		.uleb128 0x3
 633 001b 0E       		.uleb128 0xe
 634 001c 00       		.byte	0
 635 001d 00       		.byte	0
 636 001e 03       		.uleb128 0x3
 637 001f 16       		.uleb128 0x16
 638 0020 00       		.byte	0
 639 0021 03       		.uleb128 0x3
 640 0022 0E       		.uleb128 0xe
 641 0023 3A       		.uleb128 0x3a
 642 0024 0B       		.uleb128 0xb
 643 0025 3B       		.uleb128 0x3b
 644 0026 0B       		.uleb128 0xb
 645 0027 49       		.uleb128 0x49
 646 0028 13       		.uleb128 0x13
 647 0029 00       		.byte	0
 648 002a 00       		.byte	0
 649 002b 04       		.uleb128 0x4
 650 002c 24       		.uleb128 0x24
 651 002d 00       		.byte	0
 652 002e 0B       		.uleb128 0xb
 653 002f 0B       		.uleb128 0xb
 654 0030 3E       		.uleb128 0x3e
 655 0031 0B       		.uleb128 0xb
 656 0032 03       		.uleb128 0x3
 657 0033 08       		.uleb128 0x8
 658 0034 00       		.byte	0
 659 0035 00       		.byte	0
 660 0036 05       		.uleb128 0x5
 661 0037 13       		.uleb128 0x13
 662 0038 01       		.byte	0x1
 663 0039 0B       		.uleb128 0xb
 664 003a 0B       		.uleb128 0xb
 665 003b 3A       		.uleb128 0x3a
 666 003c 0B       		.uleb128 0xb
 667 003d 3B       		.uleb128 0x3b
 668 003e 0B       		.uleb128 0xb
 669 003f 01       		.uleb128 0x1
 670 0040 13       		.uleb128 0x13
 671 0041 00       		.byte	0
 672 0042 00       		.byte	0
 673 0043 06       		.uleb128 0x6
 674 0044 0D       		.uleb128 0xd
 675 0045 00       		.byte	0
 676 0046 03       		.uleb128 0x3
 677 0047 0E       		.uleb128 0xe
 678 0048 3A       		.uleb128 0x3a
ARM GAS  C:\Users\plod1602\AppData\Local\Temp\cc09Bndp.s 			page 14


 679 0049 0B       		.uleb128 0xb
 680 004a 3B       		.uleb128 0x3b
 681 004b 0B       		.uleb128 0xb
 682 004c 49       		.uleb128 0x49
 683 004d 13       		.uleb128 0x13
 684 004e 38       		.uleb128 0x38
 685 004f 0B       		.uleb128 0xb
 686 0050 00       		.byte	0
 687 0051 00       		.byte	0
 688 0052 07       		.uleb128 0x7
 689 0053 01       		.uleb128 0x1
 690 0054 01       		.byte	0x1
 691 0055 49       		.uleb128 0x49
 692 0056 13       		.uleb128 0x13
 693 0057 01       		.uleb128 0x1
 694 0058 13       		.uleb128 0x13
 695 0059 00       		.byte	0
 696 005a 00       		.byte	0
 697 005b 08       		.uleb128 0x8
 698 005c 21       		.uleb128 0x21
 699 005d 00       		.byte	0
 700 005e 49       		.uleb128 0x49
 701 005f 13       		.uleb128 0x13
 702 0060 2F       		.uleb128 0x2f
 703 0061 0B       		.uleb128 0xb
 704 0062 00       		.byte	0
 705 0063 00       		.byte	0
 706 0064 09       		.uleb128 0x9
 707 0065 0D       		.uleb128 0xd
 708 0066 00       		.byte	0
 709 0067 03       		.uleb128 0x3
 710 0068 08       		.uleb128 0x8
 711 0069 3A       		.uleb128 0x3a
 712 006a 0B       		.uleb128 0xb
 713 006b 3B       		.uleb128 0x3b
 714 006c 0B       		.uleb128 0xb
 715 006d 49       		.uleb128 0x49
 716 006e 13       		.uleb128 0x13
 717 006f 38       		.uleb128 0x38
 718 0070 0B       		.uleb128 0xb
 719 0071 00       		.byte	0
 720 0072 00       		.byte	0
 721 0073 0A       		.uleb128 0xa
 722 0074 0F       		.uleb128 0xf
 723 0075 00       		.byte	0
 724 0076 0B       		.uleb128 0xb
 725 0077 0B       		.uleb128 0xb
 726 0078 49       		.uleb128 0x49
 727 0079 13       		.uleb128 0x13
 728 007a 00       		.byte	0
 729 007b 00       		.byte	0
 730 007c 0B       		.uleb128 0xb
 731 007d 2E       		.uleb128 0x2e
 732 007e 01       		.byte	0x1
 733 007f 3F       		.uleb128 0x3f
 734 0080 19       		.uleb128 0x19
 735 0081 03       		.uleb128 0x3
ARM GAS  C:\Users\plod1602\AppData\Local\Temp\cc09Bndp.s 			page 15


 736 0082 0E       		.uleb128 0xe
 737 0083 3A       		.uleb128 0x3a
 738 0084 0B       		.uleb128 0xb
 739 0085 3B       		.uleb128 0x3b
 740 0086 0B       		.uleb128 0xb
 741 0087 27       		.uleb128 0x27
 742 0088 19       		.uleb128 0x19
 743 0089 49       		.uleb128 0x49
 744 008a 13       		.uleb128 0x13
 745 008b 11       		.uleb128 0x11
 746 008c 01       		.uleb128 0x1
 747 008d 12       		.uleb128 0x12
 748 008e 06       		.uleb128 0x6
 749 008f 40       		.uleb128 0x40
 750 0090 18       		.uleb128 0x18
 751 0091 9742     		.uleb128 0x2117
 752 0093 19       		.uleb128 0x19
 753 0094 01       		.uleb128 0x1
 754 0095 13       		.uleb128 0x13
 755 0096 00       		.byte	0
 756 0097 00       		.byte	0
 757 0098 0C       		.uleb128 0xc
 758 0099 34       		.uleb128 0x34
 759 009a 00       		.byte	0
 760 009b 03       		.uleb128 0x3
 761 009c 0E       		.uleb128 0xe
 762 009d 3A       		.uleb128 0x3a
 763 009e 0B       		.uleb128 0xb
 764 009f 3B       		.uleb128 0x3b
 765 00a0 0B       		.uleb128 0xb
 766 00a1 49       		.uleb128 0x49
 767 00a2 13       		.uleb128 0x13
 768 00a3 02       		.uleb128 0x2
 769 00a4 18       		.uleb128 0x18
 770 00a5 00       		.byte	0
 771 00a6 00       		.byte	0
 772 00a7 0D       		.uleb128 0xd
 773 00a8 2E       		.uleb128 0x2e
 774 00a9 01       		.byte	0x1
 775 00aa 3F       		.uleb128 0x3f
 776 00ab 19       		.uleb128 0x19
 777 00ac 03       		.uleb128 0x3
 778 00ad 0E       		.uleb128 0xe
 779 00ae 3A       		.uleb128 0x3a
 780 00af 0B       		.uleb128 0xb
 781 00b0 3B       		.uleb128 0x3b
 782 00b1 0B       		.uleb128 0xb
 783 00b2 27       		.uleb128 0x27
 784 00b3 19       		.uleb128 0x19
 785 00b4 11       		.uleb128 0x11
 786 00b5 01       		.uleb128 0x1
 787 00b6 12       		.uleb128 0x12
 788 00b7 06       		.uleb128 0x6
 789 00b8 40       		.uleb128 0x40
 790 00b9 18       		.uleb128 0x18
 791 00ba 9642     		.uleb128 0x2116
 792 00bc 19       		.uleb128 0x19
ARM GAS  C:\Users\plod1602\AppData\Local\Temp\cc09Bndp.s 			page 16


 793 00bd 01       		.uleb128 0x1
 794 00be 13       		.uleb128 0x13
 795 00bf 00       		.byte	0
 796 00c0 00       		.byte	0
 797 00c1 0E       		.uleb128 0xe
 798 00c2 05       		.uleb128 0x5
 799 00c3 00       		.byte	0
 800 00c4 03       		.uleb128 0x3
 801 00c5 0E       		.uleb128 0xe
 802 00c6 3A       		.uleb128 0x3a
 803 00c7 0B       		.uleb128 0xb
 804 00c8 3B       		.uleb128 0x3b
 805 00c9 0B       		.uleb128 0xb
 806 00ca 49       		.uleb128 0x49
 807 00cb 13       		.uleb128 0x13
 808 00cc 02       		.uleb128 0x2
 809 00cd 18       		.uleb128 0x18
 810 00ce 00       		.byte	0
 811 00cf 00       		.byte	0
 812 00d0 0F       		.uleb128 0xf
 813 00d1 34       		.uleb128 0x34
 814 00d2 00       		.byte	0
 815 00d3 03       		.uleb128 0x3
 816 00d4 08       		.uleb128 0x8
 817 00d5 3A       		.uleb128 0x3a
 818 00d6 0B       		.uleb128 0xb
 819 00d7 3B       		.uleb128 0x3b
 820 00d8 0B       		.uleb128 0xb
 821 00d9 49       		.uleb128 0x49
 822 00da 13       		.uleb128 0x13
 823 00db 02       		.uleb128 0x2
 824 00dc 18       		.uleb128 0x18
 825 00dd 00       		.byte	0
 826 00de 00       		.byte	0
 827 00df 10       		.uleb128 0x10
 828 00e0 2E       		.uleb128 0x2e
 829 00e1 01       		.byte	0x1
 830 00e2 3F       		.uleb128 0x3f
 831 00e3 19       		.uleb128 0x19
 832 00e4 03       		.uleb128 0x3
 833 00e5 0E       		.uleb128 0xe
 834 00e6 3A       		.uleb128 0x3a
 835 00e7 0B       		.uleb128 0xb
 836 00e8 3B       		.uleb128 0x3b
 837 00e9 0B       		.uleb128 0xb
 838 00ea 27       		.uleb128 0x27
 839 00eb 19       		.uleb128 0x19
 840 00ec 49       		.uleb128 0x49
 841 00ed 13       		.uleb128 0x13
 842 00ee 11       		.uleb128 0x11
 843 00ef 01       		.uleb128 0x1
 844 00f0 12       		.uleb128 0x12
 845 00f1 06       		.uleb128 0x6
 846 00f2 40       		.uleb128 0x40
 847 00f3 18       		.uleb128 0x18
 848 00f4 9642     		.uleb128 0x2116
 849 00f6 19       		.uleb128 0x19
ARM GAS  C:\Users\plod1602\AppData\Local\Temp\cc09Bndp.s 			page 17


 850 00f7 01       		.uleb128 0x1
 851 00f8 13       		.uleb128 0x13
 852 00f9 00       		.byte	0
 853 00fa 00       		.byte	0
 854 00fb 11       		.uleb128 0x11
 855 00fc 34       		.uleb128 0x34
 856 00fd 00       		.byte	0
 857 00fe 03       		.uleb128 0x3
 858 00ff 0E       		.uleb128 0xe
 859 0100 3A       		.uleb128 0x3a
 860 0101 0B       		.uleb128 0xb
 861 0102 3B       		.uleb128 0x3b
 862 0103 05       		.uleb128 0x5
 863 0104 49       		.uleb128 0x49
 864 0105 13       		.uleb128 0x13
 865 0106 3F       		.uleb128 0x3f
 866 0107 19       		.uleb128 0x19
 867 0108 3C       		.uleb128 0x3c
 868 0109 19       		.uleb128 0x19
 869 010a 00       		.byte	0
 870 010b 00       		.byte	0
 871 010c 12       		.uleb128 0x12
 872 010d 35       		.uleb128 0x35
 873 010e 00       		.byte	0
 874 010f 49       		.uleb128 0x49
 875 0110 13       		.uleb128 0x13
 876 0111 00       		.byte	0
 877 0112 00       		.byte	0
 878 0113 13       		.uleb128 0x13
 879 0114 34       		.uleb128 0x34
 880 0115 00       		.byte	0
 881 0116 03       		.uleb128 0x3
 882 0117 0E       		.uleb128 0xe
 883 0118 3A       		.uleb128 0x3a
 884 0119 0B       		.uleb128 0xb
 885 011a 3B       		.uleb128 0x3b
 886 011b 0B       		.uleb128 0xb
 887 011c 49       		.uleb128 0x49
 888 011d 13       		.uleb128 0x13
 889 011e 3F       		.uleb128 0x3f
 890 011f 19       		.uleb128 0x19
 891 0120 3C       		.uleb128 0x3c
 892 0121 19       		.uleb128 0x19
 893 0122 00       		.byte	0
 894 0123 00       		.byte	0
 895 0124 00       		.byte	0
 896              		.section	.debug_aranges,"",%progbits
 897 0000 2C000000 		.4byte	0x2c
 898 0004 0200     		.2byte	0x2
 899 0006 00000000 		.4byte	.Ldebug_info0
 900 000a 04       		.byte	0x4
 901 000b 00       		.byte	0
 902 000c 0000     		.2byte	0
 903 000e 0000     		.2byte	0
 904 0010 00000000 		.4byte	.LFB56
 905 0014 64000000 		.4byte	.LFE56-.LFB56
 906 0018 00000000 		.4byte	.LFB57
ARM GAS  C:\Users\plod1602\AppData\Local\Temp\cc09Bndp.s 			page 18


 907 001c 60000000 		.4byte	.LFE57-.LFB57
 908 0020 00000000 		.4byte	.LFB58
 909 0024 3A000000 		.4byte	.LFE58-.LFB58
 910 0028 00000000 		.4byte	0
 911 002c 00000000 		.4byte	0
 912              		.section	.debug_ranges,"",%progbits
 913              	.Ldebug_ranges0:
 914 0000 00000000 		.4byte	.LFB56
 915 0004 64000000 		.4byte	.LFE56
 916 0008 00000000 		.4byte	.LFB57
 917 000c 60000000 		.4byte	.LFE57
 918 0010 00000000 		.4byte	.LFB58
 919 0014 3A000000 		.4byte	.LFE58
 920 0018 00000000 		.4byte	0
 921 001c 00000000 		.4byte	0
 922              		.section	.debug_line,"",%progbits
 923              	.Ldebug_line0:
 924 0000 C1010000 		.section	.debug_str,"MS",%progbits,1
 924      02007A01 
 924      00000201 
 924      FB0E0D00 
 924      01010101 
 925              	.LASF43:
 926 0000 433A5C55 		.ascii	"C:\\Users\\plod1602\\Desktop\\GripperPSoC5_CAN\\Gri"
 926      73657273 
 926      5C706C6F 
 926      64313630 
 926      325C4465 
 927 002e 70706572 		.ascii	"pperDynamixelPSoC5.cydsn\000"
 927      44796E61 
 927      6D697865 
 927      6C50536F 
 927      43352E63 
 928              	.LASF23:
 929 0047 43414E5F 		.ascii	"CAN_MSG\000"
 929      4D534700 
 930              	.LASF9:
 931 004f 5F5F696E 		.ascii	"__int32_t\000"
 931      7433325F 
 931      7400
 932              	.LASF4:
 933 0059 6C6F6E67 		.ascii	"long int\000"
 933      20696E74 
 933      00
 934              	.LASF20:
 935 0062 43414E5F 		.ascii	"CAN_1_TX_MSG\000"
 935      315F5458 
 935      5F4D5347 
 935      00
 936              	.LASF41:
 937 006f 474E5520 		.ascii	"GNU C 4.9.3 20150303 (release) [ARM/embedded-4_9-br"
 937      4320342E 
 937      392E3320 
 937      32303135 
 937      30333033 
 938 00a2 616E6368 		.ascii	"anch revision 221220] -mcpu=cortex-m3 -mthumb -g -O"
 938      20726576 
ARM GAS  C:\Users\plod1602\AppData\Local\Temp\cc09Bndp.s 			page 19


 938      6973696F 
 938      6E203232 
 938      31323230 
 939 00d5 30202D66 		.ascii	"0 -ffunction-sections -ffat-lto-objects\000"
 939      66756E63 
 939      74696F6E 
 939      2D736563 
 939      74696F6E 
 940              	.LASF2:
 941 00fd 73686F72 		.ascii	"short int\000"
 941      7420696E 
 941      7400
 942              	.LASF15:
 943 0107 646F7562 		.ascii	"double\000"
 943      6C6500
 944              	.LASF19:
 945 010e 62797465 		.ascii	"byte\000"
 945      00
 946              	.LASF14:
 947 0113 666C6F61 		.ascii	"float\000"
 947      7400
 948              	.LASF1:
 949 0119 756E7369 		.ascii	"unsigned char\000"
 949      676E6564 
 949      20636861 
 949      7200
 950              	.LASF40:
 951 0127 72656365 		.ascii	"receivedMsgs\000"
 951      69766564 
 951      4D736773 
 951      00
 952              	.LASF35:
 953 0134 6D736750 		.ascii	"msgPtr\000"
 953      747200
 954              	.LASF25:
 955 013b 62797465 		.ascii	"byte1\000"
 955      3100
 956              	.LASF26:
 957 0141 62797465 		.ascii	"byte2\000"
 957      3200
 958              	.LASF27:
 959 0147 62797465 		.ascii	"byte3\000"
 959      3300
 960              	.LASF28:
 961 014d 62797465 		.ascii	"byte4\000"
 961      3400
 962              	.LASF30:
 963 0153 62797465 		.ascii	"byte6\000"
 963      3600
 964              	.LASF31:
 965 0159 62797465 		.ascii	"byte7\000"
 965      3700
 966              	.LASF36:
 967 015f 6D736754 		.ascii	"msgToSend\000"
 967      6F53656E 
 967      6400
 968              	.LASF5:
ARM GAS  C:\Users\plod1602\AppData\Local\Temp\cc09Bndp.s 			page 20


 969 0169 6C6F6E67 		.ascii	"long unsigned int\000"
 969      20756E73 
 969      69676E65 
 969      6420696E 
 969      7400
 970              	.LASF32:
 971 017b 6D736754 		.ascii	"msgToTreat\000"
 971      6F547265 
 971      617400
 972              	.LASF42:
 973 0186 2E5C4341 		.ascii	".\\CAN_Communication.c\000"
 973      4E5F436F 
 973      6D6D756E 
 973      69636174 
 973      696F6E2E 
 974              	.LASF13:
 975 019c 696E7438 		.ascii	"int8\000"
 975      00
 976              	.LASF12:
 977 01a1 75696E74 		.ascii	"uint32\000"
 977      333200
 978              	.LASF22:
 979 01a8 43414E5F 		.ascii	"CAN_ID\000"
 979      494400
 980              	.LASF8:
 981 01af 756E7369 		.ascii	"unsigned int\000"
 981      676E6564 
 981      20696E74 
 981      00
 982              	.LASF7:
 983 01bc 6C6F6E67 		.ascii	"long long unsigned int\000"
 983      206C6F6E 
 983      6720756E 
 983      7369676E 
 983      65642069 
 984              	.LASF38:
 985 01d3 6D736754 		.ascii	"msgToBeTreatedIndex\000"
 985      6F426554 
 985      72656174 
 985      6564496E 
 985      64657800 
 986              	.LASF37:
 987 01e7 49544D5F 		.ascii	"ITM_RxBuffer\000"
 987      52784275 
 987      66666572 
 987      00
 988              	.LASF44:
 989 01f4 73656E64 		.ascii	"sendDataToCAN\000"
 989      44617461 
 989      546F4341 
 989      4E00
 990              	.LASF10:
 991 0202 696E7433 		.ascii	"int32_t\000"
 991      325F7400 
 992              	.LASF17:
 993 020a 73697A65 		.ascii	"sizetype\000"
 993      74797065 
ARM GAS  C:\Users\plod1602\AppData\Local\Temp\cc09Bndp.s 			page 21


 993      00
 994              	.LASF6:
 995 0213 6C6F6E67 		.ascii	"long long int\000"
 995      206C6F6E 
 995      6720696E 
 995      7400
 996              	.LASF16:
 997 0221 63686172 		.ascii	"char\000"
 997      00
 998              	.LASF18:
 999 0226 43414E5F 		.ascii	"CAN_1_DATA_BYTES_MSG\000"
 999      315F4441 
 999      54415F42 
 999      59544553 
 999      5F4D5347 
 1000              	.LASF21:
 1001 023b 6D736742 		.ascii	"msgBytes\000"
 1001      79746573 
 1001      00
 1002              	.LASF34:
 1003 0244 63616E5F 		.ascii	"can_sendMessage\000"
 1003      73656E64 
 1003      4D657373 
 1003      61676500 
 1004              	.LASF11:
 1005 0254 75696E74 		.ascii	"uint8\000"
 1005      3800
 1006              	.LASF39:
 1007 025a 6D657373 		.ascii	"messageToBeTreatedCount\000"
 1007      61676554 
 1007      6F426554 
 1007      72656174 
 1007      6564436F 
 1008              	.LASF24:
 1009 0272 696E7374 		.ascii	"instruction\000"
 1009      72756374 
 1009      696F6E00 
 1010              	.LASF29:
 1011 027e 62797465 		.ascii	"byte5\000"
 1011      3500
 1012              	.LASF0:
 1013 0284 7369676E 		.ascii	"signed char\000"
 1013      65642063 
 1013      68617200 
 1014              	.LASF3:
 1015 0290 73686F72 		.ascii	"short unsigned int\000"
 1015      7420756E 
 1015      7369676E 
 1015      65642069 
 1015      6E7400
 1016              	.LASF33:
 1017 02a3 63616E5F 		.ascii	"can_getReceivedMessage\000"
 1017      67657452 
 1017      65636569 
 1017      7665644D 
 1017      65737361 
 1018              		.ident	"GCC: (GNU Tools for ARM Embedded Processors) 4.9.3 20150303 (release) [ARM/embedded-4_9-br
ARM GAS  C:\Users\plod1602\AppData\Local\Temp\cc09Bndp.s 			page 22


