ARM GAS  C:\Users\plod1602\AppData\Local\Temp\ccjflilu.s 			page 1


   1              		.syntax unified
   2              		.cpu cortex-m3
   3              		.fpu softvfp
   4              		.eabi_attribute 20, 1
   5              		.eabi_attribute 21, 1
   6              		.eabi_attribute 23, 3
   7              		.eabi_attribute 24, 1
   8              		.eabi_attribute 25, 1
   9              		.eabi_attribute 26, 1
  10              		.eabi_attribute 30, 6
  11              		.eabi_attribute 34, 1
  12              		.eabi_attribute 18, 4
  13              		.thumb
  14              		.file	"cymetadata.c"
  15              		.text
  16              	.Ltext0:
  17              		.cfi_sections	.debug_frame
  18              		.global	cy_meta_configecc
  19              		.section	.cyconfigecc,"a",%progbits
  20              		.align	2
  21              		.type	cy_meta_configecc, %object
  22              		.size	cy_meta_configecc, 1744
  23              	cy_meta_configecc:
  24 0000 02       		.byte	2
  25 0001 45       		.byte	69
  26 0002 00       		.byte	0
  27 0003 40       		.byte	64
  28 0004 02       		.byte	2
  29 0005 4F       		.byte	79
  30 0006 00       		.byte	0
  31 0007 40       		.byte	64
  32 0008 06       		.byte	6
  33 0009 52       		.byte	82
  34 000a 00       		.byte	0
  35 000b 40       		.byte	64
  36 000c 01       		.byte	1
  37 000d 64       		.byte	100
  38 000e 00       		.byte	0
  39 000f 40       		.byte	64
  40 0010 04       		.byte	4
  41 0011 65       		.byte	101
  42 0012 00       		.byte	0
  43 0013 40       		.byte	64
  44 0014 4B       		.byte	75
  45 0015 02       		.byte	2
  46 0016 01       		.byte	1
  47 0017 40       		.byte	64
  48 0018 20       		.byte	32
  49 0019 03       		.byte	3
  50 001a 01       		.byte	1
  51 001b 40       		.byte	64
  52 001c 48       		.byte	72
  53 001d 04       		.byte	4
  54 001e 01       		.byte	1
  55 001f 40       		.byte	64
  56 0020 30       		.byte	48
  57 0021 05       		.byte	5
ARM GAS  C:\Users\plod1602\AppData\Local\Temp\ccjflilu.s 			page 2


  58 0022 01       		.byte	1
  59 0023 40       		.byte	64
  60 0024 41       		.byte	65
  61 0025 06       		.byte	6
  62 0026 01       		.byte	1
  63 0027 40       		.byte	64
  64 0028 18       		.byte	24
  65 0029 07       		.byte	7
  66 002a 01       		.byte	1
  67 002b 40       		.byte	64
  68 002c 01       		.byte	1
  69 002d 09       		.byte	9
  70 002e 01       		.byte	1
  71 002f 40       		.byte	64
  72 0030 02       		.byte	2
  73 0031 0B       		.byte	11
  74 0032 01       		.byte	1
  75 0033 40       		.byte	64
  76 0034 01       		.byte	1
  77 0035 15       		.byte	21
  78 0036 01       		.byte	1
  79 0037 40       		.byte	64
  80 0038 02       		.byte	2
  81 0039 17       		.byte	23
  82 003a 01       		.byte	1
  83 003b 40       		.byte	64
  84 003c 1A       		.byte	26
  85 003d 18       		.byte	24
  86 003e 01       		.byte	1
  87 003f 40       		.byte	64
  88 0040 3D       		.byte	61
  89 0041 19       		.byte	25
  90 0042 01       		.byte	1
  91 0043 40       		.byte	64
  92 0044 74       		.byte	116
  93 0045 1A       		.byte	26
  94 0046 01       		.byte	1
  95 0047 40       		.byte	64
  96 0048 57       		.byte	87
  97 0049 1B       		.byte	27
  98 004a 01       		.byte	1
  99 004b 40       		.byte	64
 100 004c 09       		.byte	9
 101 004d 40       		.byte	64
 102 004e 01       		.byte	1
 103 004f 40       		.byte	64
 104 0050 06       		.byte	6
 105 0051 41       		.byte	65
 106 0052 01       		.byte	1
 107 0053 40       		.byte	64
 108 0054 13       		.byte	19
 109 0055 42       		.byte	66
 110 0056 01       		.byte	1
 111 0057 40       		.byte	64
 112 0058 02       		.byte	2
 113 0059 43       		.byte	67
 114 005a 01       		.byte	1
ARM GAS  C:\Users\plod1602\AppData\Local\Temp\ccjflilu.s 			page 3


 115 005b 40       		.byte	64
 116 005c 02       		.byte	2
 117 005d 44       		.byte	68
 118 005e 01       		.byte	1
 119 005f 40       		.byte	64
 120 0060 01       		.byte	1
 121 0061 45       		.byte	69
 122 0062 01       		.byte	1
 123 0063 40       		.byte	64
 124 0064 01       		.byte	1
 125 0065 46       		.byte	70
 126 0066 01       		.byte	1
 127 0067 40       		.byte	64
 128 0068 01       		.byte	1
 129 0069 47       		.byte	71
 130 006a 01       		.byte	1
 131 006b 40       		.byte	64
 132 006c 08       		.byte	8
 133 006d 48       		.byte	72
 134 006e 01       		.byte	1
 135 006f 40       		.byte	64
 136 0070 04       		.byte	4
 137 0071 49       		.byte	73
 138 0072 01       		.byte	1
 139 0073 40       		.byte	64
 140 0074 03       		.byte	3
 141 0075 4C       		.byte	76
 142 0076 01       		.byte	1
 143 0077 40       		.byte	64
 144 0078 15       		.byte	21
 145 0079 4D       		.byte	77
 146 007a 01       		.byte	1
 147 007b 40       		.byte	64
 148 007c 05       		.byte	5
 149 007d 50       		.byte	80
 150 007e 01       		.byte	1
 151 007f 40       		.byte	64
 152 0080 02       		.byte	2
 153 0081 51       		.byte	81
 154 0082 01       		.byte	1
 155 0083 40       		.byte	64
 156 0084 18       		.byte	24
 157 0085 01       		.byte	1
 158 0086 19       		.byte	25
 159 0087 01       		.byte	1
 160 0088 01       		.byte	1
 161 0089 30       		.byte	48
 162 008a 0A       		.byte	10
 163 008b 4B       		.byte	75
 164 008c 08       		.byte	8
 165 008d 04       		.byte	4
 166 008e 1C       		.byte	28
 167 008f 03       		.byte	3
 168 0090 29       		.byte	41
 169 0091 80       		.byte	-128
 170 0092 2C       		.byte	44
 171 0093 40       		.byte	64
ARM GAS  C:\Users\plod1602\AppData\Local\Temp\ccjflilu.s 			page 4


 172 0094 60       		.byte	96
 173 0095 24       		.byte	36
 174 0096 61       		.byte	97
 175 0097 64       		.byte	100
 176 0098 85       		.byte	-123
 177 0099 67       		.byte	103
 178 009a 78       		.byte	120
 179 009b 01       		.byte	1
 180 009c 89       		.byte	-119
 181 009d 72       		.byte	114
 182 009e 8A       		.byte	-118
 183 009f 38       		.byte	56
 184 00a0 8B       		.byte	-117
 185 00a1 0F       		.byte	15
 186 00a2 01       		.byte	1
 187 00a3 01       		.byte	1
 188 00a4 02       		.byte	2
 189 00a5 04       		.byte	4
 190 00a6 04       		.byte	4
 191 00a7 02       		.byte	2
 192 00a8 13       		.byte	19
 193 00a9 02       		.byte	2
 194 00aa 1A       		.byte	26
 195 00ab 01       		.byte	1
 196 00ac 1D       		.byte	29
 197 00ad 01       		.byte	1
 198 00ae 22       		.byte	34
 199 00af 02       		.byte	2
 200 00b0 25       		.byte	37
 201 00b1 02       		.byte	2
 202 00b2 29       		.byte	41
 203 00b3 02       		.byte	2
 204 00b4 2C       		.byte	44
 205 00b5 03       		.byte	3
 206 00b6 2F       		.byte	47
 207 00b7 02       		.byte	2
 208 00b8 32       		.byte	50
 209 00b9 04       		.byte	4
 210 00ba 33       		.byte	51
 211 00bb 02       		.byte	2
 212 00bc 34       		.byte	52
 213 00bd 03       		.byte	3
 214 00be 37       		.byte	55
 215 00bf 01       		.byte	1
 216 00c0 39       		.byte	57
 217 00c1 80       		.byte	-128
 218 00c2 3F       		.byte	63
 219 00c3 44       		.byte	68
 220 00c4 40       		.byte	64
 221 00c5 24       		.byte	36
 222 00c6 41       		.byte	65
 223 00c7 03       		.byte	3
 224 00c8 49       		.byte	73
 225 00c9 FF       		.byte	-1
 226 00ca 4A       		.byte	74
 227 00cb FF       		.byte	-1
 228 00cc 4B       		.byte	75
ARM GAS  C:\Users\plod1602\AppData\Local\Temp\ccjflilu.s 			page 5


 229 00cd FF       		.byte	-1
 230 00ce 4D       		.byte	77
 231 00cf A0       		.byte	-96
 232 00d0 4F       		.byte	79
 233 00d1 01       		.byte	1
 234 00d2 50       		.byte	80
 235 00d3 18       		.byte	24
 236 00d4 52       		.byte	82
 237 00d5 80       		.byte	-128
 238 00d6 58       		.byte	88
 239 00d7 04       		.byte	4
 240 00d8 59       		.byte	89
 241 00d9 04       		.byte	4
 242 00da 5A       		.byte	90
 243 00db 04       		.byte	4
 244 00dc 5B       		.byte	91
 245 00dd 04       		.byte	4
 246 00de 5C       		.byte	92
 247 00df 02       		.byte	2
 248 00e0 5D       		.byte	93
 249 00e1 22       		.byte	34
 250 00e2 5F       		.byte	95
 251 00e3 01       		.byte	1
 252 00e4 60       		.byte	96
 253 00e5 40       		.byte	64
 254 00e6 62       		.byte	98
 255 00e7 80       		.byte	-128
 256 00e8 64       		.byte	100
 257 00e9 40       		.byte	64
 258 00ea 65       		.byte	101
 259 00eb 40       		.byte	64
 260 00ec 66       		.byte	102
 261 00ed 80       		.byte	-128
 262 00ee 68       		.byte	104
 263 00ef 40       		.byte	64
 264 00f0 6A       		.byte	106
 265 00f1 50       		.byte	80
 266 00f2 6B       		.byte	107
 267 00f3 A8       		.byte	-88
 268 00f4 6C       		.byte	108
 269 00f5 40       		.byte	64
 270 00f6 6D       		.byte	109
 271 00f7 20       		.byte	32
 272 00f8 6E       		.byte	110
 273 00f9 50       		.byte	80
 274 00fa 6F       		.byte	111
 275 00fb A8       		.byte	-88
 276 00fc BE       		.byte	-66
 277 00fd 40       		.byte	64
 278 00fe C0       		.byte	-64
 279 00ff 21       		.byte	33
 280 0100 C1       		.byte	-63
 281 0101 03       		.byte	3
 282 0102 C9       		.byte	-55
 283 0103 FF       		.byte	-1
 284 0104 CA       		.byte	-54
 285 0105 FF       		.byte	-1
ARM GAS  C:\Users\plod1602\AppData\Local\Temp\ccjflilu.s 			page 6


 286 0106 CB       		.byte	-53
 287 0107 FF       		.byte	-1
 288 0108 CD       		.byte	-51
 289 0109 AF       		.byte	-81
 290 010a CE       		.byte	-50
 291 010b 07       		.byte	7
 292 010c CF       		.byte	-49
 293 010d 01       		.byte	1
 294 010e D0       		.byte	-48
 295 010f 18       		.byte	24
 296 0110 D2       		.byte	-46
 297 0111 01       		.byte	1
 298 0112 D3       		.byte	-45
 299 0113 01       		.byte	1
 300 0114 D6       		.byte	-42
 301 0115 10       		.byte	16
 302 0116 D8       		.byte	-40
 303 0117 04       		.byte	4
 304 0118 DA       		.byte	-38
 305 0119 04       		.byte	4
 306 011a DB       		.byte	-37
 307 011b 04       		.byte	4
 308 011c DD       		.byte	-35
 309 011d 22       		.byte	34
 310 011e DF       		.byte	-33
 311 011f 01       		.byte	1
 312 0120 E0       		.byte	-32
 313 0121 40       		.byte	64
 314 0122 E2       		.byte	-30
 315 0123 80       		.byte	-128
 316 0124 E4       		.byte	-28
 317 0125 40       		.byte	64
 318 0126 E5       		.byte	-27
 319 0127 40       		.byte	64
 320 0128 E6       		.byte	-26
 321 0129 80       		.byte	-128
 322 012a E8       		.byte	-24
 323 012b 40       		.byte	64
 324 012c EA       		.byte	-22
 325 012d 50       		.byte	80
 326 012e EB       		.byte	-21
 327 012f A8       		.byte	-88
 328 0130 EC       		.byte	-20
 329 0131 40       		.byte	64
 330 0132 ED       		.byte	-19
 331 0133 20       		.byte	32
 332 0134 EE       		.byte	-18
 333 0135 50       		.byte	80
 334 0136 EF       		.byte	-17
 335 0137 A8       		.byte	-88
 336 0138 05       		.byte	5
 337 0139 04       		.byte	4
 338 013a 06       		.byte	6
 339 013b 80       		.byte	-128
 340 013c 0E       		.byte	14
 341 013d 04       		.byte	4
 342 013e 14       		.byte	20
ARM GAS  C:\Users\plod1602\AppData\Local\Temp\ccjflilu.s 			page 7


 343 013f 80       		.byte	-128
 344 0140 15       		.byte	21
 345 0141 80       		.byte	-128
 346 0142 1A       		.byte	26
 347 0143 02       		.byte	2
 348 0144 1E       		.byte	30
 349 0145 04       		.byte	4
 350 0146 1F       		.byte	31
 351 0147 18       		.byte	24
 352 0148 24       		.byte	36
 353 0149 01       		.byte	1
 354 014a 27       		.byte	39
 355 014b 32       		.byte	50
 356 014c 2E       		.byte	46
 357 014d 80       		.byte	-128
 358 014e 2F       		.byte	47
 359 014f 1A       		.byte	26
 360 0150 34       		.byte	52
 361 0151 80       		.byte	-128
 362 0152 35       		.byte	53
 363 0153 02       		.byte	2
 364 0154 36       		.byte	54
 365 0155 80       		.byte	-128
 366 0156 3C       		.byte	60
 367 0157 02       		.byte	2
 368 0158 40       		.byte	64
 369 0159 01       		.byte	1
 370 015a 41       		.byte	65
 371 015b 08       		.byte	8
 372 015c 43       		.byte	67
 373 015d 10       		.byte	16
 374 015e 45       		.byte	69
 375 015f 08       		.byte	8
 376 0160 47       		.byte	71
 377 0161 22       		.byte	34
 378 0162 68       		.byte	104
 379 0163 01       		.byte	1
 380 0164 69       		.byte	105
 381 0165 80       		.byte	-128
 382 0166 6A       		.byte	106
 383 0167 80       		.byte	-128
 384 0168 75       		.byte	117
 385 0169 02       		.byte	2
 386 016a C0       		.byte	-64
 387 016b 30       		.byte	48
 388 016c C2       		.byte	-62
 389 016d 40       		.byte	64
 390 016e C4       		.byte	-60
 391 016f 90       		.byte	-112
 392 0170 CA       		.byte	-54
 393 0171 70       		.byte	112
 394 0172 CC       		.byte	-52
 395 0173 90       		.byte	-112
 396 0174 CE       		.byte	-50
 397 0175 80       		.byte	-128
 398 0176 D0       		.byte	-48
 399 0177 EE       		.byte	-18
ARM GAS  C:\Users\plod1602\AppData\Local\Temp\ccjflilu.s 			page 8


 400 0178 40       		.byte	64
 401 0179 21       		.byte	33
 402 017a 41       		.byte	65
 403 017b 03       		.byte	3
 404 017c 49       		.byte	73
 405 017d FF       		.byte	-1
 406 017e 4A       		.byte	74
 407 017f FF       		.byte	-1
 408 0180 4B       		.byte	75
 409 0181 FF       		.byte	-1
 410 0182 4D       		.byte	77
 411 0183 AF       		.byte	-81
 412 0184 4E       		.byte	78
 413 0185 07       		.byte	7
 414 0186 4F       		.byte	79
 415 0187 01       		.byte	1
 416 0188 50       		.byte	80
 417 0189 18       		.byte	24
 418 018a 5A       		.byte	90
 419 018b 04       		.byte	4
 420 018c 5D       		.byte	93
 421 018d 02       		.byte	2
 422 018e 5F       		.byte	95
 423 018f 01       		.byte	1
 424 0190 60       		.byte	96
 425 0191 40       		.byte	64
 426 0192 62       		.byte	98
 427 0193 80       		.byte	-128
 428 0194 64       		.byte	100
 429 0195 40       		.byte	64
 430 0196 65       		.byte	101
 431 0197 40       		.byte	64
 432 0198 66       		.byte	102
 433 0199 80       		.byte	-128
 434 019a 68       		.byte	104
 435 019b 40       		.byte	64
 436 019c 6A       		.byte	106
 437 019d 50       		.byte	80
 438 019e 6B       		.byte	107
 439 019f A8       		.byte	-88
 440 01a0 6C       		.byte	108
 441 01a1 40       		.byte	64
 442 01a2 6D       		.byte	109
 443 01a3 20       		.byte	32
 444 01a4 6E       		.byte	110
 445 01a5 50       		.byte	80
 446 01a6 6F       		.byte	111
 447 01a7 A8       		.byte	-88
 448 01a8 8D       		.byte	-115
 449 01a9 01       		.byte	1
 450 01aa 90       		.byte	-112
 451 01ab 01       		.byte	1
 452 01ac 9E       		.byte	-98
 453 01ad 04       		.byte	4
 454 01ae 9F       		.byte	-97
 455 01af 02       		.byte	2
 456 01b0 A0       		.byte	-96
ARM GAS  C:\Users\plod1602\AppData\Local\Temp\ccjflilu.s 			page 9


 457 01b1 03       		.byte	3
 458 01b2 A9       		.byte	-87
 459 01b3 02       		.byte	2
 460 01b4 AF       		.byte	-81
 461 01b5 01       		.byte	1
 462 01b6 B0       		.byte	-80
 463 01b7 02       		.byte	2
 464 01b8 B1       		.byte	-79
 465 01b9 01       		.byte	1
 466 01ba B2       		.byte	-78
 467 01bb 04       		.byte	4
 468 01bc B4       		.byte	-76
 469 01bd 01       		.byte	1
 470 01be B5       		.byte	-75
 471 01bf 02       		.byte	2
 472 01c0 BE       		.byte	-66
 473 01c1 10       		.byte	16
 474 01c2 BF       		.byte	-65
 475 01c3 11       		.byte	17
 476 01c4 C0       		.byte	-64
 477 01c5 24       		.byte	36
 478 01c6 C1       		.byte	-63
 479 01c7 03       		.byte	3
 480 01c8 C5       		.byte	-59
 481 01c9 0C       		.byte	12
 482 01ca C6       		.byte	-58
 483 01cb 25       		.byte	37
 484 01cc C7       		.byte	-57
 485 01cd 0E       		.byte	14
 486 01ce C8       		.byte	-56
 487 01cf 1F       		.byte	31
 488 01d0 C9       		.byte	-55
 489 01d1 FF       		.byte	-1
 490 01d2 CA       		.byte	-54
 491 01d3 FF       		.byte	-1
 492 01d4 CB       		.byte	-53
 493 01d5 FF       		.byte	-1
 494 01d6 CD       		.byte	-51
 495 01d7 AF       		.byte	-81
 496 01d8 CE       		.byte	-50
 497 01d9 07       		.byte	7
 498 01da CF       		.byte	-49
 499 01db 01       		.byte	1
 500 01dc D0       		.byte	-48
 501 01dd 18       		.byte	24
 502 01de D4       		.byte	-44
 503 01df 07       		.byte	7
 504 01e0 D6       		.byte	-42
 505 01e1 04       		.byte	4
 506 01e2 D8       		.byte	-40
 507 01e3 04       		.byte	4
 508 01e4 D9       		.byte	-39
 509 01e5 04       		.byte	4
 510 01e6 DA       		.byte	-38
 511 01e7 04       		.byte	4
 512 01e8 DB       		.byte	-37
 513 01e9 04       		.byte	4
ARM GAS  C:\Users\plod1602\AppData\Local\Temp\ccjflilu.s 			page 10


 514 01ea DC       		.byte	-36
 515 01eb 02       		.byte	2
 516 01ec DD       		.byte	-35
 517 01ed 22       		.byte	34
 518 01ee DF       		.byte	-33
 519 01ef 05       		.byte	5
 520 01f0 E0       		.byte	-32
 521 01f1 40       		.byte	64
 522 01f2 E2       		.byte	-30
 523 01f3 80       		.byte	-128
 524 01f4 E4       		.byte	-28
 525 01f5 40       		.byte	64
 526 01f6 E5       		.byte	-27
 527 01f7 40       		.byte	64
 528 01f8 E6       		.byte	-26
 529 01f9 80       		.byte	-128
 530 01fa E8       		.byte	-24
 531 01fb 40       		.byte	64
 532 01fc EA       		.byte	-22
 533 01fd 50       		.byte	80
 534 01fe EB       		.byte	-21
 535 01ff A8       		.byte	-88
 536 0200 EC       		.byte	-20
 537 0201 40       		.byte	64
 538 0202 ED       		.byte	-19
 539 0203 20       		.byte	32
 540 0204 EE       		.byte	-18
 541 0205 50       		.byte	80
 542 0206 EF       		.byte	-17
 543 0207 A8       		.byte	-88
 544 0208 0E       		.byte	14
 545 0209 40       		.byte	64
 546 020a 0F       		.byte	15
 547 020b 01       		.byte	1
 548 020c 16       		.byte	22
 549 020d 80       		.byte	-128
 550 020e 1C       		.byte	28
 551 020f 08       		.byte	8
 552 0210 1D       		.byte	29
 553 0211 04       		.byte	4
 554 0212 1E       		.byte	30
 555 0213 40       		.byte	64
 556 0214 1F       		.byte	31
 557 0215 04       		.byte	4
 558 0216 24       		.byte	36
 559 0217 04       		.byte	4
 560 0218 27       		.byte	39
 561 0219 40       		.byte	64
 562 021a 2F       		.byte	47
 563 021b 06       		.byte	6
 564 021c 36       		.byte	54
 565 021d 80       		.byte	-128
 566 021e 3E       		.byte	62
 567 021f 40       		.byte	64
 568 0220 40       		.byte	64
 569 0221 01       		.byte	1
 570 0222 41       		.byte	65
ARM GAS  C:\Users\plod1602\AppData\Local\Temp\ccjflilu.s 			page 11


 571 0223 08       		.byte	8
 572 0224 43       		.byte	67
 573 0225 10       		.byte	16
 574 0226 45       		.byte	69
 575 0227 08       		.byte	8
 576 0228 47       		.byte	71
 577 0229 12       		.byte	18
 578 022a 4E       		.byte	78
 579 022b 80       		.byte	-128
 580 022c 4F       		.byte	79
 581 022d 05       		.byte	5
 582 022e 56       		.byte	86
 583 022f 88       		.byte	-120
 584 0230 57       		.byte	87
 585 0231 10       		.byte	16
 586 0232 5C       		.byte	92
 587 0233 84       		.byte	-124
 588 0234 5F       		.byte	95
 589 0235 10       		.byte	16
 590 0236 63       		.byte	99
 591 0237 30       		.byte	48
 592 0238 65       		.byte	101
 593 0239 01       		.byte	1
 594 023a 66       		.byte	102
 595 023b 08       		.byte	8
 596 023c 67       		.byte	103
 597 023d 04       		.byte	4
 598 023e 7E       		.byte	126
 599 023f 40       		.byte	64
 600 0240 81       		.byte	-127
 601 0241 01       		.byte	1
 602 0242 83       		.byte	-125
 603 0243 40       		.byte	64
 604 0244 90       		.byte	-112
 605 0245 01       		.byte	1
 606 0246 92       		.byte	-110
 607 0247 80       		.byte	-128
 608 0248 9B       		.byte	-101
 609 0249 12       		.byte	18
 610 024a 9D       		.byte	-99
 611 024b 04       		.byte	4
 612 024c A5       		.byte	-91
 613 024d 08       		.byte	8
 614 024e A6       		.byte	-90
 615 024f 80       		.byte	-128
 616 0250 A7       		.byte	-89
 617 0251 02       		.byte	2
 618 0252 AE       		.byte	-82
 619 0253 01       		.byte	1
 620 0254 C2       		.byte	-62
 621 0255 90       		.byte	-112
 622 0256 C4       		.byte	-60
 623 0257 10       		.byte	16
 624 0258 CA       		.byte	-54
 625 0259 30       		.byte	48
 626 025a CC       		.byte	-52
 627 025b 10       		.byte	16
ARM GAS  C:\Users\plod1602\AppData\Local\Temp\ccjflilu.s 			page 12


 628 025c CE       		.byte	-50
 629 025d 10       		.byte	16
 630 025e D0       		.byte	-48
 631 025f EE       		.byte	-18
 632 0260 D6       		.byte	-42
 633 0261 70       		.byte	112
 634 0262 D8       		.byte	-40
 635 0263 E0       		.byte	-32
 636 0264 DE       		.byte	-34
 637 0265 80       		.byte	-128
 638 0266 E2       		.byte	-30
 639 0267 80       		.byte	-128
 640 0268 38       		.byte	56
 641 0269 08       		.byte	8
 642 026a 3E       		.byte	62
 643 026b 04       		.byte	4
 644 026c 40       		.byte	64
 645 026d 60       		.byte	96
 646 026e 41       		.byte	65
 647 026f 02       		.byte	2
 648 0270 49       		.byte	73
 649 0271 FF       		.byte	-1
 650 0272 4A       		.byte	74
 651 0273 FF       		.byte	-1
 652 0274 4B       		.byte	75
 653 0275 FF       		.byte	-1
 654 0276 4D       		.byte	77
 655 0277 A0       		.byte	-96
 656 0278 4F       		.byte	79
 657 0279 04       		.byte	4
 658 027a 50       		.byte	80
 659 027b 18       		.byte	24
 660 027c 58       		.byte	88
 661 027d 04       		.byte	4
 662 027e 5A       		.byte	90
 663 027f 04       		.byte	4
 664 0280 5D       		.byte	93
 665 0281 02       		.byte	2
 666 0282 5F       		.byte	95
 667 0283 01       		.byte	1
 668 0284 60       		.byte	96
 669 0285 40       		.byte	64
 670 0286 62       		.byte	98
 671 0287 C0       		.byte	-64
 672 0288 64       		.byte	100
 673 0289 40       		.byte	64
 674 028a 65       		.byte	101
 675 028b 40       		.byte	64
 676 028c 66       		.byte	102
 677 028d C0       		.byte	-64
 678 028e 68       		.byte	104
 679 028f C0       		.byte	-64
 680 0290 6A       		.byte	106
 681 0291 C0       		.byte	-64
 682 0292 6C       		.byte	108
 683 0293 C0       		.byte	-64
 684 0294 6E       		.byte	110
ARM GAS  C:\Users\plod1602\AppData\Local\Temp\ccjflilu.s 			page 13


 685 0295 C0       		.byte	-64
 686 0296 86       		.byte	-122
 687 0297 3E       		.byte	62
 688 0298 88       		.byte	-120
 689 0299 30       		.byte	48
 690 029a 8A       		.byte	-118
 691 029b 06       		.byte	6
 692 029c 8C       		.byte	-116
 693 029d 0C       		.byte	12
 694 029e 8E       		.byte	-114
 695 029f 22       		.byte	34
 696 02a0 92       		.byte	-110
 697 02a1 01       		.byte	1
 698 02a2 A0       		.byte	-96
 699 02a3 20       		.byte	32
 700 02a4 A2       		.byte	-94
 701 02a5 08       		.byte	8
 702 02a6 A4       		.byte	-92
 703 02a7 0E       		.byte	14
 704 02a8 A6       		.byte	-90
 705 02a9 10       		.byte	16
 706 02aa A8       		.byte	-88
 707 02ab 02       		.byte	2
 708 02ac AA       		.byte	-86
 709 02ad 24       		.byte	36
 710 02ae B0       		.byte	-80
 711 02af 3E       		.byte	62
 712 02b0 B4       		.byte	-76
 713 02b1 01       		.byte	1
 714 02b2 C0       		.byte	-64
 715 02b3 20       		.byte	32
 716 02b4 C1       		.byte	-63
 717 02b5 06       		.byte	6
 718 02b6 C5       		.byte	-59
 719 02b7 01       		.byte	1
 720 02b8 C7       		.byte	-57
 721 02b9 02       		.byte	2
 722 02ba C8       		.byte	-56
 723 02bb 13       		.byte	19
 724 02bc C9       		.byte	-55
 725 02bd FF       		.byte	-1
 726 02be CA       		.byte	-54
 727 02bf FF       		.byte	-1
 728 02c0 CB       		.byte	-53
 729 02c1 FF       		.byte	-1
 730 02c2 CD       		.byte	-51
 731 02c3 AF       		.byte	-81
 732 02c4 CE       		.byte	-50
 733 02c5 0F       		.byte	15
 734 02c6 CF       		.byte	-49
 735 02c7 04       		.byte	4
 736 02c8 D0       		.byte	-48
 737 02c9 18       		.byte	24
 738 02ca D2       		.byte	-46
 739 02cb 87       		.byte	-121
 740 02cc D8       		.byte	-40
 741 02cd 04       		.byte	4
ARM GAS  C:\Users\plod1602\AppData\Local\Temp\ccjflilu.s 			page 14


 742 02ce DA       		.byte	-38
 743 02cf 04       		.byte	4
 744 02d0 DB       		.byte	-37
 745 02d1 04       		.byte	4
 746 02d2 DC       		.byte	-36
 747 02d3 02       		.byte	2
 748 02d4 DD       		.byte	-35
 749 02d5 22       		.byte	34
 750 02d6 DF       		.byte	-33
 751 02d7 01       		.byte	1
 752 02d8 E0       		.byte	-32
 753 02d9 40       		.byte	64
 754 02da E2       		.byte	-30
 755 02db C0       		.byte	-64
 756 02dc E4       		.byte	-28
 757 02dd 40       		.byte	64
 758 02de E5       		.byte	-27
 759 02df 40       		.byte	64
 760 02e0 E6       		.byte	-26
 761 02e1 C0       		.byte	-64
 762 02e2 E8       		.byte	-24
 763 02e3 C0       		.byte	-64
 764 02e4 EA       		.byte	-22
 765 02e5 C0       		.byte	-64
 766 02e6 EC       		.byte	-20
 767 02e7 C0       		.byte	-64
 768 02e8 EE       		.byte	-18
 769 02e9 C0       		.byte	-64
 770 02ea 00       		.byte	0
 771 02eb 24       		.byte	36
 772 02ec 01       		.byte	1
 773 02ed 40       		.byte	64
 774 02ee 09       		.byte	9
 775 02ef 02       		.byte	2
 776 02f0 10       		.byte	16
 777 02f1 A8       		.byte	-88
 778 02f2 18       		.byte	24
 779 02f3 04       		.byte	4
 780 02f4 1B       		.byte	27
 781 02f5 12       		.byte	18
 782 02f6 1D       		.byte	29
 783 02f7 08       		.byte	8
 784 02f8 40       		.byte	64
 785 02f9 04       		.byte	4
 786 02fa 46       		.byte	70
 787 02fb 04       		.byte	4
 788 02fc 48       		.byte	72
 789 02fd 90       		.byte	-112
 790 02fe 4A       		.byte	74
 791 02ff 08       		.byte	8
 792 0300 4F       		.byte	79
 793 0301 20       		.byte	32
 794 0302 52       		.byte	82
 795 0303 0C       		.byte	12
 796 0304 68       		.byte	104
 797 0305 28       		.byte	40
 798 0306 69       		.byte	105
ARM GAS  C:\Users\plod1602\AppData\Local\Temp\ccjflilu.s 			page 15


 799 0307 40       		.byte	64
 800 0308 71       		.byte	113
 801 0309 02       		.byte	2
 802 030a A5       		.byte	-91
 803 030b 08       		.byte	8
 804 030c A7       		.byte	-89
 805 030d 02       		.byte	2
 806 030e AC       		.byte	-84
 807 030f 84       		.byte	-124
 808 0310 C0       		.byte	-64
 809 0311 07       		.byte	7
 810 0312 C2       		.byte	-62
 811 0313 08       		.byte	8
 812 0314 C4       		.byte	-60
 813 0315 0E       		.byte	14
 814 0316 D0       		.byte	-48
 815 0317 24       		.byte	36
 816 0318 D2       		.byte	-46
 817 0319 24       		.byte	36
 818 031a 9C       		.byte	-100
 819 031b 40       		.byte	64
 820 031c 88       		.byte	-120
 821 031d 40       		.byte	64
 822 031e E2       		.byte	-30
 823 031f 80       		.byte	-128
 824 0320 EC       		.byte	-20
 825 0321 10       		.byte	16
 826 0322 E0       		.byte	-32
 827 0323 80       		.byte	-128
 828 0324 E2       		.byte	-30
 829 0325 04       		.byte	4
 830 0326 02       		.byte	2
 831 0327 01       		.byte	1
 832 0328 06       		.byte	6
 833 0329 10       		.byte	16
 834 032a 08       		.byte	8
 835 032b 04       		.byte	4
 836 032c 0C       		.byte	12
 837 032d 08       		.byte	8
 838 032e 16       		.byte	22
 839 032f 10       		.byte	16
 840 0330 19       		.byte	25
 841 0331 01       		.byte	1
 842 0332 1E       		.byte	30
 843 0333 02       		.byte	2
 844 0334 20       		.byte	32
 845 0335 01       		.byte	1
 846 0336 22       		.byte	34
 847 0337 02       		.byte	2
 848 0338 24       		.byte	36
 849 0339 08       		.byte	8
 850 033a 28       		.byte	40
 851 033b 08       		.byte	8
 852 033c 2E       		.byte	46
 853 033d 04       		.byte	4
 854 033e 30       		.byte	48
 855 033f 03       		.byte	3
ARM GAS  C:\Users\plod1602\AppData\Local\Temp\ccjflilu.s 			page 16


 856 0340 32       		.byte	50
 857 0341 04       		.byte	4
 858 0342 34       		.byte	52
 859 0343 08       		.byte	8
 860 0344 35       		.byte	53
 861 0345 01       		.byte	1
 862 0346 36       		.byte	54
 863 0347 10       		.byte	16
 864 0348 3E       		.byte	62
 865 0349 41       		.byte	65
 866 034a 3F       		.byte	63
 867 034b 10       		.byte	16
 868 034c 56       		.byte	86
 869 034d 08       		.byte	8
 870 034e 58       		.byte	88
 871 034f 08       		.byte	8
 872 0350 59       		.byte	89
 873 0351 04       		.byte	4
 874 0352 5B       		.byte	91
 875 0353 04       		.byte	4
 876 0354 5C       		.byte	92
 877 0355 09       		.byte	9
 878 0356 5D       		.byte	93
 879 0357 90       		.byte	-112
 880 0358 5F       		.byte	95
 881 0359 01       		.byte	1
 882 035a 00       		.byte	0
 883 035b 04       		.byte	4
 884 035c 01       		.byte	1
 885 035d 82       		.byte	-126
 886 035e 03       		.byte	3
 887 035f 04       		.byte	4
 888 0360 06       		.byte	6
 889 0361 80       		.byte	-128
 890 0362 07       		.byte	7
 891 0363 26       		.byte	38
 892 0364 09       		.byte	9
 893 0365 20       		.byte	32
 894 0366 0A       		.byte	10
 895 0367 98       		.byte	-104
 896 0368 0E       		.byte	14
 897 0369 20       		.byte	32
 898 036a 0F       		.byte	15
 899 036b 02       		.byte	2
 900 036c 10       		.byte	16
 901 036d A8       		.byte	-88
 902 036e 12       		.byte	18
 903 036f 01       		.byte	1
 904 0370 15       		.byte	21
 905 0371 28       		.byte	40
 906 0372 16       		.byte	22
 907 0373 01       		.byte	1
 908 0374 17       		.byte	23
 909 0375 01       		.byte	1
 910 0376 18       		.byte	24
 911 0377 04       		.byte	4
 912 0378 19       		.byte	25
ARM GAS  C:\Users\plod1602\AppData\Local\Temp\ccjflilu.s 			page 17


 913 0379 86       		.byte	-122
 914 037a 1B       		.byte	27
 915 037b 20       		.byte	32
 916 037c 1C       		.byte	28
 917 037d 08       		.byte	8
 918 037e 1D       		.byte	29
 919 037f 60       		.byte	96
 920 0380 1E       		.byte	30
 921 0381 50       		.byte	80
 922 0382 20       		.byte	32
 923 0383 02       		.byte	2
 924 0384 22       		.byte	34
 925 0385 51       		.byte	81
 926 0386 23       		.byte	35
 927 0387 20       		.byte	32
 928 0388 27       		.byte	39
 929 0389 08       		.byte	8
 930 038a 29       		.byte	41
 931 038b 82       		.byte	-126
 932 038c 2B       		.byte	43
 933 038d 08       		.byte	8
 934 038e 32       		.byte	50
 935 038f 44       		.byte	68
 936 0390 33       		.byte	51
 937 0391 20       		.byte	32
 938 0392 36       		.byte	54
 939 0393 20       		.byte	32
 940 0394 38       		.byte	56
 941 0395 A8       		.byte	-88
 942 0396 40       		.byte	64
 943 0397 04       		.byte	4
 944 0398 41       		.byte	65
 945 0399 02       		.byte	2
 946 039a 43       		.byte	67
 947 039b 08       		.byte	8
 948 039c 48       		.byte	72
 949 039d 05       		.byte	5
 950 039e 4A       		.byte	74
 951 039f 10       		.byte	16
 952 03a0 52       		.byte	82
 953 03a1 10       		.byte	16
 954 03a2 59       		.byte	89
 955 03a3 04       		.byte	4
 956 03a4 5E       		.byte	94
 957 03a5 40       		.byte	64
 958 03a6 64       		.byte	100
 959 03a7 01       		.byte	1
 960 03a8 67       		.byte	103
 961 03a9 02       		.byte	2
 962 03aa 69       		.byte	105
 963 03ab 28       		.byte	40
 964 03ac 6B       		.byte	107
 965 03ad 12       		.byte	18
 966 03ae 6F       		.byte	111
 967 03af 01       		.byte	1
 968 03b0 70       		.byte	112
 969 03b1 FC       		.byte	-4
ARM GAS  C:\Users\plod1602\AppData\Local\Temp\ccjflilu.s 			page 18


 970 03b2 78       		.byte	120
 971 03b3 01       		.byte	1
 972 03b4 7F       		.byte	127
 973 03b5 01       		.byte	1
 974 03b6 83       		.byte	-125
 975 03b7 40       		.byte	64
 976 03b8 8B       		.byte	-117
 977 03b9 01       		.byte	1
 978 03ba 9C       		.byte	-100
 979 03bb 40       		.byte	64
 980 03bc C0       		.byte	-64
 981 03bd FF       		.byte	-1
 982 03be C2       		.byte	-62
 983 03bf AE       		.byte	-82
 984 03c0 C4       		.byte	-60
 985 03c1 FF       		.byte	-1
 986 03c2 CA       		.byte	-54
 987 03c3 0D       		.byte	13
 988 03c4 CC       		.byte	-52
 989 03c5 2E       		.byte	46
 990 03c6 CE       		.byte	-50
 991 03c7 0E       		.byte	14
 992 03c8 D0       		.byte	-48
 993 03c9 07       		.byte	7
 994 03ca D2       		.byte	-46
 995 03cb 0C       		.byte	12
 996 03cc D6       		.byte	-42
 997 03cd 12       		.byte	18
 998 03ce D8       		.byte	-40
 999 03cf 10       		.byte	16
 1000 03d0 DE       		.byte	-34
 1001 03d1 11       		.byte	17
 1002 03d2 E0       		.byte	-32
 1003 03d3 80       		.byte	-128
 1004 03d4 00       		.byte	0
 1005 03d5 10       		.byte	16
 1006 03d6 02       		.byte	2
 1007 03d7 40       		.byte	64
 1008 03d8 07       		.byte	7
 1009 03d9 13       		.byte	19
 1010 03da 09       		.byte	9
 1011 03db 31       		.byte	49
 1012 03dc 0B       		.byte	11
 1013 03dd 06       		.byte	6
 1014 03de 0E       		.byte	14
 1015 03df 03       		.byte	3
 1016 03e0 0F       		.byte	15
 1017 03e1 0C       		.byte	12
 1018 03e2 10       		.byte	16
 1019 03e3 DC       		.byte	-36
 1020 03e4 11       		.byte	17
 1021 03e5 2C       		.byte	44
 1022 03e6 12       		.byte	18
 1023 03e7 22       		.byte	34
 1024 03e8 13       		.byte	19
 1025 03e9 03       		.byte	3
 1026 03ea 1A       		.byte	26
ARM GAS  C:\Users\plod1602\AppData\Local\Temp\ccjflilu.s 			page 19


 1027 03eb 20       		.byte	32
 1028 03ec 1B       		.byte	27
 1029 03ed 80       		.byte	-128
 1030 03ee 1C       		.byte	28
 1031 03ef 0C       		.byte	12
 1032 03f0 1E       		.byte	30
 1033 03f1 71       		.byte	113
 1034 03f2 1F       		.byte	31
 1035 03f3 08       		.byte	8
 1036 03f4 20       		.byte	32
 1037 03f5 09       		.byte	9
 1038 03f6 21       		.byte	33
 1039 03f7 31       		.byte	49
 1040 03f8 22       		.byte	34
 1041 03f9 D0       		.byte	-48
 1042 03fa 23       		.byte	35
 1043 03fb 0E       		.byte	14
 1044 03fc 24       		.byte	36
 1045 03fd 14       		.byte	20
 1046 03fe 28       		.byte	40
 1047 03ff 10       		.byte	16
 1048 0400 2A       		.byte	42
 1049 0401 AC       		.byte	-84
 1050 0402 2B       		.byte	43
 1051 0403 80       		.byte	-128
 1052 0404 2D       		.byte	45
 1053 0405 40       		.byte	64
 1054 0406 30       		.byte	48
 1055 0407 E0       		.byte	-32
 1056 0408 31       		.byte	49
 1057 0409 0F       		.byte	15
 1058 040a 33       		.byte	51
 1059 040b 30       		.byte	48
 1060 040c 35       		.byte	53
 1061 040d 80       		.byte	-128
 1062 040e 36       		.byte	54
 1063 040f 1F       		.byte	31
 1064 0410 37       		.byte	55
 1065 0411 40       		.byte	64
 1066 0412 39       		.byte	57
 1067 0413 08       		.byte	8
 1068 0414 3A       		.byte	58
 1069 0415 02       		.byte	2
 1070 0416 3B       		.byte	59
 1071 0417 02       		.byte	2
 1072 0418 3F       		.byte	63
 1073 0419 54       		.byte	84
 1074 041a 40       		.byte	64
 1075 041b 06       		.byte	6
 1076 041c 45       		.byte	69
 1077 041d 40       		.byte	64
 1078 041e 49       		.byte	73
 1079 041f FF       		.byte	-1
 1080 0420 4A       		.byte	74
 1081 0421 07       		.byte	7
 1082 0422 4B       		.byte	75
 1083 0423 FF       		.byte	-1
ARM GAS  C:\Users\plod1602\AppData\Local\Temp\ccjflilu.s 			page 20


 1084 0424 4C       		.byte	76
 1085 0425 40       		.byte	64
 1086 0426 4D       		.byte	77
 1087 0427 20       		.byte	32
 1088 0428 4E       		.byte	78
 1089 0429 F0       		.byte	-16
 1090 042a 4F       		.byte	79
 1091 042b 05       		.byte	5
 1092 042c 50       		.byte	80
 1093 042d 08       		.byte	8
 1094 042e 54       		.byte	84
 1095 042f 18       		.byte	24
 1096 0430 56       		.byte	86
 1097 0431 04       		.byte	4
 1098 0432 58       		.byte	88
 1099 0433 0B       		.byte	11
 1100 0434 59       		.byte	89
 1101 0435 0B       		.byte	11
 1102 0436 5A       		.byte	90
 1103 0437 0B       		.byte	11
 1104 0438 5B       		.byte	91
 1105 0439 0B       		.byte	11
 1106 043a 5C       		.byte	92
 1107 043b 99       		.byte	-103
 1108 043c 5D       		.byte	93
 1109 043d 99       		.byte	-103
 1110 043e 5F       		.byte	95
 1111 043f 01       		.byte	1
 1112 0440 60       		.byte	96
 1113 0441 40       		.byte	64
 1114 0442 61       		.byte	97
 1115 0443 A8       		.byte	-88
 1116 0444 62       		.byte	98
 1117 0445 40       		.byte	64
 1118 0446 63       		.byte	99
 1119 0447 20       		.byte	32
 1120 0448 83       		.byte	-125
 1121 0449 20       		.byte	32
 1122 044a 84       		.byte	-124
 1123 044b E1       		.byte	-31
 1124 044c 86       		.byte	-122
 1125 044d 02       		.byte	2
 1126 044e 8D       		.byte	-115
 1127 044f A8       		.byte	-88
 1128 0450 8F       		.byte	-113
 1129 0451 51       		.byte	81
 1130 0452 91       		.byte	-111
 1131 0453 CD       		.byte	-51
 1132 0454 93       		.byte	-109
 1133 0455 10       		.byte	16
 1134 0456 94       		.byte	-108
 1135 0457 49       		.byte	73
 1136 0458 95       		.byte	-107
 1137 0459 CD       		.byte	-51
 1138 045a 96       		.byte	-106
 1139 045b 80       		.byte	-128
 1140 045c 97       		.byte	-105
ARM GAS  C:\Users\plod1602\AppData\Local\Temp\ccjflilu.s 			page 21


 1141 045d 30       		.byte	48
 1142 045e 98       		.byte	-104
 1143 045f 40       		.byte	64
 1144 0460 9A       		.byte	-102
 1145 0461 A9       		.byte	-87
 1146 0462 9E       		.byte	-98
 1147 0463 16       		.byte	22
 1148 0464 A1       		.byte	-95
 1149 0465 0C       		.byte	12
 1150 0466 A3       		.byte	-93
 1151 0467 50       		.byte	80
 1152 0468 A8       		.byte	-88
 1153 0469 E1       		.byte	-31
 1154 046a A9       		.byte	-87
 1155 046b 02       		.byte	2
 1156 046c AA       		.byte	-86
 1157 046d 04       		.byte	4
 1158 046e AB       		.byte	-85
 1159 046f 54       		.byte	84
 1160 0470 AC       		.byte	-84
 1161 0471 20       		.byte	32
 1162 0472 AE       		.byte	-82
 1163 0473 49       		.byte	73
 1164 0474 B1       		.byte	-79
 1165 0475 03       		.byte	3
 1166 0476 B2       		.byte	-78
 1167 0477 18       		.byte	24
 1168 0478 B3       		.byte	-77
 1169 0479 3C       		.byte	60
 1170 047a B4       		.byte	-76
 1171 047b E0       		.byte	-32
 1172 047c B5       		.byte	-75
 1173 047d 80       		.byte	-128
 1174 047e B6       		.byte	-74
 1175 047f 07       		.byte	7
 1176 0480 B7       		.byte	-73
 1177 0481 40       		.byte	64
 1178 0482 B9       		.byte	-71
 1179 0483 22       		.byte	34
 1180 0484 BA       		.byte	-70
 1181 0485 80       		.byte	-128
 1182 0486 BB       		.byte	-69
 1183 0487 08       		.byte	8
 1184 0488 BE       		.byte	-66
 1185 0489 04       		.byte	4
 1186 048a BF       		.byte	-65
 1187 048b 40       		.byte	64
 1188 048c C0       		.byte	-64
 1189 048d 26       		.byte	38
 1190 048e C1       		.byte	-63
 1191 048f 04       		.byte	4
 1192 0490 C5       		.byte	-59
 1193 0491 0E       		.byte	14
 1194 0492 C6       		.byte	-58
 1195 0493 0C       		.byte	12
 1196 0494 C7       		.byte	-57
 1197 0495 0B       		.byte	11
ARM GAS  C:\Users\plod1602\AppData\Local\Temp\ccjflilu.s 			page 22


 1198 0496 C8       		.byte	-56
 1199 0497 15       		.byte	21
 1200 0498 C9       		.byte	-55
 1201 0499 FF       		.byte	-1
 1202 049a CA       		.byte	-54
 1203 049b FF       		.byte	-1
 1204 049c CB       		.byte	-53
 1205 049d FF       		.byte	-1
 1206 049e CE       		.byte	-50
 1207 049f F0       		.byte	-16
 1208 04a0 CF       		.byte	-49
 1209 04a1 44       		.byte	68
 1210 04a2 D0       		.byte	-48
 1211 04a3 0C       		.byte	12
 1212 04a4 D4       		.byte	-44
 1213 04a5 01       		.byte	1
 1214 04a6 D6       		.byte	-42
 1215 04a7 04       		.byte	4
 1216 04a8 D8       		.byte	-40
 1217 04a9 08       		.byte	8
 1218 04aa D9       		.byte	-39
 1219 04ab 08       		.byte	8
 1220 04ac DA       		.byte	-38
 1221 04ad 08       		.byte	8
 1222 04ae DB       		.byte	-37
 1223 04af 08       		.byte	8
 1224 04b0 DC       		.byte	-36
 1225 04b1 99       		.byte	-103
 1226 04b2 DD       		.byte	-35
 1227 04b3 99       		.byte	-103
 1228 04b4 DF       		.byte	-33
 1229 04b5 01       		.byte	1
 1230 04b6 E6       		.byte	-26
 1231 04b7 C0       		.byte	-64
 1232 04b8 EA       		.byte	-22
 1233 04b9 40       		.byte	64
 1234 04ba EB       		.byte	-21
 1235 04bb 02       		.byte	2
 1236 04bc 01       		.byte	1
 1237 04bd 82       		.byte	-126
 1238 04be 07       		.byte	7
 1239 04bf 10       		.byte	16
 1240 04c0 08       		.byte	8
 1241 04c1 80       		.byte	-128
 1242 04c2 09       		.byte	9
 1243 04c3 02       		.byte	2
 1244 04c4 0B       		.byte	11
 1245 04c5 08       		.byte	8
 1246 04c6 0E       		.byte	14
 1247 04c7 26       		.byte	38
 1248 04c8 11       		.byte	17
 1249 04c9 0A       		.byte	10
 1250 04ca 13       		.byte	19
 1251 04cb 20       		.byte	32
 1252 04cc 15       		.byte	21
 1253 04cd 20       		.byte	32
 1254 04ce 16       		.byte	22
ARM GAS  C:\Users\plod1602\AppData\Local\Temp\ccjflilu.s 			page 23


 1255 04cf 01       		.byte	1
 1256 04d0 19       		.byte	25
 1257 04d1 81       		.byte	-127
 1258 04d2 1E       		.byte	30
 1259 04d3 06       		.byte	6
 1260 04d4 1F       		.byte	31
 1261 04d5 08       		.byte	8
 1262 04d6 20       		.byte	32
 1263 04d7 80       		.byte	-128
 1264 04d8 21       		.byte	33
 1265 04d9 02       		.byte	2
 1266 04da 22       		.byte	34
 1267 04db 48       		.byte	72
 1268 04dc 23       		.byte	35
 1269 04dd 04       		.byte	4
 1270 04de 24       		.byte	36
 1271 04df 60       		.byte	96
 1272 04e0 25       		.byte	37
 1273 04e1 01       		.byte	1
 1274 04e2 26       		.byte	38
 1275 04e3 54       		.byte	84
 1276 04e4 27       		.byte	39
 1277 04e5 24       		.byte	36
 1278 04e6 28       		.byte	40
 1279 04e7 80       		.byte	-128
 1280 04e8 29       		.byte	41
 1281 04e9 81       		.byte	-127
 1282 04ea 2A       		.byte	42
 1283 04eb 10       		.byte	16
 1284 04ec 2F       		.byte	47
 1285 04ed 84       		.byte	-124
 1286 04ee 30       		.byte	48
 1287 04ef 80       		.byte	-128
 1288 04f0 31       		.byte	49
 1289 04f1 02       		.byte	2
 1290 04f2 32       		.byte	50
 1291 04f3 10       		.byte	16
 1292 04f4 35       		.byte	53
 1293 04f5 01       		.byte	1
 1294 04f6 36       		.byte	54
 1295 04f7 04       		.byte	4
 1296 04f8 38       		.byte	56
 1297 04f9 68       		.byte	104
 1298 04fa 3C       		.byte	60
 1299 04fb 80       		.byte	-128
 1300 04fc 3D       		.byte	61
 1301 04fd 02       		.byte	2
 1302 04fe 44       		.byte	68
 1303 04ff 80       		.byte	-128
 1304 0500 47       		.byte	71
 1305 0501 20       		.byte	32
 1306 0502 48       		.byte	72
 1307 0503 80       		.byte	-128
 1308 0504 49       		.byte	73
 1309 0505 02       		.byte	2
 1310 0506 4A       		.byte	74
 1311 0507 08       		.byte	8
ARM GAS  C:\Users\plod1602\AppData\Local\Temp\ccjflilu.s 			page 24


 1312 0508 4C       		.byte	76
 1313 0509 04       		.byte	4
 1314 050a 4E       		.byte	78
 1315 050b 20       		.byte	32
 1316 050c 50       		.byte	80
 1317 050d 04       		.byte	4
 1318 050e 53       		.byte	83
 1319 050f 04       		.byte	4
 1320 0510 55       		.byte	85
 1321 0511 04       		.byte	4
 1322 0512 57       		.byte	87
 1323 0513 80       		.byte	-128
 1324 0514 5A       		.byte	90
 1325 0515 02       		.byte	2
 1326 0516 5C       		.byte	92
 1327 0517 22       		.byte	34
 1328 0518 5E       		.byte	94
 1329 0519 80       		.byte	-128
 1330 051a 5F       		.byte	95
 1331 051b 08       		.byte	8
 1332 051c 61       		.byte	97
 1333 051d 40       		.byte	64
 1334 051e 63       		.byte	99
 1335 051f 84       		.byte	-124
 1336 0520 64       		.byte	100
 1337 0521 40       		.byte	64
 1338 0522 78       		.byte	120
 1339 0523 01       		.byte	1
 1340 0524 7F       		.byte	127
 1341 0525 01       		.byte	1
 1342 0526 80       		.byte	-128
 1343 0527 02       		.byte	2
 1344 0528 82       		.byte	-126
 1345 0529 20       		.byte	32
 1346 052a 83       		.byte	-125
 1347 052b 04       		.byte	4
 1348 052c 8C       		.byte	-116
 1349 052d 20       		.byte	32
 1350 052e 8E       		.byte	-114
 1351 052f 41       		.byte	65
 1352 0530 8F       		.byte	-113
 1353 0531 80       		.byte	-128
 1354 0532 91       		.byte	-111
 1355 0533 20       		.byte	32
 1356 0534 92       		.byte	-110
 1357 0535 22       		.byte	34
 1358 0536 93       		.byte	-109
 1359 0537 02       		.byte	2
 1360 0538 98       		.byte	-104
 1361 0539 01       		.byte	1
 1362 053a 99       		.byte	-103
 1363 053b 40       		.byte	64
 1364 053c 9A       		.byte	-102
 1365 053d 10       		.byte	16
 1366 053e 9B       		.byte	-101
 1367 053f 18       		.byte	24
 1368 0540 9C       		.byte	-100
ARM GAS  C:\Users\plod1602\AppData\Local\Temp\ccjflilu.s 			page 25


 1369 0541 40       		.byte	64
 1370 0542 9E       		.byte	-98
 1371 0543 01       		.byte	1
 1372 0544 9F       		.byte	-97
 1373 0545 04       		.byte	4
 1374 0546 A6       		.byte	-90
 1375 0547 20       		.byte	32
 1376 0548 A7       		.byte	-89
 1377 0549 48       		.byte	72
 1378 054a B1       		.byte	-79
 1379 054b 02       		.byte	2
 1380 054c B3       		.byte	-77
 1381 054d 20       		.byte	32
 1382 054e B6       		.byte	-74
 1383 054f 80       		.byte	-128
 1384 0550 C0       		.byte	-64
 1385 0551 29       		.byte	41
 1386 0552 C2       		.byte	-62
 1387 0553 EB       		.byte	-21
 1388 0554 C4       		.byte	-60
 1389 0555 CE       		.byte	-50
 1390 0556 CA       		.byte	-54
 1391 0557 AD       		.byte	-83
 1392 0558 CC       		.byte	-52
 1393 0559 CD       		.byte	-51
 1394 055a CE       		.byte	-50
 1395 055b 9E       		.byte	-98
 1396 055c D0       		.byte	-48
 1397 055d A0       		.byte	-96
 1398 055e D2       		.byte	-46
 1399 055f 24       		.byte	36
 1400 0560 D6       		.byte	-42
 1401 0561 F1       		.byte	-15
 1402 0562 D8       		.byte	-40
 1403 0563 8D       		.byte	-115
 1404 0564 DE       		.byte	-34
 1405 0565 11       		.byte	17
 1406 0566 E0       		.byte	-32
 1407 0567 01       		.byte	1
 1408 0568 EC       		.byte	-20
 1409 0569 10       		.byte	16
 1410 056a 30       		.byte	48
 1411 056b 02       		.byte	2
 1412 056c 32       		.byte	50
 1413 056d 80       		.byte	-128
 1414 056e 35       		.byte	53
 1415 056f 80       		.byte	-128
 1416 0570 36       		.byte	54
 1417 0571 08       		.byte	8
 1418 0572 38       		.byte	56
 1419 0573 20       		.byte	32
 1420 0574 50       		.byte	80
 1421 0575 10       		.byte	16
 1422 0576 52       		.byte	82
 1423 0577 08       		.byte	8
 1424 0578 CC       		.byte	-52
 1425 0579 F0       		.byte	-16
ARM GAS  C:\Users\plod1602\AppData\Local\Temp\ccjflilu.s 			page 26


 1426 057a CE       		.byte	-50
 1427 057b 10       		.byte	16
 1428 057c 30       		.byte	48
 1429 057d 40       		.byte	64
 1430 057e 94       		.byte	-108
 1431 057f 20       		.byte	32
 1432 0580 9D       		.byte	-99
 1433 0581 80       		.byte	-128
 1434 0582 A4       		.byte	-92
 1435 0583 02       		.byte	2
 1436 0584 A6       		.byte	-90
 1437 0585 80       		.byte	-128
 1438 0586 CC       		.byte	-52
 1439 0587 10       		.byte	16
 1440 0588 12       		.byte	18
 1441 0589 80       		.byte	-128
 1442 058a 57       		.byte	87
 1443 058b 10       		.byte	16
 1444 058c 5B       		.byte	91
 1445 058d 02       		.byte	2
 1446 058e 80       		.byte	-128
 1447 058f 02       		.byte	2
 1448 0590 83       		.byte	-125
 1449 0591 10       		.byte	16
 1450 0592 88       		.byte	-120
 1451 0593 40       		.byte	64
 1452 0594 94       		.byte	-108
 1453 0595 20       		.byte	32
 1454 0596 9B       		.byte	-101
 1455 0597 02       		.byte	2
 1456 0598 9C       		.byte	-100
 1457 0599 40       		.byte	64
 1458 059a 9D       		.byte	-99
 1459 059b 80       		.byte	-128
 1460 059c A4       		.byte	-92
 1461 059d 02       		.byte	2
 1462 059e A6       		.byte	-90
 1463 059f 80       		.byte	-128
 1464 05a0 AF       		.byte	-81
 1465 05a1 02       		.byte	2
 1466 05a2 C4       		.byte	-60
 1467 05a3 10       		.byte	16
 1468 05a4 D4       		.byte	-44
 1469 05a5 40       		.byte	64
 1470 05a6 D6       		.byte	-42
 1471 05a7 40       		.byte	64
 1472 05a8 E2       		.byte	-30
 1473 05a9 20       		.byte	32
 1474 05aa E6       		.byte	-26
 1475 05ab 80       		.byte	-128
 1476 05ac EE       		.byte	-18
 1477 05ad 40       		.byte	64
 1478 05ae 94       		.byte	-108
 1479 05af 20       		.byte	32
 1480 05b0 9D       		.byte	-99
 1481 05b1 80       		.byte	-128
 1482 05b2 10       		.byte	16
ARM GAS  C:\Users\plod1602\AppData\Local\Temp\ccjflilu.s 			page 27


 1483 05b3 10       		.byte	16
 1484 05b4 C4       		.byte	-60
 1485 05b5 08       		.byte	8
 1486 05b6 98       		.byte	-104
 1487 05b7 10       		.byte	16
 1488 05b8 98       		.byte	-104
 1489 05b9 10       		.byte	16
 1490 05ba 98       		.byte	-104
 1491 05bb 10       		.byte	16
 1492 05bc 22       		.byte	34
 1493 05bd 04       		.byte	4
 1494 05be 25       		.byte	37
 1495 05bf 10       		.byte	16
 1496 05c0 80       		.byte	-128
 1497 05c1 10       		.byte	16
 1498 05c2 8A       		.byte	-118
 1499 05c3 04       		.byte	4
 1500 05c4 94       		.byte	-108
 1501 05c5 20       		.byte	32
 1502 05c6 9D       		.byte	-99
 1503 05c7 80       		.byte	-128
 1504 05c8 C8       		.byte	-56
 1505 05c9 60       		.byte	96
 1506 05ca E2       		.byte	-30
 1507 05cb 20       		.byte	32
 1508 05cc 29       		.byte	41
 1509 05cd 80       		.byte	-128
 1510 05ce 9D       		.byte	-99
 1511 05cf 80       		.byte	-128
 1512 05d0 B5       		.byte	-75
 1513 05d1 10       		.byte	16
 1514 05d2 CA       		.byte	-54
 1515 05d3 10       		.byte	16
 1516 05d4 54       		.byte	84
 1517 05d5 10       		.byte	16
 1518 05d6 98       		.byte	-104
 1519 05d7 10       		.byte	16
 1520 05d8 D4       		.byte	-44
 1521 05d9 02       		.byte	2
 1522 05da 09       		.byte	9
 1523 05db 20       		.byte	32
 1524 05dc 1B       		.byte	27
 1525 05dd 02       		.byte	2
 1526 05de 1C       		.byte	28
 1527 05df 20       		.byte	32
 1528 05e0 62       		.byte	98
 1529 05e1 20       		.byte	32
 1530 05e2 6B       		.byte	107
 1531 05e3 20       		.byte	32
 1532 05e4 73       		.byte	115
 1533 05e5 20       		.byte	32
 1534 05e6 78       		.byte	120
 1535 05e7 10       		.byte	16
 1536 05e8 7F       		.byte	127
 1537 05e9 02       		.byte	2
 1538 05ea 83       		.byte	-125
 1539 05eb 20       		.byte	32
ARM GAS  C:\Users\plod1602\AppData\Local\Temp\ccjflilu.s 			page 28


 1540 05ec 8D       		.byte	-115
 1541 05ed 20       		.byte	32
 1542 05ee 8E       		.byte	-114
 1543 05ef 20       		.byte	32
 1544 05f0 98       		.byte	-104
 1545 05f1 10       		.byte	16
 1546 05f2 A4       		.byte	-92
 1547 05f3 10       		.byte	16
 1548 05f4 C2       		.byte	-62
 1549 05f5 02       		.byte	2
 1550 05f6 C6       		.byte	-58
 1551 05f7 0C       		.byte	12
 1552 05f8 D8       		.byte	-40
 1553 05f9 02       		.byte	2
 1554 05fa DA       		.byte	-38
 1555 05fb 02       		.byte	2
 1556 05fc DC       		.byte	-36
 1557 05fd 01       		.byte	1
 1558 05fe DE       		.byte	-34
 1559 05ff 06       		.byte	6
 1560 0600 E0       		.byte	-32
 1561 0601 08       		.byte	8
 1562 0602 E6       		.byte	-26
 1563 0603 02       		.byte	2
 1564 0604 00       		.byte	0
 1565 0605 04       		.byte	4
 1566 0606 08       		.byte	8
 1567 0607 04       		.byte	4
 1568 0608 0A       		.byte	10
 1569 0609 04       		.byte	4
 1570 060a 11       		.byte	17
 1571 060b 01       		.byte	1
 1572 060c 1D       		.byte	29
 1573 060d 01       		.byte	1
 1574 060e 00       		.byte	0
 1575 060f FE       		.byte	-2
 1576 0610 01       		.byte	1
 1577 0611 0F       		.byte	15
 1578 0612 00       		.byte	0
 1579 0613 00       		.byte	0
 1580 0614 73       		.byte	115
 1581 0615 00       		.byte	0
 1582 0616 88       		.byte	-120
 1583 0617 00       		.byte	0
 1584 0618 FF       		.byte	-1
 1585 0619 06       		.byte	6
 1586 061a 00       		.byte	0
 1587 061b 00       		.byte	0
 1588 061c 00       		.byte	0
 1589 061d 02       		.byte	2
 1590 061e 02       		.byte	2
 1591 061f 00       		.byte	0
 1592 0620 73       		.byte	115
 1593 0621 04       		.byte	4
 1594 0622 84       		.byte	-124
 1595 0623 00       		.byte	0
 1596 0624 CF       		.byte	-49
ARM GAS  C:\Users\plod1602\AppData\Local\Temp\ccjflilu.s 			page 29


 1597 0625 00       		.byte	0
 1598 0626 30       		.byte	48
 1599 0627 00       		.byte	0
 1600 0628 00       		.byte	0
 1601 0629 00       		.byte	0
 1602 062a 03       		.byte	3
 1603 062b 19       		.byte	25
 1604 062c 00       		.byte	0
 1605 062d 3F       		.byte	63
 1606 062e 8C       		.byte	-116
 1607 062f 00       		.byte	0
 1608 0630 00       		.byte	0
 1609 0631 39       		.byte	57
 1610 0632 00       		.byte	0
 1611 0633 06       		.byte	6
 1612 0634 20       		.byte	32
 1613 0635 0E       		.byte	14
 1614 0636 00       		.byte	0
 1615 0637 31       		.byte	49
 1616 0638 10       		.byte	16
 1617 0639 00       		.byte	0
 1618 063a 00       		.byte	0
 1619 063b 00       		.byte	0
 1620 063c 30       		.byte	48
 1621 063d 11       		.byte	17
 1622 063e 00       		.byte	0
 1623 063f 00       		.byte	0
 1624 0640 01       		.byte	1
 1625 0641 07       		.byte	7
 1626 0642 00       		.byte	0
 1627 0643 38       		.byte	56
 1628 0644 3F       		.byte	63
 1629 0645 10       		.byte	16
 1630 0646 40       		.byte	64
 1631 0647 0E       		.byte	14
 1632 0648 00       		.byte	0
 1633 0649 20       		.byte	32
 1634 064a B0       		.byte	-80
 1635 064b 07       		.byte	7
 1636 064c 00       		.byte	0
 1637 064d 20       		.byte	32
 1638 064e A2       		.byte	-94
 1639 064f 80       		.byte	-128
 1640 0650 00       		.byte	0
 1641 0651 00       		.byte	0
 1642 0652 04       		.byte	4
 1643 0653 00       		.byte	0
 1644 0654 56       		.byte	86
 1645 0655 02       		.byte	2
 1646 0656 04       		.byte	4
 1647 0657 00       		.byte	0
 1648 0658 03       		.byte	3
 1649 0659 0C       		.byte	12
 1650 065a E0       		.byte	-32
 1651 065b 00       		.byte	0
 1652 065c 09       		.byte	9
 1653 065d FF       		.byte	-1
ARM GAS  C:\Users\plod1602\AppData\Local\Temp\ccjflilu.s 			page 30


 1654 065e FF       		.byte	-1
 1655 065f FF       		.byte	-1
 1656 0660 62       		.byte	98
 1657 0661 A0       		.byte	-96
 1658 0662 F0       		.byte	-16
 1659 0663 41       		.byte	65
 1660 0664 0C       		.byte	12
 1661 0665 00       		.byte	0
 1662 0666 00       		.byte	0
 1663 0667 00       		.byte	0
 1664 0668 00       		.byte	0
 1665 0669 00       		.byte	0
 1666 066a 02       		.byte	2
 1667 066b 12       		.byte	18
 1668 066c 0B       		.byte	11
 1669 066d 0B       		.byte	11
 1670 066e 0B       		.byte	11
 1671 066f 0B       		.byte	11
 1672 0670 99       		.byte	-103
 1673 0671 99       		.byte	-103
 1674 0672 00       		.byte	0
 1675 0673 01       		.byte	1
 1676 0674 00       		.byte	0
 1677 0675 00       		.byte	0
 1678 0676 00       		.byte	0
 1679 0677 00       		.byte	0
 1680 0678 00       		.byte	0
 1681 0679 00       		.byte	0
 1682 067a 40       		.byte	64
 1683 067b 02       		.byte	2
 1684 067c 00       		.byte	0
 1685 067d 10       		.byte	16
 1686 067e 30       		.byte	48
 1687 067f 10       		.byte	16
 1688 0680 00       		.byte	0
 1689 0681 10       		.byte	16
 1690 0682 10       		.byte	16
 1691 0683 12       		.byte	18
 1692 0684 00       		.byte	0
 1693 0685 00       		.byte	0
 1694 0686 00       		.byte	0
 1695 0687 00       		.byte	0
 1696 0688 00       		.byte	0
 1697 0689 00       		.byte	0
 1698 068a 00       		.byte	0
 1699 068b 00       		.byte	0
 1700 068c 00       		.byte	0
 1701 068d 00       		.byte	0
 1702 068e 00       		.byte	0
 1703 068f 00       		.byte	0
 1704 0690 00       		.byte	0
 1705 0691 00       		.byte	0
 1706 0692 00       		.byte	0
 1707 0693 00       		.byte	0
 1708 0694 00       		.byte	0
 1709 0695 00       		.byte	0
 1710 0696 13       		.byte	19
ARM GAS  C:\Users\plod1602\AppData\Local\Temp\ccjflilu.s 			page 31


 1711 0697 EC       		.byte	-20
 1712 0698 EF       		.byte	-17
 1713 0699 00       		.byte	0
 1714 069a 64       		.byte	100
 1715 069b 00       		.byte	0
 1716 069c 00       		.byte	0
 1717 069d 00       		.byte	0
 1718 069e 00       		.byte	0
 1719 069f 00       		.byte	0
 1720 06a0 00       		.byte	0
 1721 06a1 04       		.byte	4
 1722 06a2 04       		.byte	4
 1723 06a3 00       		.byte	0
 1724 06a4 00       		.byte	0
 1725 06a5 00       		.byte	0
 1726 06a6 08       		.byte	8
 1727 06a7 00       		.byte	0
 1728 06a8 04       		.byte	4
 1729 06a9 00       		.byte	0
 1730 06aa 00       		.byte	0
 1731 06ab 04       		.byte	4
 1732 06ac 04       		.byte	4
 1733 06ad 00       		.byte	0
 1734 06ae 04       		.byte	4
 1735 06af 00       		.byte	0
 1736 06b0 00       		.byte	0
 1737 06b1 00       		.byte	0
 1738 06b2 00       		.byte	0
 1739 06b3 00       		.byte	0
 1740 06b4 03       		.byte	3
 1741 06b5 00       		.byte	0
 1742 06b6 00       		.byte	0
 1743 06b7 00       		.byte	0
 1744 06b8 00       		.byte	0
 1745 06b9 00       		.byte	0
 1746 06ba 00       		.byte	0
 1747 06bb 00       		.byte	0
 1748 06bc 80       		.byte	-128
 1749 06bd 00       		.byte	0
 1750 06be 40       		.byte	64
 1751 06bf 80       		.byte	-128
 1752 06c0 80       		.byte	-128
 1753 06c1 00       		.byte	0
 1754 06c2 80       		.byte	-128
 1755 06c3 80       		.byte	-128
 1756 06c4 00       		.byte	0
 1757 06c5 00       		.byte	0
 1758 06c6 00       		.byte	0
 1759 06c7 00       		.byte	0
 1760 06c8 00       		.byte	0
 1761 06c9 10       		.byte	16
 1762 06ca 10       		.byte	16
 1763 06cb 00       		.byte	0
 1764 06cc 00       		.byte	0
 1765 06cd 00       		.byte	0
 1766 06ce 00       		.byte	0
 1767 06cf 00       		.byte	0
ARM GAS  C:\Users\plod1602\AppData\Local\Temp\ccjflilu.s 			page 32


 1768              		.global	cy_meta_custnvl
 1769              		.section	.cycustnvl,"a",%progbits
 1770              		.align	2
 1771              		.type	cy_meta_custnvl, %object
 1772              		.size	cy_meta_custnvl, 4
 1773              	cy_meta_custnvl:
 1774 0000 00       		.byte	0
 1775 0001 80       		.byte	-128
 1776 0002 40       		.byte	64
 1777 0003 04       		.byte	4
 1778              		.global	cy_meta_wonvl
 1779              		.section	.cywolatch,"a",%progbits
 1780              		.align	2
 1781              		.type	cy_meta_wonvl, %object
 1782              		.size	cy_meta_wonvl, 4
 1783              	cy_meta_wonvl:
 1784 0000 BC       		.byte	-68
 1785 0001 90       		.byte	-112
 1786 0002 AC       		.byte	-84
 1787 0003 AF       		.byte	-81
 1788              		.global	cy_meta_flashprotect
 1789              		.section	.cyflashprotect,"a",%progbits
 1790              		.align	2
 1791              		.type	cy_meta_flashprotect, %object
 1792              		.size	cy_meta_flashprotect, 256
 1793              	cy_meta_flashprotect:
 1794 0000 00000000 		.space	256
 1794      00000000 
 1794      00000000 
 1794      00000000 
 1794      00000000 
 1795              		.global	cy_metadata
 1796              		.section	.cymeta,"a",%progbits
 1797              		.align	2
 1798              		.type	cy_metadata, %object
 1799              		.size	cy_metadata, 12
 1800              	cy_metadata:
 1801 0000 00       		.byte	0
 1802 0001 01       		.byte	1
 1803 0002 2E       		.byte	46
 1804 0003 12       		.byte	18
 1805 0004 30       		.byte	48
 1806 0005 69       		.byte	105
 1807 0006 00       		.byte	0
 1808 0007 01       		.byte	1
 1809 0008 00       		.byte	0
 1810 0009 00       		.byte	0
 1811 000a 00       		.byte	0
 1812 000b 00       		.byte	0
 1813              		.text
 1814              	.Letext0:
 1815              		.file 1 ".\\Generated_Source\\PSoC5\\cymetadata.c"
 1816              		.file 2 ".\\Generated_Source\\PSoC5\\cytypes.h"
 1817              		.section	.debug_info,"",%progbits
 1818              	.Ldebug_info0:
 1819 0000 3A010000 		.4byte	0x13a
 1820 0004 0400     		.2byte	0x4
ARM GAS  C:\Users\plod1602\AppData\Local\Temp\ccjflilu.s 			page 33


 1821 0006 00000000 		.4byte	.Ldebug_abbrev0
 1822 000a 04       		.byte	0x4
 1823 000b 01       		.uleb128 0x1
 1824 000c 00000000 		.4byte	.LASF18
 1825 0010 01       		.byte	0x1
 1826 0011 8E000000 		.4byte	.LASF19
 1827 0015 E6000000 		.4byte	.LASF20
 1828 0019 00000000 		.4byte	.Ldebug_line0
 1829 001d 02       		.uleb128 0x2
 1830 001e 01       		.byte	0x1
 1831 001f 06       		.byte	0x6
 1832 0020 D2010000 		.4byte	.LASF0
 1833 0024 02       		.uleb128 0x2
 1834 0025 01       		.byte	0x1
 1835 0026 08       		.byte	0x8
 1836 0027 C6000000 		.4byte	.LASF1
 1837 002b 02       		.uleb128 0x2
 1838 002c 02       		.byte	0x2
 1839 002d 05       		.byte	0x5
 1840 002e B9010000 		.4byte	.LASF2
 1841 0032 02       		.uleb128 0x2
 1842 0033 02       		.byte	0x2
 1843 0034 07       		.byte	0x7
 1844 0035 DE010000 		.4byte	.LASF3
 1845 0039 02       		.uleb128 0x2
 1846 003a 04       		.byte	0x4
 1847 003b 05       		.byte	0x5
 1848 003c C9010000 		.4byte	.LASF4
 1849 0040 02       		.uleb128 0x2
 1850 0041 04       		.byte	0x4
 1851 0042 07       		.byte	0x7
 1852 0043 D4000000 		.4byte	.LASF5
 1853 0047 02       		.uleb128 0x2
 1854 0048 08       		.byte	0x8
 1855 0049 05       		.byte	0x5
 1856 004a A6010000 		.4byte	.LASF6
 1857 004e 02       		.uleb128 0x2
 1858 004f 08       		.byte	0x8
 1859 0050 07       		.byte	0x7
 1860 0051 63010000 		.4byte	.LASF7
 1861 0055 03       		.uleb128 0x3
 1862 0056 04       		.byte	0x4
 1863 0057 05       		.byte	0x5
 1864 0058 696E7400 		.ascii	"int\000"
 1865 005c 02       		.uleb128 0x2
 1866 005d 04       		.byte	0x4
 1867 005e 07       		.byte	0x7
 1868 005f 56010000 		.4byte	.LASF8
 1869 0063 04       		.uleb128 0x4
 1870 0064 C3010000 		.4byte	.LASF21
 1871 0068 02       		.byte	0x2
 1872 0069 A1       		.byte	0xa1
 1873 006a 24000000 		.4byte	0x24
 1874 006e 02       		.uleb128 0x2
 1875 006f 04       		.byte	0x4
 1876 0070 04       		.byte	0x4
 1877 0071 C0000000 		.4byte	.LASF9
ARM GAS  C:\Users\plod1602\AppData\Local\Temp\ccjflilu.s 			page 34


 1878 0075 02       		.uleb128 0x2
 1879 0076 08       		.byte	0x8
 1880 0077 04       		.byte	0x4
 1881 0078 2D010000 		.4byte	.LASF10
 1882 007c 02       		.uleb128 0x2
 1883 007d 01       		.byte	0x1
 1884 007e 08       		.byte	0x8
 1885 007f B4010000 		.4byte	.LASF11
 1886 0083 05       		.uleb128 0x5
 1887 0084 63000000 		.4byte	0x63
 1888 0088 94000000 		.4byte	0x94
 1889 008c 06       		.uleb128 0x6
 1890 008d 94000000 		.4byte	0x94
 1891 0091 CF06     		.2byte	0x6cf
 1892 0093 00       		.byte	0
 1893 0094 02       		.uleb128 0x2
 1894 0095 04       		.byte	0x4
 1895 0096 07       		.byte	0x7
 1896 0097 9D010000 		.4byte	.LASF12
 1897 009b 07       		.uleb128 0x7
 1898 009c 44010000 		.4byte	.LASF13
 1899 00a0 01       		.byte	0x1
 1900 00a1 1C       		.byte	0x1c
 1901 00a2 AC000000 		.4byte	0xac
 1902 00a6 05       		.uleb128 0x5
 1903 00a7 03       		.byte	0x3
 1904 00a8 00000000 		.4byte	cy_meta_configecc
 1905 00ac 08       		.uleb128 0x8
 1906 00ad 83000000 		.4byte	0x83
 1907 00b1 05       		.uleb128 0x5
 1908 00b2 63000000 		.4byte	0x63
 1909 00b6 C1000000 		.4byte	0xc1
 1910 00ba 09       		.uleb128 0x9
 1911 00bb 94000000 		.4byte	0x94
 1912 00bf 03       		.byte	0x3
 1913 00c0 00       		.byte	0
 1914 00c1 0A       		.uleb128 0xa
 1915 00c2 34010000 		.4byte	.LASF14
 1916 00c6 01       		.byte	0x1
 1917 00c7 0001     		.2byte	0x100
 1918 00c9 D3000000 		.4byte	0xd3
 1919 00cd 05       		.uleb128 0x5
 1920 00ce 03       		.byte	0x3
 1921 00cf 00000000 		.4byte	cy_meta_custnvl
 1922 00d3 08       		.uleb128 0x8
 1923 00d4 B1000000 		.4byte	0xb1
 1924 00d8 0A       		.uleb128 0xa
 1925 00d9 8F010000 		.4byte	.LASF15
 1926 00dd 01       		.byte	0x1
 1927 00de 0B01     		.2byte	0x10b
 1928 00e0 EA000000 		.4byte	0xea
 1929 00e4 05       		.uleb128 0x5
 1930 00e5 03       		.byte	0x3
 1931 00e6 00000000 		.4byte	cy_meta_wonvl
 1932 00ea 08       		.uleb128 0x8
 1933 00eb B1000000 		.4byte	0xb1
 1934 00ef 05       		.uleb128 0x5
ARM GAS  C:\Users\plod1602\AppData\Local\Temp\ccjflilu.s 			page 35


 1935 00f0 63000000 		.4byte	0x63
 1936 00f4 FF000000 		.4byte	0xff
 1937 00f8 09       		.uleb128 0x9
 1938 00f9 94000000 		.4byte	0x94
 1939 00fd FF       		.byte	0xff
 1940 00fe 00       		.byte	0
 1941 00ff 0A       		.uleb128 0xa
 1942 0100 7A010000 		.4byte	.LASF16
 1943 0104 01       		.byte	0x1
 1944 0105 1601     		.2byte	0x116
 1945 0107 11010000 		.4byte	0x111
 1946 010b 05       		.uleb128 0x5
 1947 010c 03       		.byte	0x3
 1948 010d 00000000 		.4byte	cy_meta_flashprotect
 1949 0111 08       		.uleb128 0x8
 1950 0112 EF000000 		.4byte	0xef
 1951 0116 05       		.uleb128 0x5
 1952 0117 63000000 		.4byte	0x63
 1953 011b 26010000 		.4byte	0x126
 1954 011f 09       		.uleb128 0x9
 1955 0120 94000000 		.4byte	0x94
 1956 0124 0B       		.byte	0xb
 1957 0125 00       		.byte	0
 1958 0126 0A       		.uleb128 0xa
 1959 0127 B4000000 		.4byte	.LASF17
 1960 012b 01       		.byte	0x1
 1961 012c 4001     		.2byte	0x140
 1962 012e 38010000 		.4byte	0x138
 1963 0132 05       		.uleb128 0x5
 1964 0133 03       		.byte	0x3
 1965 0134 00000000 		.4byte	cy_metadata
 1966 0138 08       		.uleb128 0x8
 1967 0139 16010000 		.4byte	0x116
 1968 013d 00       		.byte	0
 1969              		.section	.debug_abbrev,"",%progbits
 1970              	.Ldebug_abbrev0:
 1971 0000 01       		.uleb128 0x1
 1972 0001 11       		.uleb128 0x11
 1973 0002 01       		.byte	0x1
 1974 0003 25       		.uleb128 0x25
 1975 0004 0E       		.uleb128 0xe
 1976 0005 13       		.uleb128 0x13
 1977 0006 0B       		.uleb128 0xb
 1978 0007 03       		.uleb128 0x3
 1979 0008 0E       		.uleb128 0xe
 1980 0009 1B       		.uleb128 0x1b
 1981 000a 0E       		.uleb128 0xe
 1982 000b 10       		.uleb128 0x10
 1983 000c 17       		.uleb128 0x17
 1984 000d 00       		.byte	0
 1985 000e 00       		.byte	0
 1986 000f 02       		.uleb128 0x2
 1987 0010 24       		.uleb128 0x24
 1988 0011 00       		.byte	0
 1989 0012 0B       		.uleb128 0xb
 1990 0013 0B       		.uleb128 0xb
 1991 0014 3E       		.uleb128 0x3e
ARM GAS  C:\Users\plod1602\AppData\Local\Temp\ccjflilu.s 			page 36


 1992 0015 0B       		.uleb128 0xb
 1993 0016 03       		.uleb128 0x3
 1994 0017 0E       		.uleb128 0xe
 1995 0018 00       		.byte	0
 1996 0019 00       		.byte	0
 1997 001a 03       		.uleb128 0x3
 1998 001b 24       		.uleb128 0x24
 1999 001c 00       		.byte	0
 2000 001d 0B       		.uleb128 0xb
 2001 001e 0B       		.uleb128 0xb
 2002 001f 3E       		.uleb128 0x3e
 2003 0020 0B       		.uleb128 0xb
 2004 0021 03       		.uleb128 0x3
 2005 0022 08       		.uleb128 0x8
 2006 0023 00       		.byte	0
 2007 0024 00       		.byte	0
 2008 0025 04       		.uleb128 0x4
 2009 0026 16       		.uleb128 0x16
 2010 0027 00       		.byte	0
 2011 0028 03       		.uleb128 0x3
 2012 0029 0E       		.uleb128 0xe
 2013 002a 3A       		.uleb128 0x3a
 2014 002b 0B       		.uleb128 0xb
 2015 002c 3B       		.uleb128 0x3b
 2016 002d 0B       		.uleb128 0xb
 2017 002e 49       		.uleb128 0x49
 2018 002f 13       		.uleb128 0x13
 2019 0030 00       		.byte	0
 2020 0031 00       		.byte	0
 2021 0032 05       		.uleb128 0x5
 2022 0033 01       		.uleb128 0x1
 2023 0034 01       		.byte	0x1
 2024 0035 49       		.uleb128 0x49
 2025 0036 13       		.uleb128 0x13
 2026 0037 01       		.uleb128 0x1
 2027 0038 13       		.uleb128 0x13
 2028 0039 00       		.byte	0
 2029 003a 00       		.byte	0
 2030 003b 06       		.uleb128 0x6
 2031 003c 21       		.uleb128 0x21
 2032 003d 00       		.byte	0
 2033 003e 49       		.uleb128 0x49
 2034 003f 13       		.uleb128 0x13
 2035 0040 2F       		.uleb128 0x2f
 2036 0041 05       		.uleb128 0x5
 2037 0042 00       		.byte	0
 2038 0043 00       		.byte	0
 2039 0044 07       		.uleb128 0x7
 2040 0045 34       		.uleb128 0x34
 2041 0046 00       		.byte	0
 2042 0047 03       		.uleb128 0x3
 2043 0048 0E       		.uleb128 0xe
 2044 0049 3A       		.uleb128 0x3a
 2045 004a 0B       		.uleb128 0xb
 2046 004b 3B       		.uleb128 0x3b
 2047 004c 0B       		.uleb128 0xb
 2048 004d 49       		.uleb128 0x49
ARM GAS  C:\Users\plod1602\AppData\Local\Temp\ccjflilu.s 			page 37


 2049 004e 13       		.uleb128 0x13
 2050 004f 3F       		.uleb128 0x3f
 2051 0050 19       		.uleb128 0x19
 2052 0051 02       		.uleb128 0x2
 2053 0052 18       		.uleb128 0x18
 2054 0053 00       		.byte	0
 2055 0054 00       		.byte	0
 2056 0055 08       		.uleb128 0x8
 2057 0056 26       		.uleb128 0x26
 2058 0057 00       		.byte	0
 2059 0058 49       		.uleb128 0x49
 2060 0059 13       		.uleb128 0x13
 2061 005a 00       		.byte	0
 2062 005b 00       		.byte	0
 2063 005c 09       		.uleb128 0x9
 2064 005d 21       		.uleb128 0x21
 2065 005e 00       		.byte	0
 2066 005f 49       		.uleb128 0x49
 2067 0060 13       		.uleb128 0x13
 2068 0061 2F       		.uleb128 0x2f
 2069 0062 0B       		.uleb128 0xb
 2070 0063 00       		.byte	0
 2071 0064 00       		.byte	0
 2072 0065 0A       		.uleb128 0xa
 2073 0066 34       		.uleb128 0x34
 2074 0067 00       		.byte	0
 2075 0068 03       		.uleb128 0x3
 2076 0069 0E       		.uleb128 0xe
 2077 006a 3A       		.uleb128 0x3a
 2078 006b 0B       		.uleb128 0xb
 2079 006c 3B       		.uleb128 0x3b
 2080 006d 05       		.uleb128 0x5
 2081 006e 49       		.uleb128 0x49
 2082 006f 13       		.uleb128 0x13
 2083 0070 3F       		.uleb128 0x3f
 2084 0071 19       		.uleb128 0x19
 2085 0072 02       		.uleb128 0x2
 2086 0073 18       		.uleb128 0x18
 2087 0074 00       		.byte	0
 2088 0075 00       		.byte	0
 2089 0076 00       		.byte	0
 2090              		.section	.debug_aranges,"",%progbits
 2091 0000 14000000 		.4byte	0x14
 2092 0004 0200     		.2byte	0x2
 2093 0006 00000000 		.4byte	.Ldebug_info0
 2094 000a 04       		.byte	0x4
 2095 000b 00       		.byte	0
 2096 000c 0000     		.2byte	0
 2097 000e 0000     		.2byte	0
 2098 0010 00000000 		.4byte	0
 2099 0014 00000000 		.4byte	0
 2100              		.section	.debug_line,"",%progbits
 2101              	.Ldebug_line0:
 2102 0000 4F000000 		.section	.debug_str,"MS",%progbits,1
 2102      02004900 
 2102      00000201 
 2102      FB0E0D00 
ARM GAS  C:\Users\plod1602\AppData\Local\Temp\ccjflilu.s 			page 38


 2102      01010101 
 2103              	.LASF18:
 2104 0000 474E5520 		.ascii	"GNU C 4.9.3 20150303 (release) [ARM/embedded-4_9-br"
 2104      4320342E 
 2104      392E3320 
 2104      32303135 
 2104      30333033 
 2105 0033 616E6368 		.ascii	"anch revision 221220] -mcpu=cortex-m3 -mthumb -g -O"
 2105      20726576 
 2105      6973696F 
 2105      6E203232 
 2105      31323230 
 2106 0066 30202D66 		.ascii	"0 -ffunction-sections -ffat-lto-objects\000"
 2106      66756E63 
 2106      74696F6E 
 2106      2D736563 
 2106      74696F6E 
 2107              	.LASF19:
 2108 008e 2E5C4765 		.ascii	".\\Generated_Source\\PSoC5\\cymetadata.c\000"
 2108      6E657261 
 2108      7465645F 
 2108      536F7572 
 2108      63655C50 
 2109              	.LASF17:
 2110 00b4 63795F6D 		.ascii	"cy_metadata\000"
 2110      65746164 
 2110      61746100 
 2111              	.LASF9:
 2112 00c0 666C6F61 		.ascii	"float\000"
 2112      7400
 2113              	.LASF1:
 2114 00c6 756E7369 		.ascii	"unsigned char\000"
 2114      676E6564 
 2114      20636861 
 2114      7200
 2115              	.LASF5:
 2116 00d4 6C6F6E67 		.ascii	"long unsigned int\000"
 2116      20756E73 
 2116      69676E65 
 2116      6420696E 
 2116      7400
 2117              	.LASF20:
 2118 00e6 433A5C55 		.ascii	"C:\\Users\\plod1602\\Desktop\\GripperPSoC5_CAN\\Gri"
 2118      73657273 
 2118      5C706C6F 
 2118      64313630 
 2118      325C4465 
 2119 0114 70706572 		.ascii	"pperDynamixelPSoC5.cydsn\000"
 2119      44796E61 
 2119      6D697865 
 2119      6C50536F 
 2119      43352E63 
 2120              	.LASF10:
 2121 012d 646F7562 		.ascii	"double\000"
 2121      6C6500
 2122              	.LASF14:
 2123 0134 63795F6D 		.ascii	"cy_meta_custnvl\000"
ARM GAS  C:\Users\plod1602\AppData\Local\Temp\ccjflilu.s 			page 39


 2123      6574615F 
 2123      63757374 
 2123      6E766C00 
 2124              	.LASF13:
 2125 0144 63795F6D 		.ascii	"cy_meta_configecc\000"
 2125      6574615F 
 2125      636F6E66 
 2125      69676563 
 2125      6300
 2126              	.LASF8:
 2127 0156 756E7369 		.ascii	"unsigned int\000"
 2127      676E6564 
 2127      20696E74 
 2127      00
 2128              	.LASF7:
 2129 0163 6C6F6E67 		.ascii	"long long unsigned int\000"
 2129      206C6F6E 
 2129      6720756E 
 2129      7369676E 
 2129      65642069 
 2130              	.LASF16:
 2131 017a 63795F6D 		.ascii	"cy_meta_flashprotect\000"
 2131      6574615F 
 2131      666C6173 
 2131      6870726F 
 2131      74656374 
 2132              	.LASF15:
 2133 018f 63795F6D 		.ascii	"cy_meta_wonvl\000"
 2133      6574615F 
 2133      776F6E76 
 2133      6C00
 2134              	.LASF12:
 2135 019d 73697A65 		.ascii	"sizetype\000"
 2135      74797065 
 2135      00
 2136              	.LASF6:
 2137 01a6 6C6F6E67 		.ascii	"long long int\000"
 2137      206C6F6E 
 2137      6720696E 
 2137      7400
 2138              	.LASF11:
 2139 01b4 63686172 		.ascii	"char\000"
 2139      00
 2140              	.LASF2:
 2141 01b9 73686F72 		.ascii	"short int\000"
 2141      7420696E 
 2141      7400
 2142              	.LASF21:
 2143 01c3 75696E74 		.ascii	"uint8\000"
 2143      3800
 2144              	.LASF4:
 2145 01c9 6C6F6E67 		.ascii	"long int\000"
 2145      20696E74 
 2145      00
 2146              	.LASF0:
 2147 01d2 7369676E 		.ascii	"signed char\000"
 2147      65642063 
ARM GAS  C:\Users\plod1602\AppData\Local\Temp\ccjflilu.s 			page 40


 2147      68617200 
 2148              	.LASF3:
 2149 01de 73686F72 		.ascii	"short unsigned int\000"
 2149      7420756E 
 2149      7369676E 
 2149      65642069 
 2149      6E7400
 2150              		.ident	"GCC: (GNU Tools for ARM Embedded Processors) 4.9.3 20150303 (release) [ARM/embedded-4_9-br
