ARM GAS  C:\Users\plod1602\AppData\Local\Temp\cc2bx5og.s 			page 1


   1              		.syntax unified
   2              		.cpu cortex-m3
   3              		.fpu softvfp
   4              		.eabi_attribute 20, 1
   5              		.eabi_attribute 21, 1
   6              		.eabi_attribute 23, 3
   7              		.eabi_attribute 24, 1
   8              		.eabi_attribute 25, 1
   9              		.eabi_attribute 26, 1
  10              		.eabi_attribute 30, 6
  11              		.eabi_attribute 34, 1
  12              		.eabi_attribute 18, 4
  13              		.thumb
  14              		.file	"Z_Axis_Bumper_Port.c"
  15              		.text
  16              	.Ltext0:
  17              		.cfi_sections	.debug_frame
  18              		.section	.text.Z_Axis_Bumper_Port_Write,"ax",%progbits
  19              		.align	2
  20              		.global	Z_Axis_Bumper_Port_Write
  21              		.thumb
  22              		.thumb_func
  23              		.type	Z_Axis_Bumper_Port_Write, %function
  24              	Z_Axis_Bumper_Port_Write:
  25              	.LFB0:
  26              		.file 1 ".\\Generated_Source\\PSoC5\\Z_Axis_Bumper_Port.c"
   1:.\Generated_Source\PSoC5/Z_Axis_Bumper_Port.c **** /*******************************************************************************
   2:.\Generated_Source\PSoC5/Z_Axis_Bumper_Port.c **** * File Name: Z_Axis_Bumper_Port.c  
   3:.\Generated_Source\PSoC5/Z_Axis_Bumper_Port.c **** * Version 2.10
   4:.\Generated_Source\PSoC5/Z_Axis_Bumper_Port.c **** *
   5:.\Generated_Source\PSoC5/Z_Axis_Bumper_Port.c **** * Description:
   6:.\Generated_Source\PSoC5/Z_Axis_Bumper_Port.c **** *  This file contains API to enable firmware control of a Pins component.
   7:.\Generated_Source\PSoC5/Z_Axis_Bumper_Port.c **** *
   8:.\Generated_Source\PSoC5/Z_Axis_Bumper_Port.c **** * Note:
   9:.\Generated_Source\PSoC5/Z_Axis_Bumper_Port.c **** *
  10:.\Generated_Source\PSoC5/Z_Axis_Bumper_Port.c **** ********************************************************************************
  11:.\Generated_Source\PSoC5/Z_Axis_Bumper_Port.c **** * Copyright 2008-2014, Cypress Semiconductor Corporation.  All rights reserved.
  12:.\Generated_Source\PSoC5/Z_Axis_Bumper_Port.c **** * You may use this file only in accordance with the license, terms, conditions, 
  13:.\Generated_Source\PSoC5/Z_Axis_Bumper_Port.c **** * disclaimers, and limitations in the end user license agreement accompanying 
  14:.\Generated_Source\PSoC5/Z_Axis_Bumper_Port.c **** * the software package with which this file was provided.
  15:.\Generated_Source\PSoC5/Z_Axis_Bumper_Port.c **** *******************************************************************************/
  16:.\Generated_Source\PSoC5/Z_Axis_Bumper_Port.c **** 
  17:.\Generated_Source\PSoC5/Z_Axis_Bumper_Port.c **** #include "cytypes.h"
  18:.\Generated_Source\PSoC5/Z_Axis_Bumper_Port.c **** #include "Z_Axis_Bumper_Port.h"
  19:.\Generated_Source\PSoC5/Z_Axis_Bumper_Port.c **** 
  20:.\Generated_Source\PSoC5/Z_Axis_Bumper_Port.c **** /* APIs are not generated for P15[7:6] on PSoC 5 */
  21:.\Generated_Source\PSoC5/Z_Axis_Bumper_Port.c **** #if !(CY_PSOC5A &&\
  22:.\Generated_Source\PSoC5/Z_Axis_Bumper_Port.c **** 	 Z_Axis_Bumper_Port__PORT == 15 && ((Z_Axis_Bumper_Port__MASK & 0xC0) != 0))
  23:.\Generated_Source\PSoC5/Z_Axis_Bumper_Port.c **** 
  24:.\Generated_Source\PSoC5/Z_Axis_Bumper_Port.c **** 
  25:.\Generated_Source\PSoC5/Z_Axis_Bumper_Port.c **** /*******************************************************************************
  26:.\Generated_Source\PSoC5/Z_Axis_Bumper_Port.c **** * Function Name: Z_Axis_Bumper_Port_Write
  27:.\Generated_Source\PSoC5/Z_Axis_Bumper_Port.c **** ********************************************************************************
  28:.\Generated_Source\PSoC5/Z_Axis_Bumper_Port.c **** *
  29:.\Generated_Source\PSoC5/Z_Axis_Bumper_Port.c **** * Summary:
  30:.\Generated_Source\PSoC5/Z_Axis_Bumper_Port.c **** *  Assign a new value to the digital port's data output register.  
  31:.\Generated_Source\PSoC5/Z_Axis_Bumper_Port.c **** *
ARM GAS  C:\Users\plod1602\AppData\Local\Temp\cc2bx5og.s 			page 2


  32:.\Generated_Source\PSoC5/Z_Axis_Bumper_Port.c **** * Parameters:  
  33:.\Generated_Source\PSoC5/Z_Axis_Bumper_Port.c **** *  prtValue:  The value to be assigned to the Digital Port. 
  34:.\Generated_Source\PSoC5/Z_Axis_Bumper_Port.c **** *
  35:.\Generated_Source\PSoC5/Z_Axis_Bumper_Port.c **** * Return: 
  36:.\Generated_Source\PSoC5/Z_Axis_Bumper_Port.c **** *  None
  37:.\Generated_Source\PSoC5/Z_Axis_Bumper_Port.c **** *  
  38:.\Generated_Source\PSoC5/Z_Axis_Bumper_Port.c **** *******************************************************************************/
  39:.\Generated_Source\PSoC5/Z_Axis_Bumper_Port.c **** void Z_Axis_Bumper_Port_Write(uint8 value) 
  40:.\Generated_Source\PSoC5/Z_Axis_Bumper_Port.c **** {
  27              		.loc 1 40 0
  28              		.cfi_startproc
  29              		@ args = 0, pretend = 0, frame = 16
  30              		@ frame_needed = 1, uses_anonymous_args = 0
  31              		@ link register save eliminated.
  32 0000 80B4     		push	{r7}
  33              		.cfi_def_cfa_offset 4
  34              		.cfi_offset 7, -4
  35 0002 85B0     		sub	sp, sp, #20
  36              		.cfi_def_cfa_offset 24
  37 0004 00AF     		add	r7, sp, #0
  38              		.cfi_def_cfa_register 7
  39 0006 0346     		mov	r3, r0
  40 0008 FB71     		strb	r3, [r7, #7]
  41:.\Generated_Source\PSoC5/Z_Axis_Bumper_Port.c ****     uint8 staticBits = (Z_Axis_Bumper_Port_DR & (uint8)(~Z_Axis_Bumper_Port_MASK));
  41              		.loc 1 41 0
  42 000a 0A4B     		ldr	r3, .L2
  43 000c 1B78     		ldrb	r3, [r3]
  44 000e DBB2     		uxtb	r3, r3
  45 0010 23F00303 		bic	r3, r3, #3
  46 0014 FB73     		strb	r3, [r7, #15]
  42:.\Generated_Source\PSoC5/Z_Axis_Bumper_Port.c ****     Z_Axis_Bumper_Port_DR = staticBits | ((uint8)(value << Z_Axis_Bumper_Port_SHIFT) & Z_Axis_Bumpe
  47              		.loc 1 42 0
  48 0016 0749     		ldr	r1, .L2
  49 0018 FB79     		ldrb	r3, [r7, #7]
  50 001a 03F00303 		and	r3, r3, #3
  51 001e DAB2     		uxtb	r2, r3
  52 0020 FB7B     		ldrb	r3, [r7, #15]
  53 0022 1343     		orrs	r3, r3, r2
  54 0024 DBB2     		uxtb	r3, r3
  55 0026 0B70     		strb	r3, [r1]
  43:.\Generated_Source\PSoC5/Z_Axis_Bumper_Port.c **** }
  56              		.loc 1 43 0
  57 0028 1437     		adds	r7, r7, #20
  58              		.cfi_def_cfa_offset 4
  59 002a BD46     		mov	sp, r7
  60              		.cfi_def_cfa_register 13
  61              		@ sp needed
  62 002c 5DF8047B 		ldr	r7, [sp], #4
  63              		.cfi_restore 7
  64              		.cfi_def_cfa_offset 0
  65 0030 7047     		bx	lr
  66              	.L3:
  67 0032 00BF     		.align	2
  68              	.L2:
  69 0034 30510040 		.word	1073762608
  70              		.cfi_endproc
  71              	.LFE0:
ARM GAS  C:\Users\plod1602\AppData\Local\Temp\cc2bx5og.s 			page 3


  72              		.size	Z_Axis_Bumper_Port_Write, .-Z_Axis_Bumper_Port_Write
  73              		.section	.text.Z_Axis_Bumper_Port_SetDriveMode,"ax",%progbits
  74              		.align	2
  75              		.global	Z_Axis_Bumper_Port_SetDriveMode
  76              		.thumb
  77              		.thumb_func
  78              		.type	Z_Axis_Bumper_Port_SetDriveMode, %function
  79              	Z_Axis_Bumper_Port_SetDriveMode:
  80              	.LFB1:
  44:.\Generated_Source\PSoC5/Z_Axis_Bumper_Port.c **** 
  45:.\Generated_Source\PSoC5/Z_Axis_Bumper_Port.c **** 
  46:.\Generated_Source\PSoC5/Z_Axis_Bumper_Port.c **** /*******************************************************************************
  47:.\Generated_Source\PSoC5/Z_Axis_Bumper_Port.c **** * Function Name: Z_Axis_Bumper_Port_SetDriveMode
  48:.\Generated_Source\PSoC5/Z_Axis_Bumper_Port.c **** ********************************************************************************
  49:.\Generated_Source\PSoC5/Z_Axis_Bumper_Port.c **** *
  50:.\Generated_Source\PSoC5/Z_Axis_Bumper_Port.c **** * Summary:
  51:.\Generated_Source\PSoC5/Z_Axis_Bumper_Port.c **** *  Change the drive mode on the pins of the port.
  52:.\Generated_Source\PSoC5/Z_Axis_Bumper_Port.c **** * 
  53:.\Generated_Source\PSoC5/Z_Axis_Bumper_Port.c **** * Parameters:  
  54:.\Generated_Source\PSoC5/Z_Axis_Bumper_Port.c **** *  mode:  Change the pins to one of the following drive modes.
  55:.\Generated_Source\PSoC5/Z_Axis_Bumper_Port.c **** *
  56:.\Generated_Source\PSoC5/Z_Axis_Bumper_Port.c **** *  Z_Axis_Bumper_Port_DM_STRONG     Strong Drive 
  57:.\Generated_Source\PSoC5/Z_Axis_Bumper_Port.c **** *  Z_Axis_Bumper_Port_DM_OD_HI      Open Drain, Drives High 
  58:.\Generated_Source\PSoC5/Z_Axis_Bumper_Port.c **** *  Z_Axis_Bumper_Port_DM_OD_LO      Open Drain, Drives Low 
  59:.\Generated_Source\PSoC5/Z_Axis_Bumper_Port.c **** *  Z_Axis_Bumper_Port_DM_RES_UP     Resistive Pull Up 
  60:.\Generated_Source\PSoC5/Z_Axis_Bumper_Port.c **** *  Z_Axis_Bumper_Port_DM_RES_DWN    Resistive Pull Down 
  61:.\Generated_Source\PSoC5/Z_Axis_Bumper_Port.c **** *  Z_Axis_Bumper_Port_DM_RES_UPDWN  Resistive Pull Up/Down 
  62:.\Generated_Source\PSoC5/Z_Axis_Bumper_Port.c **** *  Z_Axis_Bumper_Port_DM_DIG_HIZ    High Impedance Digital 
  63:.\Generated_Source\PSoC5/Z_Axis_Bumper_Port.c **** *  Z_Axis_Bumper_Port_DM_ALG_HIZ    High Impedance Analog 
  64:.\Generated_Source\PSoC5/Z_Axis_Bumper_Port.c **** *
  65:.\Generated_Source\PSoC5/Z_Axis_Bumper_Port.c **** * Return: 
  66:.\Generated_Source\PSoC5/Z_Axis_Bumper_Port.c **** *  None
  67:.\Generated_Source\PSoC5/Z_Axis_Bumper_Port.c **** *
  68:.\Generated_Source\PSoC5/Z_Axis_Bumper_Port.c **** *******************************************************************************/
  69:.\Generated_Source\PSoC5/Z_Axis_Bumper_Port.c **** void Z_Axis_Bumper_Port_SetDriveMode(uint8 mode) 
  70:.\Generated_Source\PSoC5/Z_Axis_Bumper_Port.c **** {
  81              		.loc 1 70 0
  82              		.cfi_startproc
  83              		@ args = 0, pretend = 0, frame = 8
  84              		@ frame_needed = 1, uses_anonymous_args = 0
  85              		@ link register save eliminated.
  86 0000 80B4     		push	{r7}
  87              		.cfi_def_cfa_offset 4
  88              		.cfi_offset 7, -4
  89 0002 83B0     		sub	sp, sp, #12
  90              		.cfi_def_cfa_offset 16
  91 0004 00AF     		add	r7, sp, #0
  92              		.cfi_def_cfa_register 7
  93 0006 0346     		mov	r3, r0
  94 0008 FB71     		strb	r3, [r7, #7]
  71:.\Generated_Source\PSoC5/Z_Axis_Bumper_Port.c **** 	CyPins_SetPinDriveMode(Z_Axis_Bumper_Port_0, mode);
  95              		.loc 1 71 0
  96 000a 124B     		ldr	r3, .L5
  97 000c 114A     		ldr	r2, .L5
  98 000e 1278     		ldrb	r2, [r2]
  99 0010 D2B2     		uxtb	r2, r2
 100 0012 D2B2     		uxtb	r2, r2
ARM GAS  C:\Users\plod1602\AppData\Local\Temp\cc2bx5og.s 			page 4


 101 0014 22F00E02 		bic	r2, r2, #14
 102 0018 D1B2     		uxtb	r1, r2
 103 001a FA79     		ldrb	r2, [r7, #7]	@ zero_extendqisi2
 104 001c 02F00E02 		and	r2, r2, #14
 105 0020 D2B2     		uxtb	r2, r2
 106 0022 0A43     		orrs	r2, r2, r1
 107 0024 D2B2     		uxtb	r2, r2
 108 0026 D2B2     		uxtb	r2, r2
 109 0028 1A70     		strb	r2, [r3]
  72:.\Generated_Source\PSoC5/Z_Axis_Bumper_Port.c **** 	CyPins_SetPinDriveMode(Z_Axis_Bumper_Port_1, mode);
 110              		.loc 1 72 0
 111 002a 0B4B     		ldr	r3, .L5+4
 112 002c 0A4A     		ldr	r2, .L5+4
 113 002e 1278     		ldrb	r2, [r2]
 114 0030 D2B2     		uxtb	r2, r2
 115 0032 D2B2     		uxtb	r2, r2
 116 0034 22F00E02 		bic	r2, r2, #14
 117 0038 D1B2     		uxtb	r1, r2
 118 003a FA79     		ldrb	r2, [r7, #7]	@ zero_extendqisi2
 119 003c 02F00E02 		and	r2, r2, #14
 120 0040 D2B2     		uxtb	r2, r2
 121 0042 0A43     		orrs	r2, r2, r1
 122 0044 D2B2     		uxtb	r2, r2
 123 0046 D2B2     		uxtb	r2, r2
 124 0048 1A70     		strb	r2, [r3]
  73:.\Generated_Source\PSoC5/Z_Axis_Bumper_Port.c **** }
 125              		.loc 1 73 0
 126 004a 0C37     		adds	r7, r7, #12
 127              		.cfi_def_cfa_offset 4
 128 004c BD46     		mov	sp, r7
 129              		.cfi_def_cfa_register 13
 130              		@ sp needed
 131 004e 5DF8047B 		ldr	r7, [sp], #4
 132              		.cfi_restore 7
 133              		.cfi_def_cfa_offset 0
 134 0052 7047     		bx	lr
 135              	.L6:
 136              		.align	2
 137              	.L5:
 138 0054 18500040 		.word	1073762328
 139 0058 19500040 		.word	1073762329
 140              		.cfi_endproc
 141              	.LFE1:
 142              		.size	Z_Axis_Bumper_Port_SetDriveMode, .-Z_Axis_Bumper_Port_SetDriveMode
 143              		.section	.text.Z_Axis_Bumper_Port_Read,"ax",%progbits
 144              		.align	2
 145              		.global	Z_Axis_Bumper_Port_Read
 146              		.thumb
 147              		.thumb_func
 148              		.type	Z_Axis_Bumper_Port_Read, %function
 149              	Z_Axis_Bumper_Port_Read:
 150              	.LFB2:
  74:.\Generated_Source\PSoC5/Z_Axis_Bumper_Port.c **** 
  75:.\Generated_Source\PSoC5/Z_Axis_Bumper_Port.c **** 
  76:.\Generated_Source\PSoC5/Z_Axis_Bumper_Port.c **** /*******************************************************************************
  77:.\Generated_Source\PSoC5/Z_Axis_Bumper_Port.c **** * Function Name: Z_Axis_Bumper_Port_Read
  78:.\Generated_Source\PSoC5/Z_Axis_Bumper_Port.c **** ********************************************************************************
ARM GAS  C:\Users\plod1602\AppData\Local\Temp\cc2bx5og.s 			page 5


  79:.\Generated_Source\PSoC5/Z_Axis_Bumper_Port.c **** *
  80:.\Generated_Source\PSoC5/Z_Axis_Bumper_Port.c **** * Summary:
  81:.\Generated_Source\PSoC5/Z_Axis_Bumper_Port.c **** *  Read the current value on the pins of the Digital Port in right justified 
  82:.\Generated_Source\PSoC5/Z_Axis_Bumper_Port.c **** *  form.
  83:.\Generated_Source\PSoC5/Z_Axis_Bumper_Port.c **** *
  84:.\Generated_Source\PSoC5/Z_Axis_Bumper_Port.c **** * Parameters:  
  85:.\Generated_Source\PSoC5/Z_Axis_Bumper_Port.c **** *  None
  86:.\Generated_Source\PSoC5/Z_Axis_Bumper_Port.c **** *
  87:.\Generated_Source\PSoC5/Z_Axis_Bumper_Port.c **** * Return: 
  88:.\Generated_Source\PSoC5/Z_Axis_Bumper_Port.c **** *  Returns the current value of the Digital Port as a right justified number
  89:.\Generated_Source\PSoC5/Z_Axis_Bumper_Port.c **** *  
  90:.\Generated_Source\PSoC5/Z_Axis_Bumper_Port.c **** * Note:
  91:.\Generated_Source\PSoC5/Z_Axis_Bumper_Port.c **** *  Macro Z_Axis_Bumper_Port_ReadPS calls this function. 
  92:.\Generated_Source\PSoC5/Z_Axis_Bumper_Port.c **** *  
  93:.\Generated_Source\PSoC5/Z_Axis_Bumper_Port.c **** *******************************************************************************/
  94:.\Generated_Source\PSoC5/Z_Axis_Bumper_Port.c **** uint8 Z_Axis_Bumper_Port_Read(void) 
  95:.\Generated_Source\PSoC5/Z_Axis_Bumper_Port.c **** {
 151              		.loc 1 95 0
 152              		.cfi_startproc
 153              		@ args = 0, pretend = 0, frame = 0
 154              		@ frame_needed = 1, uses_anonymous_args = 0
 155              		@ link register save eliminated.
 156 0000 80B4     		push	{r7}
 157              		.cfi_def_cfa_offset 4
 158              		.cfi_offset 7, -4
 159 0002 00AF     		add	r7, sp, #0
 160              		.cfi_def_cfa_register 7
  96:.\Generated_Source\PSoC5/Z_Axis_Bumper_Port.c ****     return (Z_Axis_Bumper_Port_PS & Z_Axis_Bumper_Port_MASK) >> Z_Axis_Bumper_Port_SHIFT;
 161              		.loc 1 96 0
 162 0004 054B     		ldr	r3, .L9
 163 0006 1B78     		ldrb	r3, [r3]
 164 0008 DBB2     		uxtb	r3, r3
 165 000a 03F00303 		and	r3, r3, #3
 166 000e DBB2     		uxtb	r3, r3
  97:.\Generated_Source\PSoC5/Z_Axis_Bumper_Port.c **** }
 167              		.loc 1 97 0
 168 0010 1846     		mov	r0, r3
 169 0012 BD46     		mov	sp, r7
 170              		.cfi_def_cfa_register 13
 171              		@ sp needed
 172 0014 5DF8047B 		ldr	r7, [sp], #4
 173              		.cfi_restore 7
 174              		.cfi_def_cfa_offset 0
 175 0018 7047     		bx	lr
 176              	.L10:
 177 001a 00BF     		.align	2
 178              	.L9:
 179 001c 31510040 		.word	1073762609
 180              		.cfi_endproc
 181              	.LFE2:
 182              		.size	Z_Axis_Bumper_Port_Read, .-Z_Axis_Bumper_Port_Read
 183              		.section	.text.Z_Axis_Bumper_Port_ReadDataReg,"ax",%progbits
 184              		.align	2
 185              		.global	Z_Axis_Bumper_Port_ReadDataReg
 186              		.thumb
 187              		.thumb_func
 188              		.type	Z_Axis_Bumper_Port_ReadDataReg, %function
ARM GAS  C:\Users\plod1602\AppData\Local\Temp\cc2bx5og.s 			page 6


 189              	Z_Axis_Bumper_Port_ReadDataReg:
 190              	.LFB3:
  98:.\Generated_Source\PSoC5/Z_Axis_Bumper_Port.c **** 
  99:.\Generated_Source\PSoC5/Z_Axis_Bumper_Port.c **** 
 100:.\Generated_Source\PSoC5/Z_Axis_Bumper_Port.c **** /*******************************************************************************
 101:.\Generated_Source\PSoC5/Z_Axis_Bumper_Port.c **** * Function Name: Z_Axis_Bumper_Port_ReadDataReg
 102:.\Generated_Source\PSoC5/Z_Axis_Bumper_Port.c **** ********************************************************************************
 103:.\Generated_Source\PSoC5/Z_Axis_Bumper_Port.c **** *
 104:.\Generated_Source\PSoC5/Z_Axis_Bumper_Port.c **** * Summary:
 105:.\Generated_Source\PSoC5/Z_Axis_Bumper_Port.c **** *  Read the current value assigned to a Digital Port's data output register
 106:.\Generated_Source\PSoC5/Z_Axis_Bumper_Port.c **** *
 107:.\Generated_Source\PSoC5/Z_Axis_Bumper_Port.c **** * Parameters:  
 108:.\Generated_Source\PSoC5/Z_Axis_Bumper_Port.c **** *  None 
 109:.\Generated_Source\PSoC5/Z_Axis_Bumper_Port.c **** *
 110:.\Generated_Source\PSoC5/Z_Axis_Bumper_Port.c **** * Return: 
 111:.\Generated_Source\PSoC5/Z_Axis_Bumper_Port.c **** *  Returns the current value assigned to the Digital Port's data output register
 112:.\Generated_Source\PSoC5/Z_Axis_Bumper_Port.c **** *  
 113:.\Generated_Source\PSoC5/Z_Axis_Bumper_Port.c **** *******************************************************************************/
 114:.\Generated_Source\PSoC5/Z_Axis_Bumper_Port.c **** uint8 Z_Axis_Bumper_Port_ReadDataReg(void) 
 115:.\Generated_Source\PSoC5/Z_Axis_Bumper_Port.c **** {
 191              		.loc 1 115 0
 192              		.cfi_startproc
 193              		@ args = 0, pretend = 0, frame = 0
 194              		@ frame_needed = 1, uses_anonymous_args = 0
 195              		@ link register save eliminated.
 196 0000 80B4     		push	{r7}
 197              		.cfi_def_cfa_offset 4
 198              		.cfi_offset 7, -4
 199 0002 00AF     		add	r7, sp, #0
 200              		.cfi_def_cfa_register 7
 116:.\Generated_Source\PSoC5/Z_Axis_Bumper_Port.c ****     return (Z_Axis_Bumper_Port_DR & Z_Axis_Bumper_Port_MASK) >> Z_Axis_Bumper_Port_SHIFT;
 201              		.loc 1 116 0
 202 0004 054B     		ldr	r3, .L13
 203 0006 1B78     		ldrb	r3, [r3]
 204 0008 DBB2     		uxtb	r3, r3
 205 000a 03F00303 		and	r3, r3, #3
 206 000e DBB2     		uxtb	r3, r3
 117:.\Generated_Source\PSoC5/Z_Axis_Bumper_Port.c **** }
 207              		.loc 1 117 0
 208 0010 1846     		mov	r0, r3
 209 0012 BD46     		mov	sp, r7
 210              		.cfi_def_cfa_register 13
 211              		@ sp needed
 212 0014 5DF8047B 		ldr	r7, [sp], #4
 213              		.cfi_restore 7
 214              		.cfi_def_cfa_offset 0
 215 0018 7047     		bx	lr
 216              	.L14:
 217 001a 00BF     		.align	2
 218              	.L13:
 219 001c 30510040 		.word	1073762608
 220              		.cfi_endproc
 221              	.LFE3:
 222              		.size	Z_Axis_Bumper_Port_ReadDataReg, .-Z_Axis_Bumper_Port_ReadDataReg
 223              		.section	.text.Z_Axis_Bumper_Port_ClearInterrupt,"ax",%progbits
 224              		.align	2
 225              		.global	Z_Axis_Bumper_Port_ClearInterrupt
ARM GAS  C:\Users\plod1602\AppData\Local\Temp\cc2bx5og.s 			page 7


 226              		.thumb
 227              		.thumb_func
 228              		.type	Z_Axis_Bumper_Port_ClearInterrupt, %function
 229              	Z_Axis_Bumper_Port_ClearInterrupt:
 230              	.LFB4:
 118:.\Generated_Source\PSoC5/Z_Axis_Bumper_Port.c **** 
 119:.\Generated_Source\PSoC5/Z_Axis_Bumper_Port.c **** 
 120:.\Generated_Source\PSoC5/Z_Axis_Bumper_Port.c **** /* If Interrupts Are Enabled for this Pins component */ 
 121:.\Generated_Source\PSoC5/Z_Axis_Bumper_Port.c **** #if defined(Z_Axis_Bumper_Port_INTSTAT) 
 122:.\Generated_Source\PSoC5/Z_Axis_Bumper_Port.c **** 
 123:.\Generated_Source\PSoC5/Z_Axis_Bumper_Port.c ****     /*******************************************************************************
 124:.\Generated_Source\PSoC5/Z_Axis_Bumper_Port.c ****     * Function Name: Z_Axis_Bumper_Port_ClearInterrupt
 125:.\Generated_Source\PSoC5/Z_Axis_Bumper_Port.c ****     ********************************************************************************
 126:.\Generated_Source\PSoC5/Z_Axis_Bumper_Port.c ****     * Summary:
 127:.\Generated_Source\PSoC5/Z_Axis_Bumper_Port.c ****     *  Clears any active interrupts attached to port and returns the value of the 
 128:.\Generated_Source\PSoC5/Z_Axis_Bumper_Port.c ****     *  interrupt status register.
 129:.\Generated_Source\PSoC5/Z_Axis_Bumper_Port.c ****     *
 130:.\Generated_Source\PSoC5/Z_Axis_Bumper_Port.c ****     * Parameters:  
 131:.\Generated_Source\PSoC5/Z_Axis_Bumper_Port.c ****     *  None 
 132:.\Generated_Source\PSoC5/Z_Axis_Bumper_Port.c ****     *
 133:.\Generated_Source\PSoC5/Z_Axis_Bumper_Port.c ****     * Return: 
 134:.\Generated_Source\PSoC5/Z_Axis_Bumper_Port.c ****     *  Returns the value of the interrupt status register
 135:.\Generated_Source\PSoC5/Z_Axis_Bumper_Port.c ****     *  
 136:.\Generated_Source\PSoC5/Z_Axis_Bumper_Port.c ****     *******************************************************************************/
 137:.\Generated_Source\PSoC5/Z_Axis_Bumper_Port.c ****     uint8 Z_Axis_Bumper_Port_ClearInterrupt(void) 
 138:.\Generated_Source\PSoC5/Z_Axis_Bumper_Port.c ****     {
 231              		.loc 1 138 0
 232              		.cfi_startproc
 233              		@ args = 0, pretend = 0, frame = 0
 234              		@ frame_needed = 1, uses_anonymous_args = 0
 235              		@ link register save eliminated.
 236 0000 80B4     		push	{r7}
 237              		.cfi_def_cfa_offset 4
 238              		.cfi_offset 7, -4
 239 0002 00AF     		add	r7, sp, #0
 240              		.cfi_def_cfa_register 7
 139:.\Generated_Source\PSoC5/Z_Axis_Bumper_Port.c ****         return (Z_Axis_Bumper_Port_INTSTAT & Z_Axis_Bumper_Port_MASK) >> Z_Axis_Bumper_Port_SHIFT;
 241              		.loc 1 139 0
 242 0004 054B     		ldr	r3, .L17
 243 0006 1B78     		ldrb	r3, [r3]
 244 0008 DBB2     		uxtb	r3, r3
 245 000a 03F00303 		and	r3, r3, #3
 246 000e DBB2     		uxtb	r3, r3
 140:.\Generated_Source\PSoC5/Z_Axis_Bumper_Port.c ****     }
 247              		.loc 1 140 0
 248 0010 1846     		mov	r0, r3
 249 0012 BD46     		mov	sp, r7
 250              		.cfi_def_cfa_register 13
 251              		@ sp needed
 252 0014 5DF8047B 		ldr	r7, [sp], #4
 253              		.cfi_restore 7
 254              		.cfi_def_cfa_offset 0
 255 0018 7047     		bx	lr
 256              	.L18:
 257 001a 00BF     		.align	2
 258              	.L17:
 259 001c 83450040 		.word	1073759619
ARM GAS  C:\Users\plod1602\AppData\Local\Temp\cc2bx5og.s 			page 8


 260              		.cfi_endproc
 261              	.LFE4:
 262              		.size	Z_Axis_Bumper_Port_ClearInterrupt, .-Z_Axis_Bumper_Port_ClearInterrupt
 263              		.text
 264              	.Letext0:
 265              		.file 2 ".\\Generated_Source\\PSoC5\\cytypes.h"
 266              		.section	.debug_info,"",%progbits
 267              	.Ldebug_info0:
 268 0000 2E010000 		.4byte	0x12e
 269 0004 0400     		.2byte	0x4
 270 0006 00000000 		.4byte	.Ldebug_abbrev0
 271 000a 04       		.byte	0x4
 272 000b 01       		.uleb128 0x1
 273 000c 33000000 		.4byte	.LASF21
 274 0010 01       		.byte	0x1
 275 0011 25010000 		.4byte	.LASF22
 276 0015 53010000 		.4byte	.LASF23
 277 0019 00000000 		.4byte	.Ldebug_ranges0+0
 278 001d 00000000 		.4byte	0
 279 0021 00000000 		.4byte	.Ldebug_line0
 280 0025 02       		.uleb128 0x2
 281 0026 01       		.byte	0x1
 282 0027 06       		.byte	0x6
 283 0028 2D020000 		.4byte	.LASF0
 284 002c 02       		.uleb128 0x2
 285 002d 01       		.byte	0x1
 286 002e 08       		.byte	0x8
 287 002f 00010000 		.4byte	.LASF1
 288 0033 02       		.uleb128 0x2
 289 0034 02       		.byte	0x2
 290 0035 05       		.byte	0x5
 291 0036 14020000 		.4byte	.LASF2
 292 003a 02       		.uleb128 0x2
 293 003b 02       		.byte	0x2
 294 003c 07       		.byte	0x7
 295 003d 39020000 		.4byte	.LASF3
 296 0041 02       		.uleb128 0x2
 297 0042 04       		.byte	0x4
 298 0043 05       		.byte	0x5
 299 0044 24020000 		.4byte	.LASF4
 300 0048 02       		.uleb128 0x2
 301 0049 04       		.byte	0x4
 302 004a 07       		.byte	0x7
 303 004b 13010000 		.4byte	.LASF5
 304 004f 02       		.uleb128 0x2
 305 0050 08       		.byte	0x8
 306 0051 05       		.byte	0x5
 307 0052 01020000 		.4byte	.LASF6
 308 0056 02       		.uleb128 0x2
 309 0057 08       		.byte	0x8
 310 0058 07       		.byte	0x7
 311 0059 C6010000 		.4byte	.LASF7
 312 005d 03       		.uleb128 0x3
 313 005e 04       		.byte	0x4
 314 005f 05       		.byte	0x5
 315 0060 696E7400 		.ascii	"int\000"
 316 0064 02       		.uleb128 0x2
ARM GAS  C:\Users\plod1602\AppData\Local\Temp\cc2bx5og.s 			page 9


 317 0065 04       		.byte	0x4
 318 0066 07       		.byte	0x7
 319 0067 B9010000 		.4byte	.LASF8
 320 006b 04       		.uleb128 0x4
 321 006c 1E020000 		.4byte	.LASF12
 322 0070 02       		.byte	0x2
 323 0071 A1       		.byte	0xa1
 324 0072 2C000000 		.4byte	0x2c
 325 0076 02       		.uleb128 0x2
 326 0077 04       		.byte	0x4
 327 0078 04       		.byte	0x4
 328 0079 FA000000 		.4byte	.LASF9
 329 007d 02       		.uleb128 0x2
 330 007e 08       		.byte	0x8
 331 007f 04       		.byte	0x4
 332 0080 B2010000 		.4byte	.LASF10
 333 0084 02       		.uleb128 0x2
 334 0085 01       		.byte	0x1
 335 0086 08       		.byte	0x8
 336 0087 0F020000 		.4byte	.LASF11
 337 008b 05       		.uleb128 0x5
 338 008c 0E010000 		.4byte	.LASF13
 339 0090 02       		.byte	0x2
 340 0091 4B01     		.2byte	0x14b
 341 0093 97000000 		.4byte	0x97
 342 0097 06       		.uleb128 0x6
 343 0098 6B000000 		.4byte	0x6b
 344 009c 07       		.uleb128 0x7
 345 009d C1000000 		.4byte	.LASF14
 346 00a1 01       		.byte	0x1
 347 00a2 27       		.byte	0x27
 348 00a3 00000000 		.4byte	.LFB0
 349 00a7 38000000 		.4byte	.LFE0-.LFB0
 350 00ab 01       		.uleb128 0x1
 351 00ac 9C       		.byte	0x9c
 352 00ad CE000000 		.4byte	0xce
 353 00b1 08       		.uleb128 0x8
 354 00b2 22000000 		.4byte	.LASF16
 355 00b6 01       		.byte	0x1
 356 00b7 27       		.byte	0x27
 357 00b8 6B000000 		.4byte	0x6b
 358 00bc 02       		.uleb128 0x2
 359 00bd 91       		.byte	0x91
 360 00be 6F       		.sleb128 -17
 361 00bf 09       		.uleb128 0x9
 362 00c0 28000000 		.4byte	.LASF24
 363 00c4 01       		.byte	0x1
 364 00c5 29       		.byte	0x29
 365 00c6 6B000000 		.4byte	0x6b
 366 00ca 02       		.uleb128 0x2
 367 00cb 91       		.byte	0x91
 368 00cc 77       		.sleb128 -9
 369 00cd 00       		.byte	0
 370 00ce 07       		.uleb128 0x7
 371 00cf DA000000 		.4byte	.LASF15
 372 00d3 01       		.byte	0x1
 373 00d4 45       		.byte	0x45
ARM GAS  C:\Users\plod1602\AppData\Local\Temp\cc2bx5og.s 			page 10


 374 00d5 00000000 		.4byte	.LFB1
 375 00d9 5C000000 		.4byte	.LFE1-.LFB1
 376 00dd 01       		.uleb128 0x1
 377 00de 9C       		.byte	0x9c
 378 00df F2000000 		.4byte	0xf2
 379 00e3 08       		.uleb128 0x8
 380 00e4 FC010000 		.4byte	.LASF17
 381 00e8 01       		.byte	0x1
 382 00e9 45       		.byte	0x45
 383 00ea 6B000000 		.4byte	0x6b
 384 00ee 02       		.uleb128 0x2
 385 00ef 91       		.byte	0x91
 386 00f0 77       		.sleb128 -9
 387 00f1 00       		.byte	0
 388 00f2 0A       		.uleb128 0xa
 389 00f3 9A010000 		.4byte	.LASF18
 390 00f7 01       		.byte	0x1
 391 00f8 5E       		.byte	0x5e
 392 00f9 6B000000 		.4byte	0x6b
 393 00fd 00000000 		.4byte	.LFB2
 394 0101 20000000 		.4byte	.LFE2-.LFB2
 395 0105 01       		.uleb128 0x1
 396 0106 9C       		.byte	0x9c
 397 0107 0A       		.uleb128 0xa
 398 0108 DD010000 		.4byte	.LASF19
 399 010c 01       		.byte	0x1
 400 010d 72       		.byte	0x72
 401 010e 6B000000 		.4byte	0x6b
 402 0112 00000000 		.4byte	.LFB3
 403 0116 20000000 		.4byte	.LFE3-.LFB3
 404 011a 01       		.uleb128 0x1
 405 011b 9C       		.byte	0x9c
 406 011c 0A       		.uleb128 0xa
 407 011d 00000000 		.4byte	.LASF20
 408 0121 01       		.byte	0x1
 409 0122 89       		.byte	0x89
 410 0123 6B000000 		.4byte	0x6b
 411 0127 00000000 		.4byte	.LFB4
 412 012b 20000000 		.4byte	.LFE4-.LFB4
 413 012f 01       		.uleb128 0x1
 414 0130 9C       		.byte	0x9c
 415 0131 00       		.byte	0
 416              		.section	.debug_abbrev,"",%progbits
 417              	.Ldebug_abbrev0:
 418 0000 01       		.uleb128 0x1
 419 0001 11       		.uleb128 0x11
 420 0002 01       		.byte	0x1
 421 0003 25       		.uleb128 0x25
 422 0004 0E       		.uleb128 0xe
 423 0005 13       		.uleb128 0x13
 424 0006 0B       		.uleb128 0xb
 425 0007 03       		.uleb128 0x3
 426 0008 0E       		.uleb128 0xe
 427 0009 1B       		.uleb128 0x1b
 428 000a 0E       		.uleb128 0xe
 429 000b 55       		.uleb128 0x55
 430 000c 17       		.uleb128 0x17
ARM GAS  C:\Users\plod1602\AppData\Local\Temp\cc2bx5og.s 			page 11


 431 000d 11       		.uleb128 0x11
 432 000e 01       		.uleb128 0x1
 433 000f 10       		.uleb128 0x10
 434 0010 17       		.uleb128 0x17
 435 0011 00       		.byte	0
 436 0012 00       		.byte	0
 437 0013 02       		.uleb128 0x2
 438 0014 24       		.uleb128 0x24
 439 0015 00       		.byte	0
 440 0016 0B       		.uleb128 0xb
 441 0017 0B       		.uleb128 0xb
 442 0018 3E       		.uleb128 0x3e
 443 0019 0B       		.uleb128 0xb
 444 001a 03       		.uleb128 0x3
 445 001b 0E       		.uleb128 0xe
 446 001c 00       		.byte	0
 447 001d 00       		.byte	0
 448 001e 03       		.uleb128 0x3
 449 001f 24       		.uleb128 0x24
 450 0020 00       		.byte	0
 451 0021 0B       		.uleb128 0xb
 452 0022 0B       		.uleb128 0xb
 453 0023 3E       		.uleb128 0x3e
 454 0024 0B       		.uleb128 0xb
 455 0025 03       		.uleb128 0x3
 456 0026 08       		.uleb128 0x8
 457 0027 00       		.byte	0
 458 0028 00       		.byte	0
 459 0029 04       		.uleb128 0x4
 460 002a 16       		.uleb128 0x16
 461 002b 00       		.byte	0
 462 002c 03       		.uleb128 0x3
 463 002d 0E       		.uleb128 0xe
 464 002e 3A       		.uleb128 0x3a
 465 002f 0B       		.uleb128 0xb
 466 0030 3B       		.uleb128 0x3b
 467 0031 0B       		.uleb128 0xb
 468 0032 49       		.uleb128 0x49
 469 0033 13       		.uleb128 0x13
 470 0034 00       		.byte	0
 471 0035 00       		.byte	0
 472 0036 05       		.uleb128 0x5
 473 0037 16       		.uleb128 0x16
 474 0038 00       		.byte	0
 475 0039 03       		.uleb128 0x3
 476 003a 0E       		.uleb128 0xe
 477 003b 3A       		.uleb128 0x3a
 478 003c 0B       		.uleb128 0xb
 479 003d 3B       		.uleb128 0x3b
 480 003e 05       		.uleb128 0x5
 481 003f 49       		.uleb128 0x49
 482 0040 13       		.uleb128 0x13
 483 0041 00       		.byte	0
 484 0042 00       		.byte	0
 485 0043 06       		.uleb128 0x6
 486 0044 35       		.uleb128 0x35
 487 0045 00       		.byte	0
ARM GAS  C:\Users\plod1602\AppData\Local\Temp\cc2bx5og.s 			page 12


 488 0046 49       		.uleb128 0x49
 489 0047 13       		.uleb128 0x13
 490 0048 00       		.byte	0
 491 0049 00       		.byte	0
 492 004a 07       		.uleb128 0x7
 493 004b 2E       		.uleb128 0x2e
 494 004c 01       		.byte	0x1
 495 004d 3F       		.uleb128 0x3f
 496 004e 19       		.uleb128 0x19
 497 004f 03       		.uleb128 0x3
 498 0050 0E       		.uleb128 0xe
 499 0051 3A       		.uleb128 0x3a
 500 0052 0B       		.uleb128 0xb
 501 0053 3B       		.uleb128 0x3b
 502 0054 0B       		.uleb128 0xb
 503 0055 27       		.uleb128 0x27
 504 0056 19       		.uleb128 0x19
 505 0057 11       		.uleb128 0x11
 506 0058 01       		.uleb128 0x1
 507 0059 12       		.uleb128 0x12
 508 005a 06       		.uleb128 0x6
 509 005b 40       		.uleb128 0x40
 510 005c 18       		.uleb128 0x18
 511 005d 9742     		.uleb128 0x2117
 512 005f 19       		.uleb128 0x19
 513 0060 01       		.uleb128 0x1
 514 0061 13       		.uleb128 0x13
 515 0062 00       		.byte	0
 516 0063 00       		.byte	0
 517 0064 08       		.uleb128 0x8
 518 0065 05       		.uleb128 0x5
 519 0066 00       		.byte	0
 520 0067 03       		.uleb128 0x3
 521 0068 0E       		.uleb128 0xe
 522 0069 3A       		.uleb128 0x3a
 523 006a 0B       		.uleb128 0xb
 524 006b 3B       		.uleb128 0x3b
 525 006c 0B       		.uleb128 0xb
 526 006d 49       		.uleb128 0x49
 527 006e 13       		.uleb128 0x13
 528 006f 02       		.uleb128 0x2
 529 0070 18       		.uleb128 0x18
 530 0071 00       		.byte	0
 531 0072 00       		.byte	0
 532 0073 09       		.uleb128 0x9
 533 0074 34       		.uleb128 0x34
 534 0075 00       		.byte	0
 535 0076 03       		.uleb128 0x3
 536 0077 0E       		.uleb128 0xe
 537 0078 3A       		.uleb128 0x3a
 538 0079 0B       		.uleb128 0xb
 539 007a 3B       		.uleb128 0x3b
 540 007b 0B       		.uleb128 0xb
 541 007c 49       		.uleb128 0x49
 542 007d 13       		.uleb128 0x13
 543 007e 02       		.uleb128 0x2
 544 007f 18       		.uleb128 0x18
ARM GAS  C:\Users\plod1602\AppData\Local\Temp\cc2bx5og.s 			page 13


 545 0080 00       		.byte	0
 546 0081 00       		.byte	0
 547 0082 0A       		.uleb128 0xa
 548 0083 2E       		.uleb128 0x2e
 549 0084 00       		.byte	0
 550 0085 3F       		.uleb128 0x3f
 551 0086 19       		.uleb128 0x19
 552 0087 03       		.uleb128 0x3
 553 0088 0E       		.uleb128 0xe
 554 0089 3A       		.uleb128 0x3a
 555 008a 0B       		.uleb128 0xb
 556 008b 3B       		.uleb128 0x3b
 557 008c 0B       		.uleb128 0xb
 558 008d 27       		.uleb128 0x27
 559 008e 19       		.uleb128 0x19
 560 008f 49       		.uleb128 0x49
 561 0090 13       		.uleb128 0x13
 562 0091 11       		.uleb128 0x11
 563 0092 01       		.uleb128 0x1
 564 0093 12       		.uleb128 0x12
 565 0094 06       		.uleb128 0x6
 566 0095 40       		.uleb128 0x40
 567 0096 18       		.uleb128 0x18
 568 0097 9742     		.uleb128 0x2117
 569 0099 19       		.uleb128 0x19
 570 009a 00       		.byte	0
 571 009b 00       		.byte	0
 572 009c 00       		.byte	0
 573              		.section	.debug_aranges,"",%progbits
 574 0000 3C000000 		.4byte	0x3c
 575 0004 0200     		.2byte	0x2
 576 0006 00000000 		.4byte	.Ldebug_info0
 577 000a 04       		.byte	0x4
 578 000b 00       		.byte	0
 579 000c 0000     		.2byte	0
 580 000e 0000     		.2byte	0
 581 0010 00000000 		.4byte	.LFB0
 582 0014 38000000 		.4byte	.LFE0-.LFB0
 583 0018 00000000 		.4byte	.LFB1
 584 001c 5C000000 		.4byte	.LFE1-.LFB1
 585 0020 00000000 		.4byte	.LFB2
 586 0024 20000000 		.4byte	.LFE2-.LFB2
 587 0028 00000000 		.4byte	.LFB3
 588 002c 20000000 		.4byte	.LFE3-.LFB3
 589 0030 00000000 		.4byte	.LFB4
 590 0034 20000000 		.4byte	.LFE4-.LFB4
 591 0038 00000000 		.4byte	0
 592 003c 00000000 		.4byte	0
 593              		.section	.debug_ranges,"",%progbits
 594              	.Ldebug_ranges0:
 595 0000 00000000 		.4byte	.LFB0
 596 0004 38000000 		.4byte	.LFE0
 597 0008 00000000 		.4byte	.LFB1
 598 000c 5C000000 		.4byte	.LFE1
 599 0010 00000000 		.4byte	.LFB2
 600 0014 20000000 		.4byte	.LFE2
 601 0018 00000000 		.4byte	.LFB3
ARM GAS  C:\Users\plod1602\AppData\Local\Temp\cc2bx5og.s 			page 14


 602 001c 20000000 		.4byte	.LFE3
 603 0020 00000000 		.4byte	.LFB4
 604 0024 20000000 		.4byte	.LFE4
 605 0028 00000000 		.4byte	0
 606 002c 00000000 		.4byte	0
 607              		.section	.debug_line,"",%progbits
 608              	.Ldebug_line0:
 609 0000 B2000000 		.section	.debug_str,"MS",%progbits,1
 609      02005100 
 609      00000201 
 609      FB0E0D00 
 609      01010101 
 610              	.LASF20:
 611 0000 5A5F4178 		.ascii	"Z_Axis_Bumper_Port_ClearInterrupt\000"
 611      69735F42 
 611      756D7065 
 611      725F506F 
 611      72745F43 
 612              	.LASF16:
 613 0022 76616C75 		.ascii	"value\000"
 613      6500
 614              	.LASF24:
 615 0028 73746174 		.ascii	"staticBits\000"
 615      69634269 
 615      747300
 616              	.LASF21:
 617 0033 474E5520 		.ascii	"GNU C 4.9.3 20150303 (release) [ARM/embedded-4_9-br"
 617      4320342E 
 617      392E3320 
 617      32303135 
 617      30333033 
 618 0066 616E6368 		.ascii	"anch revision 221220] -mcpu=cortex-m3 -mthumb -g -O"
 618      20726576 
 618      6973696F 
 618      6E203232 
 618      31323230 
 619 0099 30202D66 		.ascii	"0 -ffunction-sections -ffat-lto-objects\000"
 619      66756E63 
 619      74696F6E 
 619      2D736563 
 619      74696F6E 
 620              	.LASF14:
 621 00c1 5A5F4178 		.ascii	"Z_Axis_Bumper_Port_Write\000"
 621      69735F42 
 621      756D7065 
 621      725F506F 
 621      72745F57 
 622              	.LASF15:
 623 00da 5A5F4178 		.ascii	"Z_Axis_Bumper_Port_SetDriveMode\000"
 623      69735F42 
 623      756D7065 
 623      725F506F 
 623      72745F53 
 624              	.LASF9:
 625 00fa 666C6F61 		.ascii	"float\000"
 625      7400
 626              	.LASF1:
ARM GAS  C:\Users\plod1602\AppData\Local\Temp\cc2bx5og.s 			page 15


 627 0100 756E7369 		.ascii	"unsigned char\000"
 627      676E6564 
 627      20636861 
 627      7200
 628              	.LASF13:
 629 010e 72656738 		.ascii	"reg8\000"
 629      00
 630              	.LASF5:
 631 0113 6C6F6E67 		.ascii	"long unsigned int\000"
 631      20756E73 
 631      69676E65 
 631      6420696E 
 631      7400
 632              	.LASF22:
 633 0125 2E5C4765 		.ascii	".\\Generated_Source\\PSoC5\\Z_Axis_Bumper_Port.c\000"
 633      6E657261 
 633      7465645F 
 633      536F7572 
 633      63655C50 
 634              	.LASF23:
 635 0153 433A5C55 		.ascii	"C:\\Users\\plod1602\\Desktop\\GripperPSoC5_CAN\\Gri"
 635      73657273 
 635      5C706C6F 
 635      64313630 
 635      325C4465 
 636 0181 70706572 		.ascii	"pperDynamixelPSoC5.cydsn\000"
 636      44796E61 
 636      6D697865 
 636      6C50536F 
 636      43352E63 
 637              	.LASF18:
 638 019a 5A5F4178 		.ascii	"Z_Axis_Bumper_Port_Read\000"
 638      69735F42 
 638      756D7065 
 638      725F506F 
 638      72745F52 
 639              	.LASF10:
 640 01b2 646F7562 		.ascii	"double\000"
 640      6C6500
 641              	.LASF8:
 642 01b9 756E7369 		.ascii	"unsigned int\000"
 642      676E6564 
 642      20696E74 
 642      00
 643              	.LASF7:
 644 01c6 6C6F6E67 		.ascii	"long long unsigned int\000"
 644      206C6F6E 
 644      6720756E 
 644      7369676E 
 644      65642069 
 645              	.LASF19:
 646 01dd 5A5F4178 		.ascii	"Z_Axis_Bumper_Port_ReadDataReg\000"
 646      69735F42 
 646      756D7065 
 646      725F506F 
 646      72745F52 
 647              	.LASF17:
ARM GAS  C:\Users\plod1602\AppData\Local\Temp\cc2bx5og.s 			page 16


 648 01fc 6D6F6465 		.ascii	"mode\000"
 648      00
 649              	.LASF6:
 650 0201 6C6F6E67 		.ascii	"long long int\000"
 650      206C6F6E 
 650      6720696E 
 650      7400
 651              	.LASF11:
 652 020f 63686172 		.ascii	"char\000"
 652      00
 653              	.LASF2:
 654 0214 73686F72 		.ascii	"short int\000"
 654      7420696E 
 654      7400
 655              	.LASF12:
 656 021e 75696E74 		.ascii	"uint8\000"
 656      3800
 657              	.LASF4:
 658 0224 6C6F6E67 		.ascii	"long int\000"
 658      20696E74 
 658      00
 659              	.LASF0:
 660 022d 7369676E 		.ascii	"signed char\000"
 660      65642063 
 660      68617200 
 661              	.LASF3:
 662 0239 73686F72 		.ascii	"short unsigned int\000"
 662      7420756E 
 662      7369676E 
 662      65642069 
 662      6E7400
 663              		.ident	"GCC: (GNU Tools for ARM Embedded Processors) 4.9.3 20150303 (release) [ARM/embedded-4_9-br
