ARM GAS  C:\Users\plod1602\AppData\Local\Temp\ccBtRaZK.s 			page 1


   1              		.syntax unified
   2              		.cpu cortex-m3
   3              		.fpu softvfp
   4              		.eabi_attribute 20, 1
   5              		.eabi_attribute 21, 1
   6              		.eabi_attribute 23, 3
   7              		.eabi_attribute 24, 1
   8              		.eabi_attribute 25, 1
   9              		.eabi_attribute 26, 1
  10              		.eabi_attribute 30, 6
  11              		.eabi_attribute 34, 1
  12              		.eabi_attribute 18, 4
  13              		.thumb
  14              		.file	"Z_Axis.c"
  15              		.text
  16              	.Ltext0:
  17              		.cfi_sections	.debug_frame
  18              		.comm	Z_axis_state,1,1
  19              		.comm	Z_pos,2,2
  20              		.global	screw_lead
  21              		.data
  22              		.align	1
  23              		.type	screw_lead, %object
  24              		.size	screw_lead, 2
  25              	screw_lead:
  26 0000 5000     		.short	80
  27              		.global	motor_steps_turn
  28              		.align	1
  29              		.type	motor_steps_turn, %object
  30              		.size	motor_steps_turn, 2
  31              	motor_steps_turn:
  32 0002 C800     		.short	200
  33              		.global	f_ustepping
  34              		.align	1
  35              		.type	f_ustepping, %object
  36              		.size	f_ustepping, 2
  37              	f_ustepping:
  38 0004 0400     		.short	4
  39              		.global	motor_direction
  40              		.type	motor_direction, %object
  41              		.size	motor_direction, 1
  42              	motor_direction:
  43 0006 01       		.byte	1
  44              		.global	Z_axis_bumper_count
  45 0007 00       		.bss
  46              		.type	Z_axis_bumper_count, %object
  47              		.size	Z_axis_bumper_count, 1
  48              	Z_axis_bumper_count:
  49 0000 00       		.space	1
  50              		.global	motor_up
  51              		.section	.rodata
  52              		.type	motor_up, %object
  53              		.size	motor_up, 1
  54              	motor_up:
  55 0000 01       		.byte	1
  56              		.global	motor_down
  57              		.type	motor_down, %object
ARM GAS  C:\Users\plod1602\AppData\Local\Temp\ccBtRaZK.s 			page 2


  58              		.size	motor_down, 1
  59              	motor_down:
  60 0001 00       		.space	1
  61              		.global	max_distance
  62              		.align	1
  63              		.type	max_distance, %object
  64              		.size	max_distance, 2
  65              	max_distance:
  66 0002 A20D     		.short	3490
  67              		.section	.text.Z_Axis_Init,"ax",%progbits
  68              		.align	2
  69              		.global	Z_Axis_Init
  70              		.thumb
  71              		.thumb_func
  72              		.type	Z_Axis_Init, %function
  73              	Z_Axis_Init:
  74              	.LFB56:
  75              		.file 1 ".\\Z_Axis.c"
   1:.\Z_Axis.c    **** /* ========================================
   2:.\Z_Axis.c    ****  *
   3:.\Z_Axis.c    ****  * Copyright YOUR COMPANY, THE YEAR
   4:.\Z_Axis.c    ****  * All Rights Reserved
   5:.\Z_Axis.c    ****  * UNPUBLISHED, LICENSED SOFTWARE.
   6:.\Z_Axis.c    ****  *
   7:.\Z_Axis.c    ****  * CONFIDENTIAL AND PROPRIETARY INFORMATION
   8:.\Z_Axis.c    ****  * WHICH IS THE PROPERTY OF your company.
   9:.\Z_Axis.c    ****  *
  10:.\Z_Axis.c    ****  * ========================================
  11:.\Z_Axis.c    **** */
  12:.\Z_Axis.c    **** 
  13:.\Z_Axis.c    **** #include <Z_Axis.h>
  14:.\Z_Axis.c    **** 
  15:.\Z_Axis.c    **** /*----Private functions declarations----*/
  16:.\Z_Axis.c    **** CY_ISR(Z_Axis_Bumper_ISR);
  17:.\Z_Axis.c    **** CY_ISR(Z_Axis_Move_ISR);
  18:.\Z_Axis.c    **** void Z_Axis_Bumper_Stops();
  19:.\Z_Axis.c    **** 
  20:.\Z_Axis.c    **** /*---- State Machine definition ----*/
  21:.\Z_Axis.c    **** #define WAITING_FOR_BUMPER1 0
  22:.\Z_Axis.c    **** #define GOING_AWAY 1
  23:.\Z_Axis.c    **** #define WAITING_FOR_BUMPER2 2
  24:.\Z_Axis.c    **** #define HOME 3
  25:.\Z_Axis.c    **** 
  26:.\Z_Axis.c    **** 
  27:.\Z_Axis.c    **** /*----Private variables---*/
  28:.\Z_Axis.c    **** uint8 Z_axis_state;
  29:.\Z_Axis.c    **** uint16 Z_pos;
  30:.\Z_Axis.c    **** uint16 screw_lead = 80;           // in hundreds of micrometers/turn
  31:.\Z_Axis.c    **** uint16 motor_steps_turn = 200;      // steps/turn for motor
  32:.\Z_Axis.c    **** uint16 f_ustepping = 4;             // microstepping factor (1,2,4,8,16)
  33:.\Z_Axis.c    **** uint8 motor_direction = 1;          // 1 = up, 0 = down
  34:.\Z_Axis.c    **** uint8 Z_axis_bumper_count = 0;
  35:.\Z_Axis.c    **** const uint8 motor_up = 1;
  36:.\Z_Axis.c    **** const uint8 motor_down = 0;
  37:.\Z_Axis.c    **** const uint16 max_distance = 3490;   // hundreds of micrometers
  38:.\Z_Axis.c    **** 
  39:.\Z_Axis.c    **** void Z_Axis_Init()
ARM GAS  C:\Users\plod1602\AppData\Local\Temp\ccBtRaZK.s 			page 3


  40:.\Z_Axis.c    **** {
  76              		.loc 1 40 0
  77              		.cfi_startproc
  78              		@ args = 0, pretend = 0, frame = 0
  79              		@ frame_needed = 1, uses_anonymous_args = 0
  80 0000 80B5     		push	{r7, lr}
  81              		.cfi_def_cfa_offset 8
  82              		.cfi_offset 7, -8
  83              		.cfi_offset 14, -4
  84 0002 00AF     		add	r7, sp, #0
  85              		.cfi_def_cfa_register 7
  41:.\Z_Axis.c    ****      //*****Init variables******///
  42:.\Z_Axis.c    ****     Z_Axis_Clock_Start();
  86              		.loc 1 42 0
  87 0004 FFF7FEFF 		bl	Z_Axis_Clock_Start
  43:.\Z_Axis.c    ****     
  44:.\Z_Axis.c    ****     //Motor speed init
  45:.\Z_Axis.c    ****     Z_Motor_Speed_Start();
  88              		.loc 1 45 0
  89 0008 FFF7FEFF 		bl	Z_Motor_Speed_Start
  46:.\Z_Axis.c    ****     //Distance init
  47:.\Z_Axis.c    ****     Z_Step_Dist_Start();
  90              		.loc 1 47 0
  91 000c FFF7FEFF 		bl	Z_Step_Dist_Start
  48:.\Z_Axis.c    ****     //Motor power init
  49:.\Z_Axis.c    ****     Z_Axis_Power_Start();
  92              		.loc 1 49 0
  93 0010 FFF7FEFF 		bl	Z_Axis_Power_Start
  50:.\Z_Axis.c    ****     
  51:.\Z_Axis.c    ****     //Bumper interrupt initialization
  52:.\Z_Axis.c    ****     //Z_Axis_Bumper_ISR_StartEx(Z_Axis_Bumper_ISR);
  53:.\Z_Axis.c    ****     //Z_Axis_Bumper_Port_ClearInterrupt();
  54:.\Z_Axis.c    ****     //Z_Axis_Bumper_ISR_ClearPending();
  55:.\Z_Axis.c    ****     
  56:.\Z_Axis.c    ****     //Movement interrupt initialization
  57:.\Z_Axis.c    ****     Z_Axis_Move_ISR_StartEx(Z_Axis_Move_ISR);
  94              		.loc 1 57 0
  95 0014 2C48     		ldr	r0, .L11
  96 0016 FFF7FEFF 		bl	Z_Axis_Move_ISR_StartEx
  58:.\Z_Axis.c    ****     Z_Axis_Move_ISR_ClearPending();
  97              		.loc 1 58 0
  98 001a FFF7FEFF 		bl	Z_Axis_Move_ISR_ClearPending
  59:.\Z_Axis.c    ****     
  60:.\Z_Axis.c    ****     switch (f_ustepping) {
  99              		.loc 1 60 0
 100 001e 2B4B     		ldr	r3, .L11+4
 101 0020 1B88     		ldrh	r3, [r3]
 102 0022 013B     		subs	r3, r3, #1
 103 0024 0F2B     		cmp	r3, #15
 104 0026 3FD8     		bhi	.L10
 105 0028 01A2     		adr	r2, .L4
 106 002a 52F823F0 		ldr	pc, [r2, r3, lsl #2]
 107 002e 00BF     		.p2align 2
 108              	.L4:
 109 0030 71000000 		.word	.L3+1
 110 0034 7F000000 		.word	.L5+1
 111 0038 A9000000 		.word	.L10+1
ARM GAS  C:\Users\plod1602\AppData\Local\Temp\ccBtRaZK.s 			page 4


 112 003c 8D000000 		.word	.L6+1
 113 0040 A9000000 		.word	.L10+1
 114 0044 A9000000 		.word	.L10+1
 115 0048 A9000000 		.word	.L10+1
 116 004c A9000000 		.word	.L10+1
 117 0050 A9000000 		.word	.L10+1
 118 0054 A9000000 		.word	.L10+1
 119 0058 A9000000 		.word	.L10+1
 120 005c A9000000 		.word	.L10+1
 121 0060 A9000000 		.word	.L10+1
 122 0064 A9000000 		.word	.L10+1
 123 0068 A9000000 		.word	.L10+1
 124 006c 9B000000 		.word	.L8+1
 125              		.p2align 1
 126              	.L3:
  61:.\Z_Axis.c    ****         case 1: // 1 ustepping
  62:.\Z_Axis.c    ****         {
  63:.\Z_Axis.c    ****             Z_Axis_StepSizeA_Write(0);
 127              		.loc 1 63 0
 128 0070 0020     		movs	r0, #0
 129 0072 FFF7FEFF 		bl	Z_Axis_StepSizeA_Write
  64:.\Z_Axis.c    ****             Z_Axis_StepSizeB_Write(0);
 130              		.loc 1 64 0
 131 0076 0020     		movs	r0, #0
 132 0078 FFF7FEFF 		bl	Z_Axis_StepSizeB_Write
  65:.\Z_Axis.c    ****             break;
 133              		.loc 1 65 0
 134 007c 15E0     		b	.L9
 135              	.L5:
  66:.\Z_Axis.c    ****         }
  67:.\Z_Axis.c    ****         
  68:.\Z_Axis.c    ****         case 2: // 1/2 ustepping
  69:.\Z_Axis.c    ****         {
  70:.\Z_Axis.c    ****             Z_Axis_StepSizeA_Write(1);
 136              		.loc 1 70 0
 137 007e 0120     		movs	r0, #1
 138 0080 FFF7FEFF 		bl	Z_Axis_StepSizeA_Write
  71:.\Z_Axis.c    ****             Z_Axis_StepSizeB_Write(0);
 139              		.loc 1 71 0
 140 0084 0020     		movs	r0, #0
 141 0086 FFF7FEFF 		bl	Z_Axis_StepSizeB_Write
  72:.\Z_Axis.c    ****             break;
 142              		.loc 1 72 0
 143 008a 0EE0     		b	.L9
 144              	.L6:
  73:.\Z_Axis.c    ****         }
  74:.\Z_Axis.c    ****         
  75:.\Z_Axis.c    ****         case 4: // 1/4 ustepping
  76:.\Z_Axis.c    ****         {
  77:.\Z_Axis.c    ****             Z_Axis_StepSizeA_Write(0);
 145              		.loc 1 77 0
 146 008c 0020     		movs	r0, #0
 147 008e FFF7FEFF 		bl	Z_Axis_StepSizeA_Write
  78:.\Z_Axis.c    ****             Z_Axis_StepSizeB_Write(1);
 148              		.loc 1 78 0
 149 0092 0120     		movs	r0, #1
 150 0094 FFF7FEFF 		bl	Z_Axis_StepSizeB_Write
ARM GAS  C:\Users\plod1602\AppData\Local\Temp\ccBtRaZK.s 			page 5


  79:.\Z_Axis.c    ****             break;
 151              		.loc 1 79 0
 152 0098 07E0     		b	.L9
 153              	.L8:
  80:.\Z_Axis.c    ****         }
  81:.\Z_Axis.c    ****         
  82:.\Z_Axis.c    ****         case 8: // 1/8 ustepping
  83:.\Z_Axis.c    ****         {
  84:.\Z_Axis.c    ****             //Allegro chip can't make 1/8 ustepping
  85:.\Z_Axis.c    ****             break;
  86:.\Z_Axis.c    ****         }
  87:.\Z_Axis.c    ****         
  88:.\Z_Axis.c    ****         case 16: // 1/16 ustepping
  89:.\Z_Axis.c    ****         {
  90:.\Z_Axis.c    ****             Z_Axis_StepSizeA_Write(1);
 154              		.loc 1 90 0
 155 009a 0120     		movs	r0, #1
 156 009c FFF7FEFF 		bl	Z_Axis_StepSizeA_Write
  91:.\Z_Axis.c    ****             Z_Axis_StepSizeB_Write(1);
 157              		.loc 1 91 0
 158 00a0 0120     		movs	r0, #1
 159 00a2 FFF7FEFF 		bl	Z_Axis_StepSizeB_Write
  92:.\Z_Axis.c    ****             break;
 160              		.loc 1 92 0
 161 00a6 00E0     		b	.L9
 162              	.L10:
  93:.\Z_Axis.c    ****         }
  94:.\Z_Axis.c    ****         default:
  95:.\Z_Axis.c    ****         {
  96:.\Z_Axis.c    ****             break;
 163              		.loc 1 96 0
 164 00a8 00BF     		nop
 165              	.L9:
  97:.\Z_Axis.c    ****         }
  98:.\Z_Axis.c    ****     }
  99:.\Z_Axis.c    ****     
 100:.\Z_Axis.c    ****     Z_Axis_Direction_Write(motor_direction);
 166              		.loc 1 100 0
 167 00aa 094B     		ldr	r3, .L11+8
 168 00ac 1B78     		ldrb	r3, [r3]	@ zero_extendqisi2
 169 00ae 1846     		mov	r0, r3
 170 00b0 FFF7FEFF 		bl	Z_Axis_Direction_Write
 101:.\Z_Axis.c    ****     Z_Axis_Enable_Write(0);
 171              		.loc 1 101 0
 172 00b4 0020     		movs	r0, #0
 173 00b6 FFF7FEFF 		bl	Z_Axis_Enable_Write
 102:.\Z_Axis.c    ****     Z_axis_state = WAITING_FOR_BUMPER1;
 174              		.loc 1 102 0
 175 00ba 064B     		ldr	r3, .L11+12
 176 00bc 0022     		movs	r2, #0
 177 00be 1A70     		strb	r2, [r3]
 103:.\Z_Axis.c    ****     
 104:.\Z_Axis.c    ****     Z_Axis_Home();
 178              		.loc 1 104 0
 179 00c0 FFF7FEFF 		bl	Z_Axis_Home
 105:.\Z_Axis.c    **** }
 180              		.loc 1 105 0
ARM GAS  C:\Users\plod1602\AppData\Local\Temp\ccBtRaZK.s 			page 6


 181 00c4 80BD     		pop	{r7, pc}
 182              	.L12:
 183 00c6 00BF     		.align	2
 184              	.L11:
 185 00c8 00000000 		.word	Z_Axis_Move_ISR
 186 00cc 00000000 		.word	f_ustepping
 187 00d0 00000000 		.word	motor_direction
 188 00d4 00000000 		.word	Z_axis_state
 189              		.cfi_endproc
 190              	.LFE56:
 191              		.size	Z_Axis_Init, .-Z_Axis_Init
 192              		.section	.text.Z_Axis_Home,"ax",%progbits
 193              		.align	2
 194              		.global	Z_Axis_Home
 195              		.thumb
 196              		.thumb_func
 197              		.type	Z_Axis_Home, %function
 198              	Z_Axis_Home:
 199              	.LFB57:
 106:.\Z_Axis.c    **** 
 107:.\Z_Axis.c    **** void Z_Axis_Home() {
 200              		.loc 1 107 0
 201              		.cfi_startproc
 202              		@ args = 0, pretend = 0, frame = 0
 203              		@ frame_needed = 1, uses_anonymous_args = 0
 204 0000 80B5     		push	{r7, lr}
 205              		.cfi_def_cfa_offset 8
 206              		.cfi_offset 7, -8
 207              		.cfi_offset 14, -4
 208 0002 84B0     		sub	sp, sp, #16
 209              		.cfi_def_cfa_offset 24
 210 0004 04AF     		add	r7, sp, #16
 211              		.cfi_def_cfa 7, 8
 108:.\Z_Axis.c    ****     //Verifies if already on bumper, otherwise gets to bumper
 109:.\Z_Axis.c    ****     if (!(Z_Axis_Bumper_Port_Read())){
 212              		.loc 1 109 0
 213 0006 FFF7FEFF 		bl	Z_Axis_Bumper_Port_Read
 214 000a 0346     		mov	r3, r0
 215 000c 002B     		cmp	r3, #0
 216 000e 21D1     		bne	.L14
 110:.\Z_Axis.c    ****         Z_Axis_Bumper_ISR_StartEx(Z_Axis_Bumper_ISR);
 217              		.loc 1 110 0
 218 0010 1848     		ldr	r0, .L16
 219 0012 FFF7FEFF 		bl	Z_Axis_Bumper_ISR_StartEx
 111:.\Z_Axis.c    ****         Z_Axis_Bumper_Port_ClearInterrupt();
 220              		.loc 1 111 0
 221 0016 FFF7FEFF 		bl	Z_Axis_Bumper_Port_ClearInterrupt
 112:.\Z_Axis.c    ****         Z_Axis_Bumper_ISR_ClearPending();
 222              		.loc 1 112 0
 223 001a FFF7FEFF 		bl	Z_Axis_Bumper_ISR_ClearPending
 113:.\Z_Axis.c    ****         // Activate motor to get to bumper
 114:.\Z_Axis.c    ****         Z_Axis_Direction_Write(motor_up);
 224              		.loc 1 114 0
 225 001e 0123     		movs	r3, #1
 226 0020 1846     		mov	r0, r3
 227 0022 FFF7FEFF 		bl	Z_Axis_Direction_Write
 115:.\Z_Axis.c    ****         Z_Step_Dist_WriteCompare(max_distance*((motor_steps_turn*f_ustepping)/screw_lead));
ARM GAS  C:\Users\plod1602\AppData\Local\Temp\ccBtRaZK.s 			page 7


 228              		.loc 1 115 0
 229 0026 40F6A253 		movw	r3, #3490
 230 002a 1946     		mov	r1, r3
 231 002c 124B     		ldr	r3, .L16+4
 232 002e 1B88     		ldrh	r3, [r3]
 233 0030 1A46     		mov	r2, r3
 234 0032 124B     		ldr	r3, .L16+8
 235 0034 1B88     		ldrh	r3, [r3]
 236 0036 03FB02F3 		mul	r3, r3, r2
 237 003a 114A     		ldr	r2, .L16+12
 238 003c 1288     		ldrh	r2, [r2]
 239 003e 93FBF2F3 		sdiv	r3, r3, r2
 240 0042 03FB01F3 		mul	r3, r3, r1
 241 0046 1846     		mov	r0, r3
 242 0048 FFF7FEFF 		bl	Z_Step_Dist_WriteCompare
 116:.\Z_Axis.c    ****         Z_GO_Write(1); //Motor starts
 243              		.loc 1 116 0
 244 004c 0120     		movs	r0, #1
 245 004e FFF7FEFF 		bl	Z_GO_Write
 246 0052 0DE0     		b	.L13
 247              	.L14:
 117:.\Z_Axis.c    ****     }
 118:.\Z_Axis.c    ****     else {
 119:.\Z_Axis.c    ****         sendDataToCAN(CAN_INSTRUCTION_SET_Z_AXIS_HOME, CAN_HARDWARE_FILTER_ID, 0x00, 0x00, 0x00, 0x
 248              		.loc 1 119 0
 249 0054 0023     		movs	r3, #0
 250 0056 0093     		str	r3, [sp]
 251 0058 0023     		movs	r3, #0
 252 005a 0193     		str	r3, [sp, #4]
 253 005c 0023     		movs	r3, #0
 254 005e 0293     		str	r3, [sp, #8]
 255 0060 0023     		movs	r3, #0
 256 0062 0393     		str	r3, [sp, #12]
 257 0064 0020     		movs	r0, #0
 258 0066 3021     		movs	r1, #48
 259 0068 0022     		movs	r2, #0
 260 006a 0023     		movs	r3, #0
 261 006c FFF7FEFF 		bl	sendDataToCAN
 262              	.L13:
 120:.\Z_Axis.c    ****     }
 121:.\Z_Axis.c    **** }
 263              		.loc 1 121 0
 264 0070 BD46     		mov	sp, r7
 265              		.cfi_def_cfa_register 13
 266              		@ sp needed
 267 0072 80BD     		pop	{r7, pc}
 268              	.L17:
 269              		.align	2
 270              	.L16:
 271 0074 00000000 		.word	Z_Axis_Bumper_ISR
 272 0078 00000000 		.word	motor_steps_turn
 273 007c 00000000 		.word	f_ustepping
 274 0080 00000000 		.word	screw_lead
 275              		.cfi_endproc
 276              	.LFE57:
 277              		.size	Z_Axis_Home, .-Z_Axis_Home
 278              		.section	.text.Z_Axis_Bumper_Stops,"ax",%progbits
ARM GAS  C:\Users\plod1602\AppData\Local\Temp\ccBtRaZK.s 			page 8


 279              		.align	2
 280              		.global	Z_Axis_Bumper_Stops
 281              		.thumb
 282              		.thumb_func
 283              		.type	Z_Axis_Bumper_Stops, %function
 284              	Z_Axis_Bumper_Stops:
 285              	.LFB58:
 122:.\Z_Axis.c    **** 
 123:.\Z_Axis.c    **** // Initialization for
 124:.\Z_Axis.c    **** void Z_Axis_Bumper_Stops()
 125:.\Z_Axis.c    **** {   
 286              		.loc 1 125 0
 287              		.cfi_startproc
 288              		@ args = 0, pretend = 0, frame = 0
 289              		@ frame_needed = 1, uses_anonymous_args = 0
 290 0000 80B5     		push	{r7, lr}
 291              		.cfi_def_cfa_offset 8
 292              		.cfi_offset 7, -8
 293              		.cfi_offset 14, -4
 294 0002 84B0     		sub	sp, sp, #16
 295              		.cfi_def_cfa_offset 24
 296 0004 04AF     		add	r7, sp, #16
 297              		.cfi_def_cfa 7, 8
 126:.\Z_Axis.c    ****     switch (Z_axis_state){
 298              		.loc 1 126 0
 299 0006 264B     		ldr	r3, .L24
 300 0008 1B78     		ldrb	r3, [r3]	@ zero_extendqisi2
 301 000a 012B     		cmp	r3, #1
 302 000c 13D0     		beq	.L20
 303 000e 022B     		cmp	r3, #2
 304 0010 20D0     		beq	.L21
 305 0012 002B     		cmp	r3, #0
 306 0014 00D0     		beq	.L22
 127:.\Z_Axis.c    ****         case WAITING_FOR_BUMPER1:
 128:.\Z_Axis.c    ****         {
 129:.\Z_Axis.c    ****             Z_Step_Dist_WriteCompare(0);
 130:.\Z_Axis.c    ****             Z_pos = 0;
 131:.\Z_Axis.c    ****             Z_Axis_Move_ISR_ClearPending();
 132:.\Z_Axis.c    ****             Z_Axis_GoTo(200);
 133:.\Z_Axis.c    ****             Z_axis_state = GOING_AWAY;
 134:.\Z_Axis.c    ****             break;
 135:.\Z_Axis.c    ****         }
 136:.\Z_Axis.c    ****         
 137:.\Z_Axis.c    ****         case GOING_AWAY:
 138:.\Z_Axis.c    ****         {
 139:.\Z_Axis.c    ****             Z_Step_Dist_WriteCompare(0);
 140:.\Z_Axis.c    ****             Z_pos = 0;
 141:.\Z_Axis.c    ****             Z_Axis_Move_ISR_ClearPending();
 142:.\Z_Axis.c    ****             Z_Axis_GoTo(200);
 143:.\Z_Axis.c    ****             Z_axis_state = GOING_AWAY;
 144:.\Z_Axis.c    ****             break;
 145:.\Z_Axis.c    ****         }
 146:.\Z_Axis.c    ****         
 147:.\Z_Axis.c    ****         case WAITING_FOR_BUMPER2:
 148:.\Z_Axis.c    ****         {
 149:.\Z_Axis.c    ****             Z_axis_state = WAITING_FOR_BUMPER1;
 150:.\Z_Axis.c    ****             Z_Step_Dist_WriteCompare(0);
ARM GAS  C:\Users\plod1602\AppData\Local\Temp\ccBtRaZK.s 			page 9


 151:.\Z_Axis.c    ****             Z_pos = 0;
 152:.\Z_Axis.c    ****             Z_Axis_Move_ISR_ClearPending();
 153:.\Z_Axis.c    ****             sendDataToCAN(CAN_INSTRUCTION_SET_Z_AXIS_HOME, CAN_HARDWARE_FILTER_ID, 0x00, 0x00, 0x00
 154:.\Z_Axis.c    ****             CyDelay(200);
 155:.\Z_Axis.c    ****             Z_Axis_Bumper_ISR_ClearPending();
 156:.\Z_Axis.c    ****             Z_Axis_Bumper_Port_ClearInterrupt();
 157:.\Z_Axis.c    ****             Z_Axis_Bumper_ISR_Stop();
 158:.\Z_Axis.c    ****             break;
 159:.\Z_Axis.c    ****         }
 160:.\Z_Axis.c    ****         default:
 161:.\Z_Axis.c    ****         {
 162:.\Z_Axis.c    ****             break;
 307              		.loc 1 162 0
 308 0016 40E0     		b	.L18
 309              	.L22:
 129:.\Z_Axis.c    ****             Z_pos = 0;
 310              		.loc 1 129 0
 311 0018 0020     		movs	r0, #0
 312 001a FFF7FEFF 		bl	Z_Step_Dist_WriteCompare
 130:.\Z_Axis.c    ****             Z_Axis_Move_ISR_ClearPending();
 313              		.loc 1 130 0
 314 001e 214B     		ldr	r3, .L24+4
 315 0020 0022     		movs	r2, #0
 316 0022 1A80     		strh	r2, [r3]	@ movhi
 131:.\Z_Axis.c    ****             Z_Axis_GoTo(200);
 317              		.loc 1 131 0
 318 0024 FFF7FEFF 		bl	Z_Axis_Move_ISR_ClearPending
 132:.\Z_Axis.c    ****             Z_axis_state = GOING_AWAY;
 319              		.loc 1 132 0
 320 0028 C820     		movs	r0, #200
 321 002a FFF7FEFF 		bl	Z_Axis_GoTo
 133:.\Z_Axis.c    ****             break;
 322              		.loc 1 133 0
 323 002e 1C4B     		ldr	r3, .L24
 324 0030 0122     		movs	r2, #1
 325 0032 1A70     		strb	r2, [r3]
 134:.\Z_Axis.c    ****         }
 326              		.loc 1 134 0
 327 0034 31E0     		b	.L18
 328              	.L20:
 139:.\Z_Axis.c    ****             Z_pos = 0;
 329              		.loc 1 139 0
 330 0036 0020     		movs	r0, #0
 331 0038 FFF7FEFF 		bl	Z_Step_Dist_WriteCompare
 140:.\Z_Axis.c    ****             Z_Axis_Move_ISR_ClearPending();
 332              		.loc 1 140 0
 333 003c 194B     		ldr	r3, .L24+4
 334 003e 0022     		movs	r2, #0
 335 0040 1A80     		strh	r2, [r3]	@ movhi
 141:.\Z_Axis.c    ****             Z_Axis_GoTo(200);
 336              		.loc 1 141 0
 337 0042 FFF7FEFF 		bl	Z_Axis_Move_ISR_ClearPending
 142:.\Z_Axis.c    ****             Z_axis_state = GOING_AWAY;
 338              		.loc 1 142 0
 339 0046 C820     		movs	r0, #200
 340 0048 FFF7FEFF 		bl	Z_Axis_GoTo
 143:.\Z_Axis.c    ****             break;
ARM GAS  C:\Users\plod1602\AppData\Local\Temp\ccBtRaZK.s 			page 10


 341              		.loc 1 143 0
 342 004c 144B     		ldr	r3, .L24
 343 004e 0122     		movs	r2, #1
 344 0050 1A70     		strb	r2, [r3]
 144:.\Z_Axis.c    ****         }
 345              		.loc 1 144 0
 346 0052 22E0     		b	.L18
 347              	.L21:
 149:.\Z_Axis.c    ****             Z_Step_Dist_WriteCompare(0);
 348              		.loc 1 149 0
 349 0054 124B     		ldr	r3, .L24
 350 0056 0022     		movs	r2, #0
 351 0058 1A70     		strb	r2, [r3]
 150:.\Z_Axis.c    ****             Z_pos = 0;
 352              		.loc 1 150 0
 353 005a 0020     		movs	r0, #0
 354 005c FFF7FEFF 		bl	Z_Step_Dist_WriteCompare
 151:.\Z_Axis.c    ****             Z_Axis_Move_ISR_ClearPending();
 355              		.loc 1 151 0
 356 0060 104B     		ldr	r3, .L24+4
 357 0062 0022     		movs	r2, #0
 358 0064 1A80     		strh	r2, [r3]	@ movhi
 152:.\Z_Axis.c    ****             sendDataToCAN(CAN_INSTRUCTION_SET_Z_AXIS_HOME, CAN_HARDWARE_FILTER_ID, 0x00, 0x00, 0x00
 359              		.loc 1 152 0
 360 0066 FFF7FEFF 		bl	Z_Axis_Move_ISR_ClearPending
 153:.\Z_Axis.c    ****             CyDelay(200);
 361              		.loc 1 153 0
 362 006a 0023     		movs	r3, #0
 363 006c 0093     		str	r3, [sp]
 364 006e 0023     		movs	r3, #0
 365 0070 0193     		str	r3, [sp, #4]
 366 0072 0023     		movs	r3, #0
 367 0074 0293     		str	r3, [sp, #8]
 368 0076 0023     		movs	r3, #0
 369 0078 0393     		str	r3, [sp, #12]
 370 007a 0020     		movs	r0, #0
 371 007c 3021     		movs	r1, #48
 372 007e 0022     		movs	r2, #0
 373 0080 0023     		movs	r3, #0
 374 0082 FFF7FEFF 		bl	sendDataToCAN
 154:.\Z_Axis.c    ****             Z_Axis_Bumper_ISR_ClearPending();
 375              		.loc 1 154 0
 376 0086 C820     		movs	r0, #200
 377 0088 FFF7FEFF 		bl	CyDelay
 155:.\Z_Axis.c    ****             Z_Axis_Bumper_Port_ClearInterrupt();
 378              		.loc 1 155 0
 379 008c FFF7FEFF 		bl	Z_Axis_Bumper_ISR_ClearPending
 156:.\Z_Axis.c    ****             Z_Axis_Bumper_ISR_Stop();
 380              		.loc 1 156 0
 381 0090 FFF7FEFF 		bl	Z_Axis_Bumper_Port_ClearInterrupt
 157:.\Z_Axis.c    ****             break;
 382              		.loc 1 157 0
 383 0094 FFF7FEFF 		bl	Z_Axis_Bumper_ISR_Stop
 158:.\Z_Axis.c    ****         }
 384              		.loc 1 158 0
 385 0098 00BF     		nop
 386              	.L18:
ARM GAS  C:\Users\plod1602\AppData\Local\Temp\ccBtRaZK.s 			page 11


 163:.\Z_Axis.c    ****         }
 164:.\Z_Axis.c    ****     }
 165:.\Z_Axis.c    **** }
 387              		.loc 1 165 0
 388 009a BD46     		mov	sp, r7
 389              		.cfi_def_cfa_register 13
 390              		@ sp needed
 391 009c 80BD     		pop	{r7, pc}
 392              	.L25:
 393 009e 00BF     		.align	2
 394              	.L24:
 395 00a0 00000000 		.word	Z_axis_state
 396 00a4 00000000 		.word	Z_pos
 397              		.cfi_endproc
 398              	.LFE58:
 399              		.size	Z_Axis_Bumper_Stops, .-Z_Axis_Bumper_Stops
 400              		.section	.text.Z_Axis_GoTo,"ax",%progbits
 401              		.align	2
 402              		.global	Z_Axis_GoTo
 403              		.thumb
 404              		.thumb_func
 405              		.type	Z_Axis_GoTo, %function
 406              	Z_Axis_GoTo:
 407              	.LFB59:
 166:.\Z_Axis.c    **** 
 167:.\Z_Axis.c    **** void Z_Axis_GoTo(uint16 position){
 408              		.loc 1 167 0
 409              		.cfi_startproc
 410              		@ args = 0, pretend = 0, frame = 16
 411              		@ frame_needed = 1, uses_anonymous_args = 0
 412 0000 80B5     		push	{r7, lr}
 413              		.cfi_def_cfa_offset 8
 414              		.cfi_offset 7, -8
 415              		.cfi_offset 14, -4
 416 0002 88B0     		sub	sp, sp, #32
 417              		.cfi_def_cfa_offset 40
 418 0004 04AF     		add	r7, sp, #16
 419              		.cfi_def_cfa 7, 24
 420 0006 0346     		mov	r3, r0
 421 0008 FB80     		strh	r3, [r7, #6]	@ movhi
 168:.\Z_Axis.c    ****     uint16 travel;
 169:.\Z_Axis.c    ****     uint32 steps_to_do;
 170:.\Z_Axis.c    ****     if (position > max_distance){position = max_distance;}
 422              		.loc 1 170 0
 423 000a 40F6A252 		movw	r2, #3490
 424 000e FB88     		ldrh	r3, [r7, #6]
 425 0010 9342     		cmp	r3, r2
 426 0012 02D9     		bls	.L27
 427              		.loc 1 170 0 is_stmt 0 discriminator 1
 428 0014 40F6A253 		movw	r3, #3490
 429 0018 FB80     		strh	r3, [r7, #6]	@ movhi
 430              	.L27:
 171:.\Z_Axis.c    ****     if (position < Z_pos) {
 431              		.loc 1 171 0 is_stmt 1
 432 001a 314B     		ldr	r3, .L31
 433 001c 1B88     		ldrh	r3, [r3]
 434 001e FA88     		ldrh	r2, [r7, #6]
ARM GAS  C:\Users\plod1602\AppData\Local\Temp\ccBtRaZK.s 			page 12


 435 0020 9A42     		cmp	r2, r3
 436 0022 17D2     		bcs	.L28
 172:.\Z_Axis.c    ****         travel = Z_pos - position;
 437              		.loc 1 172 0
 438 0024 2E4B     		ldr	r3, .L31
 439 0026 1A88     		ldrh	r2, [r3]
 440 0028 FB88     		ldrh	r3, [r7, #6]	@ movhi
 441 002a D31A     		subs	r3, r2, r3
 442 002c 7B81     		strh	r3, [r7, #10]	@ movhi
 173:.\Z_Axis.c    ****         steps_to_do = travel*((motor_steps_turn*f_ustepping)/screw_lead);
 443              		.loc 1 173 0
 444 002e 7B89     		ldrh	r3, [r7, #10]
 445 0030 2C4A     		ldr	r2, .L31+4
 446 0032 1288     		ldrh	r2, [r2]
 447 0034 1146     		mov	r1, r2
 448 0036 2C4A     		ldr	r2, .L31+8
 449 0038 1288     		ldrh	r2, [r2]
 450 003a 02FB01F2 		mul	r2, r2, r1
 451 003e 2B49     		ldr	r1, .L31+12
 452 0040 0988     		ldrh	r1, [r1]
 453 0042 92FBF1F2 		sdiv	r2, r2, r1
 454 0046 02FB03F3 		mul	r3, r2, r3
 455 004a FB60     		str	r3, [r7, #12]
 174:.\Z_Axis.c    ****         motor_direction = motor_up;
 456              		.loc 1 174 0
 457 004c 0122     		movs	r2, #1
 458 004e 284B     		ldr	r3, .L31+16
 459 0050 1A70     		strb	r2, [r3]
 460 0052 34E0     		b	.L29
 461              	.L28:
 175:.\Z_Axis.c    ****     }
 176:.\Z_Axis.c    ****     
 177:.\Z_Axis.c    ****     else if (position > Z_pos) {
 462              		.loc 1 177 0
 463 0054 224B     		ldr	r3, .L31
 464 0056 1B88     		ldrh	r3, [r3]
 465 0058 FA88     		ldrh	r2, [r7, #6]
 466 005a 9A42     		cmp	r2, r3
 467 005c 17D9     		bls	.L30
 178:.\Z_Axis.c    ****         travel = position - Z_pos;
 468              		.loc 1 178 0
 469 005e 204B     		ldr	r3, .L31
 470 0060 1B88     		ldrh	r3, [r3]
 471 0062 FA88     		ldrh	r2, [r7, #6]	@ movhi
 472 0064 D31A     		subs	r3, r2, r3
 473 0066 7B81     		strh	r3, [r7, #10]	@ movhi
 179:.\Z_Axis.c    ****         steps_to_do = travel*((motor_steps_turn*f_ustepping)/screw_lead);
 474              		.loc 1 179 0
 475 0068 7B89     		ldrh	r3, [r7, #10]
 476 006a 1E4A     		ldr	r2, .L31+4
 477 006c 1288     		ldrh	r2, [r2]
 478 006e 1146     		mov	r1, r2
 479 0070 1D4A     		ldr	r2, .L31+8
 480 0072 1288     		ldrh	r2, [r2]
 481 0074 02FB01F2 		mul	r2, r2, r1
 482 0078 1C49     		ldr	r1, .L31+12
 483 007a 0988     		ldrh	r1, [r1]
ARM GAS  C:\Users\plod1602\AppData\Local\Temp\ccBtRaZK.s 			page 13


 484 007c 92FBF1F2 		sdiv	r2, r2, r1
 485 0080 02FB03F3 		mul	r3, r2, r3
 486 0084 FB60     		str	r3, [r7, #12]
 180:.\Z_Axis.c    ****         motor_direction = motor_down;
 487              		.loc 1 180 0
 488 0086 0022     		movs	r2, #0
 489 0088 194B     		ldr	r3, .L31+16
 490 008a 1A70     		strb	r2, [r3]
 491 008c 17E0     		b	.L29
 492              	.L30:
 181:.\Z_Axis.c    ****     }
 182:.\Z_Axis.c    ****     
 183:.\Z_Axis.c    ****     else {
 184:.\Z_Axis.c    ****         travel = 0;
 493              		.loc 1 184 0
 494 008e 0023     		movs	r3, #0
 495 0090 7B81     		strh	r3, [r7, #10]	@ movhi
 185:.\Z_Axis.c    ****         steps_to_do = 0;
 496              		.loc 1 185 0
 497 0092 0023     		movs	r3, #0
 498 0094 FB60     		str	r3, [r7, #12]
 186:.\Z_Axis.c    ****         sendDataToCAN(CAN_INSTRUCTION_SET_Z_AXIS_POSITION, CAN_HARDWARE_FILTER_ID, 0x00, 0x00, 0x00
 499              		.loc 1 186 0
 500 0096 124B     		ldr	r3, .L31
 501 0098 1B88     		ldrh	r3, [r3]
 502 009a 1B0A     		lsrs	r3, r3, #8
 503 009c 9BB2     		uxth	r3, r3
 504 009e DAB2     		uxtb	r2, r3
 505 00a0 0F4B     		ldr	r3, .L31
 506 00a2 1B88     		ldrh	r3, [r3]
 507 00a4 DBB2     		uxtb	r3, r3
 508 00a6 0021     		movs	r1, #0
 509 00a8 0091     		str	r1, [sp]
 510 00aa 0021     		movs	r1, #0
 511 00ac 0191     		str	r1, [sp, #4]
 512 00ae 0292     		str	r2, [sp, #8]
 513 00b0 0393     		str	r3, [sp, #12]
 514 00b2 0120     		movs	r0, #1
 515 00b4 3021     		movs	r1, #48
 516 00b6 0022     		movs	r2, #0
 517 00b8 0023     		movs	r3, #0
 518 00ba FFF7FEFF 		bl	sendDataToCAN
 519              	.L29:
 187:.\Z_Axis.c    ****     }
 188:.\Z_Axis.c    ****     Z_pos = position;
 520              		.loc 1 188 0
 521 00be 084A     		ldr	r2, .L31
 522 00c0 FB88     		ldrh	r3, [r7, #6]	@ movhi
 523 00c2 1380     		strh	r3, [r2]	@ movhi
 189:.\Z_Axis.c    ****     // Setting up motor direction
 190:.\Z_Axis.c    ****     Z_Axis_Direction_Write(motor_direction);
 524              		.loc 1 190 0
 525 00c4 0A4B     		ldr	r3, .L31+16
 526 00c6 1B78     		ldrb	r3, [r3]	@ zero_extendqisi2
 527 00c8 1846     		mov	r0, r3
 528 00ca FFF7FEFF 		bl	Z_Axis_Direction_Write
 191:.\Z_Axis.c    ****     Z_Step_Dist_WriteCompare(steps_to_do);
ARM GAS  C:\Users\plod1602\AppData\Local\Temp\ccBtRaZK.s 			page 14


 529              		.loc 1 191 0
 530 00ce F868     		ldr	r0, [r7, #12]
 531 00d0 FFF7FEFF 		bl	Z_Step_Dist_WriteCompare
 192:.\Z_Axis.c    ****     Z_GO_Write(1);
 532              		.loc 1 192 0
 533 00d4 0120     		movs	r0, #1
 534 00d6 FFF7FEFF 		bl	Z_GO_Write
 193:.\Z_Axis.c    **** }
 535              		.loc 1 193 0
 536 00da 1037     		adds	r7, r7, #16
 537              		.cfi_def_cfa_offset 8
 538 00dc BD46     		mov	sp, r7
 539              		.cfi_def_cfa_register 13
 540              		@ sp needed
 541 00de 80BD     		pop	{r7, pc}
 542              	.L32:
 543              		.align	2
 544              	.L31:
 545 00e0 00000000 		.word	Z_pos
 546 00e4 00000000 		.word	motor_steps_turn
 547 00e8 00000000 		.word	f_ustepping
 548 00ec 00000000 		.word	screw_lead
 549 00f0 00000000 		.word	motor_direction
 550              		.cfi_endproc
 551              	.LFE59:
 552              		.size	Z_Axis_GoTo, .-Z_Axis_GoTo
 553              		.section	.text.Z_Axis_Bumper_ISR,"ax",%progbits
 554              		.align	2
 555              		.global	Z_Axis_Bumper_ISR
 556              		.thumb
 557              		.thumb_func
 558              		.type	Z_Axis_Bumper_ISR, %function
 559              	Z_Axis_Bumper_ISR:
 560              	.LFB60:
 194:.\Z_Axis.c    **** 
 195:.\Z_Axis.c    **** CY_ISR(Z_Axis_Bumper_ISR){
 561              		.loc 1 195 0
 562              		.cfi_startproc
 563              		@ args = 0, pretend = 0, frame = 0
 564              		@ frame_needed = 1, uses_anonymous_args = 0
 565 0000 80B5     		push	{r7, lr}
 566              		.cfi_def_cfa_offset 8
 567              		.cfi_offset 7, -8
 568              		.cfi_offset 14, -4
 569 0002 00AF     		add	r7, sp, #0
 570              		.cfi_def_cfa_register 7
 196:.\Z_Axis.c    ****     Z_Axis_Bumper_ISR_ClearPending();
 571              		.loc 1 196 0
 572 0004 FFF7FEFF 		bl	Z_Axis_Bumper_ISR_ClearPending
 197:.\Z_Axis.c    ****     Z_Axis_Bumper_Port_ClearInterrupt();
 573              		.loc 1 197 0
 574 0008 FFF7FEFF 		bl	Z_Axis_Bumper_Port_ClearInterrupt
 198:.\Z_Axis.c    ****     Z_Axis_Bumper_Stops();
 575              		.loc 1 198 0
 576 000c FFF7FEFF 		bl	Z_Axis_Bumper_Stops
 199:.\Z_Axis.c    **** }
 577              		.loc 1 199 0
ARM GAS  C:\Users\plod1602\AppData\Local\Temp\ccBtRaZK.s 			page 15


 578 0010 80BD     		pop	{r7, pc}
 579              		.cfi_endproc
 580              	.LFE60:
 581              		.size	Z_Axis_Bumper_ISR, .-Z_Axis_Bumper_ISR
 582 0012 00BF     		.section	.text.Z_Axis_Move_ISR,"ax",%progbits
 583              		.align	2
 584              		.global	Z_Axis_Move_ISR
 585              		.thumb
 586              		.thumb_func
 587              		.type	Z_Axis_Move_ISR, %function
 588              	Z_Axis_Move_ISR:
 589              	.LFB61:
 200:.\Z_Axis.c    **** 
 201:.\Z_Axis.c    **** CY_ISR(Z_Axis_Move_ISR){
 590              		.loc 1 201 0
 591              		.cfi_startproc
 592              		@ args = 0, pretend = 0, frame = 0
 593              		@ frame_needed = 1, uses_anonymous_args = 0
 594 0000 80B5     		push	{r7, lr}
 595              		.cfi_def_cfa_offset 8
 596              		.cfi_offset 7, -8
 597              		.cfi_offset 14, -4
 598 0002 84B0     		sub	sp, sp, #16
 599              		.cfi_def_cfa_offset 24
 600 0004 04AF     		add	r7, sp, #16
 601              		.cfi_def_cfa 7, 8
 202:.\Z_Axis.c    ****     switch (Z_axis_state){
 602              		.loc 1 202 0
 603 0006 144B     		ldr	r3, .L41
 604 0008 1B78     		ldrb	r3, [r3]	@ zero_extendqisi2
 605 000a 012B     		cmp	r3, #1
 606 000c 19D0     		beq	.L36
 607 000e 022B     		cmp	r3, #2
 608 0010 1DD0     		beq	.L40
 609 0012 002B     		cmp	r3, #0
 610 0014 00D0     		beq	.L38
 203:.\Z_Axis.c    ****         case WAITING_FOR_BUMPER1:
 204:.\Z_Axis.c    ****         {
 205:.\Z_Axis.c    ****             // Send back on CAN that the action is done
 206:.\Z_Axis.c    ****             sendDataToCAN(CAN_INSTRUCTION_SET_Z_AXIS_POSITION, CAN_HARDWARE_FILTER_ID, 0x00, 0x00, 
 207:.\Z_Axis.c    ****             break;
 208:.\Z_Axis.c    ****         }
 209:.\Z_Axis.c    ****         
 210:.\Z_Axis.c    ****         case GOING_AWAY:
 211:.\Z_Axis.c    ****         {
 212:.\Z_Axis.c    ****             // Calls back for homing
 213:.\Z_Axis.c    ****             Z_axis_state = WAITING_FOR_BUMPER2;
 214:.\Z_Axis.c    ****             Z_Axis_Home();
 215:.\Z_Axis.c    ****             break;
 216:.\Z_Axis.c    ****         }
 217:.\Z_Axis.c    ****         
 218:.\Z_Axis.c    ****         case WAITING_FOR_BUMPER2:
 219:.\Z_Axis.c    ****         {
 220:.\Z_Axis.c    ****             break;
 221:.\Z_Axis.c    ****         }
 222:.\Z_Axis.c    ****         default:
 223:.\Z_Axis.c    ****         {
ARM GAS  C:\Users\plod1602\AppData\Local\Temp\ccBtRaZK.s 			page 16


 224:.\Z_Axis.c    ****             break;
 611              		.loc 1 224 0
 612 0016 1BE0     		b	.L39
 613              	.L38:
 206:.\Z_Axis.c    ****             break;
 614              		.loc 1 206 0
 615 0018 104B     		ldr	r3, .L41+4
 616 001a 1B88     		ldrh	r3, [r3]
 617 001c 1B0A     		lsrs	r3, r3, #8
 618 001e 9BB2     		uxth	r3, r3
 619 0020 DAB2     		uxtb	r2, r3
 620 0022 0E4B     		ldr	r3, .L41+4
 621 0024 1B88     		ldrh	r3, [r3]
 622 0026 DBB2     		uxtb	r3, r3
 623 0028 0021     		movs	r1, #0
 624 002a 0091     		str	r1, [sp]
 625 002c 0021     		movs	r1, #0
 626 002e 0191     		str	r1, [sp, #4]
 627 0030 0292     		str	r2, [sp, #8]
 628 0032 0393     		str	r3, [sp, #12]
 629 0034 0120     		movs	r0, #1
 630 0036 3021     		movs	r1, #48
 631 0038 0022     		movs	r2, #0
 632 003a 0023     		movs	r3, #0
 633 003c FFF7FEFF 		bl	sendDataToCAN
 207:.\Z_Axis.c    ****         }
 634              		.loc 1 207 0
 635 0040 06E0     		b	.L39
 636              	.L36:
 213:.\Z_Axis.c    ****             Z_Axis_Home();
 637              		.loc 1 213 0
 638 0042 054B     		ldr	r3, .L41
 639 0044 0222     		movs	r2, #2
 640 0046 1A70     		strb	r2, [r3]
 214:.\Z_Axis.c    ****             break;
 641              		.loc 1 214 0
 642 0048 FFF7FEFF 		bl	Z_Axis_Home
 215:.\Z_Axis.c    ****         }
 643              		.loc 1 215 0
 644 004c 00E0     		b	.L39
 645              	.L40:
 220:.\Z_Axis.c    ****         }
 646              		.loc 1 220 0
 647 004e 00BF     		nop
 648              	.L39:
 225:.\Z_Axis.c    ****         }
 226:.\Z_Axis.c    ****     }
 227:.\Z_Axis.c    ****     Z_Axis_Move_ISR_ClearPending();
 649              		.loc 1 227 0
 650 0050 FFF7FEFF 		bl	Z_Axis_Move_ISR_ClearPending
 228:.\Z_Axis.c    **** }
 651              		.loc 1 228 0
 652 0054 BD46     		mov	sp, r7
 653              		.cfi_def_cfa_register 13
 654              		@ sp needed
 655 0056 80BD     		pop	{r7, pc}
 656              	.L42:
ARM GAS  C:\Users\plod1602\AppData\Local\Temp\ccBtRaZK.s 			page 17


 657              		.align	2
 658              	.L41:
 659 0058 00000000 		.word	Z_axis_state
 660 005c 00000000 		.word	Z_pos
 661              		.cfi_endproc
 662              	.LFE61:
 663              		.size	Z_Axis_Move_ISR, .-Z_Axis_Move_ISR
 664              		.text
 665              	.Letext0:
 666              		.file 2 "c:\\program files (x86)\\cypress\\psoc creator\\3.3\\psoc creator\\import\\gnu\\arm\\4.9.
 667              		.file 3 "c:\\program files (x86)\\cypress\\psoc creator\\3.3\\psoc creator\\import\\gnu\\arm\\4.9.
 668              		.file 4 "Generated_Source\\PSoC5/cytypes.h"
 669              		.file 5 "Generated_Source\\PSoC5/core_cm3.h"
 670              		.section	.debug_info,"",%progbits
 671              	.Ldebug_info0:
 672 0000 15020000 		.4byte	0x215
 673 0004 0400     		.2byte	0x4
 674 0006 00000000 		.4byte	.Ldebug_abbrev0
 675 000a 04       		.byte	0x4
 676 000b 01       		.uleb128 0x1
 677 000c 1B000000 		.4byte	.LASF36
 678 0010 01       		.byte	0x1
 679 0011 C6000000 		.4byte	.LASF37
 680 0015 34010000 		.4byte	.LASF38
 681 0019 00000000 		.4byte	.Ldebug_ranges0+0
 682 001d 00000000 		.4byte	0
 683 0021 00000000 		.4byte	.Ldebug_line0
 684 0025 02       		.uleb128 0x2
 685 0026 01       		.byte	0x1
 686 0027 06       		.byte	0x6
 687 0028 89020000 		.4byte	.LASF0
 688 002c 02       		.uleb128 0x2
 689 002d 01       		.byte	0x1
 690 002e 08       		.byte	0x8
 691 002f F4000000 		.4byte	.LASF1
 692 0033 02       		.uleb128 0x2
 693 0034 02       		.byte	0x2
 694 0035 05       		.byte	0x5
 695 0036 65020000 		.4byte	.LASF2
 696 003a 02       		.uleb128 0x2
 697 003b 02       		.byte	0x2
 698 003c 07       		.byte	0x7
 699 003d 95020000 		.4byte	.LASF3
 700 0041 03       		.uleb128 0x3
 701 0042 00000000 		.4byte	.LASF9
 702 0046 02       		.byte	0x2
 703 0047 3F       		.byte	0x3f
 704 0048 4C000000 		.4byte	0x4c
 705 004c 02       		.uleb128 0x2
 706 004d 04       		.byte	0x4
 707 004e 05       		.byte	0x5
 708 004f 80020000 		.4byte	.LASF4
 709 0053 02       		.uleb128 0x2
 710 0054 04       		.byte	0x4
 711 0055 07       		.byte	0x7
 712 0056 22010000 		.4byte	.LASF5
 713 005a 02       		.uleb128 0x2
ARM GAS  C:\Users\plod1602\AppData\Local\Temp\ccBtRaZK.s 			page 18


 714 005b 08       		.byte	0x8
 715 005c 05       		.byte	0x5
 716 005d 2F020000 		.4byte	.LASF6
 717 0061 02       		.uleb128 0x2
 718 0062 08       		.byte	0x8
 719 0063 07       		.byte	0x7
 720 0064 F5010000 		.4byte	.LASF7
 721 0068 04       		.uleb128 0x4
 722 0069 04       		.byte	0x4
 723 006a 05       		.byte	0x5
 724 006b 696E7400 		.ascii	"int\000"
 725 006f 02       		.uleb128 0x2
 726 0070 04       		.byte	0x4
 727 0071 07       		.byte	0x7
 728 0072 E8010000 		.4byte	.LASF8
 729 0076 03       		.uleb128 0x3
 730 0077 1E020000 		.4byte	.LASF10
 731 007b 03       		.byte	0x3
 732 007c 2C       		.byte	0x2c
 733 007d 41000000 		.4byte	0x41
 734 0081 03       		.uleb128 0x3
 735 0082 6F020000 		.4byte	.LASF11
 736 0086 04       		.byte	0x4
 737 0087 A1       		.byte	0xa1
 738 0088 2C000000 		.4byte	0x2c
 739 008c 03       		.uleb128 0x3
 740 008d C4010000 		.4byte	.LASF12
 741 0091 04       		.byte	0x4
 742 0092 A2       		.byte	0xa2
 743 0093 3A000000 		.4byte	0x3a
 744 0097 03       		.uleb128 0x3
 745 0098 E1010000 		.4byte	.LASF13
 746 009c 04       		.byte	0x4
 747 009d A3       		.byte	0xa3
 748 009e 53000000 		.4byte	0x53
 749 00a2 02       		.uleb128 0x2
 750 00a3 04       		.byte	0x4
 751 00a4 04       		.byte	0x4
 752 00a5 D8000000 		.4byte	.LASF14
 753 00a9 02       		.uleb128 0x2
 754 00aa 08       		.byte	0x8
 755 00ab 04       		.byte	0x4
 756 00ac 88010000 		.4byte	.LASF15
 757 00b0 02       		.uleb128 0x2
 758 00b1 01       		.byte	0x1
 759 00b2 08       		.byte	0x8
 760 00b3 49020000 		.4byte	.LASF16
 761 00b7 02       		.uleb128 0x2
 762 00b8 04       		.byte	0x4
 763 00b9 07       		.byte	0x7
 764 00ba 26020000 		.4byte	.LASF17
 765 00be 05       		.uleb128 0x5
 766 00bf B8010000 		.4byte	.LASF18
 767 00c3 01       		.byte	0x1
 768 00c4 27       		.byte	0x27
 769 00c5 00000000 		.4byte	.LFB56
 770 00c9 D8000000 		.4byte	.LFE56-.LFB56
ARM GAS  C:\Users\plod1602\AppData\Local\Temp\ccBtRaZK.s 			page 19


 771 00cd 01       		.uleb128 0x1
 772 00ce 9C       		.byte	0x9c
 773 00cf 05       		.uleb128 0x5
 774 00d0 AC010000 		.4byte	.LASF19
 775 00d4 01       		.byte	0x1
 776 00d5 6B       		.byte	0x6b
 777 00d6 00000000 		.4byte	.LFB57
 778 00da 84000000 		.4byte	.LFE57-.LFB57
 779 00de 01       		.uleb128 0x1
 780 00df 9C       		.byte	0x9c
 781 00e0 05       		.uleb128 0x5
 782 00e1 B2000000 		.4byte	.LASF20
 783 00e5 01       		.byte	0x1
 784 00e6 7C       		.byte	0x7c
 785 00e7 00000000 		.4byte	.LFB58
 786 00eb A8000000 		.4byte	.LFE58-.LFB58
 787 00ef 01       		.uleb128 0x1
 788 00f0 9C       		.byte	0x9c
 789 00f1 06       		.uleb128 0x6
 790 00f2 4E020000 		.4byte	.LASF39
 791 00f6 01       		.byte	0x1
 792 00f7 A7       		.byte	0xa7
 793 00f8 00000000 		.4byte	.LFB59
 794 00fc F4000000 		.4byte	.LFE59-.LFB59
 795 0100 01       		.uleb128 0x1
 796 0101 9C       		.byte	0x9c
 797 0102 31010000 		.4byte	0x131
 798 0106 07       		.uleb128 0x7
 799 0107 D8010000 		.4byte	.LASF40
 800 010b 01       		.byte	0x1
 801 010c A7       		.byte	0xa7
 802 010d 8C000000 		.4byte	0x8c
 803 0111 02       		.uleb128 0x2
 804 0112 91       		.byte	0x91
 805 0113 6E       		.sleb128 -18
 806 0114 08       		.uleb128 0x8
 807 0115 D1000000 		.4byte	.LASF21
 808 0119 01       		.byte	0x1
 809 011a A8       		.byte	0xa8
 810 011b 8C000000 		.4byte	0x8c
 811 011f 02       		.uleb128 0x2
 812 0120 91       		.byte	0x91
 813 0121 72       		.sleb128 -14
 814 0122 08       		.uleb128 0x8
 815 0123 02010000 		.4byte	.LASF22
 816 0127 01       		.byte	0x1
 817 0128 A9       		.byte	0xa9
 818 0129 97000000 		.4byte	0x97
 819 012d 02       		.uleb128 0x2
 820 012e 91       		.byte	0x91
 821 012f 74       		.sleb128 -12
 822 0130 00       		.byte	0
 823 0131 09       		.uleb128 0x9
 824 0132 0C020000 		.4byte	.LASF23
 825 0136 01       		.byte	0x1
 826 0137 C3       		.byte	0xc3
 827 0138 00000000 		.4byte	.LFB60
ARM GAS  C:\Users\plod1602\AppData\Local\Temp\ccBtRaZK.s 			page 20


 828 013c 12000000 		.4byte	.LFE60-.LFB60
 829 0140 01       		.uleb128 0x1
 830 0141 9C       		.byte	0x9c
 831 0142 09       		.uleb128 0x9
 832 0143 DE000000 		.4byte	.LASF24
 833 0147 01       		.byte	0x1
 834 0148 C9       		.byte	0xc9
 835 0149 00000000 		.4byte	.LFB61
 836 014d 60000000 		.4byte	.LFE61-.LFB61
 837 0151 01       		.uleb128 0x1
 838 0152 9C       		.byte	0x9c
 839 0153 0A       		.uleb128 0xa
 840 0154 7B010000 		.4byte	.LASF25
 841 0158 05       		.byte	0x5
 842 0159 1606     		.2byte	0x616
 843 015b 5F010000 		.4byte	0x15f
 844 015f 0B       		.uleb128 0xb
 845 0160 76000000 		.4byte	0x76
 846 0164 0C       		.uleb128 0xc
 847 0165 8F010000 		.4byte	.LASF26
 848 0169 01       		.byte	0x1
 849 016a 1C       		.byte	0x1c
 850 016b 81000000 		.4byte	0x81
 851 016f 05       		.uleb128 0x5
 852 0170 03       		.byte	0x3
 853 0171 00000000 		.4byte	Z_axis_state
 854 0175 0C       		.uleb128 0xc
 855 0176 EE000000 		.4byte	.LASF27
 856 017a 01       		.byte	0x1
 857 017b 1D       		.byte	0x1d
 858 017c 8C000000 		.4byte	0x8c
 859 0180 05       		.uleb128 0x5
 860 0181 03       		.byte	0x3
 861 0182 00000000 		.4byte	Z_pos
 862 0186 0C       		.uleb128 0xc
 863 0187 75020000 		.4byte	.LASF28
 864 018b 01       		.byte	0x1
 865 018c 1E       		.byte	0x1e
 866 018d 8C000000 		.4byte	0x8c
 867 0191 05       		.uleb128 0x5
 868 0192 03       		.byte	0x3
 869 0193 00000000 		.4byte	screw_lead
 870 0197 0C       		.uleb128 0xc
 871 0198 0A000000 		.4byte	.LASF29
 872 019c 01       		.byte	0x1
 873 019d 1F       		.byte	0x1f
 874 019e 8C000000 		.4byte	0x8c
 875 01a2 05       		.uleb128 0x5
 876 01a3 03       		.byte	0x3
 877 01a4 00000000 		.4byte	motor_steps_turn
 878 01a8 0C       		.uleb128 0xc
 879 01a9 3D020000 		.4byte	.LASF30
 880 01ad 01       		.byte	0x1
 881 01ae 20       		.byte	0x20
 882 01af 8C000000 		.4byte	0x8c
 883 01b3 05       		.uleb128 0x5
 884 01b4 03       		.byte	0x3
ARM GAS  C:\Users\plod1602\AppData\Local\Temp\ccBtRaZK.s 			page 21


 885 01b5 00000000 		.4byte	f_ustepping
 886 01b9 0C       		.uleb128 0xc
 887 01ba 9C010000 		.4byte	.LASF31
 888 01be 01       		.byte	0x1
 889 01bf 21       		.byte	0x21
 890 01c0 81000000 		.4byte	0x81
 891 01c4 05       		.uleb128 0x5
 892 01c5 03       		.byte	0x3
 893 01c6 00000000 		.4byte	motor_direction
 894 01ca 0C       		.uleb128 0xc
 895 01cb 0E010000 		.4byte	.LASF32
 896 01cf 01       		.byte	0x1
 897 01d0 22       		.byte	0x22
 898 01d1 81000000 		.4byte	0x81
 899 01d5 05       		.uleb128 0x5
 900 01d6 03       		.byte	0x3
 901 01d7 00000000 		.4byte	Z_axis_bumper_count
 902 01db 0C       		.uleb128 0xc
 903 01dc A9000000 		.4byte	.LASF33
 904 01e0 01       		.byte	0x1
 905 01e1 23       		.byte	0x23
 906 01e2 EC010000 		.4byte	0x1ec
 907 01e6 05       		.uleb128 0x5
 908 01e7 03       		.byte	0x3
 909 01e8 00000000 		.4byte	motor_up
 910 01ec 0D       		.uleb128 0xd
 911 01ed 81000000 		.4byte	0x81
 912 01f1 0C       		.uleb128 0xc
 913 01f2 5A020000 		.4byte	.LASF34
 914 01f6 01       		.byte	0x1
 915 01f7 24       		.byte	0x24
 916 01f8 EC010000 		.4byte	0x1ec
 917 01fc 05       		.uleb128 0x5
 918 01fd 03       		.byte	0x3
 919 01fe 00000000 		.4byte	motor_down
 920 0202 0C       		.uleb128 0xc
 921 0203 CB010000 		.4byte	.LASF35
 922 0207 01       		.byte	0x1
 923 0208 25       		.byte	0x25
 924 0209 13020000 		.4byte	0x213
 925 020d 05       		.uleb128 0x5
 926 020e 03       		.byte	0x3
 927 020f 00000000 		.4byte	max_distance
 928 0213 0D       		.uleb128 0xd
 929 0214 8C000000 		.4byte	0x8c
 930 0218 00       		.byte	0
 931              		.section	.debug_abbrev,"",%progbits
 932              	.Ldebug_abbrev0:
 933 0000 01       		.uleb128 0x1
 934 0001 11       		.uleb128 0x11
 935 0002 01       		.byte	0x1
 936 0003 25       		.uleb128 0x25
 937 0004 0E       		.uleb128 0xe
 938 0005 13       		.uleb128 0x13
 939 0006 0B       		.uleb128 0xb
 940 0007 03       		.uleb128 0x3
 941 0008 0E       		.uleb128 0xe
ARM GAS  C:\Users\plod1602\AppData\Local\Temp\ccBtRaZK.s 			page 22


 942 0009 1B       		.uleb128 0x1b
 943 000a 0E       		.uleb128 0xe
 944 000b 55       		.uleb128 0x55
 945 000c 17       		.uleb128 0x17
 946 000d 11       		.uleb128 0x11
 947 000e 01       		.uleb128 0x1
 948 000f 10       		.uleb128 0x10
 949 0010 17       		.uleb128 0x17
 950 0011 00       		.byte	0
 951 0012 00       		.byte	0
 952 0013 02       		.uleb128 0x2
 953 0014 24       		.uleb128 0x24
 954 0015 00       		.byte	0
 955 0016 0B       		.uleb128 0xb
 956 0017 0B       		.uleb128 0xb
 957 0018 3E       		.uleb128 0x3e
 958 0019 0B       		.uleb128 0xb
 959 001a 03       		.uleb128 0x3
 960 001b 0E       		.uleb128 0xe
 961 001c 00       		.byte	0
 962 001d 00       		.byte	0
 963 001e 03       		.uleb128 0x3
 964 001f 16       		.uleb128 0x16
 965 0020 00       		.byte	0
 966 0021 03       		.uleb128 0x3
 967 0022 0E       		.uleb128 0xe
 968 0023 3A       		.uleb128 0x3a
 969 0024 0B       		.uleb128 0xb
 970 0025 3B       		.uleb128 0x3b
 971 0026 0B       		.uleb128 0xb
 972 0027 49       		.uleb128 0x49
 973 0028 13       		.uleb128 0x13
 974 0029 00       		.byte	0
 975 002a 00       		.byte	0
 976 002b 04       		.uleb128 0x4
 977 002c 24       		.uleb128 0x24
 978 002d 00       		.byte	0
 979 002e 0B       		.uleb128 0xb
 980 002f 0B       		.uleb128 0xb
 981 0030 3E       		.uleb128 0x3e
 982 0031 0B       		.uleb128 0xb
 983 0032 03       		.uleb128 0x3
 984 0033 08       		.uleb128 0x8
 985 0034 00       		.byte	0
 986 0035 00       		.byte	0
 987 0036 05       		.uleb128 0x5
 988 0037 2E       		.uleb128 0x2e
 989 0038 00       		.byte	0
 990 0039 3F       		.uleb128 0x3f
 991 003a 19       		.uleb128 0x19
 992 003b 03       		.uleb128 0x3
 993 003c 0E       		.uleb128 0xe
 994 003d 3A       		.uleb128 0x3a
 995 003e 0B       		.uleb128 0xb
 996 003f 3B       		.uleb128 0x3b
 997 0040 0B       		.uleb128 0xb
 998 0041 11       		.uleb128 0x11
ARM GAS  C:\Users\plod1602\AppData\Local\Temp\ccBtRaZK.s 			page 23


 999 0042 01       		.uleb128 0x1
 1000 0043 12       		.uleb128 0x12
 1001 0044 06       		.uleb128 0x6
 1002 0045 40       		.uleb128 0x40
 1003 0046 18       		.uleb128 0x18
 1004 0047 9642     		.uleb128 0x2116
 1005 0049 19       		.uleb128 0x19
 1006 004a 00       		.byte	0
 1007 004b 00       		.byte	0
 1008 004c 06       		.uleb128 0x6
 1009 004d 2E       		.uleb128 0x2e
 1010 004e 01       		.byte	0x1
 1011 004f 3F       		.uleb128 0x3f
 1012 0050 19       		.uleb128 0x19
 1013 0051 03       		.uleb128 0x3
 1014 0052 0E       		.uleb128 0xe
 1015 0053 3A       		.uleb128 0x3a
 1016 0054 0B       		.uleb128 0xb
 1017 0055 3B       		.uleb128 0x3b
 1018 0056 0B       		.uleb128 0xb
 1019 0057 27       		.uleb128 0x27
 1020 0058 19       		.uleb128 0x19
 1021 0059 11       		.uleb128 0x11
 1022 005a 01       		.uleb128 0x1
 1023 005b 12       		.uleb128 0x12
 1024 005c 06       		.uleb128 0x6
 1025 005d 40       		.uleb128 0x40
 1026 005e 18       		.uleb128 0x18
 1027 005f 9642     		.uleb128 0x2116
 1028 0061 19       		.uleb128 0x19
 1029 0062 01       		.uleb128 0x1
 1030 0063 13       		.uleb128 0x13
 1031 0064 00       		.byte	0
 1032 0065 00       		.byte	0
 1033 0066 07       		.uleb128 0x7
 1034 0067 05       		.uleb128 0x5
 1035 0068 00       		.byte	0
 1036 0069 03       		.uleb128 0x3
 1037 006a 0E       		.uleb128 0xe
 1038 006b 3A       		.uleb128 0x3a
 1039 006c 0B       		.uleb128 0xb
 1040 006d 3B       		.uleb128 0x3b
 1041 006e 0B       		.uleb128 0xb
 1042 006f 49       		.uleb128 0x49
 1043 0070 13       		.uleb128 0x13
 1044 0071 02       		.uleb128 0x2
 1045 0072 18       		.uleb128 0x18
 1046 0073 00       		.byte	0
 1047 0074 00       		.byte	0
 1048 0075 08       		.uleb128 0x8
 1049 0076 34       		.uleb128 0x34
 1050 0077 00       		.byte	0
 1051 0078 03       		.uleb128 0x3
 1052 0079 0E       		.uleb128 0xe
 1053 007a 3A       		.uleb128 0x3a
 1054 007b 0B       		.uleb128 0xb
 1055 007c 3B       		.uleb128 0x3b
ARM GAS  C:\Users\plod1602\AppData\Local\Temp\ccBtRaZK.s 			page 24


 1056 007d 0B       		.uleb128 0xb
 1057 007e 49       		.uleb128 0x49
 1058 007f 13       		.uleb128 0x13
 1059 0080 02       		.uleb128 0x2
 1060 0081 18       		.uleb128 0x18
 1061 0082 00       		.byte	0
 1062 0083 00       		.byte	0
 1063 0084 09       		.uleb128 0x9
 1064 0085 2E       		.uleb128 0x2e
 1065 0086 00       		.byte	0
 1066 0087 3F       		.uleb128 0x3f
 1067 0088 19       		.uleb128 0x19
 1068 0089 03       		.uleb128 0x3
 1069 008a 0E       		.uleb128 0xe
 1070 008b 3A       		.uleb128 0x3a
 1071 008c 0B       		.uleb128 0xb
 1072 008d 3B       		.uleb128 0x3b
 1073 008e 0B       		.uleb128 0xb
 1074 008f 27       		.uleb128 0x27
 1075 0090 19       		.uleb128 0x19
 1076 0091 11       		.uleb128 0x11
 1077 0092 01       		.uleb128 0x1
 1078 0093 12       		.uleb128 0x12
 1079 0094 06       		.uleb128 0x6
 1080 0095 40       		.uleb128 0x40
 1081 0096 18       		.uleb128 0x18
 1082 0097 9642     		.uleb128 0x2116
 1083 0099 19       		.uleb128 0x19
 1084 009a 00       		.byte	0
 1085 009b 00       		.byte	0
 1086 009c 0A       		.uleb128 0xa
 1087 009d 34       		.uleb128 0x34
 1088 009e 00       		.byte	0
 1089 009f 03       		.uleb128 0x3
 1090 00a0 0E       		.uleb128 0xe
 1091 00a1 3A       		.uleb128 0x3a
 1092 00a2 0B       		.uleb128 0xb
 1093 00a3 3B       		.uleb128 0x3b
 1094 00a4 05       		.uleb128 0x5
 1095 00a5 49       		.uleb128 0x49
 1096 00a6 13       		.uleb128 0x13
 1097 00a7 3F       		.uleb128 0x3f
 1098 00a8 19       		.uleb128 0x19
 1099 00a9 3C       		.uleb128 0x3c
 1100 00aa 19       		.uleb128 0x19
 1101 00ab 00       		.byte	0
 1102 00ac 00       		.byte	0
 1103 00ad 0B       		.uleb128 0xb
 1104 00ae 35       		.uleb128 0x35
 1105 00af 00       		.byte	0
 1106 00b0 49       		.uleb128 0x49
 1107 00b1 13       		.uleb128 0x13
 1108 00b2 00       		.byte	0
 1109 00b3 00       		.byte	0
 1110 00b4 0C       		.uleb128 0xc
 1111 00b5 34       		.uleb128 0x34
 1112 00b6 00       		.byte	0
ARM GAS  C:\Users\plod1602\AppData\Local\Temp\ccBtRaZK.s 			page 25


 1113 00b7 03       		.uleb128 0x3
 1114 00b8 0E       		.uleb128 0xe
 1115 00b9 3A       		.uleb128 0x3a
 1116 00ba 0B       		.uleb128 0xb
 1117 00bb 3B       		.uleb128 0x3b
 1118 00bc 0B       		.uleb128 0xb
 1119 00bd 49       		.uleb128 0x49
 1120 00be 13       		.uleb128 0x13
 1121 00bf 3F       		.uleb128 0x3f
 1122 00c0 19       		.uleb128 0x19
 1123 00c1 02       		.uleb128 0x2
 1124 00c2 18       		.uleb128 0x18
 1125 00c3 00       		.byte	0
 1126 00c4 00       		.byte	0
 1127 00c5 0D       		.uleb128 0xd
 1128 00c6 26       		.uleb128 0x26
 1129 00c7 00       		.byte	0
 1130 00c8 49       		.uleb128 0x49
 1131 00c9 13       		.uleb128 0x13
 1132 00ca 00       		.byte	0
 1133 00cb 00       		.byte	0
 1134 00cc 00       		.byte	0
 1135              		.section	.debug_aranges,"",%progbits
 1136 0000 44000000 		.4byte	0x44
 1137 0004 0200     		.2byte	0x2
 1138 0006 00000000 		.4byte	.Ldebug_info0
 1139 000a 04       		.byte	0x4
 1140 000b 00       		.byte	0
 1141 000c 0000     		.2byte	0
 1142 000e 0000     		.2byte	0
 1143 0010 00000000 		.4byte	.LFB56
 1144 0014 D8000000 		.4byte	.LFE56-.LFB56
 1145 0018 00000000 		.4byte	.LFB57
 1146 001c 84000000 		.4byte	.LFE57-.LFB57
 1147 0020 00000000 		.4byte	.LFB58
 1148 0024 A8000000 		.4byte	.LFE58-.LFB58
 1149 0028 00000000 		.4byte	.LFB59
 1150 002c F4000000 		.4byte	.LFE59-.LFB59
 1151 0030 00000000 		.4byte	.LFB60
 1152 0034 12000000 		.4byte	.LFE60-.LFB60
 1153 0038 00000000 		.4byte	.LFB61
 1154 003c 60000000 		.4byte	.LFE61-.LFB61
 1155 0040 00000000 		.4byte	0
 1156 0044 00000000 		.4byte	0
 1157              		.section	.debug_ranges,"",%progbits
 1158              	.Ldebug_ranges0:
 1159 0000 00000000 		.4byte	.LFB56
 1160 0004 D8000000 		.4byte	.LFE56
 1161 0008 00000000 		.4byte	.LFB57
 1162 000c 84000000 		.4byte	.LFE57
 1163 0010 00000000 		.4byte	.LFB58
 1164 0014 A8000000 		.4byte	.LFE58
 1165 0018 00000000 		.4byte	.LFB59
 1166 001c F4000000 		.4byte	.LFE59
 1167 0020 00000000 		.4byte	.LFB60
 1168 0024 12000000 		.4byte	.LFE60
 1169 0028 00000000 		.4byte	.LFB61
ARM GAS  C:\Users\plod1602\AppData\Local\Temp\ccBtRaZK.s 			page 26


 1170 002c 60000000 		.4byte	.LFE61
 1171 0030 00000000 		.4byte	0
 1172 0034 00000000 		.4byte	0
 1173              		.section	.debug_line,"",%progbits
 1174              	.Ldebug_line0:
 1175 0000 20020000 		.section	.debug_str,"MS",%progbits,1
 1175      02004B01 
 1175      00000201 
 1175      FB0E0D00 
 1175      01010101 
 1176              	.LASF9:
 1177 0000 5F5F696E 		.ascii	"__int32_t\000"
 1177      7433325F 
 1177      7400
 1178              	.LASF29:
 1179 000a 6D6F746F 		.ascii	"motor_steps_turn\000"
 1179      725F7374 
 1179      6570735F 
 1179      7475726E 
 1179      00
 1180              	.LASF36:
 1181 001b 474E5520 		.ascii	"GNU C 4.9.3 20150303 (release) [ARM/embedded-4_9-br"
 1181      4320342E 
 1181      392E3320 
 1181      32303135 
 1181      30333033 
 1182 004e 616E6368 		.ascii	"anch revision 221220] -mcpu=cortex-m3 -mthumb -g -O"
 1182      20726576 
 1182      6973696F 
 1182      6E203232 
 1182      31323230 
 1183 0081 30202D66 		.ascii	"0 -ffunction-sections -ffat-lto-objects\000"
 1183      66756E63 
 1183      74696F6E 
 1183      2D736563 
 1183      74696F6E 
 1184              	.LASF33:
 1185 00a9 6D6F746F 		.ascii	"motor_up\000"
 1185      725F7570 
 1185      00
 1186              	.LASF20:
 1187 00b2 5A5F4178 		.ascii	"Z_Axis_Bumper_Stops\000"
 1187      69735F42 
 1187      756D7065 
 1187      725F5374 
 1187      6F707300 
 1188              	.LASF37:
 1189 00c6 2E5C5A5F 		.ascii	".\\Z_Axis.c\000"
 1189      41786973 
 1189      2E6300
 1190              	.LASF21:
 1191 00d1 74726176 		.ascii	"travel\000"
 1191      656C00
 1192              	.LASF14:
 1193 00d8 666C6F61 		.ascii	"float\000"
 1193      7400
 1194              	.LASF24:
ARM GAS  C:\Users\plod1602\AppData\Local\Temp\ccBtRaZK.s 			page 27


 1195 00de 5A5F4178 		.ascii	"Z_Axis_Move_ISR\000"
 1195      69735F4D 
 1195      6F76655F 
 1195      49535200 
 1196              	.LASF27:
 1197 00ee 5A5F706F 		.ascii	"Z_pos\000"
 1197      7300
 1198              	.LASF1:
 1199 00f4 756E7369 		.ascii	"unsigned char\000"
 1199      676E6564 
 1199      20636861 
 1199      7200
 1200              	.LASF22:
 1201 0102 73746570 		.ascii	"steps_to_do\000"
 1201      735F746F 
 1201      5F646F00 
 1202              	.LASF32:
 1203 010e 5A5F6178 		.ascii	"Z_axis_bumper_count\000"
 1203      69735F62 
 1203      756D7065 
 1203      725F636F 
 1203      756E7400 
 1204              	.LASF5:
 1205 0122 6C6F6E67 		.ascii	"long unsigned int\000"
 1205      20756E73 
 1205      69676E65 
 1205      6420696E 
 1205      7400
 1206              	.LASF38:
 1207 0134 433A5C55 		.ascii	"C:\\Users\\plod1602\\Desktop\\GripperPSoC5_CAN\\Gri"
 1207      73657273 
 1207      5C706C6F 
 1207      64313630 
 1207      325C4465 
 1208 0162 70706572 		.ascii	"pperDynamixelPSoC5.cydsn\000"
 1208      44796E61 
 1208      6D697865 
 1208      6C50536F 
 1208      43352E63 
 1209              	.LASF25:
 1210 017b 49544D5F 		.ascii	"ITM_RxBuffer\000"
 1210      52784275 
 1210      66666572 
 1210      00
 1211              	.LASF15:
 1212 0188 646F7562 		.ascii	"double\000"
 1212      6C6500
 1213              	.LASF26:
 1214 018f 5A5F6178 		.ascii	"Z_axis_state\000"
 1214      69735F73 
 1214      74617465 
 1214      00
 1215              	.LASF31:
 1216 019c 6D6F746F 		.ascii	"motor_direction\000"
 1216      725F6469 
 1216      72656374 
 1216      696F6E00 
ARM GAS  C:\Users\plod1602\AppData\Local\Temp\ccBtRaZK.s 			page 28


 1217              	.LASF19:
 1218 01ac 5A5F4178 		.ascii	"Z_Axis_Home\000"
 1218      69735F48 
 1218      6F6D6500 
 1219              	.LASF18:
 1220 01b8 5A5F4178 		.ascii	"Z_Axis_Init\000"
 1220      69735F49 
 1220      6E697400 
 1221              	.LASF12:
 1222 01c4 75696E74 		.ascii	"uint16\000"
 1222      313600
 1223              	.LASF35:
 1224 01cb 6D61785F 		.ascii	"max_distance\000"
 1224      64697374 
 1224      616E6365 
 1224      00
 1225              	.LASF40:
 1226 01d8 706F7369 		.ascii	"position\000"
 1226      74696F6E 
 1226      00
 1227              	.LASF13:
 1228 01e1 75696E74 		.ascii	"uint32\000"
 1228      333200
 1229              	.LASF8:
 1230 01e8 756E7369 		.ascii	"unsigned int\000"
 1230      676E6564 
 1230      20696E74 
 1230      00
 1231              	.LASF7:
 1232 01f5 6C6F6E67 		.ascii	"long long unsigned int\000"
 1232      206C6F6E 
 1232      6720756E 
 1232      7369676E 
 1232      65642069 
 1233              	.LASF23:
 1234 020c 5A5F4178 		.ascii	"Z_Axis_Bumper_ISR\000"
 1234      69735F42 
 1234      756D7065 
 1234      725F4953 
 1234      5200
 1235              	.LASF10:
 1236 021e 696E7433 		.ascii	"int32_t\000"
 1236      325F7400 
 1237              	.LASF17:
 1238 0226 73697A65 		.ascii	"sizetype\000"
 1238      74797065 
 1238      00
 1239              	.LASF6:
 1240 022f 6C6F6E67 		.ascii	"long long int\000"
 1240      206C6F6E 
 1240      6720696E 
 1240      7400
 1241              	.LASF30:
 1242 023d 665F7573 		.ascii	"f_ustepping\000"
 1242      74657070 
 1242      696E6700 
 1243              	.LASF16:
ARM GAS  C:\Users\plod1602\AppData\Local\Temp\ccBtRaZK.s 			page 29


 1244 0249 63686172 		.ascii	"char\000"
 1244      00
 1245              	.LASF39:
 1246 024e 5A5F4178 		.ascii	"Z_Axis_GoTo\000"
 1246      69735F47 
 1246      6F546F00 
 1247              	.LASF34:
 1248 025a 6D6F746F 		.ascii	"motor_down\000"
 1248      725F646F 
 1248      776E00
 1249              	.LASF2:
 1250 0265 73686F72 		.ascii	"short int\000"
 1250      7420696E 
 1250      7400
 1251              	.LASF11:
 1252 026f 75696E74 		.ascii	"uint8\000"
 1252      3800
 1253              	.LASF28:
 1254 0275 73637265 		.ascii	"screw_lead\000"
 1254      775F6C65 
 1254      616400
 1255              	.LASF4:
 1256 0280 6C6F6E67 		.ascii	"long int\000"
 1256      20696E74 
 1256      00
 1257              	.LASF0:
 1258 0289 7369676E 		.ascii	"signed char\000"
 1258      65642063 
 1258      68617200 
 1259              	.LASF3:
 1260 0295 73686F72 		.ascii	"short unsigned int\000"
 1260      7420756E 
 1260      7369676E 
 1260      65642069 
 1260      6E7400
 1261              		.ident	"GCC: (GNU Tools for ARM Embedded Processors) 4.9.3 20150303 (release) [ARM/embedded-4_9-br
