ARM GAS  C:\Users\plod1602\AppData\Local\Temp\ccFz1Zlg.s 			page 1


   1              		.syntax unified
   2              		.cpu cortex-m3
   3              		.fpu softvfp
   4              		.eabi_attribute 20, 1
   5              		.eabi_attribute 21, 1
   6              		.eabi_attribute 23, 3
   7              		.eabi_attribute 24, 1
   8              		.eabi_attribute 25, 1
   9              		.eabi_attribute 26, 1
  10              		.eabi_attribute 30, 6
  11              		.eabi_attribute 34, 1
  12              		.eabi_attribute 18, 4
  13              		.thumb
  14              		.file	"CAN_Communication.c"
  15              		.text
  16              	.Ltext0:
  17              		.cfi_sections	.debug_frame
  18              		.section	.text.can_getReceivedMessage,"ax",%progbits
  19              		.align	2
  20              		.global	can_getReceivedMessage
  21              		.thumb
  22              		.thumb_func
  23              		.type	can_getReceivedMessage, %function
  24              	can_getReceivedMessage:
  25              	.LFB56:
  26              		.file 1 ".\\CAN_Communication.c"
   1:.\CAN_Communication.c **** /* ========================================
   2:.\CAN_Communication.c ****  *
   3:.\CAN_Communication.c ****  * Copyright BioBot Instrumentation, 2015
   4:.\CAN_Communication.c ****  * All Rights Reserved
   5:.\CAN_Communication.c ****  * UNPUBLISHED, LICENSED SOFTWARE.
   6:.\CAN_Communication.c ****  *
   7:.\CAN_Communication.c ****  * CONFIDENTIAL AND PROPRIETARY INFORMATION
   8:.\CAN_Communication.c ****  * WHICH IS THE PROPERTY OF BioBot Instrumentation.
   9:.\CAN_Communication.c ****  *
  10:.\CAN_Communication.c ****  * WRITTEN BY : Philippe-Antoine Major &
  11:.\CAN_Communication.c ****  *              Louis-Vincent Major
  12:.\CAN_Communication.c ****  * ========================================
  13:.\CAN_Communication.c **** */
  14:.\CAN_Communication.c **** 
  15:.\CAN_Communication.c **** #include "CAN_Communication.h"
  16:.\CAN_Communication.c **** 
  17:.\CAN_Communication.c **** 
  18:.\CAN_Communication.c **** int8 can_sendMessage(CAN_MSG* msgPtr, uint32 CAN_ID);
  19:.\CAN_Communication.c **** 
  20:.\CAN_Communication.c **** 
  21:.\CAN_Communication.c **** // Retrieve the messages in the order they were received by the master. (FIFO)
  22:.\CAN_Communication.c **** CAN_MSG can_getReceivedMessage()
  23:.\CAN_Communication.c **** {
  27              		.loc 1 23 0
  28              		.cfi_startproc
  29              		@ args = 0, pretend = 0, frame = 24
  30              		@ frame_needed = 1, uses_anonymous_args = 0
  31              		@ link register save eliminated.
  32 0000 90B4     		push	{r4, r7}
  33              		.cfi_def_cfa_offset 8
  34              		.cfi_offset 4, -8
ARM GAS  C:\Users\plod1602\AppData\Local\Temp\ccFz1Zlg.s 			page 2


  35              		.cfi_offset 7, -4
  36 0002 86B0     		sub	sp, sp, #24
  37              		.cfi_def_cfa_offset 32
  38 0004 00AF     		add	r7, sp, #0
  39              		.cfi_def_cfa_register 7
  40 0006 7860     		str	r0, [r7, #4]
  24:.\CAN_Communication.c ****     CAN_MSG msgToTreat = receivedMsgs[msgToBeTreatedIndex];
  41              		.loc 1 24 0
  42 0008 144B     		ldr	r3, .L3
  43 000a 1B68     		ldr	r3, [r3]
  44 000c 144A     		ldr	r2, .L3+4
  45 000e 1B01     		lsls	r3, r3, #4
  46 0010 1344     		add	r3, r3, r2
  47 0012 07F10804 		add	r4, r7, #8
  48 0016 0FCB     		ldmia	r3, {r0, r1, r2, r3}
  49 0018 84E80F00 		stmia	r4, {r0, r1, r2, r3}
  25:.\CAN_Communication.c ****     msgToBeTreatedIndex = (msgToBeTreatedIndex+1) % MAX_MSG_BUFFER_SIZE;
  50              		.loc 1 25 0
  51 001c 0F4B     		ldr	r3, .L3
  52 001e 1B68     		ldr	r3, [r3]
  53 0020 5A1C     		adds	r2, r3, #1
  54 0022 104B     		ldr	r3, .L3+8
  55 0024 83FB0213 		smull	r1, r3, r3, r2
  56 0028 1911     		asrs	r1, r3, #4
  57 002a D317     		asrs	r3, r2, #31
  58 002c CB1A     		subs	r3, r1, r3
  59 002e 3221     		movs	r1, #50
  60 0030 01FB03F3 		mul	r3, r1, r3
  61 0034 D31A     		subs	r3, r2, r3
  62 0036 094A     		ldr	r2, .L3
  63 0038 1360     		str	r3, [r2]
  26:.\CAN_Communication.c ****     messageToBeTreatedCount -= 1;
  64              		.loc 1 26 0
  65 003a 0B4B     		ldr	r3, .L3+12
  66 003c 1B68     		ldr	r3, [r3]
  67 003e 013B     		subs	r3, r3, #1
  68 0040 094A     		ldr	r2, .L3+12
  69 0042 1360     		str	r3, [r2]
  27:.\CAN_Communication.c ****     
  28:.\CAN_Communication.c ****     return msgToTreat;
  70              		.loc 1 28 0
  71 0044 7B68     		ldr	r3, [r7, #4]
  72 0046 1C46     		mov	r4, r3
  73 0048 07F10803 		add	r3, r7, #8
  74 004c 0FCB     		ldmia	r3, {r0, r1, r2, r3}
  75 004e 84E80F00 		stmia	r4, {r0, r1, r2, r3}
  29:.\CAN_Communication.c **** }
  76              		.loc 1 29 0
  77 0052 7868     		ldr	r0, [r7, #4]
  78 0054 1837     		adds	r7, r7, #24
  79              		.cfi_def_cfa_offset 8
  80 0056 BD46     		mov	sp, r7
  81              		.cfi_def_cfa_register 13
  82              		@ sp needed
  83 0058 90BC     		pop	{r4, r7}
  84              		.cfi_restore 7
  85              		.cfi_restore 4
ARM GAS  C:\Users\plod1602\AppData\Local\Temp\ccFz1Zlg.s 			page 3


  86              		.cfi_def_cfa_offset 0
  87 005a 7047     		bx	lr
  88              	.L4:
  89              		.align	2
  90              	.L3:
  91 005c 00000000 		.word	msgToBeTreatedIndex
  92 0060 00000000 		.word	receivedMsgs
  93 0064 1F85EB51 		.word	1374389535
  94 0068 00000000 		.word	messageToBeTreatedCount
  95              		.cfi_endproc
  96              	.LFE56:
  97              		.size	can_getReceivedMessage, .-can_getReceivedMessage
  98              		.section	.text.sendDataToCAN,"ax",%progbits
  99              		.align	2
 100              		.global	sendDataToCAN
 101              		.thumb
 102              		.thumb_func
 103              		.type	sendDataToCAN, %function
 104              	sendDataToCAN:
 105              	.LFB57:
  30:.\CAN_Communication.c **** 
  31:.\CAN_Communication.c **** void sendDataToCAN(uint8 instruction, uint8 byte1, uint8 byte2, uint8 byte3, uint8 byte4, uint8 byt
  32:.\CAN_Communication.c **** {
 106              		.loc 1 32 0
 107              		.cfi_startproc
 108              		@ args = 16, pretend = 0, frame = 24
 109              		@ frame_needed = 1, uses_anonymous_args = 0
 110 0000 90B5     		push	{r4, r7, lr}
 111              		.cfi_def_cfa_offset 12
 112              		.cfi_offset 4, -12
 113              		.cfi_offset 7, -8
 114              		.cfi_offset 14, -4
 115 0002 87B0     		sub	sp, sp, #28
 116              		.cfi_def_cfa_offset 40
 117 0004 00AF     		add	r7, sp, #0
 118              		.cfi_def_cfa_register 7
 119 0006 0446     		mov	r4, r0
 120 0008 0846     		mov	r0, r1
 121 000a 1146     		mov	r1, r2
 122 000c 1A46     		mov	r2, r3
 123 000e 2346     		mov	r3, r4
 124 0010 FB71     		strb	r3, [r7, #7]
 125 0012 0346     		mov	r3, r0
 126 0014 BB71     		strb	r3, [r7, #6]
 127 0016 0B46     		mov	r3, r1
 128 0018 7B71     		strb	r3, [r7, #5]
 129 001a 1346     		mov	r3, r2
 130 001c 3B71     		strb	r3, [r7, #4]
  33:.\CAN_Communication.c ****     CAN_MSG msg = {{  instruction,
 131              		.loc 1 33 0
 132 001e FB79     		ldrb	r3, [r7, #7]
 133 0020 3B72     		strb	r3, [r7, #8]
 134 0022 BB79     		ldrb	r3, [r7, #6]
 135 0024 7B72     		strb	r3, [r7, #9]
 136 0026 7B79     		ldrb	r3, [r7, #5]
 137 0028 BB72     		strb	r3, [r7, #10]
 138 002a 3B79     		ldrb	r3, [r7, #4]
ARM GAS  C:\Users\plod1602\AppData\Local\Temp\ccFz1Zlg.s 			page 4


 139 002c FB72     		strb	r3, [r7, #11]
 140 002e 97F82830 		ldrb	r3, [r7, #40]
 141 0032 3B73     		strb	r3, [r7, #12]
 142 0034 97F82C30 		ldrb	r3, [r7, #44]
 143 0038 7B73     		strb	r3, [r7, #13]
 144 003a 97F83030 		ldrb	r3, [r7, #48]
 145 003e BB73     		strb	r3, [r7, #14]
 146 0040 97F83430 		ldrb	r3, [r7, #52]
 147 0044 FB73     		strb	r3, [r7, #15]
 148 0046 0823     		movs	r3, #8
 149 0048 3B74     		strb	r3, [r7, #16]
 150 004a FF23     		movs	r3, #255
 151 004c 7B61     		str	r3, [r7, #20]
  34:.\CAN_Communication.c ****                       byte1,byte2,byte3,byte4,byte5,byte6,byte7},
  35:.\CAN_Communication.c ****                       8,{0xFF}}; // Sets the first bytes of the message.
  36:.\CAN_Communication.c ****     can_sendMessage(&msg,0xFF);  
 152              		.loc 1 36 0
 153 004e 07F10803 		add	r3, r7, #8
 154 0052 1846     		mov	r0, r3
 155 0054 FF21     		movs	r1, #255
 156 0056 FFF7FEFF 		bl	can_sendMessage
  37:.\CAN_Communication.c **** }
 157              		.loc 1 37 0
 158 005a 1C37     		adds	r7, r7, #28
 159              		.cfi_def_cfa_offset 12
 160 005c BD46     		mov	sp, r7
 161              		.cfi_def_cfa_register 13
 162              		@ sp needed
 163 005e 90BD     		pop	{r4, r7, pc}
 164              		.cfi_endproc
 165              	.LFE57:
 166              		.size	sendDataToCAN, .-sendDataToCAN
 167              		.section	.text.can_sendMessage,"ax",%progbits
 168              		.align	2
 169              		.global	can_sendMessage
 170              		.thumb
 171              		.thumb_func
 172              		.type	can_sendMessage, %function
 173              	can_sendMessage:
 174              	.LFB58:
  38:.\CAN_Communication.c **** 
  39:.\CAN_Communication.c **** 
  40:.\CAN_Communication.c **** // Send a message on the CAN Bus.
  41:.\CAN_Communication.c **** int8 can_sendMessage(CAN_MSG* msgPtr, uint32 CAN_ID)
  42:.\CAN_Communication.c **** {
 175              		.loc 1 42 0
 176              		.cfi_startproc
 177              		@ args = 0, pretend = 0, frame = 24
 178              		@ frame_needed = 1, uses_anonymous_args = 0
 179 0000 80B5     		push	{r7, lr}
 180              		.cfi_def_cfa_offset 8
 181              		.cfi_offset 7, -8
 182              		.cfi_offset 14, -4
 183 0002 86B0     		sub	sp, sp, #24
 184              		.cfi_def_cfa_offset 32
 185 0004 00AF     		add	r7, sp, #0
 186              		.cfi_def_cfa_register 7
ARM GAS  C:\Users\plod1602\AppData\Local\Temp\ccFz1Zlg.s 			page 5


 187 0006 7860     		str	r0, [r7, #4]
 188 0008 3960     		str	r1, [r7]
  43:.\CAN_Communication.c ****     CAN_1_TX_MSG msgToSend;
  44:.\CAN_Communication.c ****     
  45:.\CAN_Communication.c ****     msgToSend.id = CAN_ID;   
 189              		.loc 1 45 0
 190 000a 3B68     		ldr	r3, [r7]
 191 000c FB60     		str	r3, [r7, #12]
  46:.\CAN_Communication.c ****     msgToSend.rtr = MSG_RTR;
 192              		.loc 1 46 0
 193 000e 0023     		movs	r3, #0
 194 0010 3B74     		strb	r3, [r7, #16]
  47:.\CAN_Communication.c ****     msgToSend.ide = MSG_IDE;
 195              		.loc 1 47 0
 196 0012 0023     		movs	r3, #0
 197 0014 7B74     		strb	r3, [r7, #17]
  48:.\CAN_Communication.c ****     msgToSend.irq = MSG_IRQ;
 198              		.loc 1 48 0
 199 0016 0023     		movs	r3, #0
 200 0018 FB74     		strb	r3, [r7, #19]
  49:.\CAN_Communication.c ****     msgToSend.msg = &msgPtr->msgBytes;
 201              		.loc 1 49 0
 202 001a 7B68     		ldr	r3, [r7, #4]
 203 001c 7B61     		str	r3, [r7, #20]
  50:.\CAN_Communication.c ****     msgToSend.dlc = msgPtr->DLC;
 204              		.loc 1 50 0
 205 001e 7B68     		ldr	r3, [r7, #4]
 206 0020 1B7A     		ldrb	r3, [r3, #8]	@ zero_extendqisi2
 207 0022 BB74     		strb	r3, [r7, #18]
  51:.\CAN_Communication.c ****     
  52:.\CAN_Communication.c ****     CAN_1_SendMsg(&msgToSend);
 208              		.loc 1 52 0
 209 0024 07F10C03 		add	r3, r7, #12
 210 0028 1846     		mov	r0, r3
 211 002a FFF7FEFF 		bl	CAN_1_SendMsg
  53:.\CAN_Communication.c ****     return 1;
 212              		.loc 1 53 0
 213 002e 0123     		movs	r3, #1
 214 0030 5BB2     		sxtb	r3, r3
  54:.\CAN_Communication.c **** }
 215              		.loc 1 54 0
 216 0032 1846     		mov	r0, r3
 217 0034 1837     		adds	r7, r7, #24
 218              		.cfi_def_cfa_offset 8
 219 0036 BD46     		mov	sp, r7
 220              		.cfi_def_cfa_register 13
 221              		@ sp needed
 222 0038 80BD     		pop	{r7, pc}
 223              		.cfi_endproc
 224              	.LFE58:
 225              		.size	can_sendMessage, .-can_sendMessage
 226 003a 00BF     		.text
 227              	.Letext0:
 228              		.file 2 "c:\\program files (x86)\\cypress\\psoc creator\\3.3\\psoc creator\\import\\gnu\\arm\\4.9.
 229              		.file 3 "c:\\program files (x86)\\cypress\\psoc creator\\3.3\\psoc creator\\import\\gnu\\arm\\4.9.
 230              		.file 4 "Generated_Source\\PSoC5/cytypes.h"
 231              		.file 5 "Generated_Source\\PSoC5/CAN_1.h"
ARM GAS  C:\Users\plod1602\AppData\Local\Temp\ccFz1Zlg.s 			page 6


 232              		.file 6 ".\\CAN_Communication.h"
 233              		.file 7 "Generated_Source\\PSoC5/core_cm3.h"
 234              		.section	.debug_info,"",%progbits
 235              	.Ldebug_info0:
 236 0000 CC020000 		.4byte	0x2cc
 237 0004 0400     		.2byte	0x4
 238 0006 00000000 		.4byte	.Ldebug_abbrev0
 239 000a 04       		.byte	0x4
 240 000b 01       		.uleb128 0x1
 241 000c 76000000 		.4byte	.LASF41
 242 0010 01       		.byte	0x1
 243 0011 8D010000 		.4byte	.LASF42
 244 0015 08000000 		.4byte	.LASF43
 245 0019 00000000 		.4byte	.Ldebug_ranges0+0
 246 001d 00000000 		.4byte	0
 247 0021 00000000 		.4byte	.Ldebug_line0
 248 0025 02       		.uleb128 0x2
 249 0026 01       		.byte	0x1
 250 0027 06       		.byte	0x6
 251 0028 8B020000 		.4byte	.LASF0
 252 002c 02       		.uleb128 0x2
 253 002d 01       		.byte	0x1
 254 002e 08       		.byte	0x8
 255 002f 20010000 		.4byte	.LASF1
 256 0033 02       		.uleb128 0x2
 257 0034 02       		.byte	0x2
 258 0035 05       		.byte	0x5
 259 0036 04010000 		.4byte	.LASF2
 260 003a 02       		.uleb128 0x2
 261 003b 02       		.byte	0x2
 262 003c 07       		.byte	0x7
 263 003d 97020000 		.4byte	.LASF3
 264 0041 03       		.uleb128 0x3
 265 0042 56000000 		.4byte	.LASF9
 266 0046 02       		.byte	0x2
 267 0047 3F       		.byte	0x3f
 268 0048 4C000000 		.4byte	0x4c
 269 004c 02       		.uleb128 0x2
 270 004d 04       		.byte	0x4
 271 004e 05       		.byte	0x5
 272 004f 60000000 		.4byte	.LASF4
 273 0053 02       		.uleb128 0x2
 274 0054 04       		.byte	0x4
 275 0055 07       		.byte	0x7
 276 0056 70010000 		.4byte	.LASF5
 277 005a 02       		.uleb128 0x2
 278 005b 08       		.byte	0x8
 279 005c 05       		.byte	0x5
 280 005d 1A020000 		.4byte	.LASF6
 281 0061 02       		.uleb128 0x2
 282 0062 08       		.byte	0x8
 283 0063 07       		.byte	0x7
 284 0064 C3010000 		.4byte	.LASF7
 285 0068 04       		.uleb128 0x4
 286 0069 04       		.byte	0x4
 287 006a 05       		.byte	0x5
 288 006b 696E7400 		.ascii	"int\000"
ARM GAS  C:\Users\plod1602\AppData\Local\Temp\ccFz1Zlg.s 			page 7


 289 006f 02       		.uleb128 0x2
 290 0070 04       		.byte	0x4
 291 0071 07       		.byte	0x7
 292 0072 B6010000 		.4byte	.LASF8
 293 0076 03       		.uleb128 0x3
 294 0077 09020000 		.4byte	.LASF10
 295 007b 03       		.byte	0x3
 296 007c 2C       		.byte	0x2c
 297 007d 41000000 		.4byte	0x41
 298 0081 03       		.uleb128 0x3
 299 0082 5B020000 		.4byte	.LASF11
 300 0086 04       		.byte	0x4
 301 0087 A1       		.byte	0xa1
 302 0088 2C000000 		.4byte	0x2c
 303 008c 03       		.uleb128 0x3
 304 008d A8010000 		.4byte	.LASF12
 305 0091 04       		.byte	0x4
 306 0092 A3       		.byte	0xa3
 307 0093 53000000 		.4byte	0x53
 308 0097 03       		.uleb128 0x3
 309 0098 A3010000 		.4byte	.LASF13
 310 009c 04       		.byte	0x4
 311 009d A4       		.byte	0xa4
 312 009e 25000000 		.4byte	0x25
 313 00a2 02       		.uleb128 0x2
 314 00a3 04       		.byte	0x4
 315 00a4 04       		.byte	0x4
 316 00a5 1A010000 		.4byte	.LASF14
 317 00a9 02       		.uleb128 0x2
 318 00aa 08       		.byte	0x8
 319 00ab 04       		.byte	0x4
 320 00ac 0E010000 		.4byte	.LASF15
 321 00b0 02       		.uleb128 0x2
 322 00b1 01       		.byte	0x1
 323 00b2 08       		.byte	0x8
 324 00b3 28020000 		.4byte	.LASF16
 325 00b7 02       		.uleb128 0x2
 326 00b8 04       		.byte	0x4
 327 00b9 07       		.byte	0x7
 328 00ba 11020000 		.4byte	.LASF17
 329 00be 05       		.uleb128 0x5
 330 00bf 08       		.byte	0x8
 331 00c0 05       		.byte	0x5
 332 00c1 6F       		.byte	0x6f
 333 00c2 D3000000 		.4byte	0xd3
 334 00c6 06       		.uleb128 0x6
 335 00c7 15010000 		.4byte	.LASF19
 336 00cb 05       		.byte	0x5
 337 00cc 71       		.byte	0x71
 338 00cd D3000000 		.4byte	0xd3
 339 00d1 00       		.byte	0
 340 00d2 00       		.byte	0
 341 00d3 07       		.uleb128 0x7
 342 00d4 81000000 		.4byte	0x81
 343 00d8 E3000000 		.4byte	0xe3
 344 00dc 08       		.uleb128 0x8
 345 00dd B7000000 		.4byte	0xb7
ARM GAS  C:\Users\plod1602\AppData\Local\Temp\ccFz1Zlg.s 			page 8


 346 00e1 07       		.byte	0x7
 347 00e2 00       		.byte	0
 348 00e3 03       		.uleb128 0x3
 349 00e4 2D020000 		.4byte	.LASF18
 350 00e8 05       		.byte	0x5
 351 00e9 72       		.byte	0x72
 352 00ea BE000000 		.4byte	0xbe
 353 00ee 05       		.uleb128 0x5
 354 00ef 0C       		.byte	0xc
 355 00f0 05       		.byte	0x5
 356 00f1 81       		.byte	0x81
 357 00f2 3E010000 		.4byte	0x13e
 358 00f6 09       		.uleb128 0x9
 359 00f7 696400   		.ascii	"id\000"
 360 00fa 05       		.byte	0x5
 361 00fb 83       		.byte	0x83
 362 00fc 8C000000 		.4byte	0x8c
 363 0100 00       		.byte	0
 364 0101 09       		.uleb128 0x9
 365 0102 72747200 		.ascii	"rtr\000"
 366 0106 05       		.byte	0x5
 367 0107 84       		.byte	0x84
 368 0108 81000000 		.4byte	0x81
 369 010c 04       		.byte	0x4
 370 010d 09       		.uleb128 0x9
 371 010e 69646500 		.ascii	"ide\000"
 372 0112 05       		.byte	0x5
 373 0113 85       		.byte	0x85
 374 0114 81000000 		.4byte	0x81
 375 0118 05       		.byte	0x5
 376 0119 09       		.uleb128 0x9
 377 011a 646C6300 		.ascii	"dlc\000"
 378 011e 05       		.byte	0x5
 379 011f 86       		.byte	0x86
 380 0120 81000000 		.4byte	0x81
 381 0124 06       		.byte	0x6
 382 0125 09       		.uleb128 0x9
 383 0126 69727100 		.ascii	"irq\000"
 384 012a 05       		.byte	0x5
 385 012b 87       		.byte	0x87
 386 012c 81000000 		.4byte	0x81
 387 0130 07       		.byte	0x7
 388 0131 09       		.uleb128 0x9
 389 0132 6D736700 		.ascii	"msg\000"
 390 0136 05       		.byte	0x5
 391 0137 8B       		.byte	0x8b
 392 0138 3E010000 		.4byte	0x13e
 393 013c 08       		.byte	0x8
 394 013d 00       		.byte	0
 395 013e 0A       		.uleb128 0xa
 396 013f 04       		.byte	0x4
 397 0140 E3000000 		.4byte	0xe3
 398 0144 03       		.uleb128 0x3
 399 0145 69000000 		.4byte	.LASF20
 400 0149 05       		.byte	0x5
 401 014a 8C       		.byte	0x8c
 402 014b EE000000 		.4byte	0xee
ARM GAS  C:\Users\plod1602\AppData\Local\Temp\ccFz1Zlg.s 			page 9


 403 014f 05       		.uleb128 0x5
 404 0150 10       		.byte	0x10
 405 0151 06       		.byte	0x6
 406 0152 29       		.byte	0x29
 407 0153 7C010000 		.4byte	0x17c
 408 0157 06       		.uleb128 0x6
 409 0158 42020000 		.4byte	.LASF21
 410 015c 06       		.byte	0x6
 411 015d 2E       		.byte	0x2e
 412 015e E3000000 		.4byte	0xe3
 413 0162 00       		.byte	0
 414 0163 09       		.uleb128 0x9
 415 0164 444C4300 		.ascii	"DLC\000"
 416 0168 06       		.byte	0x6
 417 0169 2F       		.byte	0x2f
 418 016a 81000000 		.4byte	0x81
 419 016e 08       		.byte	0x8
 420 016f 06       		.uleb128 0x6
 421 0170 AF010000 		.4byte	.LASF22
 422 0174 06       		.byte	0x6
 423 0175 30       		.byte	0x30
 424 0176 8C000000 		.4byte	0x8c
 425 017a 0C       		.byte	0xc
 426 017b 00       		.byte	0
 427 017c 03       		.uleb128 0x3
 428 017d 00000000 		.4byte	.LASF23
 429 0181 06       		.byte	0x6
 430 0182 31       		.byte	0x31
 431 0183 4F010000 		.4byte	0x14f
 432 0187 0B       		.uleb128 0xb
 433 0188 AA020000 		.4byte	.LASF33
 434 018c 01       		.byte	0x1
 435 018d 16       		.byte	0x16
 436 018e 7C010000 		.4byte	0x17c
 437 0192 00000000 		.4byte	.LFB56
 438 0196 6C000000 		.4byte	.LFE56-.LFB56
 439 019a 01       		.uleb128 0x1
 440 019b 9C       		.byte	0x9c
 441 019c AF010000 		.4byte	0x1af
 442 01a0 0C       		.uleb128 0xc
 443 01a1 82010000 		.4byte	.LASF32
 444 01a5 01       		.byte	0x1
 445 01a6 18       		.byte	0x18
 446 01a7 7C010000 		.4byte	0x17c
 447 01ab 02       		.uleb128 0x2
 448 01ac 91       		.byte	0x91
 449 01ad 68       		.sleb128 -24
 450 01ae 00       		.byte	0
 451 01af 0D       		.uleb128 0xd
 452 01b0 FB010000 		.4byte	.LASF44
 453 01b4 01       		.byte	0x1
 454 01b5 1F       		.byte	0x1f
 455 01b6 00000000 		.4byte	.LFB57
 456 01ba 60000000 		.4byte	.LFE57-.LFB57
 457 01be 01       		.uleb128 0x1
 458 01bf 9C       		.byte	0x9c
 459 01c0 43020000 		.4byte	0x243
ARM GAS  C:\Users\plod1602\AppData\Local\Temp\ccFz1Zlg.s 			page 10


 460 01c4 0E       		.uleb128 0xe
 461 01c5 79020000 		.4byte	.LASF24
 462 01c9 01       		.byte	0x1
 463 01ca 1F       		.byte	0x1f
 464 01cb 81000000 		.4byte	0x81
 465 01cf 02       		.uleb128 0x2
 466 01d0 91       		.byte	0x91
 467 01d1 5F       		.sleb128 -33
 468 01d2 0E       		.uleb128 0xe
 469 01d3 42010000 		.4byte	.LASF25
 470 01d7 01       		.byte	0x1
 471 01d8 1F       		.byte	0x1f
 472 01d9 81000000 		.4byte	0x81
 473 01dd 02       		.uleb128 0x2
 474 01de 91       		.byte	0x91
 475 01df 5E       		.sleb128 -34
 476 01e0 0E       		.uleb128 0xe
 477 01e1 48010000 		.4byte	.LASF26
 478 01e5 01       		.byte	0x1
 479 01e6 1F       		.byte	0x1f
 480 01e7 81000000 		.4byte	0x81
 481 01eb 02       		.uleb128 0x2
 482 01ec 91       		.byte	0x91
 483 01ed 5D       		.sleb128 -35
 484 01ee 0E       		.uleb128 0xe
 485 01ef 4E010000 		.4byte	.LASF27
 486 01f3 01       		.byte	0x1
 487 01f4 1F       		.byte	0x1f
 488 01f5 81000000 		.4byte	0x81
 489 01f9 02       		.uleb128 0x2
 490 01fa 91       		.byte	0x91
 491 01fb 5C       		.sleb128 -36
 492 01fc 0E       		.uleb128 0xe
 493 01fd 54010000 		.4byte	.LASF28
 494 0201 01       		.byte	0x1
 495 0202 1F       		.byte	0x1f
 496 0203 81000000 		.4byte	0x81
 497 0207 02       		.uleb128 0x2
 498 0208 91       		.byte	0x91
 499 0209 00       		.sleb128 0
 500 020a 0E       		.uleb128 0xe
 501 020b 85020000 		.4byte	.LASF29
 502 020f 01       		.byte	0x1
 503 0210 1F       		.byte	0x1f
 504 0211 81000000 		.4byte	0x81
 505 0215 02       		.uleb128 0x2
 506 0216 91       		.byte	0x91
 507 0217 04       		.sleb128 4
 508 0218 0E       		.uleb128 0xe
 509 0219 5A010000 		.4byte	.LASF30
 510 021d 01       		.byte	0x1
 511 021e 1F       		.byte	0x1f
 512 021f 81000000 		.4byte	0x81
 513 0223 02       		.uleb128 0x2
 514 0224 91       		.byte	0x91
 515 0225 08       		.sleb128 8
 516 0226 0E       		.uleb128 0xe
ARM GAS  C:\Users\plod1602\AppData\Local\Temp\ccFz1Zlg.s 			page 11


 517 0227 60010000 		.4byte	.LASF31
 518 022b 01       		.byte	0x1
 519 022c 1F       		.byte	0x1f
 520 022d 81000000 		.4byte	0x81
 521 0231 02       		.uleb128 0x2
 522 0232 91       		.byte	0x91
 523 0233 0C       		.sleb128 12
 524 0234 0F       		.uleb128 0xf
 525 0235 6D736700 		.ascii	"msg\000"
 526 0239 01       		.byte	0x1
 527 023a 21       		.byte	0x21
 528 023b 7C010000 		.4byte	0x17c
 529 023f 02       		.uleb128 0x2
 530 0240 91       		.byte	0x91
 531 0241 60       		.sleb128 -32
 532 0242 00       		.byte	0
 533 0243 10       		.uleb128 0x10
 534 0244 4B020000 		.4byte	.LASF34
 535 0248 01       		.byte	0x1
 536 0249 29       		.byte	0x29
 537 024a 97000000 		.4byte	0x97
 538 024e 00000000 		.4byte	.LFB58
 539 0252 3A000000 		.4byte	.LFE58-.LFB58
 540 0256 01       		.uleb128 0x1
 541 0257 9C       		.byte	0x9c
 542 0258 87020000 		.4byte	0x287
 543 025c 0E       		.uleb128 0xe
 544 025d 3B010000 		.4byte	.LASF35
 545 0261 01       		.byte	0x1
 546 0262 29       		.byte	0x29
 547 0263 87020000 		.4byte	0x287
 548 0267 02       		.uleb128 0x2
 549 0268 91       		.byte	0x91
 550 0269 64       		.sleb128 -28
 551 026a 0E       		.uleb128 0xe
 552 026b AF010000 		.4byte	.LASF22
 553 026f 01       		.byte	0x1
 554 0270 29       		.byte	0x29
 555 0271 8C000000 		.4byte	0x8c
 556 0275 02       		.uleb128 0x2
 557 0276 91       		.byte	0x91
 558 0277 60       		.sleb128 -32
 559 0278 0C       		.uleb128 0xc
 560 0279 66010000 		.4byte	.LASF36
 561 027d 01       		.byte	0x1
 562 027e 2B       		.byte	0x2b
 563 027f 44010000 		.4byte	0x144
 564 0283 02       		.uleb128 0x2
 565 0284 91       		.byte	0x91
 566 0285 6C       		.sleb128 -20
 567 0286 00       		.byte	0
 568 0287 0A       		.uleb128 0xa
 569 0288 04       		.byte	0x4
 570 0289 7C010000 		.4byte	0x17c
 571 028d 11       		.uleb128 0x11
 572 028e EE010000 		.4byte	.LASF37
 573 0292 07       		.byte	0x7
ARM GAS  C:\Users\plod1602\AppData\Local\Temp\ccFz1Zlg.s 			page 12


 574 0293 1606     		.2byte	0x616
 575 0295 99020000 		.4byte	0x299
 576 0299 12       		.uleb128 0x12
 577 029a 76000000 		.4byte	0x76
 578 029e 13       		.uleb128 0x13
 579 029f DA010000 		.4byte	.LASF38
 580 02a3 06       		.byte	0x6
 581 02a4 35       		.byte	0x35
 582 02a5 68000000 		.4byte	0x68
 583 02a9 13       		.uleb128 0x13
 584 02aa 61020000 		.4byte	.LASF39
 585 02ae 06       		.byte	0x6
 586 02af 37       		.byte	0x37
 587 02b0 68000000 		.4byte	0x68
 588 02b4 07       		.uleb128 0x7
 589 02b5 7C010000 		.4byte	0x17c
 590 02b9 C4020000 		.4byte	0x2c4
 591 02bd 08       		.uleb128 0x8
 592 02be B7000000 		.4byte	0xb7
 593 02c2 31       		.byte	0x31
 594 02c3 00       		.byte	0
 595 02c4 13       		.uleb128 0x13
 596 02c5 2E010000 		.4byte	.LASF40
 597 02c9 06       		.byte	0x6
 598 02ca 38       		.byte	0x38
 599 02cb B4020000 		.4byte	0x2b4
 600 02cf 00       		.byte	0
 601              		.section	.debug_abbrev,"",%progbits
 602              	.Ldebug_abbrev0:
 603 0000 01       		.uleb128 0x1
 604 0001 11       		.uleb128 0x11
 605 0002 01       		.byte	0x1
 606 0003 25       		.uleb128 0x25
 607 0004 0E       		.uleb128 0xe
 608 0005 13       		.uleb128 0x13
 609 0006 0B       		.uleb128 0xb
 610 0007 03       		.uleb128 0x3
 611 0008 0E       		.uleb128 0xe
 612 0009 1B       		.uleb128 0x1b
 613 000a 0E       		.uleb128 0xe
 614 000b 55       		.uleb128 0x55
 615 000c 17       		.uleb128 0x17
 616 000d 11       		.uleb128 0x11
 617 000e 01       		.uleb128 0x1
 618 000f 10       		.uleb128 0x10
 619 0010 17       		.uleb128 0x17
 620 0011 00       		.byte	0
 621 0012 00       		.byte	0
 622 0013 02       		.uleb128 0x2
 623 0014 24       		.uleb128 0x24
 624 0015 00       		.byte	0
 625 0016 0B       		.uleb128 0xb
 626 0017 0B       		.uleb128 0xb
 627 0018 3E       		.uleb128 0x3e
 628 0019 0B       		.uleb128 0xb
 629 001a 03       		.uleb128 0x3
 630 001b 0E       		.uleb128 0xe
ARM GAS  C:\Users\plod1602\AppData\Local\Temp\ccFz1Zlg.s 			page 13


 631 001c 00       		.byte	0
 632 001d 00       		.byte	0
 633 001e 03       		.uleb128 0x3
 634 001f 16       		.uleb128 0x16
 635 0020 00       		.byte	0
 636 0021 03       		.uleb128 0x3
 637 0022 0E       		.uleb128 0xe
 638 0023 3A       		.uleb128 0x3a
 639 0024 0B       		.uleb128 0xb
 640 0025 3B       		.uleb128 0x3b
 641 0026 0B       		.uleb128 0xb
 642 0027 49       		.uleb128 0x49
 643 0028 13       		.uleb128 0x13
 644 0029 00       		.byte	0
 645 002a 00       		.byte	0
 646 002b 04       		.uleb128 0x4
 647 002c 24       		.uleb128 0x24
 648 002d 00       		.byte	0
 649 002e 0B       		.uleb128 0xb
 650 002f 0B       		.uleb128 0xb
 651 0030 3E       		.uleb128 0x3e
 652 0031 0B       		.uleb128 0xb
 653 0032 03       		.uleb128 0x3
 654 0033 08       		.uleb128 0x8
 655 0034 00       		.byte	0
 656 0035 00       		.byte	0
 657 0036 05       		.uleb128 0x5
 658 0037 13       		.uleb128 0x13
 659 0038 01       		.byte	0x1
 660 0039 0B       		.uleb128 0xb
 661 003a 0B       		.uleb128 0xb
 662 003b 3A       		.uleb128 0x3a
 663 003c 0B       		.uleb128 0xb
 664 003d 3B       		.uleb128 0x3b
 665 003e 0B       		.uleb128 0xb
 666 003f 01       		.uleb128 0x1
 667 0040 13       		.uleb128 0x13
 668 0041 00       		.byte	0
 669 0042 00       		.byte	0
 670 0043 06       		.uleb128 0x6
 671 0044 0D       		.uleb128 0xd
 672 0045 00       		.byte	0
 673 0046 03       		.uleb128 0x3
 674 0047 0E       		.uleb128 0xe
 675 0048 3A       		.uleb128 0x3a
 676 0049 0B       		.uleb128 0xb
 677 004a 3B       		.uleb128 0x3b
 678 004b 0B       		.uleb128 0xb
 679 004c 49       		.uleb128 0x49
 680 004d 13       		.uleb128 0x13
 681 004e 38       		.uleb128 0x38
 682 004f 0B       		.uleb128 0xb
 683 0050 00       		.byte	0
 684 0051 00       		.byte	0
 685 0052 07       		.uleb128 0x7
 686 0053 01       		.uleb128 0x1
 687 0054 01       		.byte	0x1
ARM GAS  C:\Users\plod1602\AppData\Local\Temp\ccFz1Zlg.s 			page 14


 688 0055 49       		.uleb128 0x49
 689 0056 13       		.uleb128 0x13
 690 0057 01       		.uleb128 0x1
 691 0058 13       		.uleb128 0x13
 692 0059 00       		.byte	0
 693 005a 00       		.byte	0
 694 005b 08       		.uleb128 0x8
 695 005c 21       		.uleb128 0x21
 696 005d 00       		.byte	0
 697 005e 49       		.uleb128 0x49
 698 005f 13       		.uleb128 0x13
 699 0060 2F       		.uleb128 0x2f
 700 0061 0B       		.uleb128 0xb
 701 0062 00       		.byte	0
 702 0063 00       		.byte	0
 703 0064 09       		.uleb128 0x9
 704 0065 0D       		.uleb128 0xd
 705 0066 00       		.byte	0
 706 0067 03       		.uleb128 0x3
 707 0068 08       		.uleb128 0x8
 708 0069 3A       		.uleb128 0x3a
 709 006a 0B       		.uleb128 0xb
 710 006b 3B       		.uleb128 0x3b
 711 006c 0B       		.uleb128 0xb
 712 006d 49       		.uleb128 0x49
 713 006e 13       		.uleb128 0x13
 714 006f 38       		.uleb128 0x38
 715 0070 0B       		.uleb128 0xb
 716 0071 00       		.byte	0
 717 0072 00       		.byte	0
 718 0073 0A       		.uleb128 0xa
 719 0074 0F       		.uleb128 0xf
 720 0075 00       		.byte	0
 721 0076 0B       		.uleb128 0xb
 722 0077 0B       		.uleb128 0xb
 723 0078 49       		.uleb128 0x49
 724 0079 13       		.uleb128 0x13
 725 007a 00       		.byte	0
 726 007b 00       		.byte	0
 727 007c 0B       		.uleb128 0xb
 728 007d 2E       		.uleb128 0x2e
 729 007e 01       		.byte	0x1
 730 007f 3F       		.uleb128 0x3f
 731 0080 19       		.uleb128 0x19
 732 0081 03       		.uleb128 0x3
 733 0082 0E       		.uleb128 0xe
 734 0083 3A       		.uleb128 0x3a
 735 0084 0B       		.uleb128 0xb
 736 0085 3B       		.uleb128 0x3b
 737 0086 0B       		.uleb128 0xb
 738 0087 27       		.uleb128 0x27
 739 0088 19       		.uleb128 0x19
 740 0089 49       		.uleb128 0x49
 741 008a 13       		.uleb128 0x13
 742 008b 11       		.uleb128 0x11
 743 008c 01       		.uleb128 0x1
 744 008d 12       		.uleb128 0x12
ARM GAS  C:\Users\plod1602\AppData\Local\Temp\ccFz1Zlg.s 			page 15


 745 008e 06       		.uleb128 0x6
 746 008f 40       		.uleb128 0x40
 747 0090 18       		.uleb128 0x18
 748 0091 9742     		.uleb128 0x2117
 749 0093 19       		.uleb128 0x19
 750 0094 01       		.uleb128 0x1
 751 0095 13       		.uleb128 0x13
 752 0096 00       		.byte	0
 753 0097 00       		.byte	0
 754 0098 0C       		.uleb128 0xc
 755 0099 34       		.uleb128 0x34
 756 009a 00       		.byte	0
 757 009b 03       		.uleb128 0x3
 758 009c 0E       		.uleb128 0xe
 759 009d 3A       		.uleb128 0x3a
 760 009e 0B       		.uleb128 0xb
 761 009f 3B       		.uleb128 0x3b
 762 00a0 0B       		.uleb128 0xb
 763 00a1 49       		.uleb128 0x49
 764 00a2 13       		.uleb128 0x13
 765 00a3 02       		.uleb128 0x2
 766 00a4 18       		.uleb128 0x18
 767 00a5 00       		.byte	0
 768 00a6 00       		.byte	0
 769 00a7 0D       		.uleb128 0xd
 770 00a8 2E       		.uleb128 0x2e
 771 00a9 01       		.byte	0x1
 772 00aa 3F       		.uleb128 0x3f
 773 00ab 19       		.uleb128 0x19
 774 00ac 03       		.uleb128 0x3
 775 00ad 0E       		.uleb128 0xe
 776 00ae 3A       		.uleb128 0x3a
 777 00af 0B       		.uleb128 0xb
 778 00b0 3B       		.uleb128 0x3b
 779 00b1 0B       		.uleb128 0xb
 780 00b2 27       		.uleb128 0x27
 781 00b3 19       		.uleb128 0x19
 782 00b4 11       		.uleb128 0x11
 783 00b5 01       		.uleb128 0x1
 784 00b6 12       		.uleb128 0x12
 785 00b7 06       		.uleb128 0x6
 786 00b8 40       		.uleb128 0x40
 787 00b9 18       		.uleb128 0x18
 788 00ba 9642     		.uleb128 0x2116
 789 00bc 19       		.uleb128 0x19
 790 00bd 01       		.uleb128 0x1
 791 00be 13       		.uleb128 0x13
 792 00bf 00       		.byte	0
 793 00c0 00       		.byte	0
 794 00c1 0E       		.uleb128 0xe
 795 00c2 05       		.uleb128 0x5
 796 00c3 00       		.byte	0
 797 00c4 03       		.uleb128 0x3
 798 00c5 0E       		.uleb128 0xe
 799 00c6 3A       		.uleb128 0x3a
 800 00c7 0B       		.uleb128 0xb
 801 00c8 3B       		.uleb128 0x3b
ARM GAS  C:\Users\plod1602\AppData\Local\Temp\ccFz1Zlg.s 			page 16


 802 00c9 0B       		.uleb128 0xb
 803 00ca 49       		.uleb128 0x49
 804 00cb 13       		.uleb128 0x13
 805 00cc 02       		.uleb128 0x2
 806 00cd 18       		.uleb128 0x18
 807 00ce 00       		.byte	0
 808 00cf 00       		.byte	0
 809 00d0 0F       		.uleb128 0xf
 810 00d1 34       		.uleb128 0x34
 811 00d2 00       		.byte	0
 812 00d3 03       		.uleb128 0x3
 813 00d4 08       		.uleb128 0x8
 814 00d5 3A       		.uleb128 0x3a
 815 00d6 0B       		.uleb128 0xb
 816 00d7 3B       		.uleb128 0x3b
 817 00d8 0B       		.uleb128 0xb
 818 00d9 49       		.uleb128 0x49
 819 00da 13       		.uleb128 0x13
 820 00db 02       		.uleb128 0x2
 821 00dc 18       		.uleb128 0x18
 822 00dd 00       		.byte	0
 823 00de 00       		.byte	0
 824 00df 10       		.uleb128 0x10
 825 00e0 2E       		.uleb128 0x2e
 826 00e1 01       		.byte	0x1
 827 00e2 3F       		.uleb128 0x3f
 828 00e3 19       		.uleb128 0x19
 829 00e4 03       		.uleb128 0x3
 830 00e5 0E       		.uleb128 0xe
 831 00e6 3A       		.uleb128 0x3a
 832 00e7 0B       		.uleb128 0xb
 833 00e8 3B       		.uleb128 0x3b
 834 00e9 0B       		.uleb128 0xb
 835 00ea 27       		.uleb128 0x27
 836 00eb 19       		.uleb128 0x19
 837 00ec 49       		.uleb128 0x49
 838 00ed 13       		.uleb128 0x13
 839 00ee 11       		.uleb128 0x11
 840 00ef 01       		.uleb128 0x1
 841 00f0 12       		.uleb128 0x12
 842 00f1 06       		.uleb128 0x6
 843 00f2 40       		.uleb128 0x40
 844 00f3 18       		.uleb128 0x18
 845 00f4 9642     		.uleb128 0x2116
 846 00f6 19       		.uleb128 0x19
 847 00f7 01       		.uleb128 0x1
 848 00f8 13       		.uleb128 0x13
 849 00f9 00       		.byte	0
 850 00fa 00       		.byte	0
 851 00fb 11       		.uleb128 0x11
 852 00fc 34       		.uleb128 0x34
 853 00fd 00       		.byte	0
 854 00fe 03       		.uleb128 0x3
 855 00ff 0E       		.uleb128 0xe
 856 0100 3A       		.uleb128 0x3a
 857 0101 0B       		.uleb128 0xb
 858 0102 3B       		.uleb128 0x3b
ARM GAS  C:\Users\plod1602\AppData\Local\Temp\ccFz1Zlg.s 			page 17


 859 0103 05       		.uleb128 0x5
 860 0104 49       		.uleb128 0x49
 861 0105 13       		.uleb128 0x13
 862 0106 3F       		.uleb128 0x3f
 863 0107 19       		.uleb128 0x19
 864 0108 3C       		.uleb128 0x3c
 865 0109 19       		.uleb128 0x19
 866 010a 00       		.byte	0
 867 010b 00       		.byte	0
 868 010c 12       		.uleb128 0x12
 869 010d 35       		.uleb128 0x35
 870 010e 00       		.byte	0
 871 010f 49       		.uleb128 0x49
 872 0110 13       		.uleb128 0x13
 873 0111 00       		.byte	0
 874 0112 00       		.byte	0
 875 0113 13       		.uleb128 0x13
 876 0114 34       		.uleb128 0x34
 877 0115 00       		.byte	0
 878 0116 03       		.uleb128 0x3
 879 0117 0E       		.uleb128 0xe
 880 0118 3A       		.uleb128 0x3a
 881 0119 0B       		.uleb128 0xb
 882 011a 3B       		.uleb128 0x3b
 883 011b 0B       		.uleb128 0xb
 884 011c 49       		.uleb128 0x49
 885 011d 13       		.uleb128 0x13
 886 011e 3F       		.uleb128 0x3f
 887 011f 19       		.uleb128 0x19
 888 0120 3C       		.uleb128 0x3c
 889 0121 19       		.uleb128 0x19
 890 0122 00       		.byte	0
 891 0123 00       		.byte	0
 892 0124 00       		.byte	0
 893              		.section	.debug_aranges,"",%progbits
 894 0000 2C000000 		.4byte	0x2c
 895 0004 0200     		.2byte	0x2
 896 0006 00000000 		.4byte	.Ldebug_info0
 897 000a 04       		.byte	0x4
 898 000b 00       		.byte	0
 899 000c 0000     		.2byte	0
 900 000e 0000     		.2byte	0
 901 0010 00000000 		.4byte	.LFB56
 902 0014 6C000000 		.4byte	.LFE56-.LFB56
 903 0018 00000000 		.4byte	.LFB57
 904 001c 60000000 		.4byte	.LFE57-.LFB57
 905 0020 00000000 		.4byte	.LFB58
 906 0024 3A000000 		.4byte	.LFE58-.LFB58
 907 0028 00000000 		.4byte	0
 908 002c 00000000 		.4byte	0
 909              		.section	.debug_ranges,"",%progbits
 910              	.Ldebug_ranges0:
 911 0000 00000000 		.4byte	.LFB56
 912 0004 6C000000 		.4byte	.LFE56
 913 0008 00000000 		.4byte	.LFB57
 914 000c 60000000 		.4byte	.LFE57
 915 0010 00000000 		.4byte	.LFB58
ARM GAS  C:\Users\plod1602\AppData\Local\Temp\ccFz1Zlg.s 			page 18


 916 0014 3A000000 		.4byte	.LFE58
 917 0018 00000000 		.4byte	0
 918 001c 00000000 		.4byte	0
 919              		.section	.debug_line,"",%progbits
 920              	.Ldebug_line0:
 921 0000 BF010000 		.section	.debug_str,"MS",%progbits,1
 921      02007A01 
 921      00000201 
 921      FB0E0D00 
 921      01010101 
 922              	.LASF23:
 923 0000 43414E5F 		.ascii	"CAN_MSG\000"
 923      4D534700 
 924              	.LASF43:
 925 0008 433A5C55 		.ascii	"C:\\Users\\plod1602\\Documents\\git\\module-gripper"
 925      73657273 
 925      5C706C6F 
 925      64313630 
 925      325C446F 
 926 0036 2D70736F 		.ascii	"-psoc\\module-gripper-psoc.cydsn\000"
 926      635C6D6F 
 926      64756C65 
 926      2D677269 
 926      70706572 
 927              	.LASF9:
 928 0056 5F5F696E 		.ascii	"__int32_t\000"
 928      7433325F 
 928      7400
 929              	.LASF4:
 930 0060 6C6F6E67 		.ascii	"long int\000"
 930      20696E74 
 930      00
 931              	.LASF20:
 932 0069 43414E5F 		.ascii	"CAN_1_TX_MSG\000"
 932      315F5458 
 932      5F4D5347 
 932      00
 933              	.LASF41:
 934 0076 474E5520 		.ascii	"GNU C 4.9.3 20150303 (release) [ARM/embedded-4_9-br"
 934      4320342E 
 934      392E3320 
 934      32303135 
 934      30333033 
 935 00a9 616E6368 		.ascii	"anch revision 221220] -mcpu=cortex-m3 -mthumb -g -O"
 935      20726576 
 935      6973696F 
 935      6E203232 
 935      31323230 
 936 00dc 30202D66 		.ascii	"0 -ffunction-sections -ffat-lto-objects\000"
 936      66756E63 
 936      74696F6E 
 936      2D736563 
 936      74696F6E 
 937              	.LASF2:
 938 0104 73686F72 		.ascii	"short int\000"
 938      7420696E 
 938      7400
ARM GAS  C:\Users\plod1602\AppData\Local\Temp\ccFz1Zlg.s 			page 19


 939              	.LASF15:
 940 010e 646F7562 		.ascii	"double\000"
 940      6C6500
 941              	.LASF19:
 942 0115 62797465 		.ascii	"byte\000"
 942      00
 943              	.LASF14:
 944 011a 666C6F61 		.ascii	"float\000"
 944      7400
 945              	.LASF1:
 946 0120 756E7369 		.ascii	"unsigned char\000"
 946      676E6564 
 946      20636861 
 946      7200
 947              	.LASF40:
 948 012e 72656365 		.ascii	"receivedMsgs\000"
 948      69766564 
 948      4D736773 
 948      00
 949              	.LASF35:
 950 013b 6D736750 		.ascii	"msgPtr\000"
 950      747200
 951              	.LASF25:
 952 0142 62797465 		.ascii	"byte1\000"
 952      3100
 953              	.LASF26:
 954 0148 62797465 		.ascii	"byte2\000"
 954      3200
 955              	.LASF27:
 956 014e 62797465 		.ascii	"byte3\000"
 956      3300
 957              	.LASF28:
 958 0154 62797465 		.ascii	"byte4\000"
 958      3400
 959              	.LASF30:
 960 015a 62797465 		.ascii	"byte6\000"
 960      3600
 961              	.LASF31:
 962 0160 62797465 		.ascii	"byte7\000"
 962      3700
 963              	.LASF36:
 964 0166 6D736754 		.ascii	"msgToSend\000"
 964      6F53656E 
 964      6400
 965              	.LASF5:
 966 0170 6C6F6E67 		.ascii	"long unsigned int\000"
 966      20756E73 
 966      69676E65 
 966      6420696E 
 966      7400
 967              	.LASF32:
 968 0182 6D736754 		.ascii	"msgToTreat\000"
 968      6F547265 
 968      617400
 969              	.LASF42:
 970 018d 2E5C4341 		.ascii	".\\CAN_Communication.c\000"
 970      4E5F436F 
ARM GAS  C:\Users\plod1602\AppData\Local\Temp\ccFz1Zlg.s 			page 20


 970      6D6D756E 
 970      69636174 
 970      696F6E2E 
 971              	.LASF13:
 972 01a3 696E7438 		.ascii	"int8\000"
 972      00
 973              	.LASF12:
 974 01a8 75696E74 		.ascii	"uint32\000"
 974      333200
 975              	.LASF22:
 976 01af 43414E5F 		.ascii	"CAN_ID\000"
 976      494400
 977              	.LASF8:
 978 01b6 756E7369 		.ascii	"unsigned int\000"
 978      676E6564 
 978      20696E74 
 978      00
 979              	.LASF7:
 980 01c3 6C6F6E67 		.ascii	"long long unsigned int\000"
 980      206C6F6E 
 980      6720756E 
 980      7369676E 
 980      65642069 
 981              	.LASF38:
 982 01da 6D736754 		.ascii	"msgToBeTreatedIndex\000"
 982      6F426554 
 982      72656174 
 982      6564496E 
 982      64657800 
 983              	.LASF37:
 984 01ee 49544D5F 		.ascii	"ITM_RxBuffer\000"
 984      52784275 
 984      66666572 
 984      00
 985              	.LASF44:
 986 01fb 73656E64 		.ascii	"sendDataToCAN\000"
 986      44617461 
 986      546F4341 
 986      4E00
 987              	.LASF10:
 988 0209 696E7433 		.ascii	"int32_t\000"
 988      325F7400 
 989              	.LASF17:
 990 0211 73697A65 		.ascii	"sizetype\000"
 990      74797065 
 990      00
 991              	.LASF6:
 992 021a 6C6F6E67 		.ascii	"long long int\000"
 992      206C6F6E 
 992      6720696E 
 992      7400
 993              	.LASF16:
 994 0228 63686172 		.ascii	"char\000"
 994      00
 995              	.LASF18:
 996 022d 43414E5F 		.ascii	"CAN_1_DATA_BYTES_MSG\000"
 996      315F4441 
ARM GAS  C:\Users\plod1602\AppData\Local\Temp\ccFz1Zlg.s 			page 21


 996      54415F42 
 996      59544553 
 996      5F4D5347 
 997              	.LASF21:
 998 0242 6D736742 		.ascii	"msgBytes\000"
 998      79746573 
 998      00
 999              	.LASF34:
 1000 024b 63616E5F 		.ascii	"can_sendMessage\000"
 1000      73656E64 
 1000      4D657373 
 1000      61676500 
 1001              	.LASF11:
 1002 025b 75696E74 		.ascii	"uint8\000"
 1002      3800
 1003              	.LASF39:
 1004 0261 6D657373 		.ascii	"messageToBeTreatedCount\000"
 1004      61676554 
 1004      6F426554 
 1004      72656174 
 1004      6564436F 
 1005              	.LASF24:
 1006 0279 696E7374 		.ascii	"instruction\000"
 1006      72756374 
 1006      696F6E00 
 1007              	.LASF29:
 1008 0285 62797465 		.ascii	"byte5\000"
 1008      3500
 1009              	.LASF0:
 1010 028b 7369676E 		.ascii	"signed char\000"
 1010      65642063 
 1010      68617200 
 1011              	.LASF3:
 1012 0297 73686F72 		.ascii	"short unsigned int\000"
 1012      7420756E 
 1012      7369676E 
 1012      65642069 
 1012      6E7400
 1013              	.LASF33:
 1014 02aa 63616E5F 		.ascii	"can_getReceivedMessage\000"
 1014      67657452 
 1014      65636569 
 1014      7665644D 
 1014      65737361 
 1015              		.ident	"GCC: (GNU Tools for ARM Embedded Processors) 4.9.3 20150303 (release) [ARM/embedded-4_9-br
