ARM GAS  C:\Users\plod1602\AppData\Local\Temp\ccBS2NqW.s 			page 1


   1              		.syntax unified
   2              		.cpu cortex-m3
   3              		.fpu softvfp
   4              		.eabi_attribute 20, 1
   5              		.eabi_attribute 21, 1
   6              		.eabi_attribute 23, 3
   7              		.eabi_attribute 24, 1
   8              		.eabi_attribute 25, 1
   9              		.eabi_attribute 26, 1
  10              		.eabi_attribute 30, 6
  11              		.eabi_attribute 34, 1
  12              		.eabi_attribute 18, 4
  13              		.thumb
  14              		.file	"CAN_1_INT.c"
  15              		.text
  16              	.Ltext0:
  17              		.cfi_sections	.debug_frame
  18              		.section	.text.CAN_1_BusOffIsr,"ax",%progbits
  19              		.align	2
  20              		.global	CAN_1_BusOffIsr
  21              		.thumb
  22              		.thumb_func
  23              		.type	CAN_1_BusOffIsr, %function
  24              	CAN_1_BusOffIsr:
  25              	.LFB0:
  26              		.file 1 ".\\Generated_Source\\PSoC5\\CAN_1_INT.c"
   1:.\Generated_Source\PSoC5/CAN_1_INT.c **** /*******************************************************************************
   2:.\Generated_Source\PSoC5/CAN_1_INT.c **** * File Name: CAN_1_INT.c
   3:.\Generated_Source\PSoC5/CAN_1_INT.c **** * Version 3.0
   4:.\Generated_Source\PSoC5/CAN_1_INT.c **** *
   5:.\Generated_Source\PSoC5/CAN_1_INT.c **** * Description:
   6:.\Generated_Source\PSoC5/CAN_1_INT.c **** *  This file contains Interrupt Service Routine (ISR) for CAN Component.
   7:.\Generated_Source\PSoC5/CAN_1_INT.c **** *  The Interrupt handlers functions are generated accordingly to the PSoC
   8:.\Generated_Source\PSoC5/CAN_1_INT.c **** *  Creator Customizer inputs.
   9:.\Generated_Source\PSoC5/CAN_1_INT.c **** *
  10:.\Generated_Source\PSoC5/CAN_1_INT.c **** * Note:
  11:.\Generated_Source\PSoC5/CAN_1_INT.c **** *  None
  12:.\Generated_Source\PSoC5/CAN_1_INT.c **** *
  13:.\Generated_Source\PSoC5/CAN_1_INT.c **** ********************************************************************************
  14:.\Generated_Source\PSoC5/CAN_1_INT.c **** * Copyright 2008-2015, Cypress Semiconductor Corporation.  All rights reserved.
  15:.\Generated_Source\PSoC5/CAN_1_INT.c **** * You may use this file only in accordance with the license, terms, conditions,
  16:.\Generated_Source\PSoC5/CAN_1_INT.c **** * disclaimers, and limitations in the end user license agreement accompanying
  17:.\Generated_Source\PSoC5/CAN_1_INT.c **** * the software package with which this file was provided.
  18:.\Generated_Source\PSoC5/CAN_1_INT.c **** *******************************************************************************/
  19:.\Generated_Source\PSoC5/CAN_1_INT.c **** 
  20:.\Generated_Source\PSoC5/CAN_1_INT.c **** #include "CAN_1.h"
  21:.\Generated_Source\PSoC5/CAN_1_INT.c **** 
  22:.\Generated_Source\PSoC5/CAN_1_INT.c **** 
  23:.\Generated_Source\PSoC5/CAN_1_INT.c **** /* `#START CAN_INT_C_CODE_DEFINITION` */
  24:.\Generated_Source\PSoC5/CAN_1_INT.c **** 
  25:.\Generated_Source\PSoC5/CAN_1_INT.c **** /* `#END` */
  26:.\Generated_Source\PSoC5/CAN_1_INT.c **** 
  27:.\Generated_Source\PSoC5/CAN_1_INT.c **** #if (CAN_1_ARB_LOST)
  28:.\Generated_Source\PSoC5/CAN_1_INT.c ****     /*******************************************************************************
  29:.\Generated_Source\PSoC5/CAN_1_INT.c ****     * FUNCTION NAME:   CAN_1_ArbLostIsr
  30:.\Generated_Source\PSoC5/CAN_1_INT.c ****     ********************************************************************************
  31:.\Generated_Source\PSoC5/CAN_1_INT.c ****     *
ARM GAS  C:\Users\plod1602\AppData\Local\Temp\ccBS2NqW.s 			page 2


  32:.\Generated_Source\PSoC5/CAN_1_INT.c ****     * Summary:
  33:.\Generated_Source\PSoC5/CAN_1_INT.c ****     *  This function is entry point to Arbitration Lost Interrupt. Clears
  34:.\Generated_Source\PSoC5/CAN_1_INT.c ****     *  Arbitration Lost interrupt flag. Only generated if Arbitration Lost
  35:.\Generated_Source\PSoC5/CAN_1_INT.c ****     *  Interrupt enable in Customizer.
  36:.\Generated_Source\PSoC5/CAN_1_INT.c ****     *
  37:.\Generated_Source\PSoC5/CAN_1_INT.c ****     * Parameters:
  38:.\Generated_Source\PSoC5/CAN_1_INT.c ****     *  None.
  39:.\Generated_Source\PSoC5/CAN_1_INT.c ****     *
  40:.\Generated_Source\PSoC5/CAN_1_INT.c ****     * Return:
  41:.\Generated_Source\PSoC5/CAN_1_INT.c ****     *  None.
  42:.\Generated_Source\PSoC5/CAN_1_INT.c ****     *
  43:.\Generated_Source\PSoC5/CAN_1_INT.c ****     * Reentrant:
  44:.\Generated_Source\PSoC5/CAN_1_INT.c ****     *  Depends on Customer code.
  45:.\Generated_Source\PSoC5/CAN_1_INT.c ****     *
  46:.\Generated_Source\PSoC5/CAN_1_INT.c ****     *******************************************************************************/
  47:.\Generated_Source\PSoC5/CAN_1_INT.c ****     void CAN_1_ArbLostIsr(void) 
  48:.\Generated_Source\PSoC5/CAN_1_INT.c ****     {
  49:.\Generated_Source\PSoC5/CAN_1_INT.c ****         /* Clear Arbitration Lost flag */
  50:.\Generated_Source\PSoC5/CAN_1_INT.c ****         CAN_1_INT_SR_REG.byte[0u] = CAN_1_ARBITRATION_LOST_MASK;
  51:.\Generated_Source\PSoC5/CAN_1_INT.c **** 
  52:.\Generated_Source\PSoC5/CAN_1_INT.c ****         /* `#START ARBITRATION_LOST_ISR` */
  53:.\Generated_Source\PSoC5/CAN_1_INT.c **** 
  54:.\Generated_Source\PSoC5/CAN_1_INT.c ****         /* `#END` */
  55:.\Generated_Source\PSoC5/CAN_1_INT.c **** 
  56:.\Generated_Source\PSoC5/CAN_1_INT.c ****         #ifdef CAN_1_ARB_LOST_ISR_CALLBACK
  57:.\Generated_Source\PSoC5/CAN_1_INT.c ****             CAN_1_ArbLostIsr_Callback();
  58:.\Generated_Source\PSoC5/CAN_1_INT.c ****         #endif /* CAN_1_ARB_LOST_ISR_CALLBACK */
  59:.\Generated_Source\PSoC5/CAN_1_INT.c ****     }
  60:.\Generated_Source\PSoC5/CAN_1_INT.c **** #endif /* CAN_1_ARB_LOST */
  61:.\Generated_Source\PSoC5/CAN_1_INT.c **** 
  62:.\Generated_Source\PSoC5/CAN_1_INT.c **** 
  63:.\Generated_Source\PSoC5/CAN_1_INT.c **** #if (CAN_1_OVERLOAD)
  64:.\Generated_Source\PSoC5/CAN_1_INT.c ****     /*******************************************************************************
  65:.\Generated_Source\PSoC5/CAN_1_INT.c ****     * FUNCTION NAME:   CAN_1_OvrLdErrorIsr
  66:.\Generated_Source\PSoC5/CAN_1_INT.c ****     ********************************************************************************
  67:.\Generated_Source\PSoC5/CAN_1_INT.c ****     *
  68:.\Generated_Source\PSoC5/CAN_1_INT.c ****     * Summary:
  69:.\Generated_Source\PSoC5/CAN_1_INT.c ****     *  This function is entry point to Overload Error Interrupt. Clears Overload
  70:.\Generated_Source\PSoC5/CAN_1_INT.c ****     *  Error interrupt flag. Only generated if Overload Error Interrupt enable
  71:.\Generated_Source\PSoC5/CAN_1_INT.c ****     *  in Customizer.
  72:.\Generated_Source\PSoC5/CAN_1_INT.c ****     *
  73:.\Generated_Source\PSoC5/CAN_1_INT.c ****     * Parameters:
  74:.\Generated_Source\PSoC5/CAN_1_INT.c ****     *  None.
  75:.\Generated_Source\PSoC5/CAN_1_INT.c ****     *
  76:.\Generated_Source\PSoC5/CAN_1_INT.c ****     * Return:
  77:.\Generated_Source\PSoC5/CAN_1_INT.c ****     *  None.
  78:.\Generated_Source\PSoC5/CAN_1_INT.c ****     *
  79:.\Generated_Source\PSoC5/CAN_1_INT.c ****     * Reentrant:
  80:.\Generated_Source\PSoC5/CAN_1_INT.c ****     *  Depends on Customer code.
  81:.\Generated_Source\PSoC5/CAN_1_INT.c ****     *
  82:.\Generated_Source\PSoC5/CAN_1_INT.c ****     *******************************************************************************/
  83:.\Generated_Source\PSoC5/CAN_1_INT.c ****     void CAN_1_OvrLdErrorIsr(void) 
  84:.\Generated_Source\PSoC5/CAN_1_INT.c ****     {
  85:.\Generated_Source\PSoC5/CAN_1_INT.c ****         /* Clear Overload Error flag */
  86:.\Generated_Source\PSoC5/CAN_1_INT.c ****         CAN_1_INT_SR_REG.byte[0u] = CAN_1_OVERLOAD_ERROR_MASK;
  87:.\Generated_Source\PSoC5/CAN_1_INT.c **** 
  88:.\Generated_Source\PSoC5/CAN_1_INT.c ****         /* `#START OVER_LOAD_ERROR_ISR` */
ARM GAS  C:\Users\plod1602\AppData\Local\Temp\ccBS2NqW.s 			page 3


  89:.\Generated_Source\PSoC5/CAN_1_INT.c **** 
  90:.\Generated_Source\PSoC5/CAN_1_INT.c ****         /* `#END` */
  91:.\Generated_Source\PSoC5/CAN_1_INT.c **** 
  92:.\Generated_Source\PSoC5/CAN_1_INT.c ****         #ifdef CAN_1_OVR_LD_ERROR_ISR_CALLBACK
  93:.\Generated_Source\PSoC5/CAN_1_INT.c ****             CAN_1_OvrLdErrorIsr_Callback();
  94:.\Generated_Source\PSoC5/CAN_1_INT.c ****         #endif /* CAN_1_OVR_LD_ERROR_ISR_CALLBACK */
  95:.\Generated_Source\PSoC5/CAN_1_INT.c ****     }
  96:.\Generated_Source\PSoC5/CAN_1_INT.c **** #endif /* CAN_1_OVERLOAD */
  97:.\Generated_Source\PSoC5/CAN_1_INT.c **** 
  98:.\Generated_Source\PSoC5/CAN_1_INT.c **** 
  99:.\Generated_Source\PSoC5/CAN_1_INT.c **** #if (CAN_1_BIT_ERR)
 100:.\Generated_Source\PSoC5/CAN_1_INT.c ****     /*******************************************************************************
 101:.\Generated_Source\PSoC5/CAN_1_INT.c ****     * FUNCTION NAME:   CAN_1_BitErrorIsr
 102:.\Generated_Source\PSoC5/CAN_1_INT.c ****     ********************************************************************************
 103:.\Generated_Source\PSoC5/CAN_1_INT.c ****     *
 104:.\Generated_Source\PSoC5/CAN_1_INT.c ****     * Summary:
 105:.\Generated_Source\PSoC5/CAN_1_INT.c ****     *  This function is entry point to Bit Error Interrupt. Clears Bit Error
 106:.\Generated_Source\PSoC5/CAN_1_INT.c ****     *  interrupt flag. Only generated if Bit Error Interrupt enable in Customizer.
 107:.\Generated_Source\PSoC5/CAN_1_INT.c ****     *
 108:.\Generated_Source\PSoC5/CAN_1_INT.c ****     * Parameters:
 109:.\Generated_Source\PSoC5/CAN_1_INT.c ****     *  None.
 110:.\Generated_Source\PSoC5/CAN_1_INT.c ****     *
 111:.\Generated_Source\PSoC5/CAN_1_INT.c ****     * Return:
 112:.\Generated_Source\PSoC5/CAN_1_INT.c ****     *  None.
 113:.\Generated_Source\PSoC5/CAN_1_INT.c ****     *
 114:.\Generated_Source\PSoC5/CAN_1_INT.c ****     * Reentrant:
 115:.\Generated_Source\PSoC5/CAN_1_INT.c ****     *  Depends on Customer code.
 116:.\Generated_Source\PSoC5/CAN_1_INT.c ****     *
 117:.\Generated_Source\PSoC5/CAN_1_INT.c ****     *******************************************************************************/
 118:.\Generated_Source\PSoC5/CAN_1_INT.c ****     void CAN_1_BitErrorIsr(void) 
 119:.\Generated_Source\PSoC5/CAN_1_INT.c ****     {
 120:.\Generated_Source\PSoC5/CAN_1_INT.c ****         /* Clear Bit Error flag */
 121:.\Generated_Source\PSoC5/CAN_1_INT.c ****         CAN_1_INT_SR_REG.byte[0u] = CAN_1_BIT_ERROR_MASK;
 122:.\Generated_Source\PSoC5/CAN_1_INT.c **** 
 123:.\Generated_Source\PSoC5/CAN_1_INT.c ****         /* `#START BIT_ERROR_ISR` */
 124:.\Generated_Source\PSoC5/CAN_1_INT.c **** 
 125:.\Generated_Source\PSoC5/CAN_1_INT.c ****         /* `#END` */
 126:.\Generated_Source\PSoC5/CAN_1_INT.c **** 
 127:.\Generated_Source\PSoC5/CAN_1_INT.c ****         #ifdef CAN_1_BIT_ERROR_ISR_CALLBACK
 128:.\Generated_Source\PSoC5/CAN_1_INT.c ****             CAN_1_BitErrorIsr_Callback();
 129:.\Generated_Source\PSoC5/CAN_1_INT.c ****         #endif /* CAN_1_BIT_ERROR_ISR_CALLBACK */
 130:.\Generated_Source\PSoC5/CAN_1_INT.c ****     }
 131:.\Generated_Source\PSoC5/CAN_1_INT.c **** #endif /* CAN_1_BIT_ERR */
 132:.\Generated_Source\PSoC5/CAN_1_INT.c **** 
 133:.\Generated_Source\PSoC5/CAN_1_INT.c **** 
 134:.\Generated_Source\PSoC5/CAN_1_INT.c **** #if (CAN_1_STUFF_ERR)
 135:.\Generated_Source\PSoC5/CAN_1_INT.c ****     /*******************************************************************************
 136:.\Generated_Source\PSoC5/CAN_1_INT.c ****     * FUNCTION NAME:   CAN_1_BitStuffErrorIsr
 137:.\Generated_Source\PSoC5/CAN_1_INT.c ****     ********************************************************************************
 138:.\Generated_Source\PSoC5/CAN_1_INT.c ****     *
 139:.\Generated_Source\PSoC5/CAN_1_INT.c ****     * Summary:
 140:.\Generated_Source\PSoC5/CAN_1_INT.c ****     *  This function is entry point to Bit Stuff Error Interrupt. Clears Bit Stuff
 141:.\Generated_Source\PSoC5/CAN_1_INT.c ****     *  Error interrupt flag. Only generated if Bit Stuff Error Interrupt enable
 142:.\Generated_Source\PSoC5/CAN_1_INT.c ****     *  in Customizer.
 143:.\Generated_Source\PSoC5/CAN_1_INT.c ****     *
 144:.\Generated_Source\PSoC5/CAN_1_INT.c ****     * Parameters:
 145:.\Generated_Source\PSoC5/CAN_1_INT.c ****     *  None.
ARM GAS  C:\Users\plod1602\AppData\Local\Temp\ccBS2NqW.s 			page 4


 146:.\Generated_Source\PSoC5/CAN_1_INT.c ****     *
 147:.\Generated_Source\PSoC5/CAN_1_INT.c ****     * Return:
 148:.\Generated_Source\PSoC5/CAN_1_INT.c ****     *  None.
 149:.\Generated_Source\PSoC5/CAN_1_INT.c ****     *
 150:.\Generated_Source\PSoC5/CAN_1_INT.c ****     * Reentrant:
 151:.\Generated_Source\PSoC5/CAN_1_INT.c ****     *  Depends on Customer code.
 152:.\Generated_Source\PSoC5/CAN_1_INT.c ****     *
 153:.\Generated_Source\PSoC5/CAN_1_INT.c ****     *******************************************************************************/
 154:.\Generated_Source\PSoC5/CAN_1_INT.c ****     void CAN_1_BitStuffErrorIsr(void) 
 155:.\Generated_Source\PSoC5/CAN_1_INT.c ****     {
 156:.\Generated_Source\PSoC5/CAN_1_INT.c ****         /* Clear Stuff Error flag */
 157:.\Generated_Source\PSoC5/CAN_1_INT.c ****         CAN_1_INT_SR_REG.byte[0u] = CAN_1_STUFF_ERROR_MASK;
 158:.\Generated_Source\PSoC5/CAN_1_INT.c **** 
 159:.\Generated_Source\PSoC5/CAN_1_INT.c ****         /* `#START BIT_STUFF_ERROR_ISR` */
 160:.\Generated_Source\PSoC5/CAN_1_INT.c **** 
 161:.\Generated_Source\PSoC5/CAN_1_INT.c ****         /* `#END` */
 162:.\Generated_Source\PSoC5/CAN_1_INT.c **** 
 163:.\Generated_Source\PSoC5/CAN_1_INT.c ****         #ifdef CAN_1_BIT_STUFF_ERROR_ISR_CALLBACK
 164:.\Generated_Source\PSoC5/CAN_1_INT.c ****             CAN_1_BitStuffErrorIsr_Callback();
 165:.\Generated_Source\PSoC5/CAN_1_INT.c ****         #endif /* CAN_1_BIT_STUFF_ERROR_ISR_CALLBACK */
 166:.\Generated_Source\PSoC5/CAN_1_INT.c ****     }
 167:.\Generated_Source\PSoC5/CAN_1_INT.c **** #endif /* CAN_1_STUFF_ERR */
 168:.\Generated_Source\PSoC5/CAN_1_INT.c **** 
 169:.\Generated_Source\PSoC5/CAN_1_INT.c **** 
 170:.\Generated_Source\PSoC5/CAN_1_INT.c **** #if (CAN_1_ACK_ERR)
 171:.\Generated_Source\PSoC5/CAN_1_INT.c ****     /*******************************************************************************
 172:.\Generated_Source\PSoC5/CAN_1_INT.c ****     * FUNCTION NAME:   CAN_1_AckErrorIsr
 173:.\Generated_Source\PSoC5/CAN_1_INT.c ****     ********************************************************************************
 174:.\Generated_Source\PSoC5/CAN_1_INT.c ****     *
 175:.\Generated_Source\PSoC5/CAN_1_INT.c ****     * Summary:
 176:.\Generated_Source\PSoC5/CAN_1_INT.c ****     *  This function is entry point to Acknowledge Error Interrupt. Clears
 177:.\Generated_Source\PSoC5/CAN_1_INT.c ****     *  Acknowledge Error interrupt flag. Only generated if Acknowledge Error
 178:.\Generated_Source\PSoC5/CAN_1_INT.c ****     *  Interrupt enable in Customizer.
 179:.\Generated_Source\PSoC5/CAN_1_INT.c ****     *
 180:.\Generated_Source\PSoC5/CAN_1_INT.c ****     * Parameters:
 181:.\Generated_Source\PSoC5/CAN_1_INT.c ****     *  None.
 182:.\Generated_Source\PSoC5/CAN_1_INT.c ****     *
 183:.\Generated_Source\PSoC5/CAN_1_INT.c ****     * Return:
 184:.\Generated_Source\PSoC5/CAN_1_INT.c ****     *  None.
 185:.\Generated_Source\PSoC5/CAN_1_INT.c ****     *
 186:.\Generated_Source\PSoC5/CAN_1_INT.c ****     * Reentrant:
 187:.\Generated_Source\PSoC5/CAN_1_INT.c ****     *  Depends on Customer code.
 188:.\Generated_Source\PSoC5/CAN_1_INT.c ****     *
 189:.\Generated_Source\PSoC5/CAN_1_INT.c ****     *******************************************************************************/
 190:.\Generated_Source\PSoC5/CAN_1_INT.c ****     void CAN_1_AckErrorIsr(void) 
 191:.\Generated_Source\PSoC5/CAN_1_INT.c ****     {
 192:.\Generated_Source\PSoC5/CAN_1_INT.c ****         /* Clear Acknoledge Error flag */
 193:.\Generated_Source\PSoC5/CAN_1_INT.c ****         CAN_1_INT_SR_REG.byte[0u] = CAN_1_ACK_ERROR_MASK;
 194:.\Generated_Source\PSoC5/CAN_1_INT.c **** 
 195:.\Generated_Source\PSoC5/CAN_1_INT.c ****         /* `#START ACKNOWLEDGE_ERROR_ISR` */
 196:.\Generated_Source\PSoC5/CAN_1_INT.c **** 
 197:.\Generated_Source\PSoC5/CAN_1_INT.c ****         /* `#END` */
 198:.\Generated_Source\PSoC5/CAN_1_INT.c **** 
 199:.\Generated_Source\PSoC5/CAN_1_INT.c ****         #ifdef CAN_1_ACK_ERROR_ISR_CALLBACK
 200:.\Generated_Source\PSoC5/CAN_1_INT.c ****             CAN_1_AckErrorIsr_Callback();
 201:.\Generated_Source\PSoC5/CAN_1_INT.c ****         #endif /* CAN_1_ACK_ERROR_ISR_CALLBACK */
 202:.\Generated_Source\PSoC5/CAN_1_INT.c ****     }
ARM GAS  C:\Users\plod1602\AppData\Local\Temp\ccBS2NqW.s 			page 5


 203:.\Generated_Source\PSoC5/CAN_1_INT.c **** #endif /* CAN_1_ACK_ERR */
 204:.\Generated_Source\PSoC5/CAN_1_INT.c **** 
 205:.\Generated_Source\PSoC5/CAN_1_INT.c **** 
 206:.\Generated_Source\PSoC5/CAN_1_INT.c **** #if (CAN_1_FORM_ERR)
 207:.\Generated_Source\PSoC5/CAN_1_INT.c ****     /*******************************************************************************
 208:.\Generated_Source\PSoC5/CAN_1_INT.c ****     * FUNCTION NAME:   CAN_1_MsgErrorIsr
 209:.\Generated_Source\PSoC5/CAN_1_INT.c ****     ********************************************************************************
 210:.\Generated_Source\PSoC5/CAN_1_INT.c ****     *
 211:.\Generated_Source\PSoC5/CAN_1_INT.c ****     * Summary:
 212:.\Generated_Source\PSoC5/CAN_1_INT.c ****     *  This function is entry point to Form Error Interrupt. Clears Form Error
 213:.\Generated_Source\PSoC5/CAN_1_INT.c ****     *  interrupt flag. Only generated if Form Error Interrupt enable in Customizer.
 214:.\Generated_Source\PSoC5/CAN_1_INT.c ****     *
 215:.\Generated_Source\PSoC5/CAN_1_INT.c ****     * Parameters:
 216:.\Generated_Source\PSoC5/CAN_1_INT.c ****     *  None.
 217:.\Generated_Source\PSoC5/CAN_1_INT.c ****     *
 218:.\Generated_Source\PSoC5/CAN_1_INT.c ****     * Return:
 219:.\Generated_Source\PSoC5/CAN_1_INT.c ****     *  None.
 220:.\Generated_Source\PSoC5/CAN_1_INT.c ****     *
 221:.\Generated_Source\PSoC5/CAN_1_INT.c ****     * Reentrant:
 222:.\Generated_Source\PSoC5/CAN_1_INT.c ****     *  Depends on Customer code.
 223:.\Generated_Source\PSoC5/CAN_1_INT.c ****     *
 224:.\Generated_Source\PSoC5/CAN_1_INT.c ****     *******************************************************************************/
 225:.\Generated_Source\PSoC5/CAN_1_INT.c ****     void CAN_1_MsgErrorIsr(void) 
 226:.\Generated_Source\PSoC5/CAN_1_INT.c ****     {
 227:.\Generated_Source\PSoC5/CAN_1_INT.c ****         /* Clear Form Error flag */
 228:.\Generated_Source\PSoC5/CAN_1_INT.c ****         CAN_1_INT_SR_REG.byte[0u] = CAN_1_FORM_ERROR_MASK;
 229:.\Generated_Source\PSoC5/CAN_1_INT.c **** 
 230:.\Generated_Source\PSoC5/CAN_1_INT.c ****         /* `#START MESSAGE_ERROR_ISR` */
 231:.\Generated_Source\PSoC5/CAN_1_INT.c **** 
 232:.\Generated_Source\PSoC5/CAN_1_INT.c ****         /* `#END` */
 233:.\Generated_Source\PSoC5/CAN_1_INT.c **** 
 234:.\Generated_Source\PSoC5/CAN_1_INT.c ****         #ifdef CAN_1_MSG_ERROR_ISR_CALLBACK
 235:.\Generated_Source\PSoC5/CAN_1_INT.c ****             CAN_1_MsgErrorIsr_Callback();
 236:.\Generated_Source\PSoC5/CAN_1_INT.c ****         #endif /* CAN_1_MSG_ERROR_ISR_CALLBACK */
 237:.\Generated_Source\PSoC5/CAN_1_INT.c ****     }
 238:.\Generated_Source\PSoC5/CAN_1_INT.c **** #endif /* CAN_1_FORM_ERR */
 239:.\Generated_Source\PSoC5/CAN_1_INT.c **** 
 240:.\Generated_Source\PSoC5/CAN_1_INT.c **** 
 241:.\Generated_Source\PSoC5/CAN_1_INT.c **** #if (CAN_1_CRC_ERR)
 242:.\Generated_Source\PSoC5/CAN_1_INT.c ****     /*******************************************************************************
 243:.\Generated_Source\PSoC5/CAN_1_INT.c ****     * FUNCTION NAME:   CAN_1_CrcErrorIsr
 244:.\Generated_Source\PSoC5/CAN_1_INT.c ****     ********************************************************************************
 245:.\Generated_Source\PSoC5/CAN_1_INT.c ****     *
 246:.\Generated_Source\PSoC5/CAN_1_INT.c ****     * Summary:
 247:.\Generated_Source\PSoC5/CAN_1_INT.c ****     *  This function is entry point to CRC Error Interrupt. Clears CRC Error
 248:.\Generated_Source\PSoC5/CAN_1_INT.c ****     *  interrupt flag. Only generated if CRC Error Interrupt enable in Customizer.
 249:.\Generated_Source\PSoC5/CAN_1_INT.c ****     *
 250:.\Generated_Source\PSoC5/CAN_1_INT.c ****     * Parameters:
 251:.\Generated_Source\PSoC5/CAN_1_INT.c ****     *  None.
 252:.\Generated_Source\PSoC5/CAN_1_INT.c ****     *
 253:.\Generated_Source\PSoC5/CAN_1_INT.c ****     * Return:
 254:.\Generated_Source\PSoC5/CAN_1_INT.c ****     *  None.
 255:.\Generated_Source\PSoC5/CAN_1_INT.c ****     *
 256:.\Generated_Source\PSoC5/CAN_1_INT.c ****     * Reentrant:
 257:.\Generated_Source\PSoC5/CAN_1_INT.c ****     *  Depends on Customer code.
 258:.\Generated_Source\PSoC5/CAN_1_INT.c ****     *
 259:.\Generated_Source\PSoC5/CAN_1_INT.c ****     *******************************************************************************/
ARM GAS  C:\Users\plod1602\AppData\Local\Temp\ccBS2NqW.s 			page 6


 260:.\Generated_Source\PSoC5/CAN_1_INT.c ****     void CAN_1_CrcErrorIsr(void) 
 261:.\Generated_Source\PSoC5/CAN_1_INT.c ****     {
 262:.\Generated_Source\PSoC5/CAN_1_INT.c ****         /* Clear CRC Error flag */
 263:.\Generated_Source\PSoC5/CAN_1_INT.c ****         CAN_1_INT_SR_REG.byte[1u] = CAN_1_CRC_ERROR_MASK;
 264:.\Generated_Source\PSoC5/CAN_1_INT.c **** 
 265:.\Generated_Source\PSoC5/CAN_1_INT.c ****         /* `#START CRC_ERROR_ISR` */
 266:.\Generated_Source\PSoC5/CAN_1_INT.c **** 
 267:.\Generated_Source\PSoC5/CAN_1_INT.c ****         /* `#END` */
 268:.\Generated_Source\PSoC5/CAN_1_INT.c **** 
 269:.\Generated_Source\PSoC5/CAN_1_INT.c ****         #ifdef CAN_1_CRC_ERROR_ISR_CALLBACK
 270:.\Generated_Source\PSoC5/CAN_1_INT.c ****             CAN_1_CrcErrorIsr_Callback();
 271:.\Generated_Source\PSoC5/CAN_1_INT.c ****         #endif /* CAN_1_CRC_ERROR_ISR_CALLBACK */
 272:.\Generated_Source\PSoC5/CAN_1_INT.c ****     }
 273:.\Generated_Source\PSoC5/CAN_1_INT.c **** #endif /* CAN_1_CRC_ERR */
 274:.\Generated_Source\PSoC5/CAN_1_INT.c **** 
 275:.\Generated_Source\PSoC5/CAN_1_INT.c **** 
 276:.\Generated_Source\PSoC5/CAN_1_INT.c **** #if (CAN_1_BUS_OFF)
 277:.\Generated_Source\PSoC5/CAN_1_INT.c ****     /*******************************************************************************
 278:.\Generated_Source\PSoC5/CAN_1_INT.c ****     * FUNCTION NAME:   CAN_1_BusOffIsr
 279:.\Generated_Source\PSoC5/CAN_1_INT.c ****     ********************************************************************************
 280:.\Generated_Source\PSoC5/CAN_1_INT.c ****     *
 281:.\Generated_Source\PSoC5/CAN_1_INT.c ****     * Summary:
 282:.\Generated_Source\PSoC5/CAN_1_INT.c ****     *  This function is entry point to Bus Off Interrupt. Places CAN Component
 283:.\Generated_Source\PSoC5/CAN_1_INT.c ****     *  to Stop mode. Only generated if Bus Off Interrupt enable in Customizer.
 284:.\Generated_Source\PSoC5/CAN_1_INT.c ****     *  Recommended setting to enable this interrupt.
 285:.\Generated_Source\PSoC5/CAN_1_INT.c ****     *
 286:.\Generated_Source\PSoC5/CAN_1_INT.c ****     * Parameters:
 287:.\Generated_Source\PSoC5/CAN_1_INT.c ****     *  None.
 288:.\Generated_Source\PSoC5/CAN_1_INT.c ****     *
 289:.\Generated_Source\PSoC5/CAN_1_INT.c ****     * Return:
 290:.\Generated_Source\PSoC5/CAN_1_INT.c ****     *  None.
 291:.\Generated_Source\PSoC5/CAN_1_INT.c ****     *
 292:.\Generated_Source\PSoC5/CAN_1_INT.c ****     * Side Effects:
 293:.\Generated_Source\PSoC5/CAN_1_INT.c ****     *  Stops CAN component operation.
 294:.\Generated_Source\PSoC5/CAN_1_INT.c ****     *
 295:.\Generated_Source\PSoC5/CAN_1_INT.c ****     *******************************************************************************/
 296:.\Generated_Source\PSoC5/CAN_1_INT.c ****     void CAN_1_BusOffIsr(void) 
 297:.\Generated_Source\PSoC5/CAN_1_INT.c ****     {
  27              		.loc 1 297 0
  28              		.cfi_startproc
  29              		@ args = 0, pretend = 0, frame = 0
  30              		@ frame_needed = 1, uses_anonymous_args = 0
  31 0000 80B5     		push	{r7, lr}
  32              		.cfi_def_cfa_offset 8
  33              		.cfi_offset 7, -8
  34              		.cfi_offset 14, -4
  35 0002 00AF     		add	r7, sp, #0
  36              		.cfi_def_cfa_register 7
 298:.\Generated_Source\PSoC5/CAN_1_INT.c ****         /* Clear Bus Off flag */
 299:.\Generated_Source\PSoC5/CAN_1_INT.c ****         CAN_1_INT_SR_REG.byte[1u] = CAN_1_BUS_OFF_MASK;
  37              		.loc 1 299 0
  38 0004 034B     		ldr	r3, .L2
  39 0006 0222     		movs	r2, #2
  40 0008 5A70     		strb	r2, [r3, #1]
 300:.\Generated_Source\PSoC5/CAN_1_INT.c ****         (void) CAN_1_GlobalIntDisable();
  41              		.loc 1 300 0
  42 000a FFF7FEFF 		bl	CAN_1_GlobalIntDisable
ARM GAS  C:\Users\plod1602\AppData\Local\Temp\ccBS2NqW.s 			page 7


 301:.\Generated_Source\PSoC5/CAN_1_INT.c **** 
 302:.\Generated_Source\PSoC5/CAN_1_INT.c ****         /* `#START BUS_OFF_ISR` */
 303:.\Generated_Source\PSoC5/CAN_1_INT.c **** 
 304:.\Generated_Source\PSoC5/CAN_1_INT.c ****         /* `#END` */
 305:.\Generated_Source\PSoC5/CAN_1_INT.c **** 
 306:.\Generated_Source\PSoC5/CAN_1_INT.c ****         #ifdef CAN_1_BUS_OFF_ISR_CALLBACK
 307:.\Generated_Source\PSoC5/CAN_1_INT.c ****             CAN_1_BusOffIsr_Callback();
 308:.\Generated_Source\PSoC5/CAN_1_INT.c ****         #endif /* CAN_1_BUS_OFF_ISR_CALLBACK */
 309:.\Generated_Source\PSoC5/CAN_1_INT.c **** 
 310:.\Generated_Source\PSoC5/CAN_1_INT.c ****         (void) CAN_1_Stop();
  43              		.loc 1 310 0
  44 000e FFF7FEFF 		bl	CAN_1_Stop
 311:.\Generated_Source\PSoC5/CAN_1_INT.c ****     }
  45              		.loc 1 311 0
  46 0012 80BD     		pop	{r7, pc}
  47              	.L3:
  48              		.align	2
  49              	.L2:
  50 0014 00A00040 		.word	1073782784
  51              		.cfi_endproc
  52              	.LFE0:
  53              		.size	CAN_1_BusOffIsr, .-CAN_1_BusOffIsr
  54              		.section	.text.CAN_1_MsgRXIsr,"ax",%progbits
  55              		.align	2
  56              		.global	CAN_1_MsgRXIsr
  57              		.thumb
  58              		.thumb_func
  59              		.type	CAN_1_MsgRXIsr, %function
  60              	CAN_1_MsgRXIsr:
  61              	.LFB1:
 312:.\Generated_Source\PSoC5/CAN_1_INT.c **** #endif /* CAN_1_BUS_OFF */
 313:.\Generated_Source\PSoC5/CAN_1_INT.c **** 
 314:.\Generated_Source\PSoC5/CAN_1_INT.c **** 
 315:.\Generated_Source\PSoC5/CAN_1_INT.c **** #if (CAN_1_RX_MSG_LOST)
 316:.\Generated_Source\PSoC5/CAN_1_INT.c ****     /*******************************************************************************
 317:.\Generated_Source\PSoC5/CAN_1_INT.c ****     * FUNCTION NAME:   CAN_1_MsgLostIsr
 318:.\Generated_Source\PSoC5/CAN_1_INT.c ****     ********************************************************************************
 319:.\Generated_Source\PSoC5/CAN_1_INT.c ****     *
 320:.\Generated_Source\PSoC5/CAN_1_INT.c ****     * Summary:
 321:.\Generated_Source\PSoC5/CAN_1_INT.c ****     *  This function is entry point to Message Lost Interrupt. Clears Message Lost
 322:.\Generated_Source\PSoC5/CAN_1_INT.c ****     *  interrupt flag. Only generated if Message Lost Interrupt enable in Customizer
 323:.\Generated_Source\PSoC5/CAN_1_INT.c ****     *
 324:.\Generated_Source\PSoC5/CAN_1_INT.c ****     * Parameters:
 325:.\Generated_Source\PSoC5/CAN_1_INT.c ****     *  None.
 326:.\Generated_Source\PSoC5/CAN_1_INT.c ****     *
 327:.\Generated_Source\PSoC5/CAN_1_INT.c ****     * Return:
 328:.\Generated_Source\PSoC5/CAN_1_INT.c ****     *  None.
 329:.\Generated_Source\PSoC5/CAN_1_INT.c ****     *
 330:.\Generated_Source\PSoC5/CAN_1_INT.c ****     * Reentrant:
 331:.\Generated_Source\PSoC5/CAN_1_INT.c ****     *  Depends on Customer code.
 332:.\Generated_Source\PSoC5/CAN_1_INT.c ****     *
 333:.\Generated_Source\PSoC5/CAN_1_INT.c ****     *******************************************************************************/
 334:.\Generated_Source\PSoC5/CAN_1_INT.c ****     void CAN_1_MsgLostIsr(void) 
 335:.\Generated_Source\PSoC5/CAN_1_INT.c ****     {
 336:.\Generated_Source\PSoC5/CAN_1_INT.c ****         /* Clear Receive Message Lost flag */
 337:.\Generated_Source\PSoC5/CAN_1_INT.c ****         CAN_1_INT_SR_REG.byte[1u] = CAN_1_RX_MSG_LOST_MASK;
 338:.\Generated_Source\PSoC5/CAN_1_INT.c **** 
ARM GAS  C:\Users\plod1602\AppData\Local\Temp\ccBS2NqW.s 			page 8


 339:.\Generated_Source\PSoC5/CAN_1_INT.c ****         /* `#START MESSAGE_LOST_ISR` */
 340:.\Generated_Source\PSoC5/CAN_1_INT.c **** 
 341:.\Generated_Source\PSoC5/CAN_1_INT.c ****         /* `#END` */
 342:.\Generated_Source\PSoC5/CAN_1_INT.c **** 
 343:.\Generated_Source\PSoC5/CAN_1_INT.c ****         #ifdef CAN_1_MSG_LOST_ISR_CALLBACK
 344:.\Generated_Source\PSoC5/CAN_1_INT.c ****             CAN_1_MsgLostIsr_Callback();
 345:.\Generated_Source\PSoC5/CAN_1_INT.c ****         #endif /* CAN_1_MSG_LOST_ISR_CALLBACK */
 346:.\Generated_Source\PSoC5/CAN_1_INT.c ****     }
 347:.\Generated_Source\PSoC5/CAN_1_INT.c **** #endif /* CAN_1_RX_MSG_LOST */
 348:.\Generated_Source\PSoC5/CAN_1_INT.c **** 
 349:.\Generated_Source\PSoC5/CAN_1_INT.c **** 
 350:.\Generated_Source\PSoC5/CAN_1_INT.c **** #if (CAN_1_TX_MESSAGE)
 351:.\Generated_Source\PSoC5/CAN_1_INT.c ****     /*******************************************************************************
 352:.\Generated_Source\PSoC5/CAN_1_INT.c ****     * FUNCTION NAME:   CAN_1_MsgTXIsr
 353:.\Generated_Source\PSoC5/CAN_1_INT.c ****     ********************************************************************************
 354:.\Generated_Source\PSoC5/CAN_1_INT.c ****     *
 355:.\Generated_Source\PSoC5/CAN_1_INT.c ****     * Summary:
 356:.\Generated_Source\PSoC5/CAN_1_INT.c ****     *  This function is entry point to Transmit Message Interrupt. Clears Transmit
 357:.\Generated_Source\PSoC5/CAN_1_INT.c ****     *  Message interrupt flag. Only generated if Transmit Message Interrupt enable
 358:.\Generated_Source\PSoC5/CAN_1_INT.c ****     *  in Customizer.
 359:.\Generated_Source\PSoC5/CAN_1_INT.c ****     *
 360:.\Generated_Source\PSoC5/CAN_1_INT.c ****     * Parameters:
 361:.\Generated_Source\PSoC5/CAN_1_INT.c ****     *  None.
 362:.\Generated_Source\PSoC5/CAN_1_INT.c ****     *
 363:.\Generated_Source\PSoC5/CAN_1_INT.c ****     * Return:
 364:.\Generated_Source\PSoC5/CAN_1_INT.c ****     *  None.
 365:.\Generated_Source\PSoC5/CAN_1_INT.c ****     *
 366:.\Generated_Source\PSoC5/CAN_1_INT.c ****     * Reentrant:
 367:.\Generated_Source\PSoC5/CAN_1_INT.c ****     *  Depends on Customer code.
 368:.\Generated_Source\PSoC5/CAN_1_INT.c ****     *
 369:.\Generated_Source\PSoC5/CAN_1_INT.c ****     *******************************************************************************/
 370:.\Generated_Source\PSoC5/CAN_1_INT.c ****     void CAN_1_MsgTXIsr(void) 
 371:.\Generated_Source\PSoC5/CAN_1_INT.c ****     {
 372:.\Generated_Source\PSoC5/CAN_1_INT.c ****         /* Clear Transmit Message flag */
 373:.\Generated_Source\PSoC5/CAN_1_INT.c ****         CAN_1_INT_SR_REG.byte[1u] = CAN_1_TX_MESSAGE_MASK;
 374:.\Generated_Source\PSoC5/CAN_1_INT.c **** 
 375:.\Generated_Source\PSoC5/CAN_1_INT.c ****         /* `#START MESSAGE_TRANSMITTED_ISR` */
 376:.\Generated_Source\PSoC5/CAN_1_INT.c **** 
 377:.\Generated_Source\PSoC5/CAN_1_INT.c ****         /* `#END` */
 378:.\Generated_Source\PSoC5/CAN_1_INT.c **** 
 379:.\Generated_Source\PSoC5/CAN_1_INT.c ****         #ifdef CAN_1_MSG_TX_ISR_CALLBACK
 380:.\Generated_Source\PSoC5/CAN_1_INT.c ****             CAN_1_MsgTXIsr_Callback();
 381:.\Generated_Source\PSoC5/CAN_1_INT.c ****         #endif /* CAN_1_MSG_TX_ISR_CALLBACK */
 382:.\Generated_Source\PSoC5/CAN_1_INT.c ****     }
 383:.\Generated_Source\PSoC5/CAN_1_INT.c **** #endif /* CAN_1_TX_MESSAGE */
 384:.\Generated_Source\PSoC5/CAN_1_INT.c **** 
 385:.\Generated_Source\PSoC5/CAN_1_INT.c **** 
 386:.\Generated_Source\PSoC5/CAN_1_INT.c **** #if (CAN_1_RX_MESSAGE)
 387:.\Generated_Source\PSoC5/CAN_1_INT.c ****     /*******************************************************************************
 388:.\Generated_Source\PSoC5/CAN_1_INT.c ****     * FUNCTION NAME:   CAN_1_MsgRXIsr
 389:.\Generated_Source\PSoC5/CAN_1_INT.c ****     ********************************************************************************
 390:.\Generated_Source\PSoC5/CAN_1_INT.c ****     *
 391:.\Generated_Source\PSoC5/CAN_1_INT.c ****     * Summary:
 392:.\Generated_Source\PSoC5/CAN_1_INT.c ****     *  This function is entry point to Receive Message Interrupt. Clears Receive
 393:.\Generated_Source\PSoC5/CAN_1_INT.c ****     *  Message interrupt flag and call appropriate handlers for Basic and Full
 394:.\Generated_Source\PSoC5/CAN_1_INT.c ****     *  interrupt based mailboxes. Only generated if Receive Message Interrupt
 395:.\Generated_Source\PSoC5/CAN_1_INT.c ****     *  enable in Customizer. Recommended setting to enable this interrupt.
ARM GAS  C:\Users\plod1602\AppData\Local\Temp\ccBS2NqW.s 			page 9


 396:.\Generated_Source\PSoC5/CAN_1_INT.c ****     *
 397:.\Generated_Source\PSoC5/CAN_1_INT.c ****     * Parameters:
 398:.\Generated_Source\PSoC5/CAN_1_INT.c ****     *  None.
 399:.\Generated_Source\PSoC5/CAN_1_INT.c ****     *
 400:.\Generated_Source\PSoC5/CAN_1_INT.c ****     * Return:
 401:.\Generated_Source\PSoC5/CAN_1_INT.c ****     *  None.
 402:.\Generated_Source\PSoC5/CAN_1_INT.c ****     *
 403:.\Generated_Source\PSoC5/CAN_1_INT.c ****     *******************************************************************************/
 404:.\Generated_Source\PSoC5/CAN_1_INT.c ****     void CAN_1_MsgRXIsr(void) 
 405:.\Generated_Source\PSoC5/CAN_1_INT.c ****     {
  62              		.loc 1 405 0
  63              		.cfi_startproc
  64              		@ args = 0, pretend = 0, frame = 8
  65              		@ frame_needed = 1, uses_anonymous_args = 0
  66 0000 80B5     		push	{r7, lr}
  67              		.cfi_def_cfa_offset 8
  68              		.cfi_offset 7, -8
  69              		.cfi_offset 14, -4
  70 0002 82B0     		sub	sp, sp, #8
  71              		.cfi_def_cfa_offset 16
  72 0004 00AF     		add	r7, sp, #0
  73              		.cfi_def_cfa_register 7
 406:.\Generated_Source\PSoC5/CAN_1_INT.c ****         uint8 mailboxNumber;
 407:.\Generated_Source\PSoC5/CAN_1_INT.c ****         uint16 shift = 0x01u;
  74              		.loc 1 407 0
  75 0006 0123     		movs	r3, #1
  76 0008 BB80     		strh	r3, [r7, #4]	@ movhi
 408:.\Generated_Source\PSoC5/CAN_1_INT.c **** 
 409:.\Generated_Source\PSoC5/CAN_1_INT.c ****         /* Clear Receive Message flag */
 410:.\Generated_Source\PSoC5/CAN_1_INT.c ****         CAN_1_INT_SR_REG.byte[1u] = CAN_1_RX_MESSAGE_MASK;
  77              		.loc 1 410 0
  78 000a 1B4B     		ldr	r3, .L12
  79 000c 1022     		movs	r2, #16
  80 000e 5A70     		strb	r2, [r3, #1]
 411:.\Generated_Source\PSoC5/CAN_1_INT.c **** 
 412:.\Generated_Source\PSoC5/CAN_1_INT.c ****         /* `#START MESSAGE_RECEIVE_ISR` */
 413:.\Generated_Source\PSoC5/CAN_1_INT.c **** 
 414:.\Generated_Source\PSoC5/CAN_1_INT.c ****         /* `#END` */
 415:.\Generated_Source\PSoC5/CAN_1_INT.c **** 
 416:.\Generated_Source\PSoC5/CAN_1_INT.c ****         #ifdef CAN_1_MSG_RX_ISR_CALLBACK
 417:.\Generated_Source\PSoC5/CAN_1_INT.c ****             CAN_1_MsgRXIsr_Callback();
 418:.\Generated_Source\PSoC5/CAN_1_INT.c ****         #endif /* CAN_1_MSG_RX_ISR_CALLBACK */
 419:.\Generated_Source\PSoC5/CAN_1_INT.c **** 
 420:.\Generated_Source\PSoC5/CAN_1_INT.c ****         for (mailboxNumber = 0u; mailboxNumber < CAN_1_NUMBER_OF_RX_MAILBOXES; mailboxNumber++)
  81              		.loc 1 420 0
  82 0010 0023     		movs	r3, #0
  83 0012 FB71     		strb	r3, [r7, #7]
  84 0014 29E0     		b	.L5
  85              	.L11:
 421:.\Generated_Source\PSoC5/CAN_1_INT.c ****         {
 422:.\Generated_Source\PSoC5/CAN_1_INT.c ****             if ((CY_GET_REG16((reg16 *) &CAN_1_BUF_SR_REG.byte[0u]) & shift) != 0u)
  86              		.loc 1 422 0
  87 0016 194B     		ldr	r3, .L12+4
  88 0018 1B88     		ldrh	r3, [r3]	@ movhi
  89 001a 9AB2     		uxth	r2, r3
  90 001c BB88     		ldrh	r3, [r7, #4]	@ movhi
  91 001e 1340     		ands	r3, r3, r2
ARM GAS  C:\Users\plod1602\AppData\Local\Temp\ccBS2NqW.s 			page 10


  92 0020 9BB2     		uxth	r3, r3
  93 0022 002B     		cmp	r3, #0
  94 0024 1BD0     		beq	.L6
 423:.\Generated_Source\PSoC5/CAN_1_INT.c ****             {
 424:.\Generated_Source\PSoC5/CAN_1_INT.c ****                 if ((CAN_1_RX[mailboxNumber].rxcmd.byte[0u] & CAN_1_RX_INT_ENABLE_MASK) != 0u)
  95              		.loc 1 424 0
  96 0026 FB79     		ldrb	r3, [r7, #7]	@ zero_extendqisi2
  97 0028 5A01     		lsls	r2, r3, #5
  98 002a 154B     		ldr	r3, .L12+8
  99 002c 1344     		add	r3, r3, r2
 100 002e 1B78     		ldrb	r3, [r3]
 101 0030 DBB2     		uxtb	r3, r3
 102 0032 03F02003 		and	r3, r3, #32
 103 0036 002B     		cmp	r3, #0
 104 0038 11D0     		beq	.L6
 425:.\Generated_Source\PSoC5/CAN_1_INT.c ****                 {
 426:.\Generated_Source\PSoC5/CAN_1_INT.c ****                     if ((CAN_1_RX_MAILBOX_TYPE & shift) != 0u)
 105              		.loc 1 426 0
 106 003a BB88     		ldrh	r3, [r7, #4]	@ movhi
 107 003c 03F00103 		and	r3, r3, #1
 108 0040 9BB2     		uxth	r3, r3
 109 0042 002B     		cmp	r3, #0
 110 0044 07D0     		beq	.L7
 427:.\Generated_Source\PSoC5/CAN_1_INT.c ****                     {
 428:.\Generated_Source\PSoC5/CAN_1_INT.c ****                         /* RX Full mailboxes handler */
 429:.\Generated_Source\PSoC5/CAN_1_INT.c ****                         switch(mailboxNumber)
 111              		.loc 1 429 0
 112 0046 FB79     		ldrb	r3, [r7, #7]	@ zero_extendqisi2
 113 0048 002B     		cmp	r3, #0
 114 004a 00D0     		beq	.L9
 430:.\Generated_Source\PSoC5/CAN_1_INT.c ****                         {
 431:.\Generated_Source\PSoC5/CAN_1_INT.c ****                             case 0u : CAN_1_ReceiveMsg0();
 432:.\Generated_Source\PSoC5/CAN_1_INT.c ****                             break;
 433:.\Generated_Source\PSoC5/CAN_1_INT.c ****                             default:
 434:.\Generated_Source\PSoC5/CAN_1_INT.c ****                             break;
 115              		.loc 1 434 0
 116 004c 02E0     		b	.L10
 117              	.L9:
 431:.\Generated_Source\PSoC5/CAN_1_INT.c ****                             break;
 118              		.loc 1 431 0
 119 004e FFF7FEFF 		bl	CAN_1_ReceiveMsg0
 432:.\Generated_Source\PSoC5/CAN_1_INT.c ****                             default:
 120              		.loc 1 432 0
 121 0052 00BF     		nop
 122              	.L10:
 123 0054 03E0     		b	.L6
 124              	.L7:
 435:.\Generated_Source\PSoC5/CAN_1_INT.c ****                         }
 436:.\Generated_Source\PSoC5/CAN_1_INT.c ****                     }
 437:.\Generated_Source\PSoC5/CAN_1_INT.c ****                     else
 438:.\Generated_Source\PSoC5/CAN_1_INT.c ****                     {
 439:.\Generated_Source\PSoC5/CAN_1_INT.c ****                         /* RX Basic mailbox handler */
 440:.\Generated_Source\PSoC5/CAN_1_INT.c ****                         CAN_1_ReceiveMsg(mailboxNumber);
 125              		.loc 1 440 0
 126 0056 FB79     		ldrb	r3, [r7, #7]	@ zero_extendqisi2
 127 0058 1846     		mov	r0, r3
 128 005a FFF7FEFF 		bl	CAN_1_ReceiveMsg
ARM GAS  C:\Users\plod1602\AppData\Local\Temp\ccBS2NqW.s 			page 11


 129              	.L6:
 441:.\Generated_Source\PSoC5/CAN_1_INT.c ****                     }
 442:.\Generated_Source\PSoC5/CAN_1_INT.c ****                 }
 443:.\Generated_Source\PSoC5/CAN_1_INT.c ****             }
 444:.\Generated_Source\PSoC5/CAN_1_INT.c ****             shift <<= 1u;
 130              		.loc 1 444 0 discriminator 2
 131 005e BB88     		ldrh	r3, [r7, #4]	@ movhi
 132 0060 5B00     		lsls	r3, r3, #1
 133 0062 BB80     		strh	r3, [r7, #4]	@ movhi
 420:.\Generated_Source\PSoC5/CAN_1_INT.c ****         {
 134              		.loc 1 420 0 discriminator 2
 135 0064 FB79     		ldrb	r3, [r7, #7]	@ zero_extendqisi2
 136 0066 0133     		adds	r3, r3, #1
 137 0068 FB71     		strb	r3, [r7, #7]
 138              	.L5:
 420:.\Generated_Source\PSoC5/CAN_1_INT.c ****         {
 139              		.loc 1 420 0 is_stmt 0 discriminator 1
 140 006a FB79     		ldrb	r3, [r7, #7]	@ zero_extendqisi2
 141 006c 0F2B     		cmp	r3, #15
 142 006e D2D9     		bls	.L11
 445:.\Generated_Source\PSoC5/CAN_1_INT.c ****         }
 446:.\Generated_Source\PSoC5/CAN_1_INT.c ****     }
 143              		.loc 1 446 0 is_stmt 1
 144 0070 0837     		adds	r7, r7, #8
 145              		.cfi_def_cfa_offset 8
 146 0072 BD46     		mov	sp, r7
 147              		.cfi_def_cfa_register 13
 148              		@ sp needed
 149 0074 80BD     		pop	{r7, pc}
 150              	.L13:
 151 0076 00BF     		.align	2
 152              	.L12:
 153 0078 00A00040 		.word	1073782784
 154 007c 08A00040 		.word	1073782792
 155 0080 A0A00040 		.word	1073782944
 156              		.cfi_endproc
 157              	.LFE1:
 158              		.size	CAN_1_MsgRXIsr, .-CAN_1_MsgRXIsr
 159              		.section	.text.CAN_1_ISR,"ax",%progbits
 160              		.align	2
 161              		.global	CAN_1_ISR
 162              		.thumb
 163              		.thumb_func
 164              		.type	CAN_1_ISR, %function
 165              	CAN_1_ISR:
 166              	.LFB2:
 447:.\Generated_Source\PSoC5/CAN_1_INT.c **** #endif /* CAN_1_RX_MESSAGE */
 448:.\Generated_Source\PSoC5/CAN_1_INT.c **** 
 449:.\Generated_Source\PSoC5/CAN_1_INT.c **** 
 450:.\Generated_Source\PSoC5/CAN_1_INT.c **** /*******************************************************************************
 451:.\Generated_Source\PSoC5/CAN_1_INT.c **** * Function Name: CAN_1_ISR
 452:.\Generated_Source\PSoC5/CAN_1_INT.c **** ********************************************************************************
 453:.\Generated_Source\PSoC5/CAN_1_INT.c **** *
 454:.\Generated_Source\PSoC5/CAN_1_INT.c **** * Summary:
 455:.\Generated_Source\PSoC5/CAN_1_INT.c **** *  This ISR is executed when CAN Core generates and interrupt on one of events:
 456:.\Generated_Source\PSoC5/CAN_1_INT.c **** *  Arb_lost, Overload, Bit_err, Stuff_err, Ack_err, Form_err, Crc_err,
 457:.\Generated_Source\PSoC5/CAN_1_INT.c **** *  Buss_off, Rx_msg_lost, Tx_msg or Rx_msg. The interrupt sources depends
ARM GAS  C:\Users\plod1602\AppData\Local\Temp\ccBS2NqW.s 			page 12


 458:.\Generated_Source\PSoC5/CAN_1_INT.c **** *  on the Customizer inputs.
 459:.\Generated_Source\PSoC5/CAN_1_INT.c **** *
 460:.\Generated_Source\PSoC5/CAN_1_INT.c **** * Parameters:
 461:.\Generated_Source\PSoC5/CAN_1_INT.c **** *  None.
 462:.\Generated_Source\PSoC5/CAN_1_INT.c **** *
 463:.\Generated_Source\PSoC5/CAN_1_INT.c **** * Return:
 464:.\Generated_Source\PSoC5/CAN_1_INT.c **** *  None.
 465:.\Generated_Source\PSoC5/CAN_1_INT.c **** *
 466:.\Generated_Source\PSoC5/CAN_1_INT.c **** *******************************************************************************/
 467:.\Generated_Source\PSoC5/CAN_1_INT.c **** CY_ISR(CAN_1_ISR)
 468:.\Generated_Source\PSoC5/CAN_1_INT.c **** {
 167              		.loc 1 468 0
 168              		.cfi_startproc
 169              		@ args = 0, pretend = 0, frame = 0
 170              		@ frame_needed = 1, uses_anonymous_args = 0
 171 0000 80B5     		push	{r7, lr}
 172              		.cfi_def_cfa_offset 8
 173              		.cfi_offset 7, -8
 174              		.cfi_offset 14, -4
 175 0002 00AF     		add	r7, sp, #0
 176              		.cfi_def_cfa_register 7
 469:.\Generated_Source\PSoC5/CAN_1_INT.c ****     #ifdef CAN_1_ISR_INTERRUPT_CALLBACK
 470:.\Generated_Source\PSoC5/CAN_1_INT.c ****         CAN_1_ISR_InterruptCallback();
 471:.\Generated_Source\PSoC5/CAN_1_INT.c ****     #endif /* CAN_1_ISR_INTERRUPT_CALLBACK */
 472:.\Generated_Source\PSoC5/CAN_1_INT.c ****     
 473:.\Generated_Source\PSoC5/CAN_1_INT.c ****     /* Place your Interrupt code here. */
 474:.\Generated_Source\PSoC5/CAN_1_INT.c ****     /* `#START CAN_ISR` */
 475:.\Generated_Source\PSoC5/CAN_1_INT.c **** 
 476:.\Generated_Source\PSoC5/CAN_1_INT.c ****     /* `#END` */
 477:.\Generated_Source\PSoC5/CAN_1_INT.c ****     
 478:.\Generated_Source\PSoC5/CAN_1_INT.c ****     /* Arbitration */
 479:.\Generated_Source\PSoC5/CAN_1_INT.c ****     #if (CAN_1_ARB_LOST && (CAN_1_ARB_LOST_USE_HELPER || \
 480:.\Generated_Source\PSoC5/CAN_1_INT.c ****         (!CAN_1_ADVANCED_INTERRUPT_CFG)))
 481:.\Generated_Source\PSoC5/CAN_1_INT.c ****         if ((CAN_1_INT_SR_REG.byte[0u] & CAN_1_ARBITRATION_LOST_MASK) != 0u)
 482:.\Generated_Source\PSoC5/CAN_1_INT.c ****         {
 483:.\Generated_Source\PSoC5/CAN_1_INT.c ****             CAN_1_ArbLostIsr();
 484:.\Generated_Source\PSoC5/CAN_1_INT.c ****         }
 485:.\Generated_Source\PSoC5/CAN_1_INT.c ****     #endif /* CAN_1_ARB_LOST && CAN_1_ARB_LOST_USE_HELPER */
 486:.\Generated_Source\PSoC5/CAN_1_INT.c **** 
 487:.\Generated_Source\PSoC5/CAN_1_INT.c ****     /* Overload Error */
 488:.\Generated_Source\PSoC5/CAN_1_INT.c ****     #if (CAN_1_OVERLOAD && (CAN_1_OVERLOAD_USE_HELPER || \
 489:.\Generated_Source\PSoC5/CAN_1_INT.c ****         (!CAN_1_ADVANCED_INTERRUPT_CFG)))
 490:.\Generated_Source\PSoC5/CAN_1_INT.c ****         if ((CAN_1_INT_SR_REG.byte[0u] & CAN_1_OVERLOAD_ERROR_MASK) != 0u)
 491:.\Generated_Source\PSoC5/CAN_1_INT.c ****         {
 492:.\Generated_Source\PSoC5/CAN_1_INT.c ****             CAN_1_OvrLdErrorIsr();
 493:.\Generated_Source\PSoC5/CAN_1_INT.c ****         }
 494:.\Generated_Source\PSoC5/CAN_1_INT.c ****     #endif /* CAN_1_OVERLOAD && CAN_1_OVERLOAD_USE_HELPER */
 495:.\Generated_Source\PSoC5/CAN_1_INT.c **** 
 496:.\Generated_Source\PSoC5/CAN_1_INT.c ****     /* Bit Error */
 497:.\Generated_Source\PSoC5/CAN_1_INT.c ****     #if (CAN_1_BIT_ERR && (CAN_1_BIT_ERR_USE_HELPER || \
 498:.\Generated_Source\PSoC5/CAN_1_INT.c ****         (!CAN_1_ADVANCED_INTERRUPT_CFG)))
 499:.\Generated_Source\PSoC5/CAN_1_INT.c ****         if ((CAN_1_INT_SR_REG.byte[0u] & CAN_1_BIT_ERROR_MASK) != 0u)
 500:.\Generated_Source\PSoC5/CAN_1_INT.c ****         {
 501:.\Generated_Source\PSoC5/CAN_1_INT.c ****             CAN_1_BitErrorIsr();
 502:.\Generated_Source\PSoC5/CAN_1_INT.c ****         }
 503:.\Generated_Source\PSoC5/CAN_1_INT.c ****     #endif /* CAN_1_BIT_ERR && CAN_1_BIT_ERR_USE_HELPER */
 504:.\Generated_Source\PSoC5/CAN_1_INT.c **** 
ARM GAS  C:\Users\plod1602\AppData\Local\Temp\ccBS2NqW.s 			page 13


 505:.\Generated_Source\PSoC5/CAN_1_INT.c ****     /* Bit Staff Error */
 506:.\Generated_Source\PSoC5/CAN_1_INT.c ****     #if (CAN_1_STUFF_ERR && (CAN_1_STUFF_ERR_USE_HELPER || \
 507:.\Generated_Source\PSoC5/CAN_1_INT.c ****         (!CAN_1_ADVANCED_INTERRUPT_CFG)))
 508:.\Generated_Source\PSoC5/CAN_1_INT.c ****         if ((CAN_1_INT_SR_REG.byte[0u] & CAN_1_STUFF_ERROR_MASK) != 0u)
 509:.\Generated_Source\PSoC5/CAN_1_INT.c ****         {
 510:.\Generated_Source\PSoC5/CAN_1_INT.c ****             CAN_1_BitStuffErrorIsr();
 511:.\Generated_Source\PSoC5/CAN_1_INT.c ****         }
 512:.\Generated_Source\PSoC5/CAN_1_INT.c ****     #endif /* CAN_1_STUFF_ERR && CAN_1_STUFF_ERR_USE_HELPER */
 513:.\Generated_Source\PSoC5/CAN_1_INT.c **** 
 514:.\Generated_Source\PSoC5/CAN_1_INT.c ****     /* ACK Error */
 515:.\Generated_Source\PSoC5/CAN_1_INT.c ****     #if (CAN_1_ACK_ERR && (CAN_1_ACK_ERR_USE_HELPER || \
 516:.\Generated_Source\PSoC5/CAN_1_INT.c ****         (!CAN_1_ADVANCED_INTERRUPT_CFG)))
 517:.\Generated_Source\PSoC5/CAN_1_INT.c ****         if ((CAN_1_INT_SR_REG.byte[0u] & CAN_1_ACK_ERROR_MASK) != 0u)
 518:.\Generated_Source\PSoC5/CAN_1_INT.c ****         {
 519:.\Generated_Source\PSoC5/CAN_1_INT.c ****             CAN_1_AckErrorIsr();
 520:.\Generated_Source\PSoC5/CAN_1_INT.c ****         }
 521:.\Generated_Source\PSoC5/CAN_1_INT.c ****     #endif /* CAN_1_ACK_ERR && CAN_1_ACK_ERR_USE_HELPER */
 522:.\Generated_Source\PSoC5/CAN_1_INT.c **** 
 523:.\Generated_Source\PSoC5/CAN_1_INT.c ****     /* Form(msg) Error */
 524:.\Generated_Source\PSoC5/CAN_1_INT.c ****     #if (CAN_1_FORM_ERR && (CAN_1_FORM_ERR_USE_HELPER || \
 525:.\Generated_Source\PSoC5/CAN_1_INT.c ****         (!CAN_1_ADVANCED_INTERRUPT_CFG)))
 526:.\Generated_Source\PSoC5/CAN_1_INT.c ****         if ((CAN_1_INT_SR_REG.byte[0u] & CAN_1_FORM_ERROR_MASK) != 0u)
 527:.\Generated_Source\PSoC5/CAN_1_INT.c ****         {
 528:.\Generated_Source\PSoC5/CAN_1_INT.c ****             CAN_1_MsgErrorIsr();
 529:.\Generated_Source\PSoC5/CAN_1_INT.c ****         }
 530:.\Generated_Source\PSoC5/CAN_1_INT.c ****     #endif /* CAN_1_FORM_ERR && CAN_1_FORM_ERR_USE_HELPER */
 531:.\Generated_Source\PSoC5/CAN_1_INT.c **** 
 532:.\Generated_Source\PSoC5/CAN_1_INT.c ****     /* CRC Error */
 533:.\Generated_Source\PSoC5/CAN_1_INT.c ****     #if (CAN_1_CRC_ERR && (CAN_1_CRC_ERR_USE_HELPER || \
 534:.\Generated_Source\PSoC5/CAN_1_INT.c ****         (!CAN_1_ADVANCED_INTERRUPT_CFG)))
 535:.\Generated_Source\PSoC5/CAN_1_INT.c ****         if ((CAN_1_INT_SR_REG.byte[1u] & CAN_1_CRC_ERROR_MASK) != 0u)
 536:.\Generated_Source\PSoC5/CAN_1_INT.c ****         {
 537:.\Generated_Source\PSoC5/CAN_1_INT.c ****             CAN_1_CrcErrorIsr();
 538:.\Generated_Source\PSoC5/CAN_1_INT.c ****         }
 539:.\Generated_Source\PSoC5/CAN_1_INT.c ****     #endif /* CAN_1_CRC_ERR && CAN_1_CRC_ERR_USE_HELPER */
 540:.\Generated_Source\PSoC5/CAN_1_INT.c **** 
 541:.\Generated_Source\PSoC5/CAN_1_INT.c ****     /* Bus Off state */
 542:.\Generated_Source\PSoC5/CAN_1_INT.c ****     #if (CAN_1_BUS_OFF && (CAN_1_BUS_OFF_USE_HELPER || \
 543:.\Generated_Source\PSoC5/CAN_1_INT.c ****         (!CAN_1_ADVANCED_INTERRUPT_CFG)))
 544:.\Generated_Source\PSoC5/CAN_1_INT.c ****         if ((CAN_1_INT_SR_REG.byte[1u] & CAN_1_BUS_OFF_MASK) != 0u)
 177              		.loc 1 544 0
 178 0004 094B     		ldr	r3, .L17
 179 0006 5B78     		ldrb	r3, [r3, #1]
 180 0008 DBB2     		uxtb	r3, r3
 181 000a 03F00203 		and	r3, r3, #2
 182 000e 002B     		cmp	r3, #0
 183 0010 01D0     		beq	.L15
 545:.\Generated_Source\PSoC5/CAN_1_INT.c ****         {
 546:.\Generated_Source\PSoC5/CAN_1_INT.c ****             CAN_1_BusOffIsr();
 184              		.loc 1 546 0
 185 0012 FFF7FEFF 		bl	CAN_1_BusOffIsr
 186              	.L15:
 547:.\Generated_Source\PSoC5/CAN_1_INT.c ****         }
 548:.\Generated_Source\PSoC5/CAN_1_INT.c ****     #endif /* CAN_1_BUS_OFF && CAN_1_BUS_OFF_USE_HELPER */
 549:.\Generated_Source\PSoC5/CAN_1_INT.c **** 
 550:.\Generated_Source\PSoC5/CAN_1_INT.c ****     /* Message Lost */
 551:.\Generated_Source\PSoC5/CAN_1_INT.c ****     #if (CAN_1_RX_MSG_LOST && (CAN_1_RX_MSG_LOST_USE_HELPER || \
ARM GAS  C:\Users\plod1602\AppData\Local\Temp\ccBS2NqW.s 			page 14


 552:.\Generated_Source\PSoC5/CAN_1_INT.c ****         (!CAN_1_ADVANCED_INTERRUPT_CFG)))
 553:.\Generated_Source\PSoC5/CAN_1_INT.c ****         if ((CAN_1_INT_SR_REG.byte[1u] & CAN_1_RX_MSG_LOST_MASK) != 0u)
 554:.\Generated_Source\PSoC5/CAN_1_INT.c ****         {
 555:.\Generated_Source\PSoC5/CAN_1_INT.c ****             CAN_1_MsgLostIsr();
 556:.\Generated_Source\PSoC5/CAN_1_INT.c ****         }
 557:.\Generated_Source\PSoC5/CAN_1_INT.c ****     #endif /* CAN_1_RX_MSG_LOST && CAN_1_RX_MSG_LOST_USE_HELPER */
 558:.\Generated_Source\PSoC5/CAN_1_INT.c **** 
 559:.\Generated_Source\PSoC5/CAN_1_INT.c ****     /* TX Message Send */
 560:.\Generated_Source\PSoC5/CAN_1_INT.c ****     #if (CAN_1_TX_MESSAGE && (CAN_1_TX_MESSAGE_USE_HELPER || \
 561:.\Generated_Source\PSoC5/CAN_1_INT.c ****         (!CAN_1_ADVANCED_INTERRUPT_CFG)))
 562:.\Generated_Source\PSoC5/CAN_1_INT.c ****         if ((CAN_1_INT_SR_REG.byte[1u] & CAN_1_TX_MESSAGE_MASK) != 0u)
 563:.\Generated_Source\PSoC5/CAN_1_INT.c ****         {
 564:.\Generated_Source\PSoC5/CAN_1_INT.c ****             CAN_1_MsgTXIsr();
 565:.\Generated_Source\PSoC5/CAN_1_INT.c ****         }
 566:.\Generated_Source\PSoC5/CAN_1_INT.c ****     #endif /* CAN_1_TX_MESSAGE && CAN_1_TX_MESSAGE_USE_HELPER */
 567:.\Generated_Source\PSoC5/CAN_1_INT.c **** 
 568:.\Generated_Source\PSoC5/CAN_1_INT.c ****     /* RX Message Available */
 569:.\Generated_Source\PSoC5/CAN_1_INT.c ****     #if (CAN_1_RX_MESSAGE && (CAN_1_RX_MESSAGE_USE_HELPER || \
 570:.\Generated_Source\PSoC5/CAN_1_INT.c ****         (!CAN_1_ADVANCED_INTERRUPT_CFG)))
 571:.\Generated_Source\PSoC5/CAN_1_INT.c ****         if ((CAN_1_INT_SR_REG.byte[1u] & CAN_1_RX_MESSAGE_MASK) != 0u)
 187              		.loc 1 571 0
 188 0016 054B     		ldr	r3, .L17
 189 0018 5B78     		ldrb	r3, [r3, #1]
 190 001a DBB2     		uxtb	r3, r3
 191 001c 03F01003 		and	r3, r3, #16
 192 0020 002B     		cmp	r3, #0
 193 0022 01D0     		beq	.L14
 572:.\Generated_Source\PSoC5/CAN_1_INT.c ****         {
 573:.\Generated_Source\PSoC5/CAN_1_INT.c ****             CAN_1_MsgRXIsr();
 194              		.loc 1 573 0
 195 0024 FFF7FEFF 		bl	CAN_1_MsgRXIsr
 196              	.L14:
 574:.\Generated_Source\PSoC5/CAN_1_INT.c ****         }
 575:.\Generated_Source\PSoC5/CAN_1_INT.c ****     #endif /* CAN_1_RX_MESSAGE && CAN_1_RX_MESSAGE_USE_HELPER */
 576:.\Generated_Source\PSoC5/CAN_1_INT.c **** }
 197              		.loc 1 576 0
 198 0028 80BD     		pop	{r7, pc}
 199              	.L18:
 200 002a 00BF     		.align	2
 201              	.L17:
 202 002c 00A00040 		.word	1073782784
 203              		.cfi_endproc
 204              	.LFE2:
 205              		.size	CAN_1_ISR, .-CAN_1_ISR
 206              		.text
 207              	.Letext0:
 208              		.file 2 ".\\Generated_Source\\PSoC5\\cytypes.h"
 209              		.file 3 ".\\Generated_Source\\PSoC5\\CAN_1.h"
 210              		.section	.debug_info,"",%progbits
 211              	.Ldebug_info0:
 212 0000 E7010000 		.4byte	0x1e7
 213 0004 0400     		.2byte	0x4
 214 0006 00000000 		.4byte	.Ldebug_abbrev0
 215 000a 04       		.byte	0x4
 216 000b 01       		.uleb128 0x1
 217 000c F6000000 		.4byte	.LASF32
 218 0010 01       		.byte	0x1
ARM GAS  C:\Users\plod1602\AppData\Local\Temp\ccBS2NqW.s 			page 15


 219 0011 8B010000 		.4byte	.LASF33
 220 0015 19000000 		.4byte	.LASF34
 221 0019 00000000 		.4byte	.Ldebug_ranges0+0
 222 001d 00000000 		.4byte	0
 223 0021 00000000 		.4byte	.Ldebug_line0
 224 0025 02       		.uleb128 0x2
 225 0026 01       		.byte	0x1
 226 0027 06       		.byte	0x6
 227 0028 48020000 		.4byte	.LASF0
 228 002c 02       		.uleb128 0x2
 229 002d 01       		.byte	0x1
 230 002e 08       		.byte	0x8
 231 002f BB000000 		.4byte	.LASF1
 232 0033 02       		.uleb128 0x2
 233 0034 02       		.byte	0x2
 234 0035 05       		.byte	0x5
 235 0036 1A020000 		.4byte	.LASF2
 236 003a 02       		.uleb128 0x2
 237 003b 02       		.byte	0x2
 238 003c 07       		.byte	0x7
 239 003d 7B000000 		.4byte	.LASF3
 240 0041 02       		.uleb128 0x2
 241 0042 04       		.byte	0x4
 242 0043 05       		.byte	0x5
 243 0044 39020000 		.4byte	.LASF4
 244 0048 02       		.uleb128 0x2
 245 0049 04       		.byte	0x4
 246 004a 07       		.byte	0x7
 247 004b DE000000 		.4byte	.LASF5
 248 004f 02       		.uleb128 0x2
 249 0050 08       		.byte	0x8
 250 0051 05       		.byte	0x5
 251 0052 07020000 		.4byte	.LASF6
 252 0056 02       		.uleb128 0x2
 253 0057 08       		.byte	0x8
 254 0058 07       		.byte	0x7
 255 0059 D5010000 		.4byte	.LASF7
 256 005d 03       		.uleb128 0x3
 257 005e 04       		.byte	0x4
 258 005f 05       		.byte	0x5
 259 0060 696E7400 		.ascii	"int\000"
 260 0064 02       		.uleb128 0x2
 261 0065 04       		.byte	0x4
 262 0066 07       		.byte	0x7
 263 0067 C8010000 		.4byte	.LASF8
 264 006b 04       		.uleb128 0x4
 265 006c F0000000 		.4byte	.LASF9
 266 0070 02       		.byte	0x2
 267 0071 A1       		.byte	0xa1
 268 0072 2C000000 		.4byte	0x2c
 269 0076 04       		.uleb128 0x4
 270 0077 B0010000 		.4byte	.LASF10
 271 007b 02       		.byte	0x2
 272 007c A2       		.byte	0xa2
 273 007d 3A000000 		.4byte	0x3a
 274 0081 02       		.uleb128 0x2
 275 0082 04       		.byte	0x4
ARM GAS  C:\Users\plod1602\AppData\Local\Temp\ccBS2NqW.s 			page 16


 276 0083 04       		.byte	0x4
 277 0084 42020000 		.4byte	.LASF11
 278 0088 02       		.uleb128 0x2
 279 0089 08       		.byte	0x8
 280 008a 04       		.byte	0x4
 281 008b 84010000 		.4byte	.LASF12
 282 008f 02       		.uleb128 0x2
 283 0090 01       		.byte	0x1
 284 0091 08       		.byte	0x8
 285 0092 15020000 		.4byte	.LASF13
 286 0096 05       		.uleb128 0x5
 287 0097 F2010000 		.4byte	.LASF14
 288 009b 02       		.byte	0x2
 289 009c 4B01     		.2byte	0x14b
 290 009e A2000000 		.4byte	0xa2
 291 00a2 06       		.uleb128 0x6
 292 00a3 6B000000 		.4byte	0x6b
 293 00a7 05       		.uleb128 0x5
 294 00a8 00000000 		.4byte	.LASF15
 295 00ac 02       		.byte	0x2
 296 00ad 4C01     		.2byte	0x14c
 297 00af B3000000 		.4byte	0xb3
 298 00b3 06       		.uleb128 0x6
 299 00b4 76000000 		.4byte	0x76
 300 00b8 02       		.uleb128 0x2
 301 00b9 04       		.byte	0x4
 302 00ba 07       		.byte	0x7
 303 00bb F7010000 		.4byte	.LASF16
 304 00bf 07       		.uleb128 0x7
 305 00c0 08       		.byte	0x8
 306 00c1 03       		.byte	0x3
 307 00c2 75       		.byte	0x75
 308 00c3 D4000000 		.4byte	0xd4
 309 00c7 08       		.uleb128 0x8
 310 00c8 8E000000 		.4byte	.LASF18
 311 00cc 03       		.byte	0x3
 312 00cd 77       		.byte	0x77
 313 00ce E4000000 		.4byte	0xe4
 314 00d2 00       		.byte	0
 315 00d3 00       		.byte	0
 316 00d4 09       		.uleb128 0x9
 317 00d5 96000000 		.4byte	0x96
 318 00d9 E4000000 		.4byte	0xe4
 319 00dd 0A       		.uleb128 0xa
 320 00de B8000000 		.4byte	0xb8
 321 00e2 07       		.byte	0x7
 322 00e3 00       		.byte	0
 323 00e4 06       		.uleb128 0x6
 324 00e5 D4000000 		.4byte	0xd4
 325 00e9 04       		.uleb128 0x4
 326 00ea B7010000 		.4byte	.LASF17
 327 00ee 03       		.byte	0x3
 328 00ef 78       		.byte	0x78
 329 00f0 BF000000 		.4byte	0xbf
 330 00f4 07       		.uleb128 0x7
 331 00f5 04       		.byte	0x4
 332 00f6 03       		.byte	0x3
ARM GAS  C:\Users\plod1602\AppData\Local\Temp\ccBS2NqW.s 			page 17


 333 00f7 7B       		.byte	0x7b
 334 00f8 09010000 		.4byte	0x109
 335 00fc 08       		.uleb128 0x8
 336 00fd 8E000000 		.4byte	.LASF18
 337 0101 03       		.byte	0x3
 338 0102 7D       		.byte	0x7d
 339 0103 19010000 		.4byte	0x119
 340 0107 00       		.byte	0
 341 0108 00       		.byte	0
 342 0109 09       		.uleb128 0x9
 343 010a 96000000 		.4byte	0x96
 344 010e 19010000 		.4byte	0x119
 345 0112 0A       		.uleb128 0xa
 346 0113 B8000000 		.4byte	0xb8
 347 0117 03       		.byte	0x3
 348 0118 00       		.byte	0
 349 0119 06       		.uleb128 0x6
 350 011a 09010000 		.4byte	0x109
 351 011e 04       		.uleb128 0x4
 352 011f 06000000 		.4byte	.LASF19
 353 0123 03       		.byte	0x3
 354 0124 7E       		.byte	0x7e
 355 0125 F4000000 		.4byte	0xf4
 356 0129 07       		.uleb128 0x7
 357 012a 20       		.byte	0x20
 358 012b 03       		.byte	0x3
 359 012c A0       		.byte	0xa0
 360 012d 86010000 		.4byte	0x186
 361 0131 08       		.uleb128 0x8
 362 0132 EC010000 		.4byte	.LASF20
 363 0136 03       		.byte	0x3
 364 0137 A2       		.byte	0xa2
 365 0138 1E010000 		.4byte	0x11e
 366 013c 00       		.byte	0
 367 013d 08       		.uleb128 0x8
 368 013e C9000000 		.4byte	.LASF21
 369 0142 03       		.byte	0x3
 370 0143 A3       		.byte	0xa3
 371 0144 1E010000 		.4byte	0x11e
 372 0148 04       		.byte	0x4
 373 0149 08       		.uleb128 0x8
 374 014a 93000000 		.4byte	.LASF22
 375 014e 03       		.byte	0x3
 376 014f A4       		.byte	0xa4
 377 0150 E9000000 		.4byte	0xe9
 378 0154 08       		.byte	0x8
 379 0155 08       		.uleb128 0x8
 380 0156 67000000 		.4byte	.LASF23
 381 015a 03       		.byte	0x3
 382 015b A5       		.byte	0xa5
 383 015c 1E010000 		.4byte	0x11e
 384 0160 10       		.byte	0x10
 385 0161 08       		.uleb128 0x8
 386 0162 24020000 		.4byte	.LASF24
 387 0166 03       		.byte	0x3
 388 0167 A6       		.byte	0xa6
 389 0168 1E010000 		.4byte	0x11e
ARM GAS  C:\Users\plod1602\AppData\Local\Temp\ccBS2NqW.s 			page 18


 390 016c 14       		.byte	0x14
 391 016d 08       		.uleb128 0x8
 392 016e 00020000 		.4byte	.LASF25
 393 0172 03       		.byte	0x3
 394 0173 A7       		.byte	0xa7
 395 0174 1E010000 		.4byte	0x11e
 396 0178 18       		.byte	0x18
 397 0179 08       		.uleb128 0x8
 398 017a 9A000000 		.4byte	.LASF26
 399 017e 03       		.byte	0x3
 400 017f A8       		.byte	0xa8
 401 0180 1E010000 		.4byte	0x11e
 402 0184 1C       		.byte	0x1c
 403 0185 00       		.byte	0
 404 0186 04       		.uleb128 0x4
 405 0187 CE000000 		.4byte	.LASF27
 406 018b 03       		.byte	0x3
 407 018c A9       		.byte	0xa9
 408 018d 29010000 		.4byte	0x129
 409 0191 0B       		.uleb128 0xb
 410 0192 AB000000 		.4byte	.LASF30
 411 0196 01       		.byte	0x1
 412 0197 2801     		.2byte	0x128
 413 0199 00000000 		.4byte	.LFB0
 414 019d 18000000 		.4byte	.LFE0-.LFB0
 415 01a1 01       		.uleb128 0x1
 416 01a2 9C       		.byte	0x9c
 417 01a3 0C       		.uleb128 0xc
 418 01a4 2A020000 		.4byte	.LASF35
 419 01a8 01       		.byte	0x1
 420 01a9 9401     		.2byte	0x194
 421 01ab 00000000 		.4byte	.LFB1
 422 01af 84000000 		.4byte	.LFE1-.LFB1
 423 01b3 01       		.uleb128 0x1
 424 01b4 9C       		.byte	0x9c
 425 01b5 D8010000 		.4byte	0x1d8
 426 01b9 0D       		.uleb128 0xd
 427 01ba 6D000000 		.4byte	.LASF28
 428 01be 01       		.byte	0x1
 429 01bf 9601     		.2byte	0x196
 430 01c1 6B000000 		.4byte	0x6b
 431 01c5 02       		.uleb128 0x2
 432 01c6 91       		.byte	0x91
 433 01c7 77       		.sleb128 -9
 434 01c8 0D       		.uleb128 0xd
 435 01c9 13000000 		.4byte	.LASF29
 436 01cd 01       		.byte	0x1
 437 01ce 9701     		.2byte	0x197
 438 01d0 76000000 		.4byte	0x76
 439 01d4 02       		.uleb128 0x2
 440 01d5 91       		.byte	0x91
 441 01d6 74       		.sleb128 -12
 442 01d7 00       		.byte	0
 443 01d8 0B       		.uleb128 0xb
 444 01d9 A1000000 		.4byte	.LASF31
 445 01dd 01       		.byte	0x1
 446 01de D301     		.2byte	0x1d3
ARM GAS  C:\Users\plod1602\AppData\Local\Temp\ccBS2NqW.s 			page 19


 447 01e0 00000000 		.4byte	.LFB2
 448 01e4 30000000 		.4byte	.LFE2-.LFB2
 449 01e8 01       		.uleb128 0x1
 450 01e9 9C       		.byte	0x9c
 451 01ea 00       		.byte	0
 452              		.section	.debug_abbrev,"",%progbits
 453              	.Ldebug_abbrev0:
 454 0000 01       		.uleb128 0x1
 455 0001 11       		.uleb128 0x11
 456 0002 01       		.byte	0x1
 457 0003 25       		.uleb128 0x25
 458 0004 0E       		.uleb128 0xe
 459 0005 13       		.uleb128 0x13
 460 0006 0B       		.uleb128 0xb
 461 0007 03       		.uleb128 0x3
 462 0008 0E       		.uleb128 0xe
 463 0009 1B       		.uleb128 0x1b
 464 000a 0E       		.uleb128 0xe
 465 000b 55       		.uleb128 0x55
 466 000c 17       		.uleb128 0x17
 467 000d 11       		.uleb128 0x11
 468 000e 01       		.uleb128 0x1
 469 000f 10       		.uleb128 0x10
 470 0010 17       		.uleb128 0x17
 471 0011 00       		.byte	0
 472 0012 00       		.byte	0
 473 0013 02       		.uleb128 0x2
 474 0014 24       		.uleb128 0x24
 475 0015 00       		.byte	0
 476 0016 0B       		.uleb128 0xb
 477 0017 0B       		.uleb128 0xb
 478 0018 3E       		.uleb128 0x3e
 479 0019 0B       		.uleb128 0xb
 480 001a 03       		.uleb128 0x3
 481 001b 0E       		.uleb128 0xe
 482 001c 00       		.byte	0
 483 001d 00       		.byte	0
 484 001e 03       		.uleb128 0x3
 485 001f 24       		.uleb128 0x24
 486 0020 00       		.byte	0
 487 0021 0B       		.uleb128 0xb
 488 0022 0B       		.uleb128 0xb
 489 0023 3E       		.uleb128 0x3e
 490 0024 0B       		.uleb128 0xb
 491 0025 03       		.uleb128 0x3
 492 0026 08       		.uleb128 0x8
 493 0027 00       		.byte	0
 494 0028 00       		.byte	0
 495 0029 04       		.uleb128 0x4
 496 002a 16       		.uleb128 0x16
 497 002b 00       		.byte	0
 498 002c 03       		.uleb128 0x3
 499 002d 0E       		.uleb128 0xe
 500 002e 3A       		.uleb128 0x3a
 501 002f 0B       		.uleb128 0xb
 502 0030 3B       		.uleb128 0x3b
 503 0031 0B       		.uleb128 0xb
ARM GAS  C:\Users\plod1602\AppData\Local\Temp\ccBS2NqW.s 			page 20


 504 0032 49       		.uleb128 0x49
 505 0033 13       		.uleb128 0x13
 506 0034 00       		.byte	0
 507 0035 00       		.byte	0
 508 0036 05       		.uleb128 0x5
 509 0037 16       		.uleb128 0x16
 510 0038 00       		.byte	0
 511 0039 03       		.uleb128 0x3
 512 003a 0E       		.uleb128 0xe
 513 003b 3A       		.uleb128 0x3a
 514 003c 0B       		.uleb128 0xb
 515 003d 3B       		.uleb128 0x3b
 516 003e 05       		.uleb128 0x5
 517 003f 49       		.uleb128 0x49
 518 0040 13       		.uleb128 0x13
 519 0041 00       		.byte	0
 520 0042 00       		.byte	0
 521 0043 06       		.uleb128 0x6
 522 0044 35       		.uleb128 0x35
 523 0045 00       		.byte	0
 524 0046 49       		.uleb128 0x49
 525 0047 13       		.uleb128 0x13
 526 0048 00       		.byte	0
 527 0049 00       		.byte	0
 528 004a 07       		.uleb128 0x7
 529 004b 13       		.uleb128 0x13
 530 004c 01       		.byte	0x1
 531 004d 0B       		.uleb128 0xb
 532 004e 0B       		.uleb128 0xb
 533 004f 3A       		.uleb128 0x3a
 534 0050 0B       		.uleb128 0xb
 535 0051 3B       		.uleb128 0x3b
 536 0052 0B       		.uleb128 0xb
 537 0053 01       		.uleb128 0x1
 538 0054 13       		.uleb128 0x13
 539 0055 00       		.byte	0
 540 0056 00       		.byte	0
 541 0057 08       		.uleb128 0x8
 542 0058 0D       		.uleb128 0xd
 543 0059 00       		.byte	0
 544 005a 03       		.uleb128 0x3
 545 005b 0E       		.uleb128 0xe
 546 005c 3A       		.uleb128 0x3a
 547 005d 0B       		.uleb128 0xb
 548 005e 3B       		.uleb128 0x3b
 549 005f 0B       		.uleb128 0xb
 550 0060 49       		.uleb128 0x49
 551 0061 13       		.uleb128 0x13
 552 0062 38       		.uleb128 0x38
 553 0063 0B       		.uleb128 0xb
 554 0064 00       		.byte	0
 555 0065 00       		.byte	0
 556 0066 09       		.uleb128 0x9
 557 0067 01       		.uleb128 0x1
 558 0068 01       		.byte	0x1
 559 0069 49       		.uleb128 0x49
 560 006a 13       		.uleb128 0x13
ARM GAS  C:\Users\plod1602\AppData\Local\Temp\ccBS2NqW.s 			page 21


 561 006b 01       		.uleb128 0x1
 562 006c 13       		.uleb128 0x13
 563 006d 00       		.byte	0
 564 006e 00       		.byte	0
 565 006f 0A       		.uleb128 0xa
 566 0070 21       		.uleb128 0x21
 567 0071 00       		.byte	0
 568 0072 49       		.uleb128 0x49
 569 0073 13       		.uleb128 0x13
 570 0074 2F       		.uleb128 0x2f
 571 0075 0B       		.uleb128 0xb
 572 0076 00       		.byte	0
 573 0077 00       		.byte	0
 574 0078 0B       		.uleb128 0xb
 575 0079 2E       		.uleb128 0x2e
 576 007a 00       		.byte	0
 577 007b 3F       		.uleb128 0x3f
 578 007c 19       		.uleb128 0x19
 579 007d 03       		.uleb128 0x3
 580 007e 0E       		.uleb128 0xe
 581 007f 3A       		.uleb128 0x3a
 582 0080 0B       		.uleb128 0xb
 583 0081 3B       		.uleb128 0x3b
 584 0082 05       		.uleb128 0x5
 585 0083 27       		.uleb128 0x27
 586 0084 19       		.uleb128 0x19
 587 0085 11       		.uleb128 0x11
 588 0086 01       		.uleb128 0x1
 589 0087 12       		.uleb128 0x12
 590 0088 06       		.uleb128 0x6
 591 0089 40       		.uleb128 0x40
 592 008a 18       		.uleb128 0x18
 593 008b 9642     		.uleb128 0x2116
 594 008d 19       		.uleb128 0x19
 595 008e 00       		.byte	0
 596 008f 00       		.byte	0
 597 0090 0C       		.uleb128 0xc
 598 0091 2E       		.uleb128 0x2e
 599 0092 01       		.byte	0x1
 600 0093 3F       		.uleb128 0x3f
 601 0094 19       		.uleb128 0x19
 602 0095 03       		.uleb128 0x3
 603 0096 0E       		.uleb128 0xe
 604 0097 3A       		.uleb128 0x3a
 605 0098 0B       		.uleb128 0xb
 606 0099 3B       		.uleb128 0x3b
 607 009a 05       		.uleb128 0x5
 608 009b 27       		.uleb128 0x27
 609 009c 19       		.uleb128 0x19
 610 009d 11       		.uleb128 0x11
 611 009e 01       		.uleb128 0x1
 612 009f 12       		.uleb128 0x12
 613 00a0 06       		.uleb128 0x6
 614 00a1 40       		.uleb128 0x40
 615 00a2 18       		.uleb128 0x18
 616 00a3 9642     		.uleb128 0x2116
 617 00a5 19       		.uleb128 0x19
ARM GAS  C:\Users\plod1602\AppData\Local\Temp\ccBS2NqW.s 			page 22


 618 00a6 01       		.uleb128 0x1
 619 00a7 13       		.uleb128 0x13
 620 00a8 00       		.byte	0
 621 00a9 00       		.byte	0
 622 00aa 0D       		.uleb128 0xd
 623 00ab 34       		.uleb128 0x34
 624 00ac 00       		.byte	0
 625 00ad 03       		.uleb128 0x3
 626 00ae 0E       		.uleb128 0xe
 627 00af 3A       		.uleb128 0x3a
 628 00b0 0B       		.uleb128 0xb
 629 00b1 3B       		.uleb128 0x3b
 630 00b2 05       		.uleb128 0x5
 631 00b3 49       		.uleb128 0x49
 632 00b4 13       		.uleb128 0x13
 633 00b5 02       		.uleb128 0x2
 634 00b6 18       		.uleb128 0x18
 635 00b7 00       		.byte	0
 636 00b8 00       		.byte	0
 637 00b9 00       		.byte	0
 638              		.section	.debug_aranges,"",%progbits
 639 0000 2C000000 		.4byte	0x2c
 640 0004 0200     		.2byte	0x2
 641 0006 00000000 		.4byte	.Ldebug_info0
 642 000a 04       		.byte	0x4
 643 000b 00       		.byte	0
 644 000c 0000     		.2byte	0
 645 000e 0000     		.2byte	0
 646 0010 00000000 		.4byte	.LFB0
 647 0014 18000000 		.4byte	.LFE0-.LFB0
 648 0018 00000000 		.4byte	.LFB1
 649 001c 84000000 		.4byte	.LFE1-.LFB1
 650 0020 00000000 		.4byte	.LFB2
 651 0024 30000000 		.4byte	.LFE2-.LFB2
 652 0028 00000000 		.4byte	0
 653 002c 00000000 		.4byte	0
 654              		.section	.debug_ranges,"",%progbits
 655              	.Ldebug_ranges0:
 656 0000 00000000 		.4byte	.LFB0
 657 0004 18000000 		.4byte	.LFE0
 658 0008 00000000 		.4byte	.LFB1
 659 000c 84000000 		.4byte	.LFE1
 660 0010 00000000 		.4byte	.LFB2
 661 0014 30000000 		.4byte	.LFE2
 662 0018 00000000 		.4byte	0
 663 001c 00000000 		.4byte	0
 664              		.section	.debug_line,"",%progbits
 665              	.Ldebug_line0:
 666 0000 BC000000 		.section	.debug_str,"MS",%progbits,1
 666      02005300 
 666      00000201 
 666      FB0E0D00 
 666      01010101 
 667              	.LASF15:
 668 0000 72656731 		.ascii	"reg16\000"
 668      3600
 669              	.LASF19:
ARM GAS  C:\Users\plod1602\AppData\Local\Temp\ccBS2NqW.s 			page 23


 670 0006 43414E5F 		.ascii	"CAN_1_REG_32\000"
 670      315F5245 
 670      475F3332 
 670      00
 671              	.LASF29:
 672 0013 73686966 		.ascii	"shift\000"
 672      7400
 673              	.LASF34:
 674 0019 433A5C55 		.ascii	"C:\\Users\\plod1602\\Documents\\git\\module-gripper"
 674      73657273 
 674      5C706C6F 
 674      64313630 
 674      325C446F 
 675 0047 2D70736F 		.ascii	"-psoc\\module-gripper-psoc.cydsn\000"
 675      635C6D6F 
 675      64756C65 
 675      2D677269 
 675      70706572 
 676              	.LASF23:
 677 0067 7278616D 		.ascii	"rxamr\000"
 677      7200
 678              	.LASF28:
 679 006d 6D61696C 		.ascii	"mailboxNumber\000"
 679      626F784E 
 679      756D6265 
 679      7200
 680              	.LASF3:
 681 007b 73686F72 		.ascii	"short unsigned int\000"
 681      7420756E 
 681      7369676E 
 681      65642069 
 681      6E7400
 682              	.LASF18:
 683 008e 62797465 		.ascii	"byte\000"
 683      00
 684              	.LASF22:
 685 0093 72786461 		.ascii	"rxdata\000"
 685      746100
 686              	.LASF26:
 687 009a 72786163 		.ascii	"rxacrd\000"
 687      726400
 688              	.LASF31:
 689 00a1 43414E5F 		.ascii	"CAN_1_ISR\000"
 689      315F4953 
 689      5200
 690              	.LASF30:
 691 00ab 43414E5F 		.ascii	"CAN_1_BusOffIsr\000"
 691      315F4275 
 691      734F6666 
 691      49737200 
 692              	.LASF1:
 693 00bb 756E7369 		.ascii	"unsigned char\000"
 693      676E6564 
 693      20636861 
 693      7200
 694              	.LASF21:
 695 00c9 72786964 		.ascii	"rxid\000"
ARM GAS  C:\Users\plod1602\AppData\Local\Temp\ccBS2NqW.s 			page 24


 695      00
 696              	.LASF27:
 697 00ce 43414E5F 		.ascii	"CAN_1_RX_STRUCT\000"
 697      315F5258 
 697      5F535452 
 697      55435400 
 698              	.LASF5:
 699 00de 6C6F6E67 		.ascii	"long unsigned int\000"
 699      20756E73 
 699      69676E65 
 699      6420696E 
 699      7400
 700              	.LASF9:
 701 00f0 75696E74 		.ascii	"uint8\000"
 701      3800
 702              	.LASF32:
 703 00f6 474E5520 		.ascii	"GNU C 4.9.3 20150303 (release) [ARM/embedded-4_9-br"
 703      4320342E 
 703      392E3320 
 703      32303135 
 703      30333033 
 704 0129 616E6368 		.ascii	"anch revision 221220] -mcpu=cortex-m3 -mthumb -g -O"
 704      20726576 
 704      6973696F 
 704      6E203232 
 704      31323230 
 705 015c 30202D66 		.ascii	"0 -ffunction-sections -ffat-lto-objects\000"
 705      66756E63 
 705      74696F6E 
 705      2D736563 
 705      74696F6E 
 706              	.LASF12:
 707 0184 646F7562 		.ascii	"double\000"
 707      6C6500
 708              	.LASF33:
 709 018b 2E5C4765 		.ascii	".\\Generated_Source\\PSoC5\\CAN_1_INT.c\000"
 709      6E657261 
 709      7465645F 
 709      536F7572 
 709      63655C50 
 710              	.LASF10:
 711 01b0 75696E74 		.ascii	"uint16\000"
 711      313600
 712              	.LASF17:
 713 01b7 43414E5F 		.ascii	"CAN_1_DATA_BYTES\000"
 713      315F4441 
 713      54415F42 
 713      59544553 
 713      00
 714              	.LASF8:
 715 01c8 756E7369 		.ascii	"unsigned int\000"
 715      676E6564 
 715      20696E74 
 715      00
 716              	.LASF7:
 717 01d5 6C6F6E67 		.ascii	"long long unsigned int\000"
 717      206C6F6E 
ARM GAS  C:\Users\plod1602\AppData\Local\Temp\ccBS2NqW.s 			page 25


 717      6720756E 
 717      7369676E 
 717      65642069 
 718              	.LASF20:
 719 01ec 7278636D 		.ascii	"rxcmd\000"
 719      6400
 720              	.LASF14:
 721 01f2 72656738 		.ascii	"reg8\000"
 721      00
 722              	.LASF16:
 723 01f7 73697A65 		.ascii	"sizetype\000"
 723      74797065 
 723      00
 724              	.LASF25:
 725 0200 7278616D 		.ascii	"rxamrd\000"
 725      726400
 726              	.LASF6:
 727 0207 6C6F6E67 		.ascii	"long long int\000"
 727      206C6F6E 
 727      6720696E 
 727      7400
 728              	.LASF13:
 729 0215 63686172 		.ascii	"char\000"
 729      00
 730              	.LASF2:
 731 021a 73686F72 		.ascii	"short int\000"
 731      7420696E 
 731      7400
 732              	.LASF24:
 733 0224 72786163 		.ascii	"rxacr\000"
 733      7200
 734              	.LASF35:
 735 022a 43414E5F 		.ascii	"CAN_1_MsgRXIsr\000"
 735      315F4D73 
 735      67525849 
 735      737200
 736              	.LASF4:
 737 0239 6C6F6E67 		.ascii	"long int\000"
 737      20696E74 
 737      00
 738              	.LASF11:
 739 0242 666C6F61 		.ascii	"float\000"
 739      7400
 740              	.LASF0:
 741 0248 7369676E 		.ascii	"signed char\000"
 741      65642063 
 741      68617200 
 742              		.ident	"GCC: (GNU Tools for ARM Embedded Processors) 4.9.3 20150303 (release) [ARM/embedded-4_9-br
