ARM GAS  C:\Users\GUILLA~1\AppData\Local\Temp\ccFEU9ZG.s 			page 1


   1              		.syntax unified
   2              		.cpu cortex-m3
   3              		.fpu softvfp
   4              		.eabi_attribute 20, 1
   5              		.eabi_attribute 21, 1
   6              		.eabi_attribute 23, 3
   7              		.eabi_attribute 24, 1
   8              		.eabi_attribute 25, 1
   9              		.eabi_attribute 26, 1
  10              		.eabi_attribute 30, 6
  11              		.eabi_attribute 34, 1
  12              		.eabi_attribute 18, 4
  13              		.thumb
  14              		.file	"zaxis.c"
  15              		.text
  16              	.Ltext0:
  17              		.cfi_sections	.debug_frame
  18              		.comm	Z_axis_state,1,1
  19              		.comm	Z_pos,2,2
  20              		.global	screw_lead
  21              		.data
  22              		.align	1
  23              		.type	screw_lead, %object
  24              		.size	screw_lead, 2
  25              	screw_lead:
  26 0000 5000     		.short	80
  27              		.global	motor_steps_turn
  28              		.align	1
  29              		.type	motor_steps_turn, %object
  30              		.size	motor_steps_turn, 2
  31              	motor_steps_turn:
  32 0002 C800     		.short	200
  33              		.global	f_ustepping
  34              		.align	1
  35              		.type	f_ustepping, %object
  36              		.size	f_ustepping, 2
  37              	f_ustepping:
  38 0004 0400     		.short	4
  39              		.global	motor_direction
  40              		.type	motor_direction, %object
  41              		.size	motor_direction, 1
  42              	motor_direction:
  43 0006 01       		.byte	1
  44              		.global	Z_axis_bumper_count
  45 0007 00       		.bss
  46              		.type	Z_axis_bumper_count, %object
  47              		.size	Z_axis_bumper_count, 1
  48              	Z_axis_bumper_count:
  49 0000 00       		.space	1
  50              		.global	motor_up
  51              		.section	.rodata
  52              		.type	motor_up, %object
  53              		.size	motor_up, 1
  54              	motor_up:
  55 0000 01       		.byte	1
  56              		.global	motor_down
  57              		.type	motor_down, %object
ARM GAS  C:\Users\GUILLA~1\AppData\Local\Temp\ccFEU9ZG.s 			page 2


  58              		.size	motor_down, 1
  59              	motor_down:
  60 0001 00       		.space	1
  61              		.global	max_distance
  62              		.align	1
  63              		.type	max_distance, %object
  64              		.size	max_distance, 2
  65              	max_distance:
  66 0002 A00F     		.short	4000
  67              		.section	.text.Z_Axis_Init,"ax",%progbits
  68              		.align	2
  69              		.global	Z_Axis_Init
  70              		.thumb
  71              		.thumb_func
  72              		.type	Z_Axis_Init, %function
  73              	Z_Axis_Init:
  74              	.LFB56:
  75              		.file 1 ".\\zaxis.c"
   1:.\zaxis.c     **** 
   2:.\zaxis.c     **** #include "zaxis.h"
   3:.\zaxis.c     **** 
   4:.\zaxis.c     **** /*----Private functions declarations----*/
   5:.\zaxis.c     **** CY_ISR(Z_Axis_Bumper_ISR);
   6:.\zaxis.c     **** CY_ISR(Z_Axis_Move_ISR);
   7:.\zaxis.c     **** void Z_Axis_Bumper_Stops();
   8:.\zaxis.c     **** void Move_Up(uint16 distance);
   9:.\zaxis.c     **** 
  10:.\zaxis.c     **** /*---- State Machine definition ----*/
  11:.\zaxis.c     **** #define WAITING_FOR_BUMPER1 0
  12:.\zaxis.c     **** #define GOING_AWAY 1
  13:.\zaxis.c     **** #define WAITING_FOR_BUMPER2 2
  14:.\zaxis.c     **** #define HOME 3
  15:.\zaxis.c     **** 
  16:.\zaxis.c     **** 
  17:.\zaxis.c     **** /*----Private variables---*/
  18:.\zaxis.c     **** uint8 Z_axis_state;
  19:.\zaxis.c     **** uint16 Z_pos;
  20:.\zaxis.c     **** uint16 screw_lead = 80;           // in hundreds of micrometers/turn
  21:.\zaxis.c     **** uint16 motor_steps_turn = 200;      // steps/turn for motor
  22:.\zaxis.c     **** uint16 f_ustepping = 4;             // microstepping factor (1,2,4,8,16)
  23:.\zaxis.c     **** uint8 motor_direction = 1;          // 1 = up, 0 = down
  24:.\zaxis.c     **** uint8 Z_axis_bumper_count = 0;
  25:.\zaxis.c     **** const uint8 motor_up = 1;
  26:.\zaxis.c     **** const uint8 motor_down = 0;
  27:.\zaxis.c     **** const uint16 max_distance = 4000;   // hundreds of micrometers
  28:.\zaxis.c     **** 
  29:.\zaxis.c     **** void Z_Axis_Init()
  30:.\zaxis.c     **** {
  76              		.loc 1 30 0
  77              		.cfi_startproc
  78              		@ args = 0, pretend = 0, frame = 0
  79              		@ frame_needed = 1, uses_anonymous_args = 0
  80 0000 80B5     		push	{r7, lr}
  81              		.cfi_def_cfa_offset 8
  82              		.cfi_offset 7, -8
  83              		.cfi_offset 14, -4
  84 0002 00AF     		add	r7, sp, #0
ARM GAS  C:\Users\GUILLA~1\AppData\Local\Temp\ccFEU9ZG.s 			page 3


  85              		.cfi_def_cfa_register 7
  31:.\zaxis.c     ****     //Initial state
  32:.\zaxis.c     ****     Z_axis_state = HOME;
  86              		.loc 1 32 0
  87 0004 334B     		ldr	r3, .L11
  88 0006 0322     		movs	r2, #3
  89 0008 1A70     		strb	r2, [r3]
  33:.\zaxis.c     ****     
  34:.\zaxis.c     ****      //*****Init variables******///
  35:.\zaxis.c     ****     Z_Axis_Clock_Start();
  90              		.loc 1 35 0
  91 000a FFF7FEFF 		bl	Z_Axis_Clock_Start
  36:.\zaxis.c     ****     
  37:.\zaxis.c     ****     //Motor speed init
  38:.\zaxis.c     ****     Z_Motor_Speed_Start();
  92              		.loc 1 38 0
  93 000e FFF7FEFF 		bl	Z_Motor_Speed_Start
  39:.\zaxis.c     ****     //Distance init
  40:.\zaxis.c     ****     Z_Step_Dist_Start();
  94              		.loc 1 40 0
  95 0012 FFF7FEFF 		bl	Z_Step_Dist_Start
  41:.\zaxis.c     ****     //Motor power init
  42:.\zaxis.c     ****     Z_Axis_Power_Start();
  96              		.loc 1 42 0
  97 0016 FFF7FEFF 		bl	Z_Axis_Power_Start
  43:.\zaxis.c     ****     
  44:.\zaxis.c     ****     //Bumper interrupt initialization
  45:.\zaxis.c     ****     Z_Axis_Bumper_ISR_StartEx(Z_Axis_Bumper_ISR);
  98              		.loc 1 45 0
  99 001a 2F48     		ldr	r0, .L11+4
 100 001c FFF7FEFF 		bl	Z_Axis_Bumper_ISR_StartEx
  46:.\zaxis.c     ****     Z_Axis_Bumper_Port_ClearInterrupt();
 101              		.loc 1 46 0
 102 0020 FFF7FEFF 		bl	Z_Axis_Bumper_Port_ClearInterrupt
  47:.\zaxis.c     ****     Z_Axis_Bumper_ISR_ClearPending();
 103              		.loc 1 47 0
 104 0024 FFF7FEFF 		bl	Z_Axis_Bumper_ISR_ClearPending
  48:.\zaxis.c     ****     
  49:.\zaxis.c     ****     //Movement interrupt initialization
  50:.\zaxis.c     ****     Z_Axis_Move_ISR_StartEx(Z_Axis_Move_ISR);
 105              		.loc 1 50 0
 106 0028 2C48     		ldr	r0, .L11+8
 107 002a FFF7FEFF 		bl	Z_Axis_Move_ISR_StartEx
  51:.\zaxis.c     ****     Z_Axis_Move_ISR_ClearPending();
 108              		.loc 1 51 0
 109 002e FFF7FEFF 		bl	Z_Axis_Move_ISR_ClearPending
  52:.\zaxis.c     ****     
  53:.\zaxis.c     ****     switch (f_ustepping) {
 110              		.loc 1 53 0
 111 0032 2B4B     		ldr	r3, .L11+12
 112 0034 1B88     		ldrh	r3, [r3]
 113 0036 013B     		subs	r3, r3, #1
 114 0038 0F2B     		cmp	r3, #15
 115 003a 3FD8     		bhi	.L10
 116 003c 01A2     		adr	r2, .L4
 117 003e 52F823F0 		ldr	pc, [r2, r3, lsl #2]
 118 0042 00BF     		.p2align 2
ARM GAS  C:\Users\GUILLA~1\AppData\Local\Temp\ccFEU9ZG.s 			page 4


 119              	.L4:
 120 0044 85000000 		.word	.L3+1
 121 0048 93000000 		.word	.L5+1
 122 004c BD000000 		.word	.L10+1
 123 0050 A1000000 		.word	.L6+1
 124 0054 BD000000 		.word	.L10+1
 125 0058 BD000000 		.word	.L10+1
 126 005c BD000000 		.word	.L10+1
 127 0060 BD000000 		.word	.L10+1
 128 0064 BD000000 		.word	.L10+1
 129 0068 BD000000 		.word	.L10+1
 130 006c BD000000 		.word	.L10+1
 131 0070 BD000000 		.word	.L10+1
 132 0074 BD000000 		.word	.L10+1
 133 0078 BD000000 		.word	.L10+1
 134 007c BD000000 		.word	.L10+1
 135 0080 AF000000 		.word	.L8+1
 136              		.p2align 1
 137              	.L3:
  54:.\zaxis.c     ****         case 1: // 1 ustepping
  55:.\zaxis.c     ****         {
  56:.\zaxis.c     ****             Z_Axis_StepSizeA_Write(0);
 138              		.loc 1 56 0
 139 0084 0020     		movs	r0, #0
 140 0086 FFF7FEFF 		bl	Z_Axis_StepSizeA_Write
  57:.\zaxis.c     ****             Z_Axis_StepSizeB_Write(0);
 141              		.loc 1 57 0
 142 008a 0020     		movs	r0, #0
 143 008c FFF7FEFF 		bl	Z_Axis_StepSizeB_Write
  58:.\zaxis.c     ****             break;
 144              		.loc 1 58 0
 145 0090 15E0     		b	.L9
 146              	.L5:
  59:.\zaxis.c     ****         }
  60:.\zaxis.c     ****         
  61:.\zaxis.c     ****         case 2: // 1/2 ustepping
  62:.\zaxis.c     ****         {
  63:.\zaxis.c     ****             Z_Axis_StepSizeA_Write(1);
 147              		.loc 1 63 0
 148 0092 0120     		movs	r0, #1
 149 0094 FFF7FEFF 		bl	Z_Axis_StepSizeA_Write
  64:.\zaxis.c     ****             Z_Axis_StepSizeB_Write(0);
 150              		.loc 1 64 0
 151 0098 0020     		movs	r0, #0
 152 009a FFF7FEFF 		bl	Z_Axis_StepSizeB_Write
  65:.\zaxis.c     ****             break;
 153              		.loc 1 65 0
 154 009e 0EE0     		b	.L9
 155              	.L6:
  66:.\zaxis.c     ****         }
  67:.\zaxis.c     ****         
  68:.\zaxis.c     ****         case 4: // 1/4 ustepping
  69:.\zaxis.c     ****         {
  70:.\zaxis.c     ****             Z_Axis_StepSizeA_Write(0);
 156              		.loc 1 70 0
 157 00a0 0020     		movs	r0, #0
 158 00a2 FFF7FEFF 		bl	Z_Axis_StepSizeA_Write
ARM GAS  C:\Users\GUILLA~1\AppData\Local\Temp\ccFEU9ZG.s 			page 5


  71:.\zaxis.c     ****             Z_Axis_StepSizeB_Write(1);
 159              		.loc 1 71 0
 160 00a6 0120     		movs	r0, #1
 161 00a8 FFF7FEFF 		bl	Z_Axis_StepSizeB_Write
  72:.\zaxis.c     ****             break;
 162              		.loc 1 72 0
 163 00ac 07E0     		b	.L9
 164              	.L8:
  73:.\zaxis.c     ****         }
  74:.\zaxis.c     ****         
  75:.\zaxis.c     ****         case 8: // 1/8 ustepping
  76:.\zaxis.c     ****         {
  77:.\zaxis.c     ****             //Allegro chip can't make 1/8 ustepping
  78:.\zaxis.c     ****             break;
  79:.\zaxis.c     ****         }
  80:.\zaxis.c     ****         
  81:.\zaxis.c     ****         case 16: // 1/16 ustepping
  82:.\zaxis.c     ****         {
  83:.\zaxis.c     ****             Z_Axis_StepSizeA_Write(1);
 165              		.loc 1 83 0
 166 00ae 0120     		movs	r0, #1
 167 00b0 FFF7FEFF 		bl	Z_Axis_StepSizeA_Write
  84:.\zaxis.c     ****             Z_Axis_StepSizeB_Write(1);
 168              		.loc 1 84 0
 169 00b4 0120     		movs	r0, #1
 170 00b6 FFF7FEFF 		bl	Z_Axis_StepSizeB_Write
  85:.\zaxis.c     ****             break;
 171              		.loc 1 85 0
 172 00ba 00E0     		b	.L9
 173              	.L10:
  86:.\zaxis.c     ****         }
  87:.\zaxis.c     ****         default:
  88:.\zaxis.c     ****         {
  89:.\zaxis.c     ****             break;
 174              		.loc 1 89 0
 175 00bc 00BF     		nop
 176              	.L9:
  90:.\zaxis.c     ****         }
  91:.\zaxis.c     ****     }
  92:.\zaxis.c     ****     
  93:.\zaxis.c     ****     Z_Axis_Direction_Write(motor_direction);
 177              		.loc 1 93 0
 178 00be 094B     		ldr	r3, .L11+16
 179 00c0 1B78     		ldrb	r3, [r3]	@ zero_extendqisi2
 180 00c2 1846     		mov	r0, r3
 181 00c4 FFF7FEFF 		bl	Z_Axis_Direction_Write
  94:.\zaxis.c     ****     Z_Axis_Enable_Write(0);
 182              		.loc 1 94 0
 183 00c8 0020     		movs	r0, #0
 184 00ca FFF7FEFF 		bl	Z_Axis_Enable_Write
  95:.\zaxis.c     ****     Z_Axis_Home();
 185              		.loc 1 95 0
 186 00ce FFF7FEFF 		bl	Z_Axis_Home
  96:.\zaxis.c     **** }
 187              		.loc 1 96 0
 188 00d2 80BD     		pop	{r7, pc}
 189              	.L12:
ARM GAS  C:\Users\GUILLA~1\AppData\Local\Temp\ccFEU9ZG.s 			page 6


 190              		.align	2
 191              	.L11:
 192 00d4 00000000 		.word	Z_axis_state
 193 00d8 00000000 		.word	Z_Axis_Bumper_ISR
 194 00dc 00000000 		.word	Z_Axis_Move_ISR
 195 00e0 00000000 		.word	f_ustepping
 196 00e4 00000000 		.word	motor_direction
 197              		.cfi_endproc
 198              	.LFE56:
 199              		.size	Z_Axis_Init, .-Z_Axis_Init
 200              		.section	.text.Z_Axis_Home,"ax",%progbits
 201              		.align	2
 202              		.global	Z_Axis_Home
 203              		.thumb
 204              		.thumb_func
 205              		.type	Z_Axis_Home, %function
 206              	Z_Axis_Home:
 207              	.LFB57:
  97:.\zaxis.c     **** 
  98:.\zaxis.c     **** void Z_Axis_Home() {
 208              		.loc 1 98 0
 209              		.cfi_startproc
 210              		@ args = 0, pretend = 0, frame = 0
 211              		@ frame_needed = 1, uses_anonymous_args = 0
 212 0000 80B5     		push	{r7, lr}
 213              		.cfi_def_cfa_offset 8
 214              		.cfi_offset 7, -8
 215              		.cfi_offset 14, -4
 216 0002 84B0     		sub	sp, sp, #16
 217              		.cfi_def_cfa_offset 24
 218 0004 04AF     		add	r7, sp, #16
 219              		.cfi_def_cfa 7, 8
  99:.\zaxis.c     ****     //Verifies if already on bumper, otherwise gets to bumper
 100:.\zaxis.c     ****     if (!(Z_Axis_Bumper_Port_Read())){
 220              		.loc 1 100 0
 221 0006 FFF7FEFF 		bl	Z_Axis_Bumper_Port_Read
 222 000a 0346     		mov	r3, r0
 223 000c 002B     		cmp	r3, #0
 224 000e 08D1     		bne	.L14
 101:.\zaxis.c     ****         // Activate motor to get to bumper
 102:.\zaxis.c     ****         Z_axis_state = WAITING_FOR_BUMPER1;
 225              		.loc 1 102 0
 226 0010 0D4B     		ldr	r3, .L16
 227 0012 0022     		movs	r2, #0
 228 0014 1A70     		strb	r2, [r3]
 103:.\zaxis.c     ****         Move_Up(max_distance);
 229              		.loc 1 103 0
 230 0016 4FF47A63 		mov	r3, #4000
 231 001a 1846     		mov	r0, r3
 232 001c FFF7FEFF 		bl	Move_Up
 233 0020 10E0     		b	.L13
 234              	.L14:
 104:.\zaxis.c     ****     }
 105:.\zaxis.c     ****     else {
 106:.\zaxis.c     ****         sendDataToCAN(CAN_INSTRUCTION_SET_Z_AXIS_HOME, CAN_HARDWARE_FILTER_ID, 0x00, 0x00, 0x00, 0x
 235              		.loc 1 106 0
 236 0022 0023     		movs	r3, #0
ARM GAS  C:\Users\GUILLA~1\AppData\Local\Temp\ccFEU9ZG.s 			page 7


 237 0024 0093     		str	r3, [sp]
 238 0026 0023     		movs	r3, #0
 239 0028 0193     		str	r3, [sp, #4]
 240 002a 0023     		movs	r3, #0
 241 002c 0293     		str	r3, [sp, #8]
 242 002e 0023     		movs	r3, #0
 243 0030 0393     		str	r3, [sp, #12]
 244 0032 0020     		movs	r0, #0
 245 0034 3021     		movs	r1, #48
 246 0036 0022     		movs	r2, #0
 247 0038 0023     		movs	r3, #0
 248 003a FFF7FEFF 		bl	sendDataToCAN
 107:.\zaxis.c     ****         Z_axis_state = HOME;
 249              		.loc 1 107 0
 250 003e 024B     		ldr	r3, .L16
 251 0040 0322     		movs	r2, #3
 252 0042 1A70     		strb	r2, [r3]
 253              	.L13:
 108:.\zaxis.c     ****     }
 109:.\zaxis.c     **** }
 254              		.loc 1 109 0
 255 0044 BD46     		mov	sp, r7
 256              		.cfi_def_cfa_register 13
 257              		@ sp needed
 258 0046 80BD     		pop	{r7, pc}
 259              	.L17:
 260              		.align	2
 261              	.L16:
 262 0048 00000000 		.word	Z_axis_state
 263              		.cfi_endproc
 264              	.LFE57:
 265              		.size	Z_Axis_Home, .-Z_Axis_Home
 266              		.section	.text.Z_Axis_Bumper_Stops,"ax",%progbits
 267              		.align	2
 268              		.global	Z_Axis_Bumper_Stops
 269              		.thumb
 270              		.thumb_func
 271              		.type	Z_Axis_Bumper_Stops, %function
 272              	Z_Axis_Bumper_Stops:
 273              	.LFB58:
 110:.\zaxis.c     **** 
 111:.\zaxis.c     **** // Initialization for
 112:.\zaxis.c     **** void Z_Axis_Bumper_Stops()
 113:.\zaxis.c     **** {   
 274              		.loc 1 113 0
 275              		.cfi_startproc
 276              		@ args = 0, pretend = 0, frame = 0
 277              		@ frame_needed = 1, uses_anonymous_args = 0
 278 0000 80B5     		push	{r7, lr}
 279              		.cfi_def_cfa_offset 8
 280              		.cfi_offset 7, -8
 281              		.cfi_offset 14, -4
 282 0002 84B0     		sub	sp, sp, #16
 283              		.cfi_def_cfa_offset 24
 284 0004 04AF     		add	r7, sp, #16
 285              		.cfi_def_cfa 7, 8
 114:.\zaxis.c     ****     switch (Z_axis_state){
ARM GAS  C:\Users\GUILLA~1\AppData\Local\Temp\ccFEU9ZG.s 			page 8


 286              		.loc 1 114 0
 287 0006 204B     		ldr	r3, .L24
 288 0008 1B78     		ldrb	r3, [r3]	@ zero_extendqisi2
 289 000a 012B     		cmp	r3, #1
 290 000c 13D0     		beq	.L20
 291 000e 022B     		cmp	r3, #2
 292 0010 20D0     		beq	.L21
 293 0012 002B     		cmp	r3, #0
 294 0014 00D0     		beq	.L22
 115:.\zaxis.c     ****         case WAITING_FOR_BUMPER1:
 116:.\zaxis.c     ****         {
 117:.\zaxis.c     ****             Z_Step_Dist_WriteCompare(0);
 118:.\zaxis.c     ****             Z_pos = 0;
 119:.\zaxis.c     ****             Z_Axis_Move_ISR_ClearPending();
 120:.\zaxis.c     ****             Z_Axis_GoTo(200);
 121:.\zaxis.c     ****             Z_axis_state = GOING_AWAY;
 122:.\zaxis.c     ****             break;
 123:.\zaxis.c     ****         }
 124:.\zaxis.c     ****         
 125:.\zaxis.c     ****         case GOING_AWAY:
 126:.\zaxis.c     ****         {
 127:.\zaxis.c     ****             Z_Step_Dist_WriteCompare(0);
 128:.\zaxis.c     ****             Z_pos = 0;
 129:.\zaxis.c     ****             Z_Axis_Move_ISR_ClearPending();
 130:.\zaxis.c     ****             Z_Axis_GoTo(200);
 131:.\zaxis.c     ****             Z_axis_state = GOING_AWAY;
 132:.\zaxis.c     ****             break;
 133:.\zaxis.c     ****         }
 134:.\zaxis.c     ****         
 135:.\zaxis.c     ****         case WAITING_FOR_BUMPER2:
 136:.\zaxis.c     ****         {
 137:.\zaxis.c     ****             Z_Step_Dist_WriteCompare(0);
 138:.\zaxis.c     ****             Z_pos = 0;
 139:.\zaxis.c     ****             sendDataToCAN(CAN_INSTRUCTION_SET_Z_AXIS_HOME, CAN_HARDWARE_FILTER_ID, 0x00, 0x00, 0x00
 140:.\zaxis.c     ****             Z_axis_state = HOME;
 141:.\zaxis.c     ****             break;
 142:.\zaxis.c     ****         }
 143:.\zaxis.c     ****         default:
 144:.\zaxis.c     ****         {
 145:.\zaxis.c     ****             break;
 295              		.loc 1 145 0
 296 0016 35E0     		b	.L18
 297              	.L22:
 117:.\zaxis.c     ****             Z_pos = 0;
 298              		.loc 1 117 0
 299 0018 0020     		movs	r0, #0
 300 001a FFF7FEFF 		bl	Z_Step_Dist_WriteCompare
 118:.\zaxis.c     ****             Z_Axis_Move_ISR_ClearPending();
 301              		.loc 1 118 0
 302 001e 1B4B     		ldr	r3, .L24+4
 303 0020 0022     		movs	r2, #0
 304 0022 1A80     		strh	r2, [r3]	@ movhi
 119:.\zaxis.c     ****             Z_Axis_GoTo(200);
 305              		.loc 1 119 0
 306 0024 FFF7FEFF 		bl	Z_Axis_Move_ISR_ClearPending
 120:.\zaxis.c     ****             Z_axis_state = GOING_AWAY;
 307              		.loc 1 120 0
ARM GAS  C:\Users\GUILLA~1\AppData\Local\Temp\ccFEU9ZG.s 			page 9


 308 0028 C820     		movs	r0, #200
 309 002a FFF7FEFF 		bl	Z_Axis_GoTo
 121:.\zaxis.c     ****             break;
 310              		.loc 1 121 0
 311 002e 164B     		ldr	r3, .L24
 312 0030 0122     		movs	r2, #1
 313 0032 1A70     		strb	r2, [r3]
 122:.\zaxis.c     ****         }
 314              		.loc 1 122 0
 315 0034 26E0     		b	.L18
 316              	.L20:
 127:.\zaxis.c     ****             Z_pos = 0;
 317              		.loc 1 127 0
 318 0036 0020     		movs	r0, #0
 319 0038 FFF7FEFF 		bl	Z_Step_Dist_WriteCompare
 128:.\zaxis.c     ****             Z_Axis_Move_ISR_ClearPending();
 320              		.loc 1 128 0
 321 003c 134B     		ldr	r3, .L24+4
 322 003e 0022     		movs	r2, #0
 323 0040 1A80     		strh	r2, [r3]	@ movhi
 129:.\zaxis.c     ****             Z_Axis_GoTo(200);
 324              		.loc 1 129 0
 325 0042 FFF7FEFF 		bl	Z_Axis_Move_ISR_ClearPending
 130:.\zaxis.c     ****             Z_axis_state = GOING_AWAY;
 326              		.loc 1 130 0
 327 0046 C820     		movs	r0, #200
 328 0048 FFF7FEFF 		bl	Z_Axis_GoTo
 131:.\zaxis.c     ****             break;
 329              		.loc 1 131 0
 330 004c 0E4B     		ldr	r3, .L24
 331 004e 0122     		movs	r2, #1
 332 0050 1A70     		strb	r2, [r3]
 132:.\zaxis.c     ****         }
 333              		.loc 1 132 0
 334 0052 17E0     		b	.L18
 335              	.L21:
 137:.\zaxis.c     ****             Z_pos = 0;
 336              		.loc 1 137 0
 337 0054 0020     		movs	r0, #0
 338 0056 FFF7FEFF 		bl	Z_Step_Dist_WriteCompare
 138:.\zaxis.c     ****             sendDataToCAN(CAN_INSTRUCTION_SET_Z_AXIS_HOME, CAN_HARDWARE_FILTER_ID, 0x00, 0x00, 0x00
 339              		.loc 1 138 0
 340 005a 0C4B     		ldr	r3, .L24+4
 341 005c 0022     		movs	r2, #0
 342 005e 1A80     		strh	r2, [r3]	@ movhi
 139:.\zaxis.c     ****             Z_axis_state = HOME;
 343              		.loc 1 139 0
 344 0060 0023     		movs	r3, #0
 345 0062 0093     		str	r3, [sp]
 346 0064 0023     		movs	r3, #0
 347 0066 0193     		str	r3, [sp, #4]
 348 0068 0023     		movs	r3, #0
 349 006a 0293     		str	r3, [sp, #8]
 350 006c 0023     		movs	r3, #0
 351 006e 0393     		str	r3, [sp, #12]
 352 0070 0020     		movs	r0, #0
 353 0072 3021     		movs	r1, #48
ARM GAS  C:\Users\GUILLA~1\AppData\Local\Temp\ccFEU9ZG.s 			page 10


 354 0074 0022     		movs	r2, #0
 355 0076 0023     		movs	r3, #0
 356 0078 FFF7FEFF 		bl	sendDataToCAN
 140:.\zaxis.c     ****             break;
 357              		.loc 1 140 0
 358 007c 024B     		ldr	r3, .L24
 359 007e 0322     		movs	r2, #3
 360 0080 1A70     		strb	r2, [r3]
 141:.\zaxis.c     ****         }
 361              		.loc 1 141 0
 362 0082 00BF     		nop
 363              	.L18:
 146:.\zaxis.c     ****         }
 147:.\zaxis.c     ****     }
 148:.\zaxis.c     **** }
 364              		.loc 1 148 0
 365 0084 BD46     		mov	sp, r7
 366              		.cfi_def_cfa_register 13
 367              		@ sp needed
 368 0086 80BD     		pop	{r7, pc}
 369              	.L25:
 370              		.align	2
 371              	.L24:
 372 0088 00000000 		.word	Z_axis_state
 373 008c 00000000 		.word	Z_pos
 374              		.cfi_endproc
 375              	.LFE58:
 376              		.size	Z_Axis_Bumper_Stops, .-Z_Axis_Bumper_Stops
 377              		.section	.text.Z_Axis_GoTo,"ax",%progbits
 378              		.align	2
 379              		.global	Z_Axis_GoTo
 380              		.thumb
 381              		.thumb_func
 382              		.type	Z_Axis_GoTo, %function
 383              	Z_Axis_GoTo:
 384              	.LFB59:
 149:.\zaxis.c     **** 
 150:.\zaxis.c     **** void Z_Axis_GoTo(uint16 position){
 385              		.loc 1 150 0
 386              		.cfi_startproc
 387              		@ args = 0, pretend = 0, frame = 16
 388              		@ frame_needed = 1, uses_anonymous_args = 0
 389 0000 80B5     		push	{r7, lr}
 390              		.cfi_def_cfa_offset 8
 391              		.cfi_offset 7, -8
 392              		.cfi_offset 14, -4
 393 0002 88B0     		sub	sp, sp, #32
 394              		.cfi_def_cfa_offset 40
 395 0004 04AF     		add	r7, sp, #16
 396              		.cfi_def_cfa 7, 24
 397 0006 0346     		mov	r3, r0
 398 0008 FB80     		strh	r3, [r7, #6]	@ movhi
 151:.\zaxis.c     ****     uint16 travel;
 152:.\zaxis.c     ****     uint32 steps_to_do;
 153:.\zaxis.c     ****     if (position > max_distance){position = max_distance;}
 399              		.loc 1 153 0
 400 000a 4FF47A62 		mov	r2, #4000
ARM GAS  C:\Users\GUILLA~1\AppData\Local\Temp\ccFEU9ZG.s 			page 11


 401 000e FB88     		ldrh	r3, [r7, #6]
 402 0010 9342     		cmp	r3, r2
 403 0012 02D9     		bls	.L27
 404              		.loc 1 153 0 is_stmt 0 discriminator 1
 405 0014 4FF47A63 		mov	r3, #4000
 406 0018 FB80     		strh	r3, [r7, #6]	@ movhi
 407              	.L27:
 154:.\zaxis.c     ****     if (position < Z_pos) {
 408              		.loc 1 154 0 is_stmt 1
 409 001a 314B     		ldr	r3, .L31
 410 001c 1B88     		ldrh	r3, [r3]
 411 001e FA88     		ldrh	r2, [r7, #6]
 412 0020 9A42     		cmp	r2, r3
 413 0022 17D2     		bcs	.L28
 155:.\zaxis.c     ****         travel = Z_pos - position;
 414              		.loc 1 155 0
 415 0024 2E4B     		ldr	r3, .L31
 416 0026 1A88     		ldrh	r2, [r3]
 417 0028 FB88     		ldrh	r3, [r7, #6]	@ movhi
 418 002a D31A     		subs	r3, r2, r3
 419 002c 7B81     		strh	r3, [r7, #10]	@ movhi
 156:.\zaxis.c     ****         steps_to_do = travel*((motor_steps_turn*f_ustepping)/screw_lead);
 420              		.loc 1 156 0
 421 002e 7B89     		ldrh	r3, [r7, #10]
 422 0030 2C4A     		ldr	r2, .L31+4
 423 0032 1288     		ldrh	r2, [r2]
 424 0034 1146     		mov	r1, r2
 425 0036 2C4A     		ldr	r2, .L31+8
 426 0038 1288     		ldrh	r2, [r2]
 427 003a 02FB01F2 		mul	r2, r2, r1
 428 003e 2B49     		ldr	r1, .L31+12
 429 0040 0988     		ldrh	r1, [r1]
 430 0042 92FBF1F2 		sdiv	r2, r2, r1
 431 0046 02FB03F3 		mul	r3, r2, r3
 432 004a FB60     		str	r3, [r7, #12]
 157:.\zaxis.c     ****         motor_direction = motor_up;
 433              		.loc 1 157 0
 434 004c 0122     		movs	r2, #1
 435 004e 284B     		ldr	r3, .L31+16
 436 0050 1A70     		strb	r2, [r3]
 437 0052 34E0     		b	.L29
 438              	.L28:
 158:.\zaxis.c     ****     }
 159:.\zaxis.c     ****     
 160:.\zaxis.c     ****     else if (position > Z_pos) {
 439              		.loc 1 160 0
 440 0054 224B     		ldr	r3, .L31
 441 0056 1B88     		ldrh	r3, [r3]
 442 0058 FA88     		ldrh	r2, [r7, #6]
 443 005a 9A42     		cmp	r2, r3
 444 005c 17D9     		bls	.L30
 161:.\zaxis.c     ****         travel = position - Z_pos;
 445              		.loc 1 161 0
 446 005e 204B     		ldr	r3, .L31
 447 0060 1B88     		ldrh	r3, [r3]
 448 0062 FA88     		ldrh	r2, [r7, #6]	@ movhi
 449 0064 D31A     		subs	r3, r2, r3
ARM GAS  C:\Users\GUILLA~1\AppData\Local\Temp\ccFEU9ZG.s 			page 12


 450 0066 7B81     		strh	r3, [r7, #10]	@ movhi
 162:.\zaxis.c     ****         steps_to_do = travel*((motor_steps_turn*f_ustepping)/screw_lead);
 451              		.loc 1 162 0
 452 0068 7B89     		ldrh	r3, [r7, #10]
 453 006a 1E4A     		ldr	r2, .L31+4
 454 006c 1288     		ldrh	r2, [r2]
 455 006e 1146     		mov	r1, r2
 456 0070 1D4A     		ldr	r2, .L31+8
 457 0072 1288     		ldrh	r2, [r2]
 458 0074 02FB01F2 		mul	r2, r2, r1
 459 0078 1C49     		ldr	r1, .L31+12
 460 007a 0988     		ldrh	r1, [r1]
 461 007c 92FBF1F2 		sdiv	r2, r2, r1
 462 0080 02FB03F3 		mul	r3, r2, r3
 463 0084 FB60     		str	r3, [r7, #12]
 163:.\zaxis.c     ****         motor_direction = motor_down;
 464              		.loc 1 163 0
 465 0086 0022     		movs	r2, #0
 466 0088 194B     		ldr	r3, .L31+16
 467 008a 1A70     		strb	r2, [r3]
 468 008c 17E0     		b	.L29
 469              	.L30:
 164:.\zaxis.c     ****     }
 165:.\zaxis.c     ****     
 166:.\zaxis.c     ****     else {
 167:.\zaxis.c     ****         travel = 0;
 470              		.loc 1 167 0
 471 008e 0023     		movs	r3, #0
 472 0090 7B81     		strh	r3, [r7, #10]	@ movhi
 168:.\zaxis.c     ****         steps_to_do = 0;
 473              		.loc 1 168 0
 474 0092 0023     		movs	r3, #0
 475 0094 FB60     		str	r3, [r7, #12]
 169:.\zaxis.c     ****         sendDataToCAN(CAN_INSTRUCTION_SET_Z_AXIS_POSITION, CAN_HARDWARE_FILTER_ID, 0x00, 0x00, 0x00
 476              		.loc 1 169 0
 477 0096 124B     		ldr	r3, .L31
 478 0098 1B88     		ldrh	r3, [r3]
 479 009a 1B0A     		lsrs	r3, r3, #8
 480 009c 9BB2     		uxth	r3, r3
 481 009e DAB2     		uxtb	r2, r3
 482 00a0 0F4B     		ldr	r3, .L31
 483 00a2 1B88     		ldrh	r3, [r3]
 484 00a4 DBB2     		uxtb	r3, r3
 485 00a6 0021     		movs	r1, #0
 486 00a8 0091     		str	r1, [sp]
 487 00aa 0021     		movs	r1, #0
 488 00ac 0191     		str	r1, [sp, #4]
 489 00ae 0292     		str	r2, [sp, #8]
 490 00b0 0393     		str	r3, [sp, #12]
 491 00b2 0120     		movs	r0, #1
 492 00b4 3021     		movs	r1, #48
 493 00b6 0022     		movs	r2, #0
 494 00b8 0023     		movs	r3, #0
 495 00ba FFF7FEFF 		bl	sendDataToCAN
 496              	.L29:
 170:.\zaxis.c     ****     }
 171:.\zaxis.c     ****     Z_pos = position;
ARM GAS  C:\Users\GUILLA~1\AppData\Local\Temp\ccFEU9ZG.s 			page 13


 497              		.loc 1 171 0
 498 00be 084A     		ldr	r2, .L31
 499 00c0 FB88     		ldrh	r3, [r7, #6]	@ movhi
 500 00c2 1380     		strh	r3, [r2]	@ movhi
 172:.\zaxis.c     ****     // Setting up motor direction
 173:.\zaxis.c     ****     Z_Axis_Direction_Write(motor_direction);
 501              		.loc 1 173 0
 502 00c4 0A4B     		ldr	r3, .L31+16
 503 00c6 1B78     		ldrb	r3, [r3]	@ zero_extendqisi2
 504 00c8 1846     		mov	r0, r3
 505 00ca FFF7FEFF 		bl	Z_Axis_Direction_Write
 174:.\zaxis.c     ****     Z_Step_Dist_WriteCompare(steps_to_do);
 506              		.loc 1 174 0
 507 00ce F868     		ldr	r0, [r7, #12]
 508 00d0 FFF7FEFF 		bl	Z_Step_Dist_WriteCompare
 175:.\zaxis.c     ****     Z_GO_Write(1);
 509              		.loc 1 175 0
 510 00d4 0120     		movs	r0, #1
 511 00d6 FFF7FEFF 		bl	Z_GO_Write
 176:.\zaxis.c     **** }
 512              		.loc 1 176 0
 513 00da 1037     		adds	r7, r7, #16
 514              		.cfi_def_cfa_offset 8
 515 00dc BD46     		mov	sp, r7
 516              		.cfi_def_cfa_register 13
 517              		@ sp needed
 518 00de 80BD     		pop	{r7, pc}
 519              	.L32:
 520              		.align	2
 521              	.L31:
 522 00e0 00000000 		.word	Z_pos
 523 00e4 00000000 		.word	motor_steps_turn
 524 00e8 00000000 		.word	f_ustepping
 525 00ec 00000000 		.word	screw_lead
 526 00f0 00000000 		.word	motor_direction
 527              		.cfi_endproc
 528              	.LFE59:
 529              		.size	Z_Axis_GoTo, .-Z_Axis_GoTo
 530              		.section	.text.Z_Axis_Bumper_ISR,"ax",%progbits
 531              		.align	2
 532              		.global	Z_Axis_Bumper_ISR
 533              		.thumb
 534              		.thumb_func
 535              		.type	Z_Axis_Bumper_ISR, %function
 536              	Z_Axis_Bumper_ISR:
 537              	.LFB60:
 177:.\zaxis.c     **** 
 178:.\zaxis.c     **** CY_ISR(Z_Axis_Bumper_ISR){
 538              		.loc 1 178 0
 539              		.cfi_startproc
 540              		@ args = 0, pretend = 0, frame = 0
 541              		@ frame_needed = 1, uses_anonymous_args = 0
 542 0000 80B5     		push	{r7, lr}
 543              		.cfi_def_cfa_offset 8
 544              		.cfi_offset 7, -8
 545              		.cfi_offset 14, -4
 546 0002 00AF     		add	r7, sp, #0
ARM GAS  C:\Users\GUILLA~1\AppData\Local\Temp\ccFEU9ZG.s 			page 14


 547              		.cfi_def_cfa_register 7
 179:.\zaxis.c     ****     Z_Axis_Bumper_ISR_Stop();
 548              		.loc 1 179 0
 549 0004 FFF7FEFF 		bl	Z_Axis_Bumper_ISR_Stop
 180:.\zaxis.c     ****     Z_Axis_Bumper_ISR_ClearPending();
 550              		.loc 1 180 0
 551 0008 FFF7FEFF 		bl	Z_Axis_Bumper_ISR_ClearPending
 181:.\zaxis.c     ****     Z_Axis_Bumper_Port_ClearInterrupt();
 552              		.loc 1 181 0
 553 000c FFF7FEFF 		bl	Z_Axis_Bumper_Port_ClearInterrupt
 182:.\zaxis.c     ****     Z_Axis_Bumper_Stops();
 554              		.loc 1 182 0
 555 0010 FFF7FEFF 		bl	Z_Axis_Bumper_Stops
 183:.\zaxis.c     ****     Z_Axis_Bumper_ISR_StartEx(Z_Axis_Bumper_ISR);
 556              		.loc 1 183 0
 557 0014 0148     		ldr	r0, .L34
 558 0016 FFF7FEFF 		bl	Z_Axis_Bumper_ISR_StartEx
 184:.\zaxis.c     **** }
 559              		.loc 1 184 0
 560 001a 80BD     		pop	{r7, pc}
 561              	.L35:
 562              		.align	2
 563              	.L34:
 564 001c 00000000 		.word	Z_Axis_Bumper_ISR
 565              		.cfi_endproc
 566              	.LFE60:
 567              		.size	Z_Axis_Bumper_ISR, .-Z_Axis_Bumper_ISR
 568              		.section	.text.Z_Axis_Move_ISR,"ax",%progbits
 569              		.align	2
 570              		.global	Z_Axis_Move_ISR
 571              		.thumb
 572              		.thumb_func
 573              		.type	Z_Axis_Move_ISR, %function
 574              	Z_Axis_Move_ISR:
 575              	.LFB61:
 185:.\zaxis.c     **** 
 186:.\zaxis.c     **** CY_ISR(Z_Axis_Move_ISR){
 576              		.loc 1 186 0
 577              		.cfi_startproc
 578              		@ args = 0, pretend = 0, frame = 0
 579              		@ frame_needed = 1, uses_anonymous_args = 0
 580 0000 80B5     		push	{r7, lr}
 581              		.cfi_def_cfa_offset 8
 582              		.cfi_offset 7, -8
 583              		.cfi_offset 14, -4
 584 0002 84B0     		sub	sp, sp, #16
 585              		.cfi_def_cfa_offset 24
 586 0004 04AF     		add	r7, sp, #16
 587              		.cfi_def_cfa 7, 8
 187:.\zaxis.c     ****     Z_Axis_Move_ISR_Stop();
 588              		.loc 1 187 0
 589 0006 FFF7FEFF 		bl	Z_Axis_Move_ISR_Stop
 188:.\zaxis.c     ****     Z_Axis_Move_ISR_ClearPending();
 590              		.loc 1 188 0
 591 000a FFF7FEFF 		bl	Z_Axis_Move_ISR_ClearPending
 189:.\zaxis.c     ****     switch (Z_axis_state){
 592              		.loc 1 189 0
ARM GAS  C:\Users\GUILLA~1\AppData\Local\Temp\ccFEU9ZG.s 			page 15


 593 000e 244B     		ldr	r3, .L45
 594 0010 1B78     		ldrb	r3, [r3]	@ zero_extendqisi2
 595 0012 032B     		cmp	r3, #3
 596 0014 3DD8     		bhi	.L44
 597 0016 01A2     		adr	r2, .L39
 598 0018 52F823F0 		ldr	pc, [r2, r3, lsl #2]
 599              		.p2align 2
 600              	.L39:
 601 001c 2D000000 		.word	.L38+1
 602 0020 57000000 		.word	.L40+1
 603 0024 93000000 		.word	.L44+1
 604 0028 69000000 		.word	.L42+1
 605              		.p2align 1
 606              	.L38:
 190:.\zaxis.c     ****         case WAITING_FOR_BUMPER1:
 191:.\zaxis.c     ****         {
 192:.\zaxis.c     ****             // Send back on CAN that the action is done
 193:.\zaxis.c     ****             sendDataToCAN(CAN_INSTRUCTION_SET_Z_AXIS_POSITION, CAN_HARDWARE_FILTER_ID, 0x00, 0x00, 
 607              		.loc 1 193 0
 608 002c 1D4B     		ldr	r3, .L45+4
 609 002e 1B88     		ldrh	r3, [r3]
 610 0030 1B0A     		lsrs	r3, r3, #8
 611 0032 9BB2     		uxth	r3, r3
 612 0034 DAB2     		uxtb	r2, r3
 613 0036 1B4B     		ldr	r3, .L45+4
 614 0038 1B88     		ldrh	r3, [r3]
 615 003a DBB2     		uxtb	r3, r3
 616 003c 0021     		movs	r1, #0
 617 003e 0091     		str	r1, [sp]
 618 0040 0021     		movs	r1, #0
 619 0042 0191     		str	r1, [sp, #4]
 620 0044 0292     		str	r2, [sp, #8]
 621 0046 0393     		str	r3, [sp, #12]
 622 0048 0120     		movs	r0, #1
 623 004a 3021     		movs	r1, #48
 624 004c 0022     		movs	r2, #0
 625 004e 0023     		movs	r3, #0
 626 0050 FFF7FEFF 		bl	sendDataToCAN
 194:.\zaxis.c     ****             break;
 627              		.loc 1 194 0
 628 0054 1EE0     		b	.L43
 629              	.L40:
 195:.\zaxis.c     ****         }
 196:.\zaxis.c     ****         
 197:.\zaxis.c     ****         case GOING_AWAY:
 198:.\zaxis.c     ****         {
 199:.\zaxis.c     ****             // Calls back for homing
 200:.\zaxis.c     ****             Z_axis_state = WAITING_FOR_BUMPER2;
 630              		.loc 1 200 0
 631 0056 124B     		ldr	r3, .L45
 632 0058 0222     		movs	r2, #2
 633 005a 1A70     		strb	r2, [r3]
 201:.\zaxis.c     ****             Move_Up(max_distance);
 634              		.loc 1 201 0
 635 005c 4FF47A63 		mov	r3, #4000
 636 0060 1846     		mov	r0, r3
 637 0062 FFF7FEFF 		bl	Move_Up
ARM GAS  C:\Users\GUILLA~1\AppData\Local\Temp\ccFEU9ZG.s 			page 16


 202:.\zaxis.c     ****             break;
 638              		.loc 1 202 0
 639 0066 15E0     		b	.L43
 640              	.L42:
 203:.\zaxis.c     ****         }
 204:.\zaxis.c     ****         
 205:.\zaxis.c     ****         case WAITING_FOR_BUMPER2:
 206:.\zaxis.c     ****         {
 207:.\zaxis.c     ****             break;
 208:.\zaxis.c     ****         }
 209:.\zaxis.c     ****         
 210:.\zaxis.c     ****         case HOME:
 211:.\zaxis.c     ****         {
 212:.\zaxis.c     ****             sendDataToCAN(CAN_INSTRUCTION_SET_Z_AXIS_POSITION, CAN_HARDWARE_FILTER_ID, 0x00, 0x00, 
 641              		.loc 1 212 0
 642 0068 0E4B     		ldr	r3, .L45+4
 643 006a 1B88     		ldrh	r3, [r3]
 644 006c 1B0A     		lsrs	r3, r3, #8
 645 006e 9BB2     		uxth	r3, r3
 646 0070 DAB2     		uxtb	r2, r3
 647 0072 0C4B     		ldr	r3, .L45+4
 648 0074 1B88     		ldrh	r3, [r3]
 649 0076 DBB2     		uxtb	r3, r3
 650 0078 0021     		movs	r1, #0
 651 007a 0091     		str	r1, [sp]
 652 007c 0021     		movs	r1, #0
 653 007e 0191     		str	r1, [sp, #4]
 654 0080 0292     		str	r2, [sp, #8]
 655 0082 0393     		str	r3, [sp, #12]
 656 0084 0120     		movs	r0, #1
 657 0086 3021     		movs	r1, #48
 658 0088 0022     		movs	r2, #0
 659 008a 0023     		movs	r3, #0
 660 008c FFF7FEFF 		bl	sendDataToCAN
 213:.\zaxis.c     ****             break;
 661              		.loc 1 213 0
 662 0090 00E0     		b	.L43
 663              	.L44:
 214:.\zaxis.c     ****         }
 215:.\zaxis.c     ****         
 216:.\zaxis.c     ****         default:
 217:.\zaxis.c     ****         {
 218:.\zaxis.c     ****             break;
 664              		.loc 1 218 0
 665 0092 00BF     		nop
 666              	.L43:
 219:.\zaxis.c     ****         }
 220:.\zaxis.c     ****     }
 221:.\zaxis.c     ****     Z_Axis_Move_ISR_StartEx(Z_Axis_Move_ISR);
 667              		.loc 1 221 0
 668 0094 0448     		ldr	r0, .L45+8
 669 0096 FFF7FEFF 		bl	Z_Axis_Move_ISR_StartEx
 222:.\zaxis.c     **** }
 670              		.loc 1 222 0
 671 009a BD46     		mov	sp, r7
 672              		.cfi_def_cfa_register 13
 673              		@ sp needed
ARM GAS  C:\Users\GUILLA~1\AppData\Local\Temp\ccFEU9ZG.s 			page 17


 674 009c 80BD     		pop	{r7, pc}
 675              	.L46:
 676 009e 00BF     		.align	2
 677              	.L45:
 678 00a0 00000000 		.word	Z_axis_state
 679 00a4 00000000 		.word	Z_pos
 680 00a8 00000000 		.word	Z_Axis_Move_ISR
 681              		.cfi_endproc
 682              	.LFE61:
 683              		.size	Z_Axis_Move_ISR, .-Z_Axis_Move_ISR
 684              		.section	.text.Move_Up,"ax",%progbits
 685              		.align	2
 686              		.global	Move_Up
 687              		.thumb
 688              		.thumb_func
 689              		.type	Move_Up, %function
 690              	Move_Up:
 691              	.LFB62:
 223:.\zaxis.c     **** 
 224:.\zaxis.c     **** void Move_Up(uint16 distance){
 692              		.loc 1 224 0
 693              		.cfi_startproc
 694              		@ args = 0, pretend = 0, frame = 8
 695              		@ frame_needed = 1, uses_anonymous_args = 0
 696 0000 80B5     		push	{r7, lr}
 697              		.cfi_def_cfa_offset 8
 698              		.cfi_offset 7, -8
 699              		.cfi_offset 14, -4
 700 0002 82B0     		sub	sp, sp, #8
 701              		.cfi_def_cfa_offset 16
 702 0004 00AF     		add	r7, sp, #0
 703              		.cfi_def_cfa_register 7
 704 0006 0346     		mov	r3, r0
 705 0008 FB80     		strh	r3, [r7, #6]	@ movhi
 225:.\zaxis.c     ****     Z_Axis_Direction_Write(motor_up);
 706              		.loc 1 225 0
 707 000a 0123     		movs	r3, #1
 708 000c 1846     		mov	r0, r3
 709 000e FFF7FEFF 		bl	Z_Axis_Direction_Write
 226:.\zaxis.c     ****     Z_Step_Dist_WriteCompare(distance*((motor_steps_turn*f_ustepping)/screw_lead));
 710              		.loc 1 226 0
 711 0012 FB88     		ldrh	r3, [r7, #6]
 712 0014 0A4A     		ldr	r2, .L48
 713 0016 1288     		ldrh	r2, [r2]
 714 0018 1146     		mov	r1, r2
 715 001a 0A4A     		ldr	r2, .L48+4
 716 001c 1288     		ldrh	r2, [r2]
 717 001e 02FB01F2 		mul	r2, r2, r1
 718 0022 0949     		ldr	r1, .L48+8
 719 0024 0988     		ldrh	r1, [r1]
 720 0026 92FBF1F2 		sdiv	r2, r2, r1
 721 002a 02FB03F3 		mul	r3, r2, r3
 722 002e 1846     		mov	r0, r3
 723 0030 FFF7FEFF 		bl	Z_Step_Dist_WriteCompare
 227:.\zaxis.c     ****     Z_GO_Write(1); //Motor starts
 724              		.loc 1 227 0
 725 0034 0120     		movs	r0, #1
ARM GAS  C:\Users\GUILLA~1\AppData\Local\Temp\ccFEU9ZG.s 			page 18


 726 0036 FFF7FEFF 		bl	Z_GO_Write
 228:.\zaxis.c     **** }
 727              		.loc 1 228 0
 728 003a 0837     		adds	r7, r7, #8
 729              		.cfi_def_cfa_offset 8
 730 003c BD46     		mov	sp, r7
 731              		.cfi_def_cfa_register 13
 732              		@ sp needed
 733 003e 80BD     		pop	{r7, pc}
 734              	.L49:
 735              		.align	2
 736              	.L48:
 737 0040 00000000 		.word	motor_steps_turn
 738 0044 00000000 		.word	f_ustepping
 739 0048 00000000 		.word	screw_lead
 740              		.cfi_endproc
 741              	.LFE62:
 742              		.size	Move_Up, .-Move_Up
 743              		.text
 744              	.Letext0:
 745              		.file 2 "c:\\program files (x86)\\cypress\\psoc creator\\3.3\\psoc creator\\import\\gnu\\arm\\4.9.
 746              		.file 3 "c:\\program files (x86)\\cypress\\psoc creator\\3.3\\psoc creator\\import\\gnu\\arm\\4.9.
 747              		.file 4 "Generated_Source\\PSoC5/cytypes.h"
 748              		.file 5 "Generated_Source\\PSoC5/core_cm3.h"
 749              		.section	.debug_info,"",%progbits
 750              	.Ldebug_info0:
 751 0000 39020000 		.4byte	0x239
 752 0004 0400     		.2byte	0x4
 753 0006 00000000 		.4byte	.Ldebug_abbrev0
 754 000a 04       		.byte	0x4
 755 000b 01       		.uleb128 0x1
 756 000c 25000000 		.4byte	.LASF40
 757 0010 01       		.byte	0x1
 758 0011 00000000 		.4byte	.LASF41
 759 0015 41020000 		.4byte	.LASF42
 760 0019 00000000 		.4byte	.Ldebug_ranges0+0
 761 001d 00000000 		.4byte	0
 762 0021 00000000 		.4byte	.Ldebug_line0
 763 0025 02       		.uleb128 0x2
 764 0026 01       		.byte	0x1
 765 0027 06       		.byte	0x6
 766 0028 99020000 		.4byte	.LASF0
 767 002c 02       		.uleb128 0x2
 768 002d 01       		.byte	0x1
 769 002e 08       		.byte	0x8
 770 002f FC000000 		.4byte	.LASF1
 771 0033 02       		.uleb128 0x2
 772 0034 02       		.byte	0x2
 773 0035 05       		.byte	0x5
 774 0036 26020000 		.4byte	.LASF2
 775 003a 02       		.uleb128 0x2
 776 003b 02       		.byte	0x2
 777 003c 07       		.byte	0x7
 778 003d AD020000 		.4byte	.LASF3
 779 0041 03       		.uleb128 0x3
 780 0042 0A000000 		.4byte	.LASF9
 781 0046 02       		.byte	0x2
ARM GAS  C:\Users\GUILLA~1\AppData\Local\Temp\ccFEU9ZG.s 			page 19


 782 0047 3F       		.byte	0x3f
 783 0048 4C000000 		.4byte	0x4c
 784 004c 02       		.uleb128 0x2
 785 004d 04       		.byte	0x4
 786 004e 05       		.byte	0x5
 787 004f 90020000 		.4byte	.LASF4
 788 0053 02       		.uleb128 0x2
 789 0054 04       		.byte	0x4
 790 0055 07       		.byte	0x7
 791 0056 2A010000 		.4byte	.LASF5
 792 005a 02       		.uleb128 0x2
 793 005b 08       		.byte	0x8
 794 005c 05       		.byte	0x5
 795 005d FC010000 		.4byte	.LASF6
 796 0061 02       		.uleb128 0x2
 797 0062 08       		.byte	0x8
 798 0063 07       		.byte	0x7
 799 0064 C2010000 		.4byte	.LASF7
 800 0068 04       		.uleb128 0x4
 801 0069 04       		.byte	0x4
 802 006a 05       		.byte	0x5
 803 006b 696E7400 		.ascii	"int\000"
 804 006f 02       		.uleb128 0x2
 805 0070 04       		.byte	0x4
 806 0071 07       		.byte	0x7
 807 0072 B5010000 		.4byte	.LASF8
 808 0076 03       		.uleb128 0x3
 809 0077 EB010000 		.4byte	.LASF10
 810 007b 03       		.byte	0x3
 811 007c 2C       		.byte	0x2c
 812 007d 41000000 		.4byte	0x41
 813 0081 03       		.uleb128 0x3
 814 0082 30020000 		.4byte	.LASF11
 815 0086 04       		.byte	0x4
 816 0087 A1       		.byte	0xa1
 817 0088 2C000000 		.4byte	0x2c
 818 008c 03       		.uleb128 0x3
 819 008d 91010000 		.4byte	.LASF12
 820 0091 04       		.byte	0x4
 821 0092 A2       		.byte	0xa2
 822 0093 3A000000 		.4byte	0x3a
 823 0097 03       		.uleb128 0x3
 824 0098 AE010000 		.4byte	.LASF13
 825 009c 04       		.byte	0x4
 826 009d A3       		.byte	0xa3
 827 009e 53000000 		.4byte	0x53
 828 00a2 02       		.uleb128 0x2
 829 00a3 04       		.byte	0x4
 830 00a4 04       		.byte	0x4
 831 00a5 E0000000 		.4byte	.LASF14
 832 00a9 02       		.uleb128 0x2
 833 00aa 08       		.byte	0x8
 834 00ab 04       		.byte	0x4
 835 00ac 55010000 		.4byte	.LASF15
 836 00b0 02       		.uleb128 0x2
 837 00b1 01       		.byte	0x1
 838 00b2 08       		.byte	0x8
ARM GAS  C:\Users\GUILLA~1\AppData\Local\Temp\ccFEU9ZG.s 			page 20


 839 00b3 16020000 		.4byte	.LASF16
 840 00b7 02       		.uleb128 0x2
 841 00b8 04       		.byte	0x4
 842 00b9 07       		.byte	0x7
 843 00ba F3010000 		.4byte	.LASF17
 844 00be 05       		.uleb128 0x5
 845 00bf 85010000 		.4byte	.LASF18
 846 00c3 01       		.byte	0x1
 847 00c4 1D       		.byte	0x1d
 848 00c5 00000000 		.4byte	.LFB56
 849 00c9 E8000000 		.4byte	.LFE56-.LFB56
 850 00cd 01       		.uleb128 0x1
 851 00ce 9C       		.byte	0x9c
 852 00cf 05       		.uleb128 0x5
 853 00d0 79010000 		.4byte	.LASF19
 854 00d4 01       		.byte	0x1
 855 00d5 62       		.byte	0x62
 856 00d6 00000000 		.4byte	.LFB57
 857 00da 4C000000 		.4byte	.LFE57-.LFB57
 858 00de 01       		.uleb128 0x1
 859 00df 9C       		.byte	0x9c
 860 00e0 05       		.uleb128 0x5
 861 00e1 BC000000 		.4byte	.LASF20
 862 00e5 01       		.byte	0x1
 863 00e6 70       		.byte	0x70
 864 00e7 00000000 		.4byte	.LFB58
 865 00eb 90000000 		.4byte	.LFE58-.LFB58
 866 00ef 01       		.uleb128 0x1
 867 00f0 9C       		.byte	0x9c
 868 00f1 06       		.uleb128 0x6
 869 00f2 3C010000 		.4byte	.LASF25
 870 00f6 01       		.byte	0x1
 871 00f7 96       		.byte	0x96
 872 00f8 00000000 		.4byte	.LFB59
 873 00fc F4000000 		.4byte	.LFE59-.LFB59
 874 0100 01       		.uleb128 0x1
 875 0101 9C       		.byte	0x9c
 876 0102 31010000 		.4byte	0x131
 877 0106 07       		.uleb128 0x7
 878 0107 A5010000 		.4byte	.LASF27
 879 010b 01       		.byte	0x1
 880 010c 96       		.byte	0x96
 881 010d 8C000000 		.4byte	0x8c
 882 0111 02       		.uleb128 0x2
 883 0112 91       		.byte	0x91
 884 0113 6E       		.sleb128 -18
 885 0114 08       		.uleb128 0x8
 886 0115 D0000000 		.4byte	.LASF21
 887 0119 01       		.byte	0x1
 888 011a 97       		.byte	0x97
 889 011b 8C000000 		.4byte	0x8c
 890 011f 02       		.uleb128 0x2
 891 0120 91       		.byte	0x91
 892 0121 72       		.sleb128 -14
 893 0122 08       		.uleb128 0x8
 894 0123 0A010000 		.4byte	.LASF22
 895 0127 01       		.byte	0x1
ARM GAS  C:\Users\GUILLA~1\AppData\Local\Temp\ccFEU9ZG.s 			page 21


 896 0128 98       		.byte	0x98
 897 0129 97000000 		.4byte	0x97
 898 012d 02       		.uleb128 0x2
 899 012e 91       		.byte	0x91
 900 012f 74       		.sleb128 -12
 901 0130 00       		.byte	0
 902 0131 09       		.uleb128 0x9
 903 0132 D9010000 		.4byte	.LASF23
 904 0136 01       		.byte	0x1
 905 0137 B2       		.byte	0xb2
 906 0138 00000000 		.4byte	.LFB60
 907 013c 20000000 		.4byte	.LFE60-.LFB60
 908 0140 01       		.uleb128 0x1
 909 0141 9C       		.byte	0x9c
 910 0142 09       		.uleb128 0x9
 911 0143 E6000000 		.4byte	.LASF24
 912 0147 01       		.byte	0x1
 913 0148 BA       		.byte	0xba
 914 0149 00000000 		.4byte	.LFB61
 915 014d AC000000 		.4byte	.LFE61-.LFB61
 916 0151 01       		.uleb128 0x1
 917 0152 9C       		.byte	0x9c
 918 0153 06       		.uleb128 0x6
 919 0154 A5020000 		.4byte	.LASF26
 920 0158 01       		.byte	0x1
 921 0159 E0       		.byte	0xe0
 922 015a 00000000 		.4byte	.LFB62
 923 015e 4C000000 		.4byte	.LFE62-.LFB62
 924 0162 01       		.uleb128 0x1
 925 0163 9C       		.byte	0x9c
 926 0164 77010000 		.4byte	0x177
 927 0168 07       		.uleb128 0x7
 928 0169 D7000000 		.4byte	.LASF28
 929 016d 01       		.byte	0x1
 930 016e E0       		.byte	0xe0
 931 016f 8C000000 		.4byte	0x8c
 932 0173 02       		.uleb128 0x2
 933 0174 91       		.byte	0x91
 934 0175 76       		.sleb128 -10
 935 0176 00       		.byte	0
 936 0177 0A       		.uleb128 0xa
 937 0178 48010000 		.4byte	.LASF29
 938 017c 05       		.byte	0x5
 939 017d 1606     		.2byte	0x616
 940 017f 83010000 		.4byte	0x183
 941 0183 0B       		.uleb128 0xb
 942 0184 76000000 		.4byte	0x76
 943 0188 0C       		.uleb128 0xc
 944 0189 5C010000 		.4byte	.LASF30
 945 018d 01       		.byte	0x1
 946 018e 12       		.byte	0x12
 947 018f 81000000 		.4byte	0x81
 948 0193 05       		.uleb128 0x5
 949 0194 03       		.byte	0x3
 950 0195 00000000 		.4byte	Z_axis_state
 951 0199 0C       		.uleb128 0xc
 952 019a F6000000 		.4byte	.LASF31
ARM GAS  C:\Users\GUILLA~1\AppData\Local\Temp\ccFEU9ZG.s 			page 22


 953 019e 01       		.byte	0x1
 954 019f 13       		.byte	0x13
 955 01a0 8C000000 		.4byte	0x8c
 956 01a4 05       		.uleb128 0x5
 957 01a5 03       		.byte	0x3
 958 01a6 00000000 		.4byte	Z_pos
 959 01aa 0C       		.uleb128 0xc
 960 01ab 36020000 		.4byte	.LASF32
 961 01af 01       		.byte	0x1
 962 01b0 14       		.byte	0x14
 963 01b1 8C000000 		.4byte	0x8c
 964 01b5 05       		.uleb128 0x5
 965 01b6 03       		.byte	0x3
 966 01b7 00000000 		.4byte	screw_lead
 967 01bb 0C       		.uleb128 0xc
 968 01bc 14000000 		.4byte	.LASF33
 969 01c0 01       		.byte	0x1
 970 01c1 15       		.byte	0x15
 971 01c2 8C000000 		.4byte	0x8c
 972 01c6 05       		.uleb128 0x5
 973 01c7 03       		.byte	0x3
 974 01c8 00000000 		.4byte	motor_steps_turn
 975 01cc 0C       		.uleb128 0xc
 976 01cd 0A020000 		.4byte	.LASF34
 977 01d1 01       		.byte	0x1
 978 01d2 16       		.byte	0x16
 979 01d3 8C000000 		.4byte	0x8c
 980 01d7 05       		.uleb128 0x5
 981 01d8 03       		.byte	0x3
 982 01d9 00000000 		.4byte	f_ustepping
 983 01dd 0C       		.uleb128 0xc
 984 01de 69010000 		.4byte	.LASF35
 985 01e2 01       		.byte	0x1
 986 01e3 17       		.byte	0x17
 987 01e4 81000000 		.4byte	0x81
 988 01e8 05       		.uleb128 0x5
 989 01e9 03       		.byte	0x3
 990 01ea 00000000 		.4byte	motor_direction
 991 01ee 0C       		.uleb128 0xc
 992 01ef 16010000 		.4byte	.LASF36
 993 01f3 01       		.byte	0x1
 994 01f4 18       		.byte	0x18
 995 01f5 81000000 		.4byte	0x81
 996 01f9 05       		.uleb128 0x5
 997 01fa 03       		.byte	0x3
 998 01fb 00000000 		.4byte	Z_axis_bumper_count
 999 01ff 0C       		.uleb128 0xc
 1000 0200 B3000000 		.4byte	.LASF37
 1001 0204 01       		.byte	0x1
 1002 0205 19       		.byte	0x19
 1003 0206 10020000 		.4byte	0x210
 1004 020a 05       		.uleb128 0x5
 1005 020b 03       		.byte	0x3
 1006 020c 00000000 		.4byte	motor_up
 1007 0210 0D       		.uleb128 0xd
 1008 0211 81000000 		.4byte	0x81
 1009 0215 0C       		.uleb128 0xc
ARM GAS  C:\Users\GUILLA~1\AppData\Local\Temp\ccFEU9ZG.s 			page 23


 1010 0216 1B020000 		.4byte	.LASF38
 1011 021a 01       		.byte	0x1
 1012 021b 1A       		.byte	0x1a
 1013 021c 10020000 		.4byte	0x210
 1014 0220 05       		.uleb128 0x5
 1015 0221 03       		.byte	0x3
 1016 0222 00000000 		.4byte	motor_down
 1017 0226 0C       		.uleb128 0xc
 1018 0227 98010000 		.4byte	.LASF39
 1019 022b 01       		.byte	0x1
 1020 022c 1B       		.byte	0x1b
 1021 022d 37020000 		.4byte	0x237
 1022 0231 05       		.uleb128 0x5
 1023 0232 03       		.byte	0x3
 1024 0233 00000000 		.4byte	max_distance
 1025 0237 0D       		.uleb128 0xd
 1026 0238 8C000000 		.4byte	0x8c
 1027 023c 00       		.byte	0
 1028              		.section	.debug_abbrev,"",%progbits
 1029              	.Ldebug_abbrev0:
 1030 0000 01       		.uleb128 0x1
 1031 0001 11       		.uleb128 0x11
 1032 0002 01       		.byte	0x1
 1033 0003 25       		.uleb128 0x25
 1034 0004 0E       		.uleb128 0xe
 1035 0005 13       		.uleb128 0x13
 1036 0006 0B       		.uleb128 0xb
 1037 0007 03       		.uleb128 0x3
 1038 0008 0E       		.uleb128 0xe
 1039 0009 1B       		.uleb128 0x1b
 1040 000a 0E       		.uleb128 0xe
 1041 000b 55       		.uleb128 0x55
 1042 000c 17       		.uleb128 0x17
 1043 000d 11       		.uleb128 0x11
 1044 000e 01       		.uleb128 0x1
 1045 000f 10       		.uleb128 0x10
 1046 0010 17       		.uleb128 0x17
 1047 0011 00       		.byte	0
 1048 0012 00       		.byte	0
 1049 0013 02       		.uleb128 0x2
 1050 0014 24       		.uleb128 0x24
 1051 0015 00       		.byte	0
 1052 0016 0B       		.uleb128 0xb
 1053 0017 0B       		.uleb128 0xb
 1054 0018 3E       		.uleb128 0x3e
 1055 0019 0B       		.uleb128 0xb
 1056 001a 03       		.uleb128 0x3
 1057 001b 0E       		.uleb128 0xe
 1058 001c 00       		.byte	0
 1059 001d 00       		.byte	0
 1060 001e 03       		.uleb128 0x3
 1061 001f 16       		.uleb128 0x16
 1062 0020 00       		.byte	0
 1063 0021 03       		.uleb128 0x3
 1064 0022 0E       		.uleb128 0xe
 1065 0023 3A       		.uleb128 0x3a
 1066 0024 0B       		.uleb128 0xb
ARM GAS  C:\Users\GUILLA~1\AppData\Local\Temp\ccFEU9ZG.s 			page 24


 1067 0025 3B       		.uleb128 0x3b
 1068 0026 0B       		.uleb128 0xb
 1069 0027 49       		.uleb128 0x49
 1070 0028 13       		.uleb128 0x13
 1071 0029 00       		.byte	0
 1072 002a 00       		.byte	0
 1073 002b 04       		.uleb128 0x4
 1074 002c 24       		.uleb128 0x24
 1075 002d 00       		.byte	0
 1076 002e 0B       		.uleb128 0xb
 1077 002f 0B       		.uleb128 0xb
 1078 0030 3E       		.uleb128 0x3e
 1079 0031 0B       		.uleb128 0xb
 1080 0032 03       		.uleb128 0x3
 1081 0033 08       		.uleb128 0x8
 1082 0034 00       		.byte	0
 1083 0035 00       		.byte	0
 1084 0036 05       		.uleb128 0x5
 1085 0037 2E       		.uleb128 0x2e
 1086 0038 00       		.byte	0
 1087 0039 3F       		.uleb128 0x3f
 1088 003a 19       		.uleb128 0x19
 1089 003b 03       		.uleb128 0x3
 1090 003c 0E       		.uleb128 0xe
 1091 003d 3A       		.uleb128 0x3a
 1092 003e 0B       		.uleb128 0xb
 1093 003f 3B       		.uleb128 0x3b
 1094 0040 0B       		.uleb128 0xb
 1095 0041 11       		.uleb128 0x11
 1096 0042 01       		.uleb128 0x1
 1097 0043 12       		.uleb128 0x12
 1098 0044 06       		.uleb128 0x6
 1099 0045 40       		.uleb128 0x40
 1100 0046 18       		.uleb128 0x18
 1101 0047 9642     		.uleb128 0x2116
 1102 0049 19       		.uleb128 0x19
 1103 004a 00       		.byte	0
 1104 004b 00       		.byte	0
 1105 004c 06       		.uleb128 0x6
 1106 004d 2E       		.uleb128 0x2e
 1107 004e 01       		.byte	0x1
 1108 004f 3F       		.uleb128 0x3f
 1109 0050 19       		.uleb128 0x19
 1110 0051 03       		.uleb128 0x3
 1111 0052 0E       		.uleb128 0xe
 1112 0053 3A       		.uleb128 0x3a
 1113 0054 0B       		.uleb128 0xb
 1114 0055 3B       		.uleb128 0x3b
 1115 0056 0B       		.uleb128 0xb
 1116 0057 27       		.uleb128 0x27
 1117 0058 19       		.uleb128 0x19
 1118 0059 11       		.uleb128 0x11
 1119 005a 01       		.uleb128 0x1
 1120 005b 12       		.uleb128 0x12
 1121 005c 06       		.uleb128 0x6
 1122 005d 40       		.uleb128 0x40
 1123 005e 18       		.uleb128 0x18
ARM GAS  C:\Users\GUILLA~1\AppData\Local\Temp\ccFEU9ZG.s 			page 25


 1124 005f 9642     		.uleb128 0x2116
 1125 0061 19       		.uleb128 0x19
 1126 0062 01       		.uleb128 0x1
 1127 0063 13       		.uleb128 0x13
 1128 0064 00       		.byte	0
 1129 0065 00       		.byte	0
 1130 0066 07       		.uleb128 0x7
 1131 0067 05       		.uleb128 0x5
 1132 0068 00       		.byte	0
 1133 0069 03       		.uleb128 0x3
 1134 006a 0E       		.uleb128 0xe
 1135 006b 3A       		.uleb128 0x3a
 1136 006c 0B       		.uleb128 0xb
 1137 006d 3B       		.uleb128 0x3b
 1138 006e 0B       		.uleb128 0xb
 1139 006f 49       		.uleb128 0x49
 1140 0070 13       		.uleb128 0x13
 1141 0071 02       		.uleb128 0x2
 1142 0072 18       		.uleb128 0x18
 1143 0073 00       		.byte	0
 1144 0074 00       		.byte	0
 1145 0075 08       		.uleb128 0x8
 1146 0076 34       		.uleb128 0x34
 1147 0077 00       		.byte	0
 1148 0078 03       		.uleb128 0x3
 1149 0079 0E       		.uleb128 0xe
 1150 007a 3A       		.uleb128 0x3a
 1151 007b 0B       		.uleb128 0xb
 1152 007c 3B       		.uleb128 0x3b
 1153 007d 0B       		.uleb128 0xb
 1154 007e 49       		.uleb128 0x49
 1155 007f 13       		.uleb128 0x13
 1156 0080 02       		.uleb128 0x2
 1157 0081 18       		.uleb128 0x18
 1158 0082 00       		.byte	0
 1159 0083 00       		.byte	0
 1160 0084 09       		.uleb128 0x9
 1161 0085 2E       		.uleb128 0x2e
 1162 0086 00       		.byte	0
 1163 0087 3F       		.uleb128 0x3f
 1164 0088 19       		.uleb128 0x19
 1165 0089 03       		.uleb128 0x3
 1166 008a 0E       		.uleb128 0xe
 1167 008b 3A       		.uleb128 0x3a
 1168 008c 0B       		.uleb128 0xb
 1169 008d 3B       		.uleb128 0x3b
 1170 008e 0B       		.uleb128 0xb
 1171 008f 27       		.uleb128 0x27
 1172 0090 19       		.uleb128 0x19
 1173 0091 11       		.uleb128 0x11
 1174 0092 01       		.uleb128 0x1
 1175 0093 12       		.uleb128 0x12
 1176 0094 06       		.uleb128 0x6
 1177 0095 40       		.uleb128 0x40
 1178 0096 18       		.uleb128 0x18
 1179 0097 9642     		.uleb128 0x2116
 1180 0099 19       		.uleb128 0x19
ARM GAS  C:\Users\GUILLA~1\AppData\Local\Temp\ccFEU9ZG.s 			page 26


 1181 009a 00       		.byte	0
 1182 009b 00       		.byte	0
 1183 009c 0A       		.uleb128 0xa
 1184 009d 34       		.uleb128 0x34
 1185 009e 00       		.byte	0
 1186 009f 03       		.uleb128 0x3
 1187 00a0 0E       		.uleb128 0xe
 1188 00a1 3A       		.uleb128 0x3a
 1189 00a2 0B       		.uleb128 0xb
 1190 00a3 3B       		.uleb128 0x3b
 1191 00a4 05       		.uleb128 0x5
 1192 00a5 49       		.uleb128 0x49
 1193 00a6 13       		.uleb128 0x13
 1194 00a7 3F       		.uleb128 0x3f
 1195 00a8 19       		.uleb128 0x19
 1196 00a9 3C       		.uleb128 0x3c
 1197 00aa 19       		.uleb128 0x19
 1198 00ab 00       		.byte	0
 1199 00ac 00       		.byte	0
 1200 00ad 0B       		.uleb128 0xb
 1201 00ae 35       		.uleb128 0x35
 1202 00af 00       		.byte	0
 1203 00b0 49       		.uleb128 0x49
 1204 00b1 13       		.uleb128 0x13
 1205 00b2 00       		.byte	0
 1206 00b3 00       		.byte	0
 1207 00b4 0C       		.uleb128 0xc
 1208 00b5 34       		.uleb128 0x34
 1209 00b6 00       		.byte	0
 1210 00b7 03       		.uleb128 0x3
 1211 00b8 0E       		.uleb128 0xe
 1212 00b9 3A       		.uleb128 0x3a
 1213 00ba 0B       		.uleb128 0xb
 1214 00bb 3B       		.uleb128 0x3b
 1215 00bc 0B       		.uleb128 0xb
 1216 00bd 49       		.uleb128 0x49
 1217 00be 13       		.uleb128 0x13
 1218 00bf 3F       		.uleb128 0x3f
 1219 00c0 19       		.uleb128 0x19
 1220 00c1 02       		.uleb128 0x2
 1221 00c2 18       		.uleb128 0x18
 1222 00c3 00       		.byte	0
 1223 00c4 00       		.byte	0
 1224 00c5 0D       		.uleb128 0xd
 1225 00c6 26       		.uleb128 0x26
 1226 00c7 00       		.byte	0
 1227 00c8 49       		.uleb128 0x49
 1228 00c9 13       		.uleb128 0x13
 1229 00ca 00       		.byte	0
 1230 00cb 00       		.byte	0
 1231 00cc 00       		.byte	0
 1232              		.section	.debug_aranges,"",%progbits
 1233 0000 4C000000 		.4byte	0x4c
 1234 0004 0200     		.2byte	0x2
 1235 0006 00000000 		.4byte	.Ldebug_info0
 1236 000a 04       		.byte	0x4
 1237 000b 00       		.byte	0
ARM GAS  C:\Users\GUILLA~1\AppData\Local\Temp\ccFEU9ZG.s 			page 27


 1238 000c 0000     		.2byte	0
 1239 000e 0000     		.2byte	0
 1240 0010 00000000 		.4byte	.LFB56
 1241 0014 E8000000 		.4byte	.LFE56-.LFB56
 1242 0018 00000000 		.4byte	.LFB57
 1243 001c 4C000000 		.4byte	.LFE57-.LFB57
 1244 0020 00000000 		.4byte	.LFB58
 1245 0024 90000000 		.4byte	.LFE58-.LFB58
 1246 0028 00000000 		.4byte	.LFB59
 1247 002c F4000000 		.4byte	.LFE59-.LFB59
 1248 0030 00000000 		.4byte	.LFB60
 1249 0034 20000000 		.4byte	.LFE60-.LFB60
 1250 0038 00000000 		.4byte	.LFB61
 1251 003c AC000000 		.4byte	.LFE61-.LFB61
 1252 0040 00000000 		.4byte	.LFB62
 1253 0044 4C000000 		.4byte	.LFE62-.LFB62
 1254 0048 00000000 		.4byte	0
 1255 004c 00000000 		.4byte	0
 1256              		.section	.debug_ranges,"",%progbits
 1257              	.Ldebug_ranges0:
 1258 0000 00000000 		.4byte	.LFB56
 1259 0004 E8000000 		.4byte	.LFE56
 1260 0008 00000000 		.4byte	.LFB57
 1261 000c 4C000000 		.4byte	.LFE57
 1262 0010 00000000 		.4byte	.LFB58
 1263 0014 90000000 		.4byte	.LFE58
 1264 0018 00000000 		.4byte	.LFB59
 1265 001c F4000000 		.4byte	.LFE59
 1266 0020 00000000 		.4byte	.LFB60
 1267 0024 20000000 		.4byte	.LFE60
 1268 0028 00000000 		.4byte	.LFB61
 1269 002c AC000000 		.4byte	.LFE61
 1270 0030 00000000 		.4byte	.LFB62
 1271 0034 4C000000 		.4byte	.LFE62
 1272 0038 00000000 		.4byte	0
 1273 003c 00000000 		.4byte	0
 1274              		.section	.debug_line,"",%progbits
 1275              	.Ldebug_line0:
 1276 0000 32020000 		.section	.debug_str,"MS",%progbits,1
 1276      02004A01 
 1276      00000201 
 1276      FB0E0D00 
 1276      01010101 
 1277              	.LASF41:
 1278 0000 2E5C7A61 		.ascii	".\\zaxis.c\000"
 1278      7869732E 
 1278      6300
 1279              	.LASF9:
 1280 000a 5F5F696E 		.ascii	"__int32_t\000"
 1280      7433325F 
 1280      7400
 1281              	.LASF33:
 1282 0014 6D6F746F 		.ascii	"motor_steps_turn\000"
 1282      725F7374 
 1282      6570735F 
 1282      7475726E 
 1282      00
ARM GAS  C:\Users\GUILLA~1\AppData\Local\Temp\ccFEU9ZG.s 			page 28


 1283              	.LASF40:
 1284 0025 474E5520 		.ascii	"GNU C 4.9.3 20150303 (release) [ARM/embedded-4_9-br"
 1284      4320342E 
 1284      392E3320 
 1284      32303135 
 1284      30333033 
 1285 0058 616E6368 		.ascii	"anch revision 221220] -mcpu=cortex-m3 -mthumb -g -O"
 1285      20726576 
 1285      6973696F 
 1285      6E203232 
 1285      31323230 
 1286 008b 30202D66 		.ascii	"0 -ffunction-sections -ffat-lto-objects\000"
 1286      66756E63 
 1286      74696F6E 
 1286      2D736563 
 1286      74696F6E 
 1287              	.LASF37:
 1288 00b3 6D6F746F 		.ascii	"motor_up\000"
 1288      725F7570 
 1288      00
 1289              	.LASF20:
 1290 00bc 5A5F4178 		.ascii	"Z_Axis_Bumper_Stops\000"
 1290      69735F42 
 1290      756D7065 
 1290      725F5374 
 1290      6F707300 
 1291              	.LASF21:
 1292 00d0 74726176 		.ascii	"travel\000"
 1292      656C00
 1293              	.LASF28:
 1294 00d7 64697374 		.ascii	"distance\000"
 1294      616E6365 
 1294      00
 1295              	.LASF14:
 1296 00e0 666C6F61 		.ascii	"float\000"
 1296      7400
 1297              	.LASF24:
 1298 00e6 5A5F4178 		.ascii	"Z_Axis_Move_ISR\000"
 1298      69735F4D 
 1298      6F76655F 
 1298      49535200 
 1299              	.LASF31:
 1300 00f6 5A5F706F 		.ascii	"Z_pos\000"
 1300      7300
 1301              	.LASF1:
 1302 00fc 756E7369 		.ascii	"unsigned char\000"
 1302      676E6564 
 1302      20636861 
 1302      7200
 1303              	.LASF22:
 1304 010a 73746570 		.ascii	"steps_to_do\000"
 1304      735F746F 
 1304      5F646F00 
 1305              	.LASF36:
 1306 0116 5A5F6178 		.ascii	"Z_axis_bumper_count\000"
 1306      69735F62 
 1306      756D7065 
ARM GAS  C:\Users\GUILLA~1\AppData\Local\Temp\ccFEU9ZG.s 			page 29


 1306      725F636F 
 1306      756E7400 
 1307              	.LASF5:
 1308 012a 6C6F6E67 		.ascii	"long unsigned int\000"
 1308      20756E73 
 1308      69676E65 
 1308      6420696E 
 1308      7400
 1309              	.LASF25:
 1310 013c 5A5F4178 		.ascii	"Z_Axis_GoTo\000"
 1310      69735F47 
 1310      6F546F00 
 1311              	.LASF29:
 1312 0148 49544D5F 		.ascii	"ITM_RxBuffer\000"
 1312      52784275 
 1312      66666572 
 1312      00
 1313              	.LASF15:
 1314 0155 646F7562 		.ascii	"double\000"
 1314      6C6500
 1315              	.LASF30:
 1316 015c 5A5F6178 		.ascii	"Z_axis_state\000"
 1316      69735F73 
 1316      74617465 
 1316      00
 1317              	.LASF35:
 1318 0169 6D6F746F 		.ascii	"motor_direction\000"
 1318      725F6469 
 1318      72656374 
 1318      696F6E00 
 1319              	.LASF19:
 1320 0179 5A5F4178 		.ascii	"Z_Axis_Home\000"
 1320      69735F48 
 1320      6F6D6500 
 1321              	.LASF18:
 1322 0185 5A5F4178 		.ascii	"Z_Axis_Init\000"
 1322      69735F49 
 1322      6E697400 
 1323              	.LASF12:
 1324 0191 75696E74 		.ascii	"uint16\000"
 1324      313600
 1325              	.LASF39:
 1326 0198 6D61785F 		.ascii	"max_distance\000"
 1326      64697374 
 1326      616E6365 
 1326      00
 1327              	.LASF27:
 1328 01a5 706F7369 		.ascii	"position\000"
 1328      74696F6E 
 1328      00
 1329              	.LASF13:
 1330 01ae 75696E74 		.ascii	"uint32\000"
 1330      333200
 1331              	.LASF8:
 1332 01b5 756E7369 		.ascii	"unsigned int\000"
 1332      676E6564 
 1332      20696E74 
ARM GAS  C:\Users\GUILLA~1\AppData\Local\Temp\ccFEU9ZG.s 			page 30


 1332      00
 1333              	.LASF7:
 1334 01c2 6C6F6E67 		.ascii	"long long unsigned int\000"
 1334      206C6F6E 
 1334      6720756E 
 1334      7369676E 
 1334      65642069 
 1335              	.LASF23:
 1336 01d9 5A5F4178 		.ascii	"Z_Axis_Bumper_ISR\000"
 1336      69735F42 
 1336      756D7065 
 1336      725F4953 
 1336      5200
 1337              	.LASF10:
 1338 01eb 696E7433 		.ascii	"int32_t\000"
 1338      325F7400 
 1339              	.LASF17:
 1340 01f3 73697A65 		.ascii	"sizetype\000"
 1340      74797065 
 1340      00
 1341              	.LASF6:
 1342 01fc 6C6F6E67 		.ascii	"long long int\000"
 1342      206C6F6E 
 1342      6720696E 
 1342      7400
 1343              	.LASF34:
 1344 020a 665F7573 		.ascii	"f_ustepping\000"
 1344      74657070 
 1344      696E6700 
 1345              	.LASF16:
 1346 0216 63686172 		.ascii	"char\000"
 1346      00
 1347              	.LASF38:
 1348 021b 6D6F746F 		.ascii	"motor_down\000"
 1348      725F646F 
 1348      776E00
 1349              	.LASF2:
 1350 0226 73686F72 		.ascii	"short int\000"
 1350      7420696E 
 1350      7400
 1351              	.LASF11:
 1352 0230 75696E74 		.ascii	"uint8\000"
 1352      3800
 1353              	.LASF32:
 1354 0236 73637265 		.ascii	"screw_lead\000"
 1354      775F6C65 
 1354      616400
 1355              	.LASF42:
 1356 0241 433A5C55 		.ascii	"C:\\Users\\Guillaume\\Documents\\Projects\\Biobot\\"
 1356      73657273 
 1356      5C477569 
 1356      6C6C6175 
 1356      6D655C44 
 1357 026e 47726970 		.ascii	"Gripper\\module-gripper-psoc.cydsn\000"
 1357      7065725C 
 1357      6D6F6475 
 1357      6C652D67 
ARM GAS  C:\Users\GUILLA~1\AppData\Local\Temp\ccFEU9ZG.s 			page 31


 1357      72697070 
 1358              	.LASF4:
 1359 0290 6C6F6E67 		.ascii	"long int\000"
 1359      20696E74 
 1359      00
 1360              	.LASF0:
 1361 0299 7369676E 		.ascii	"signed char\000"
 1361      65642063 
 1361      68617200 
 1362              	.LASF26:
 1363 02a5 4D6F7665 		.ascii	"Move_Up\000"
 1363      5F557000 
 1364              	.LASF3:
 1365 02ad 73686F72 		.ascii	"short unsigned int\000"
 1365      7420756E 
 1365      7369676E 
 1365      65642069 
 1365      6E7400
 1366              		.ident	"GCC: (GNU Tools for ARM Embedded Processors) 4.9.3 20150303 (release) [ARM/embedded-4_9-br
